LST 0.1

SB()
	RotRel3f(0, 0, 1, 0)
	RotRel3f(3.61999e-06, 0, 0, 1)
	Cylinder(20, 20, 109.231)
	MovRel3f(0, 109.231, 0)
	SB()
		RotRel3f(0.154997, 0, 1, 0)
		RotRel3f(-0.332228, 0, 0, 1)
		Cylinder(20, 20, 34.96)
		MovRel3f(0, 34.96, 0)
		RotRel3f(-0.291852, 0, 0, 1)
		Cylinder(20, 20, 6.24963)
		MovRel3f(0, 6.24963, 0)
		SB()
			RotRel3f(0.154997, 0, 1, 0)
			RotRel3f(-0.325887, 0, 0, 1)
			Cylinder(14.1421, 13.0482, 25.841)
			MovRel3f(0, 25.841, 0)
			RotRel3f(-0.270418, 0, 0, 1)
			Cylinder(13.0482, 12.9629, 2.01596)
			MovRel3f(0, 2.01596, 0)
			SB()
				RotRel3f(0.942312, 0, 1, 0)
				RotRel3f(-0.348409, 0, 0, 1)
				Cylinder(9.16616, 8.40159, 19.7619)
				MovRel3f(0, 19.7619, 0)
				Cylinder(8.40159, 8.28185, 3.09503)
				MovRel3f(0, 3.09503, 0)
				RotRel3f(-0.312778, 0, 0, 1)
				Cylinder(8.28185, 8.18206, 2.57928)
				MovRel3f(0, 2.57928, 0)
				Cylinder(8.18206, 8.05016, 3.40907)
				MovRel3f(0, 3.40907, 0)
				Cylinder(8.05016, 7.85453, 5.05647)
				MovRel3f(0, 5.05647, 0)
				Cylinder(7.85453, 7.41271, 11.4198)
				MovRel3f(0, 11.4198, 0)
				RotRel3f(-0.304674, 0, 0, 1)
				Cylinder(7.41271, 6.55204, 22.2458)
				MovRel3f(0, 22.2458, 0)
				RotRel3f(0.0614873, 0, 0, 1)
				Cylinder(6.55204, 6.48145, 1.8245)
				MovRel3f(0, 1.8245, 0)
			EB()
			Cylinder(12.9629, 12.6428, 7.56263)
			MovRel3f(0, 7.56263, 0)
			SB()
				RotRel3f(0.154997, 0, 1, 0)
				RotRel3f(-0.320343, 0, 0, 1)
				Cylinder(8.93978, 8.42072, 13.6786)
				MovRel3f(0, 13.6786, 0)
				RotRel3f(-0.297761, 0, 0, 1)
				Cylinder(8.42072, 8.09356, 8.62126)
				MovRel3f(0, 8.62126, 0)
				Cylinder(8.09356, 7.87917, 5.64979)
				MovRel3f(0, 5.64979, 0)
				Cylinder(7.87917, 7.81431, 1.70912)
				MovRel3f(0, 1.70912, 0)
				RotRel3f(-0.260272, 0, 0, 1)
				Cylinder(7.81431, 7.71845, 2.52614)
				MovRel3f(0, 2.52614, 0)
				Cylinder(7.71845, 7.55566, 4.29009)
				MovRel3f(0, 4.29009, 0)
				Cylinder(7.55566, 7.50068, 1.4489)
				MovRel3f(0, 1.4489, 0)
				Cylinder(7.50068, 7.27946, 5.82952)
				MovRel3f(0, 5.82952, 0)
				RotRel3f(0.289961, 0, 0, 1)
				Cylinder(7.27946, 6.69979, 15.2757)
				MovRel3f(0, 15.2757, 0)
				RotRel3f(-0.0581339, 0, 0, 1)
				Cylinder(6.69979, 6.32138, 9.97192)
				MovRel3f(0, 9.97192, 0)
			EB()
			Cylinder(12.6428, 12.3528, 6.84985)
			MovRel3f(0, 6.84985, 0)
			SB()
				RotRel3f(2.51752, 0, 1, 0)
				RotRel3f(-0.339626, 0, 0, 1)
				Cylinder(8.73475, 8.0234, 19.2139)
				MovRel3f(0, 19.2139, 0)
				Cylinder(8.0234, 7.89264, 3.53197)
				MovRel3f(0, 3.53197, 0)
				Cylinder(7.89264, 7.87849, 0.382125)
				MovRel3f(0, 0.382125, 0)
				RotRel3f(-0.317454, 0, 0, 1)
				Cylinder(7.87849, 7.63375, 6.6108)
				MovRel3f(0, 6.6108, 0)
				Cylinder(7.63375, 7.42256, 5.70424)
				MovRel3f(0, 5.70424, 0)
				Cylinder(7.42256, 6.98659, 11.776)
				MovRel3f(0, 11.776, 0)
				RotRel3f(-0.299577, 0, 0, 1)
				Cylinder(6.98659, 6.1764, 21.8837)
				MovRel3f(0, 21.8837, 0)
			EB()
			Cylinder(12.3528, 12.3482, 0.10775)
			MovRel3f(0, 0.10775, 0)
			RotRel3f(-0.245899, 0, 0, 1)
			Cylinder(12.3482, 12.074, 6.47796)
			MovRel3f(0, 6.47796, 0)
			SB()
				RotRel3f(2.08994, 0, 1, 0)
				RotRel3f(0.331479, 0, 0, 1)
				Cylinder(8.53761, 7.84709, 19.0442)
				MovRel3f(0, 19.0442, 0)
				Cylinder(7.84709, 7.70035, 4.04696)
				MovRel3f(0, 4.04696, 0)
				Cylinder(7.70035, 7.69472, 0.15548)
				MovRel3f(0, 0.15548, 0)
				RotRel3f(0.146458, 0, 0, 1)
				Cylinder(7.69472, 7.67567, 0.525368)
				MovRel3f(0, 0.525368, 0)
				Cylinder(7.67567, 7.44033, 6.49045)
				MovRel3f(0, 6.49045, 0)
				Cylinder(7.44033, 7.34172, 2.71967)
				MovRel3f(0, 2.71967, 0)
				Cylinder(7.34172, 6.91318, 11.8188)
				MovRel3f(0, 11.8188, 0)
				RotRel3f(0.0767452, 0, 0, 1)
				Cylinder(6.91318, 6.36304, 15.1727)
				MovRel3f(0, 15.1727, 0)
				RotRel3f(0.043782, 0, 0, 1)
				Cylinder(6.36304, 6.03701, 8.99176)
				MovRel3f(0, 8.99176, 0)
			EB()
			Cylinder(12.074, 12.0599, 0.334032)
			MovRel3f(0, 0.334032, 0)
			Cylinder(12.0599, 11.4022, 15.5355)
			MovRel3f(0, 15.5355, 0)
			Cylinder(11.4022, 11.0177, 9.08332)
			MovRel3f(0, 9.08332, 0)
			RotRel3f(-0.259131, 0, 0, 1)
			Cylinder(11.0177, 10, 24.0407)
			MovRel3f(0, 24.0407, 0)
		EB()
		Cylinder(20, 20, 3.356)
		MovRel3f(0, 3.356, 0)
		SB()
			RotRel3f(2.08994, 0, 1, 0)
			RotRel3f(0.332112, 0, 0, 1)
			Cylinder(14.1421, 13.3328, 19.1249)
			MovRel3f(0, 19.1249, 0)
			Cylinder(13.3328, 13.0389, 6.94521)
			MovRel3f(0, 6.94521, 0)
			SB()
				RotRel3f(0.154997, 0, 1, 0)
				RotRel3f(-0.338396, 0, 0, 1)
				Cylinder(9.21988, 8.60208, 15.8706)
				MovRel3f(0, 15.8706, 0)
				RotRel3f(-0.271451, 0, 0, 1)
				Cylinder(8.60208, 8.38195, 5.65479)
				MovRel3f(0, 5.65479, 0)
				Cylinder(8.38195, 8.17392, 5.34407)
				MovRel3f(0, 5.34407, 0)
				Cylinder(8.17392, 7.87722, 7.62194)
				MovRel3f(0, 7.62194, 0)
				Cylinder(7.87722, 7.71399, 4.19326)
				MovRel3f(0, 4.19326, 0)
				RotRel3f(-0.269293, 0, 0, 1)
				Cylinder(7.71399, 7.64479, 1.77764)
				MovRel3f(0, 1.77764, 0)
				Cylinder(7.64479, 7.11763, 13.542)
				MovRel3f(0, 13.542, 0)
				Cylinder(7.11763, 7.04213, 1.9396)
				MovRel3f(0, 1.9396, 0)
				RotRel3f(0.305076, 0, 0, 1)
				Cylinder(7.04213, 6.51944, 13.4271)
				MovRel3f(0, 13.4271, 0)
			EB()
			Cylinder(13.0389, 12.8633, 4.14849)
			MovRel3f(0, 4.14849, 0)
			SB()
				RotRel3f(2.08994, 0, 1, 0)
				RotRel3f(0.332359, 0, 0, 1)
				Cylinder(9.09574, 8.27778, 21.1971)
				MovRel3f(0, 21.1971, 0)
				RotRel3f(0.51843, 0, 0, 1)
				Cylinder(8.27778, 8.21316, 1.67473)
				MovRel3f(0, 1.67473, 0)
				Cylinder(8.21316, 7.94906, 6.8439)
				MovRel3f(0, 6.8439, 0)
				Cylinder(7.94906, 7.74577, 5.26821)
				MovRel3f(0, 5.26821, 0)
				Cylinder(7.74577, 7.58114, 4.26637)
				MovRel3f(0, 4.26637, 0)
				Cylinder(7.58114, 7.55689, 0.628322)
				MovRel3f(0, 0.628322, 0)
				Cylinder(7.55689, 7.53403, 0.592415)
				MovRel3f(0, 0.592415, 0)
				RotRel3f(0.103686, 0, 0, 1)
				Cylinder(7.53403, 6.63603, 23.2712)
				MovRel3f(0, 23.2712, 0)
				RotRel3f(-0.146458, 0, 0, 1)
				Cylinder(6.63603, 6.43166, 5.29604)
				MovRel3f(0, 5.29604, 0)
			EB()
			Cylinder(12.8633, 12.7459, 2.77413)
			MovRel3f(0, 2.77413, 0)
			RotRel3f(0.103686, 0, 0, 1)
			Cylinder(12.7459, 12.6344, 2.63617)
			MovRel3f(0, 2.63617, 0)
			SB()
				RotRel3f(0.942312, 0, 1, 0)
				RotRel3f(-0.345946, 0, 0, 1)
				Cylinder(8.93385, 8.09499, 22.2082)
				MovRel3f(0, 22.2082, 0)
				RotRel3f(-0.3261, 0, 0, 1)
				Cylinder(8.09499, 8.08959, 0.142936)
				MovRel3f(0, 0.142936, 0)
				Cylinder(8.08959, 7.82173, 7.09143)
				MovRel3f(0, 7.09143, 0)
				Cylinder(7.82173, 7.69245, 3.42273)
				MovRel3f(0, 3.42273, 0)
				Cylinder(7.69245, 7.5749, 3.11199)
				MovRel3f(0, 3.11199, 0)
				Cylinder(7.5749, 7.24442, 8.74917)
				MovRel3f(0, 8.74917, 0)
				RotRel3f(-0.323884, 0, 0, 1)
				Cylinder(7.24442, 6.3823, 22.8241)
				MovRel3f(0, 22.8241, 0)
				RotRel3f(0.064043, 0, 0, 1)
				Cylinder(6.3823, 6.31718, 1.72397)
				MovRel3f(0, 1.72397, 0)
			EB()
			Cylinder(12.6344, 12.3455, 6.82512)
			MovRel3f(0, 6.82512, 0)
			SB()
				RotRel3f(2.51752, 0, 1, 0)
				RotRel3f(-0.34545, 0, 0, 1)
				Cylinder(8.72961, 7.90502, 22.3716)
				MovRel3f(0, 22.3716, 0)
				RotRel3f(-0.31472, 0, 0, 1)
				Cylinder(7.90502, 7.89869, 0.17181)
				MovRel3f(0, 0.17181, 0)
				Cylinder(7.89869, 7.66976, 6.21098)
				MovRel3f(0, 6.21098, 0)
				Cylinder(7.66976, 7.47341, 5.32701)
				MovRel3f(0, 5.32701, 0)
				Cylinder(7.47341, 7.2952, 4.83496)
				MovRel3f(0, 4.83496, 0)
				Cylinder(7.2952, 6.98825, 8.32777)
				MovRel3f(0, 8.32777, 0)
				RotRel3f(-0.322007, 0, 0, 1)
				Cylinder(6.98825, 6.17277, 22.1245)
				MovRel3f(0, 22.1245, 0)
			EB()
			Cylinder(12.3455, 11.8668, 11.3117)
			MovRel3f(0, 11.3117, 0)
			RotRel3f(0.0935022, 0, 0, 1)
			Cylinder(11.8668, 10.688, 27.8552)
			MovRel3f(0, 27.8552, 0)
			RotRel3f(0.0845145, 0, 0, 1)
			Cylinder(10.688, 10, 16.258)
			MovRel3f(0, 16.258, 0)
		EB()
		Cylinder(20, 20, 7.77984)
		MovRel3f(0, 7.77984, 0)
		Cylinder(20, 20, 0.00288532)
		MovRel3f(0, 0.00288532, 0)
		SB()
			RotRel3f(0.942312, 0, 1, 0)
			RotRel3f(-0.349304, 0, 0, 1)
			Cylinder(14.1421, 12.7523, 32.7598)
			MovRel3f(0, 32.7598, 0)
			SB()
				RotRel3f(2.08994, 0, 1, 0)
				RotRel3f(0.314485, 0, 0, 1)
				Cylinder(9.01722, 8.3768, 16.7913)
				MovRel3f(0, 16.7913, 0)
				RotRel3f(0.51843, 0, 0, 1)
				Cylinder(8.3768, 8.29865, 2.04898)
				MovRel3f(0, 2.04898, 0)
				Cylinder(8.29865, 8.16167, 3.59138)
				MovRel3f(0, 3.59138, 0)
				Cylinder(8.16167, 7.96187, 5.23852)
				MovRel3f(0, 5.23852, 0)
				Cylinder(7.96187, 7.87149, 2.36967)
				MovRel3f(0, 2.36967, 0)
				Cylinder(7.87149, 7.77265, 2.59139)
				MovRel3f(0, 2.59139, 0)
				Cylinder(7.77265, 7.70466, 1.78272)
				MovRel3f(0, 1.78272, 0)
				RotRel3f(-0.316341, 0, 0, 1)
				Cylinder(7.70466, 6.91664, 20.6609)
				MovRel3f(0, 20.6609, 0)
				Cylinder(6.91664, 6.81808, 2.58407)
				MovRel3f(0, 2.58407, 0)
				RotRel3f(0.442884, 0, 0, 1)
				Cylinder(6.81808, 6.49731, 8.41019)
				MovRel3f(0, 8.41019, 0)
				Cylinder(6.49731, 6.37614, 3.17693)
				MovRel3f(0, 3.17693, 0)
			EB()
			Cylinder(12.7523, 12.7282, 0.567144)
			MovRel3f(0, 0.567144, 0)
			RotRel3f(-0.315246, 0, 0, 1)
			Cylinder(12.7282, 12.4952, 5.49334)
			MovRel3f(0, 5.49334, 0)
			SB()
				RotRel3f(0.942312, 0, 1, 0)
				RotRel3f(-0.345023, 0, 0, 1)
				Cylinder(8.83541, 8.05357, 20.8793)
				MovRel3f(0, 20.8793, 0)
				Cylinder(8.05357, 8.0058, 1.27568)
				MovRel3f(0, 1.27568, 0)
				RotRel3f(-0.324542, 0, 0, 1)
				Cylinder(8.0058, 7.93162, 1.98094)
				MovRel3f(0, 1.98094, 0)
				Cylinder(7.93162, 7.72379, 5.55033)
				MovRel3f(0, 5.55033, 0)
				Cylinder(7.72379, 7.62089, 2.74782)
				MovRel3f(0, 2.74782, 0)
				Cylinder(7.62089, 7.0855, 14.2978)
				MovRel3f(0, 14.2978, 0)
				RotRel3f(-0.333926, 0, 0, 1)
				Cylinder(7.0855, 6.24758, 22.3767)
				MovRel3f(0, 22.3767, 0)
			EB()
			Cylinder(12.4952, 12.2389, 6.04076)
			MovRel3f(0, 6.04076, 0)
			SB()
				RotRel3f(2.51752, 0, 1, 0)
				RotRel3f(-0.341473, 0, 0, 1)
				Cylinder(8.65419, 7.86974, 21.4675)
				MovRel3f(0, 21.4675, 0)
				Cylinder(7.86974, 7.8416, 0.770252)
				MovRel3f(0, 0.770252, 0)
				RotRel3f(-0.310948, 0, 0, 1)
				Cylinder(7.8416, 7.69892, 3.90446)
				MovRel3f(0, 3.90446, 0)
				Cylinder(7.69892, 7.53838, 4.39343)
				MovRel3f(0, 4.39343, 0)
				Cylinder(7.53838, 7.3919, 4.0086)
				MovRel3f(0, 4.0086, 0)
				Cylinder(7.3919, 7.01797, 10.2332)
				MovRel3f(0, 10.2332, 0)
				RotRel3f(-0.314777, 0, 0, 1)
				Cylinder(7.01797, 6.20537, 22.2378)
				MovRel3f(0, 22.2378, 0)
				RotRel3f(0.0619777, 0, 0, 1)
				Cylinder(6.20537, 6.11944, 2.35167)
				MovRel3f(0, 2.35167, 0)
			EB()
			Cylinder(12.2389, 11.8968, 8.06393)
			MovRel3f(0, 8.06393, 0)
			SB()
				RotRel3f(0.154997, 0, 1, 0)
				RotRel3f(-0.323915, 0, 0, 1)
				Cylinder(8.41228, 7.71928, 19.4386)
				MovRel3f(0, 19.4386, 0)
				Cylinder(7.71928, 7.63941, 2.24027)
				MovRel3f(0, 2.24027, 0)
				Cylinder(7.63941, 7.59844, 1.14913)
				MovRel3f(0, 1.14913, 0)
				RotRel3f(-0.146458, 0, 0, 1)
				Cylinder(7.59844, 7.41657, 5.10158)
				MovRel3f(0, 5.10158, 0)
				Cylinder(7.41657, 7.18976, 6.36203)
				MovRel3f(0, 6.36203, 0)
				Cylinder(7.18976, 7.13746, 1.46711)
				MovRel3f(0, 1.46711, 0)
				RotRel3f(-0.401601, 0, 0, 1)
				Cylinder(7.13746, 6.52868, 17.0762)
				MovRel3f(0, 17.0762, 0)
				RotRel3f(0.0531571, 0, 0, 1)
				Cylinder(6.52868, 6.33958, 5.3043)
				MovRel3f(0, 5.3043, 0)
				Cylinder(6.33958, 5.94838, 10.973)
				MovRel3f(0, 10.973, 0)
			EB()
			Cylinder(11.8968, 11.4003, 11.7011)
			MovRel3f(0, 11.7011, 0)
			RotRel3f(-0.350235, 0, 0, 1)
			Cylinder(11.4003, 10.0696, 31.3669)
			MovRel3f(0, 31.3669, 0)
			RotRel3f(0.0655655, 0, 0, 1)
			Cylinder(10.0696, 10, 1.63932)
			MovRel3f(0, 1.63932, 0)
		EB()
		Cylinder(20, 20, 11.8336)
		MovRel3f(0, 11.8336, 0)
		SB()
			RotRel3f(2.51752, 0, 1, 0)
			RotRel3f(-0.346921, 0, 0, 1)
			Cylinder(14.1421, 12.9865, 27.2329)
			MovRel3f(0, 27.2329, 0)
			SB()
				RotRel3f(2.51752, 0, 1, 0)
				RotRel3f(-0.341424, 0, 0, 1)
				Cylinder(9.18286, 8.38683, 20.5261)
				MovRel3f(0, 20.5261, 0)
				Cylinder(8.38683, 8.25315, 3.44694)
				MovRel3f(0, 3.44694, 0)
				RotRel3f(-0.322223, 0, 0, 1)
				Cylinder(8.25315, 8.17165, 2.10154)
				MovRel3f(0, 2.10154, 0)
				Cylinder(8.17165, 8.04423, 3.28548)
				MovRel3f(0, 3.28548, 0)
				Cylinder(8.04423, 7.82484, 5.65709)
				MovRel3f(0, 5.65709, 0)
				Cylinder(7.82484, 7.39091, 11.189)
				MovRel3f(0, 11.189, 0)
				RotRel3f(-0.355514, 0, 0, 1)
				Cylinder(7.39091, 6.49326, 23.1463)
				MovRel3f(0, 23.1463, 0)
			EB()
			Cylinder(12.9865, 12.8142, 4.05975)
			MovRel3f(0, 4.05975, 0)
			RotRel3f(-0.313311, 0, 0, 1)
			Cylinder(12.8142, 12.6791, 3.18513)
			MovRel3f(0, 3.18513, 0)
			SB()
				RotRel3f(0.942312, 0, 1, 0)
				RotRel3f(-0.344498, 0, 0, 1)
				Cylinder(8.96547, 8.27153, 18.2236)
				MovRel3f(0, 18.2236, 0)
				Cylinder(8.27153, 8.15785, 2.98534)
				MovRel3f(0, 2.98534, 0)
				Cylinder(8.15785, 8.07449, 2.18914)
				MovRel3f(0, 2.18914, 0)
				RotRel3f(-0.350118, 0, 0, 1)
				Cylinder(8.07449, 7.96903, 2.76954)
				MovRel3f(0, 2.76954, 0)
				Cylinder(7.96903, 7.82348, 3.82228)
				MovRel3f(0, 3.82228, 0)
				Cylinder(7.82348, 7.20246, 16.3089)
				MovRel3f(0, 16.3089, 0)
				RotRel3f(-0.309525, 0, 0, 1)
				Cylinder(7.20246, 6.34817, 22.4347)
				MovRel3f(0, 22.4347, 0)
				RotRel3f(0.0681605, 0, 0, 1)
				Cylinder(6.34817, 6.33955, 0.226318)
				MovRel3f(0, 0.226318, 0)
			EB()
			Cylinder(12.6791, 12.466, 5.02104)
			MovRel3f(0, 5.02104, 0)
			SB()
				RotRel3f(2.08994, 0, 1, 0)
				RotRel3f(0.32234, 0, 0, 1)
				Cylinder(8.81481, 8.4049, 10.9907)
				MovRel3f(0, 10.9907, 0)
				Cylinder(8.4049, 8.16016, 6.56195)
				MovRel3f(0, 6.56195, 0)
				RotRel3f(0.0292916, 0, 0, 1)
				Cylinder(8.16016, 8.05613, 2.78915)
				MovRel3f(0, 2.78915, 0)
				Cylinder(8.05613, 7.78411, 7.29362)
				MovRel3f(0, 7.29362, 0)
				Cylinder(7.78411, 7.64224, 3.80378)
				MovRel3f(0, 3.80378, 0)
				Cylinder(7.64224, 7.43413, 5.57997)
				MovRel3f(0, 5.57997, 0)
				RotRel3f(0.0428585, 0, 0, 1)
				Cylinder(7.43413, 7.39144, 1.14459)
				MovRel3f(0, 1.14459, 0)
				Cylinder(7.39144, 6.69587, 18.6498)
				MovRel3f(0, 18.6498, 0)
				RotRel3f(0.103686, 0, 0, 1)
				Cylinder(6.69587, 6.49009, 5.51741)
				MovRel3f(0, 5.51741, 0)
				Cylinder(6.49009, 6.23301, 6.8927)
				MovRel3f(0, 6.8927, 0)
			EB()
			Cylinder(12.466, 12.1138, 8.29975)
			MovRel3f(0, 8.29975, 0)
			SB()
				RotRel3f(0.154997, 0, 1, 0)
				RotRel3f(-0.331093, 0, 0, 1)
				Cylinder(8.56577, 7.92641, 17.6097)
				MovRel3f(0, 17.6097, 0)
				RotRel3f(-0.310319, 0, 0, 1)
				Cylinder(7.92641, 7.82622, 2.75941)
				MovRel3f(0, 2.75941, 0)
				Cylinder(7.82622, 7.71951, 2.93898)
				MovRel3f(0, 2.93898, 0)
				Cylinder(7.71951, 7.57622, 3.94672)
				MovRel3f(0, 3.94672, 0)
				Cylinder(7.57622, 7.44315, 3.66503)
				MovRel3f(0, 3.66503, 0)
				Cylinder(7.44315, 7.39389, 1.35669)
				MovRel3f(0, 1.35669, 0)
				Cylinder(7.39389, 7.27032, 3.40341)
				MovRel3f(0, 3.40341, 0)
				RotRel3f(-0.0513008, 0, 0, 1)
				Cylinder(7.27032, 7.04481, 6.21097)
				MovRel3f(0, 6.21097, 0)
				Cylinder(7.04481, 6.64742, 10.9453)
				MovRel3f(0, 10.9453, 0)
				RotRel3f(-0.32197, 0, 0, 1)
				Cylinder(6.64742, 6.12777, 14.3123)
				MovRel3f(0, 14.3123, 0)
				RotRel3f(0.0607482, 0, 0, 1)
				Cylinder(6.12777, 6.05692, 1.95157)
				MovRel3f(0, 1.95157, 0)
			EB()
			Cylinder(12.1138, 11.3941, 16.9597)
			MovRel3f(0, 16.9597, 0)
			RotRel3f(-0.301836, 0, 0, 1)
			Cylinder(11.3941, 10.0663, 31.2926)
			MovRel3f(0, 31.2926, 0)
			RotRel3f(0.0586422, 0, 0, 1)
			Cylinder(10.0663, 10, 1.5611)
			MovRel3f(0, 1.5611, 0)
		EB()
		Cylinder(20, 20, 11.9189)
		MovRel3f(0, 11.9189, 0)
		RotRel3f(0.186838, 0, 0, 1)
		Cylinder(20, 20, 37.3707)
		MovRel3f(0, 37.3707, 0)
		RotRel3f(-0.0463465, 0, 0, 1)
		Cylinder(20, 20, 24.9582)
		MovRel3f(0, 24.9582, 0)
	EB()
	Cylinder(20, 20, 22.3543)
	MovRel3f(0, 22.3543, 0)
	SB()
		RotRel3f(2.08994, 0, 1, 0)
		RotRel3f(0.337865, 0, 0, 1)
		Cylinder(20, 20, 24.4258)
		MovRel3f(0, 24.4258, 0)
		RotRel3f(0.239245, 0, 0, 1)
		Cylinder(20, 20, 14.7148)
		MovRel3f(0, 14.7148, 0)
		SB()
			RotRel3f(0.154997, 0, 1, 0)
			RotRel3f(-0.323907, 0, 0, 1)
			Cylinder(14.1421, 13.1924, 22.4036)
			MovRel3f(0, 22.4036, 0)
			RotRel3f(-0.228237, 0, 0, 1)
			Cylinder(13.1924, 13.1057, 2.04431)
			MovRel3f(0, 2.04431, 0)
			Cylinder(13.1057, 12.9765, 3.04889)
			MovRel3f(0, 3.04889, 0)
			SB()
				RotRel3f(0.154997, 0, 1, 0)
				RotRel3f(-0.331344, 0, 0, 1)
				Cylinder(9.17575, 8.74905, 10.9663)
				MovRel3f(0, 10.9663, 0)
				RotRel3f(-0.275774, 0, 0, 1)
				Cylinder(8.74905, 8.34314, 10.432)
				MovRel3f(0, 10.432, 0)
				Cylinder(8.34314, 8.15554, 4.82138)
				MovRel3f(0, 4.82138, 0)
				RotRel3f(-0.280853, 0, 0, 1)
				Cylinder(8.15554, 8.14168, 0.356297)
				MovRel3f(0, 0.356297, 0)
				Cylinder(8.14168, 7.94527, 5.04784)
				MovRel3f(0, 5.04784, 0)
				Cylinder(7.94527, 7.72884, 5.56221)
				MovRel3f(0, 5.56221, 0)
				RotRel3f(-0.195664, 0, 0, 1)
				Cylinder(7.72884, 7.7032, 0.658965)
				MovRel3f(0, 0.658965, 0)
				Cylinder(7.7032, 7.12587, 14.8376)
				MovRel3f(0, 14.8376, 0)
				Cylinder(7.12587, 6.93243, 4.97162)
				MovRel3f(0, 4.97162, 0)
				RotRel3f(0.249334, 0, 0, 1)
				Cylinder(6.93243, 6.69918, 5.99473)
				MovRel3f(0, 5.99473, 0)
				Cylinder(6.69918, 6.48824, 5.42125)
				MovRel3f(0, 5.42125, 0)
			EB()
			Cylinder(12.9765, 12.7174, 6.11199)
			MovRel3f(0, 6.11199, 0)
			SB()
				RotRel3f(0.942312, 0, 1, 0)
				RotRel3f(-0.346797, 0, 0, 1)
				Cylinder(8.99253, 8.22474, 20.1508)
				MovRel3f(0, 20.1508, 0)
				Cylinder(8.22474, 8.10558, 3.12758)
				MovRel3f(0, 3.12758, 0)
				RotRel3f(-0.316672, 0, 0, 1)
				Cylinder(8.10558, 8.0953, 0.269592)
				MovRel3f(0, 0.269592, 0)
				Cylinder(8.0953, 7.86452, 6.05688)
				MovRel3f(0, 6.05688, 0)
				Cylinder(7.86452, 7.68319, 4.75908)
				MovRel3f(0, 4.75908, 0)
				Cylinder(7.68319, 7.26121, 11.075)
				MovRel3f(0, 11.075, 0)
				RotRel3f(-0.311978, 0, 0, 1)
				Cylinder(7.26121, 6.35868, 23.6871)
				MovRel3f(0, 23.6871, 0)
			EB()
			Cylinder(12.7174, 12.4734, 5.75372)
			MovRel3f(0, 5.75372, 0)
			SB()
				RotRel3f(2.08994, 0, 1, 0)
				RotRel3f(0.334605, 0, 0, 1)
				Cylinder(8.82005, 8.08302, 19.6996)
				MovRel3f(0, 19.6996, 0)
				Cylinder(8.08302, 7.97258, 2.95197)
				MovRel3f(0, 2.95197, 0)
				RotRel3f(0.320361, 0, 0, 1)
				Cylinder(7.97258, 7.90852, 1.71222)
				MovRel3f(0, 1.71222, 0)
				Cylinder(7.90852, 7.69081, 5.81897)
				MovRel3f(0, 5.81897, 0)
				Cylinder(7.69081, 7.46292, 6.09094)
				MovRel3f(0, 6.09094, 0)
				Cylinder(7.46292, 7.31259, 4.01816)
				MovRel3f(0, 4.01816, 0)
				RotRel3f(0.22873, 0, 0, 1)
				Cylinder(7.31259, 6.97567, 9.00531)
				MovRel3f(0, 9.00531, 0)
				Cylinder(6.97567, 6.88137, 2.52038)
				MovRel3f(0, 2.52038, 0)
				RotRel3f(-0.315307, 0, 0, 1)
				Cylinder(6.88137, 6.36989, 13.6711)
				MovRel3f(0, 13.6711, 0)
				RotRel3f(0.0383686, 0, 0, 1)
				Cylinder(6.36989, 6.23672, 3.55928)
				MovRel3f(0, 3.55928, 0)
			EB()
			Cylinder(12.4734, 12.1083, 8.61196)
			MovRel3f(0, 8.61196, 0)
			SB()
				RotRel3f(2.51752, 0, 1, 0)
				RotRel3f(-0.337879, 0, 0, 1)
				Cylinder(8.5619, 7.85755, 19.4152)
				MovRel3f(0, 19.4152, 0)
				Cylinder(7.85755, 7.7324, 3.44979)
				MovRel3f(0, 3.44979, 0)
				RotRel3f(-0.341967, 0, 0, 1)
				Cylinder(7.7324, 7.73041, 0.0546092)
				MovRel3f(0, 0.0546092, 0)
				Cylinder(7.73041, 7.63633, 2.59329)
				MovRel3f(0, 2.59329, 0)
				Cylinder(7.63633, 7.52455, 3.08124)
				MovRel3f(0, 3.08124, 0)
				Cylinder(7.52455, 6.87499, 17.905)
				MovRel3f(0, 17.905, 0)
				RotRel3f(-0.318579, 0, 0, 1)
				Cylinder(6.87499, 6.06489, 22.3303)
				MovRel3f(0, 22.3303, 0)
				RotRel3f(0.0588407, 0, 0, 1)
				Cylinder(6.06489, 6.05418, 0.295219)
				MovRel3f(0, 0.295219, 0)
			EB()
			Cylinder(12.1083, 12.0651, 1.02061)
			MovRel3f(0, 1.02061, 0)
			Cylinder(12.0651, 11.9893, 1.78728)
			MovRel3f(0, 1.78728, 0)
			RotRel3f(-0.322853, 0, 0, 1)
			Cylinder(11.9893, 11.2612, 17.1752)
			MovRel3f(0, 17.1752, 0)
			RotRel3f(0.0539908, 0, 0, 1)
			Cylinder(11.2612, 10.6561, 14.2726)
			MovRel3f(0, 14.2726, 0)
			Cylinder(10.6561, 10.2749, 8.99204)
			MovRel3f(0, 8.99204, 0)
			RotRel3f(0.344592, 0, 0, 1)
			Cylinder(10.2749, 10, 6.48529)
			MovRel3f(0, 6.48529, 0)
		EB()
		Cylinder(20, 20, 7.23634)
		MovRel3f(0, 7.23634, 0)
		RotRel3f(0.271188, 0, 0, 1)
		Cylinder(20, 20, 0.751806)
		MovRel3f(0, 0.751806, 0)
		SB()
			RotRel3f(2.51752, 0, 1, 0)
			RotRel3f(-0.343769, 0, 0, 1)
			Cylinder(14.1421, 12.8318, 30.9334)
			MovRel3f(0, 30.9334, 0)
			SB()
				RotRel3f(2.08994, 0, 1, 0)
				RotRel3f(0.321185, 0, 0, 1)
				Cylinder(9.07345, 8.35313, 18.8222)
				MovRel3f(0, 18.8222, 0)
				Cylinder(8.35313, 8.29197, 1.59815)
				MovRel3f(0, 1.59815, 0)
				RotRel3f(0.51843, 0, 0, 1)
				Cylinder(8.29197, 8.16895, 3.21467)
				MovRel3f(0, 3.21467, 0)
				Cylinder(8.16895, 8.02078, 3.87156)
				MovRel3f(0, 3.87156, 0)
				Cylinder(8.02078, 7.82992, 4.98726)
				MovRel3f(0, 4.98726, 0)
				Cylinder(7.82992, 7.39617, 11.3341)
				MovRel3f(0, 11.3341, 0)
				RotRel3f(-0.0532967, 0, 0, 1)
				Cylinder(7.39617, 6.83784, 14.5893)
				MovRel3f(0, 14.5893, 0)
				Cylinder(6.83784, 6.7842, 1.40166)
				MovRel3f(0, 1.40166, 0)
				RotRel3f(-0.193903, 0, 0, 1)
				Cylinder(6.7842, 6.4159, 9.62384)
				MovRel3f(0, 9.62384, 0)
			EB()
			Cylinder(12.8318, 12.8101, 0.511747)
			MovRel3f(0, 0.511747, 0)
			RotRel3f(-0.337454, 0, 0, 1)
			Cylinder(12.8101, 12.6478, 3.8327)
			MovRel3f(0, 3.8327, 0)
			SB()
				RotRel3f(2.51752, 0, 1, 0)
				RotRel3f(-0.350131, 0, 0, 1)
				Cylinder(8.94332, 8.15609, 20.7611)
				MovRel3f(0, 20.7611, 0)
				Cylinder(8.15609, 8.02314, 3.50627)
				MovRel3f(0, 3.50627, 0)
				RotRel3f(-0.347461, 0, 0, 1)
				Cylinder(8.02314, 7.96444, 1.54815)
				MovRel3f(0, 1.54815, 0)
				Cylinder(7.96444, 7.8471, 3.09442)
				MovRel3f(0, 3.09442, 0)
				Cylinder(7.8471, 7.66603, 4.77535)
				MovRel3f(0, 4.77535, 0)
				Cylinder(7.66603, 7.1834, 12.7282)
				MovRel3f(0, 12.7282, 0)
				RotRel3f(-0.308116, 0, 0, 1)
				Cylinder(7.1834, 6.32388, 22.6675)
				MovRel3f(0, 22.6675, 0)
			EB()
			Cylinder(12.6478, 12.4049, 5.73337)
			MovRel3f(0, 5.73337, 0)
			SB()
				RotRel3f(0.942312, 0, 1, 0)
				RotRel3f(-0.345355, 0, 0, 1)
				Cylinder(8.77159, 8.06263, 19.1389)
				MovRel3f(0, 19.1389, 0)
				Cylinder(8.06263, 7.89982, 4.39539)
				MovRel3f(0, 4.39539, 0)
				RotRel3f(-0.323999, 0, 0, 1)
				Cylinder(7.89982, 7.8806, 0.51874)
				MovRel3f(0, 0.51874, 0)
				Cylinder(7.8806, 7.59832, 7.62029)
				MovRel3f(0, 7.62029, 0)
				Cylinder(7.59832, 7.49587, 2.76584)
				MovRel3f(0, 2.76584, 0)
				Cylinder(7.49587, 7.02673, 12.6649)
				MovRel3f(0, 12.6649, 0)
				RotRel3f(-0.317462, 0, 0, 1)
				Cylinder(7.02673, 6.20245, 22.2521)
				MovRel3f(0, 22.2521, 0)
			EB()
			Cylinder(12.4049, 12.0966, 7.27747)
			MovRel3f(0, 7.27747, 0)
			SB()
				RotRel3f(0.154997, 0, 1, 0)
				RotRel3f(-0.331311, 0, 0, 1)
				Cylinder(8.5536, 7.81767, 20.4111)
				MovRel3f(0, 20.4111, 0)
				RotRel3f(-0.266032, 0, 0, 1)
				Cylinder(7.81767, 7.69539, 3.39134)
				MovRel3f(0, 3.39134, 0)
				Cylinder(7.69539, 7.67066, 0.685968)
				MovRel3f(0, 0.685968, 0)
				Cylinder(7.67066, 7.55112, 3.31545)
				MovRel3f(0, 3.31545, 0)
				Cylinder(7.55112, 7.4546, 2.67696)
				MovRel3f(0, 2.67696, 0)
				Cylinder(7.4546, 7.12006, 9.2783)
				MovRel3f(0, 9.2783, 0)
				RotRel3f(-0.146458, 0, 0, 1)
				Cylinder(7.12006, 6.50299, 17.1146)
				MovRel3f(0, 17.1146, 0)
				Cylinder(6.50299, 6.27559, 6.30687)
				MovRel3f(0, 6.30687, 0)
				RotRel3f(0.167045, 0, 0, 1)
				Cylinder(6.27559, 6.04831, 6.30346)
				MovRel3f(0, 6.30346, 0)
			EB()
			Cylinder(12.0966, 11.4382, 15.5436)
			MovRel3f(0, 15.5436, 0)
			RotRel3f(-0.330297, 0, 0, 1)
			Cylinder(11.4382, 10.0311, 33.2181)
			MovRel3f(0, 33.2181, 0)
			RotRel3f(0.0641056, 0, 0, 1)
			Cylinder(10.0311, 10, 0.733116)
			MovRel3f(0, 0.733116, 0)
		EB()
		Cylinder(20, 20, 7.54279)
		MovRel3f(0, 7.54279, 0)
		SB()
			RotRel3f(2.08994, 0, 1, 0)
			RotRel3f(0.333419, 0, 0, 1)
			Cylinder(14.1421, 12.8164, 31.3309)
			MovRel3f(0, 31.3309, 0)
			RotRel3f(0.503017, 0, 0, 1)
			Cylinder(12.8164, 12.7232, 2.20255)
			MovRel3f(0, 2.20255, 0)
			SB()
				RotRel3f(2.08994, 0, 1, 0)
				RotRel3f(0.323539, 0, 0, 1)
				Cylinder(8.99667, 8.5783, 10.9928)
				MovRel3f(0, 10.9928, 0)
				RotRel3f(0.277976, 0, 0, 1)
				Cylinder(8.5783, 8.24215, 8.83252)
				MovRel3f(0, 8.83252, 0)
				Cylinder(8.24215, 8.11041, 3.46143)
				MovRel3f(0, 3.46143, 0)
				Cylinder(8.11041, 8.02789, 2.16829)
				MovRel3f(0, 2.16829, 0)
				RotRel3f(0.317003, 0, 0, 1)
				Cylinder(8.02789, 7.99112, 0.966087)
				MovRel3f(0, 0.966087, 0)
				Cylinder(7.99112, 7.9403, 1.33522)
				MovRel3f(0, 1.33522, 0)
				Cylinder(7.9403, 7.66938, 7.11854)
				MovRel3f(0, 7.11854, 0)
				Cylinder(7.66938, 7.49035, 4.70406)
				MovRel3f(0, 4.70406, 0)
				RotRel3f(-0.307451, 0, 0, 1)
				Cylinder(7.49035, 6.66385, 21.7166)
				MovRel3f(0, 21.7166, 0)
				RotRel3f(0.0613308, 0, 0, 1)
				Cylinder(6.66385, 6.36161, 7.94143)
				MovRel3f(0, 7.94143, 0)
			EB()
			Cylinder(12.7232, 12.5585, 3.89292)
			MovRel3f(0, 3.89292, 0)
			SB()
				RotRel3f(0.154997, 0, 1, 0)
				RotRel3f(-0.3233, 0, 0, 1)
				Cylinder(8.88019, 8.46724, 10.9972)
				MovRel3f(0, 10.9972, 0)
				Cylinder(8.46724, 8.15147, 8.40892)
				MovRel3f(0, 8.40892, 0)
				RotRel3f(-0.063264, 0, 0, 1)
				Cylinder(8.15147, 8.13394, 0.466947)
				MovRel3f(0, 0.466947, 0)
				Cylinder(8.13394, 7.90777, 6.02294)
				MovRel3f(0, 6.02294, 0)
				Cylinder(7.90777, 7.81311, 2.52086)
				MovRel3f(0, 2.52086, 0)
				Cylinder(7.81311, 7.79782, 0.407196)
				MovRel3f(0, 0.407196, 0)
				Cylinder(7.79782, 7.64353, 4.10887)
				MovRel3f(0, 4.10887, 0)
				Cylinder(7.64353, 7.50604, 3.66141)
				MovRel3f(0, 3.66141, 0)
				RotRel3f(-0.335987, 0, 0, 1)
				Cylinder(7.50604, 7.40016, 2.81969)
				MovRel3f(0, 2.81969, 0)
				Cylinder(7.40016, 6.62932, 20.5277)
				MovRel3f(0, 20.5277, 0)
				RotRel3f(0.278066, 0, 0, 1)
				Cylinder(6.62932, 6.27925, 9.3226)
				MovRel3f(0, 9.3226, 0)
			EB()
			Cylinder(12.5585, 12.274, 6.7232)
			MovRel3f(0, 6.7232, 0)
			SB()
				RotRel3f(2.51752, 0, 1, 0)
				RotRel3f(-0.345273, 0, 0, 1)
				Cylinder(8.67903, 7.96913, 19.3081)
				MovRel3f(0, 19.3081, 0)
				Cylinder(7.96913, 7.77271, 5.34221)
				MovRel3f(0, 5.34221, 0)
				RotRel3f(-0.318074, 0, 0, 1)
				Cylinder(7.77271, 7.76594, 0.184263)
				MovRel3f(0, 0.184263, 0)
				Cylinder(7.76594, 7.61906, 3.99488)
				MovRel3f(0, 3.99488, 0)
				Cylinder(7.61906, 7.3894, 6.24628)
				MovRel3f(0, 6.24628, 0)
				Cylinder(7.3894, 6.95778, 11.7392)
				MovRel3f(0, 11.7392, 0)
				RotRel3f(-0.306748, 0, 0, 1)
				Cylinder(6.95778, 6.13701, 22.3237)
				MovRel3f(0, 22.3237, 0)
			EB()
			Cylinder(12.274, 11.9724, 7.12759)
			MovRel3f(0, 7.12759, 0)
			SB()
				RotRel3f(0.942312, 0, 1, 0)
				RotRel3f(-0.345048, 0, 0, 1)
				Cylinder(8.46577, 7.67087, 22.2453)
				MovRel3f(0, 22.2453, 0)
				RotRel3f(-0.314667, 0, 0, 1)
				Cylinder(7.67087, 7.64974, 0.591366)
				MovRel3f(0, 0.591366, 0)
				Cylinder(7.64974, 7.3773, 7.62404)
				MovRel3f(0, 7.62404, 0)
				Cylinder(7.3773, 7.20552, 4.80735)
				MovRel3f(0, 4.80735, 0)
				Cylinder(7.20552, 7.03134, 4.87436)
				MovRel3f(0, 4.87436, 0)
				Cylinder(7.03134, 6.84248, 5.28524)
				MovRel3f(0, 5.28524, 0)
				RotRel3f(-0.311128, 0, 0, 1)
				Cylinder(6.84248, 6.04508, 22.315)
				MovRel3f(0, 22.315, 0)
				RotRel3f(0.0628824, 0, 0, 1)
				Cylinder(6.04508, 5.98621, 1.64758)
				MovRel3f(0, 1.64758, 0)
			EB()
			Cylinder(11.9724, 11.4202, 13.0505)
			MovRel3f(0, 13.0505, 0)
			RotRel3f(0.146458, 0, 0, 1)
			Cylinder(11.4202, 11.1681, 5.95779)
			MovRel3f(0, 5.95779, 0)
			Cylinder(11.1681, 10.5264, 15.1651)
			MovRel3f(0, 15.1651, 0)
			RotRel3f(-0.176705, 0, 0, 1)
			Cylinder(10.5264, 10.5104, 0.377136)
			MovRel3f(0, 0.377136, 0)
			Cylinder(10.5104, 10, 12.0631)
			MovRel3f(0, 12.0631, 0)
		EB()
		Cylinder(20, 20, 7.05119)
		MovRel3f(0, 7.05119, 0)
		SB()
			RotRel3f(0.942312, 0, 1, 0)
			RotRel3f(-0.350278, 0, 0, 1)
			Cylinder(14.1421, 12.9029, 29.2799)
			MovRel3f(0, 29.2799, 0)
			SB()
				RotRel3f(2.51752, 0, 1, 0)
				RotRel3f(-0.346252, 0, 0, 1)
				Cylinder(9.12373, 8.22937, 23.0945)
				MovRel3f(0, 23.0945, 0)
				Cylinder(8.22937, 8.20431, 0.647221)
				MovRel3f(0, 0.647221, 0)
				RotRel3f(-0.319947, 0, 0, 1)
				Cylinder(8.20431, 8.13911, 1.68359)
				MovRel3f(0, 1.68359, 0)
				Cylinder(8.13911, 8.11273, 0.681235)
				MovRel3f(0, 0.681235, 0)
				Cylinder(8.11273, 7.84055, 7.02828)
				MovRel3f(0, 7.02828, 0)
				Cylinder(7.84055, 7.30157, 13.9179)
				MovRel3f(0, 13.9179, 0)
				RotRel3f(-0.323524, 0, 0, 1)
				Cylinder(7.30157, 6.45145, 21.9521)
				MovRel3f(0, 21.9521, 0)
			EB()
			Cylinder(12.9029, 12.8142, 2.09455)
			MovRel3f(0, 2.09455, 0)
			RotRel3f(-0.329676, 0, 0, 1)
			Cylinder(12.8142, 12.691, 2.91085)
			MovRel3f(0, 2.91085, 0)
			SB()
				RotRel3f(0.154997, 0, 1, 0)
				RotRel3f(-0.326601, 0, 0, 1)
				Cylinder(8.97393, 8.55661, 11.0079)
				MovRel3f(0, 11.0079, 0)
				RotRel3f(-0.15068, 0, 0, 1)
				Cylinder(8.55661, 8.13768, 11.0507)
				MovRel3f(0, 11.0507, 0)
				Cylinder(8.13768, 8.01844, 3.14528)
				MovRel3f(0, 3.14528, 0)
				Cylinder(8.01844, 7.90564, 2.97558)
				MovRel3f(0, 2.97558, 0)
				RotRel3f(-0.242329, 0, 0, 1)
				Cylinder(7.90564, 7.90501, 0.0165646)
				MovRel3f(0, 0.0165646, 0)
				Cylinder(7.90501, 7.65902, 6.48855)
				MovRel3f(0, 6.48855, 0)
				Cylinder(7.65902, 7.3163, 9.04034)
				MovRel3f(0, 9.04034, 0)
				RotRel3f(-0.275881, 0, 0, 1)
				Cylinder(7.3163, 6.76284, 14.5992)
				MovRel3f(0, 14.5992, 0)
				Cylinder(6.76284, 6.5537, 5.51675)
				MovRel3f(0, 5.51675, 0)
				RotRel3f(0.255966, 0, 0, 1)
				Cylinder(6.5537, 6.34553, 5.49117)
				MovRel3f(0, 5.49117, 0)
			EB()
			Cylinder(12.691, 12.2359, 10.7529)
			MovRel3f(0, 10.7529, 0)
			SB()
				RotRel3f(2.08994, 0, 1, 0)
				RotRel3f(0.317413, 0, 0, 1)
				Cylinder(8.65212, 8.12838, 14.2766)
				MovRel3f(0, 14.2766, 0)
				RotRel3f(0.31397, 0, 0, 1)
				Cylinder(8.12838, 7.92247, 5.61282)
				MovRel3f(0, 5.61282, 0)
				Cylinder(7.92247, 7.8802, 1.15247)
				MovRel3f(0, 1.15247, 0)
				Cylinder(7.8802, 7.72411, 4.25472)
				MovRel3f(0, 4.25472, 0)
				Cylinder(7.72411, 7.60683, 3.19683)
				MovRel3f(0, 3.19683, 0)
				Cylinder(7.60683, 7.47759, 3.52313)
				MovRel3f(0, 3.52313, 0)
				RotRel3f(0.334176, 0, 0, 1)
				Cylinder(7.47759, 7.18108, 8.08244)
				MovRel3f(0, 8.08244, 0)
				Cylinder(7.18108, 7.07524, 2.88515)
				MovRel3f(0, 2.88515, 0)
				RotRel3f(-0.146458, 0, 0, 1)
				Cylinder(7.07524, 6.60905, 12.7078)
				MovRel3f(0, 12.7078, 0)
				RotRel3f(-0.22272, 0, 0, 1)
				Cylinder(6.60905, 6.16655, 12.062)
				MovRel3f(0, 12.062, 0)
				RotRel3f(0.0852234, 0, 0, 1)
				Cylinder(6.16655, 6.11798, 1.3241)
				MovRel3f(0, 1.3241, 0)
			EB()
			Cylinder(12.2359, 11.8388, 9.38344)
			MovRel3f(0, 9.38344, 0)
			SB()
				RotRel3f(0.942312, 0, 1, 0)
				RotRel3f(-0.343675, 0, 0, 1)
				Cylinder(8.3713, 7.76699, 17.0195)
				MovRel3f(0, 17.0195, 0)
				Cylinder(7.76699, 7.62789, 3.91774)
				MovRel3f(0, 3.91774, 0)
				Cylinder(7.62789, 7.56107, 1.88173)
				MovRel3f(0, 1.88173, 0)
				Cylinder(7.56107, 7.54284, 0.51336)
				MovRel3f(0, 0.51336, 0)
				RotRel3f(-0.299944, 0, 0, 1)
				Cylinder(7.54284, 7.43736, 2.97087)
				MovRel3f(0, 2.97087, 0)
				Cylinder(7.43736, 6.74714, 19.4392)
				MovRel3f(0, 19.4392, 0)
				RotRel3f(-0.294722, 0, 0, 1)
				Cylinder(6.74714, 5.94577, 22.5694)
				MovRel3f(0, 22.5694, 0)
				RotRel3f(0.0664333, 0, 0, 1)
				Cylinder(5.94577, 5.9194, 0.74263)
				MovRel3f(0, 0.74263, 0)
			EB()
			Cylinder(11.8388, 11.4795, 8.49034)
			MovRel3f(0, 8.49034, 0)
			RotRel3f(-0.320678, 0, 0, 1)
			Cylinder(11.4795, 10.1516, 31.3744)
			MovRel3f(0, 31.3744, 0)
			RotRel3f(0.0641481, 0, 0, 1)
			Cylinder(10.1516, 10, 3.58076)
			MovRel3f(0, 3.58076, 0)
		EB()
		Cylinder(20, 20, 27.8168)
		MovRel3f(0, 27.8168, 0)
		RotRel3f(-0.0936481, 0, 0, 1)
		Cylinder(20, 20, 26.7657)
		MovRel3f(0, 26.7657, 0)
		Cylinder(20, 20, 6.36133)
		MovRel3f(0, 6.36133, 0)
		RotRel3f(0.103686, 0, 0, 1)
		Cylinder(20, 20, 15.5898)
		MovRel3f(0, 15.5898, 0)
	EB()
	Cylinder(20, 20, 6.52991)
	MovRel3f(0, 6.52991, 0)
	RotRel3f(-0.238609, 0, 0, 1)
	Cylinder(20, 20, 15.8241)
	MovRel3f(0, 15.8241, 0)
	SB()
		RotRel3f(2.51752, 0, 1, 0)
		RotRel3f(-0.343952, 0, 0, 1)
		Cylinder(20, 20, 31.3094)
		MovRel3f(0, 31.3094, 0)
		SB()
			RotRel3f(0.942312, 0, 1, 0)
			RotRel3f(-0.34863, 0, 0, 1)
			Cylinder(14.1421, 12.808, 29.4683)
			MovRel3f(0, 29.4683, 0)
			RotRel3f(-0.340857, 0, 0, 1)
			Cylinder(12.808, 12.7749, 0.730907)
			MovRel3f(0, 0.730907, 0)
			SB()
				RotRel3f(2.51752, 0, 1, 0)
				RotRel3f(-0.344799, 0, 0, 1)
				Cylinder(9.03323, 8.19956, 20.4245)
				MovRel3f(0, 20.4245, 0)
				Cylinder(8.19956, 8.13478, 1.58708)
				MovRel3f(0, 1.58708, 0)
				Cylinder(8.13478, 8.11619, 0.455354)
				MovRel3f(0, 0.455354, 0)
				RotRel3f(-0.328114, 0, 0, 1)
				Cylinder(8.11619, 7.87108, 6.00505)
				MovRel3f(0, 6.00505, 0)
				Cylinder(7.87108, 7.68056, 4.66758)
				MovRel3f(0, 4.66758, 0)
				Cylinder(7.68056, 7.16753, 12.569)
				MovRel3f(0, 12.569, 0)
				RotRel3f(-0.30511, 0, 0, 1)
				Cylinder(7.16753, 6.38746, 19.1115)
				MovRel3f(0, 19.1115, 0)
			EB()
			Cylinder(12.7749, 12.7041, 1.56335)
			MovRel3f(0, 1.56335, 0)
			SB()
				RotRel3f(0.942312, 0, 1, 0)
				RotRel3f(-0.344446, 0, 0, 1)
				Cylinder(8.98318, 8.22601, 18.6938)
				MovRel3f(0, 18.6938, 0)
				Cylinder(8.22601, 8.12805, 2.4186)
				MovRel3f(0, 2.4186, 0)
				RotRel3f(-0.341827, 0, 0, 1)
				Cylinder(8.12805, 8.06967, 1.44113)
				MovRel3f(0, 1.44113, 0)
				Cylinder(8.06967, 7.89017, 4.4318)
				MovRel3f(0, 4.4318, 0)
				Cylinder(7.89017, 7.6637, 5.59136)
				MovRel3f(0, 5.59136, 0)
				Cylinder(7.6637, 7.18465, 11.8273)
				MovRel3f(0, 11.8273, 0)
				RotRel3f(-0.294, 0, 0, 1)
				Cylinder(7.18465, 6.35207, 20.5555)
				MovRel3f(0, 20.5555, 0)
			EB()
			Cylinder(12.7041, 12.5825, 2.68576)
			MovRel3f(0, 2.68576, 0)
			SB()
				RotRel3f(0.154997, 0, 1, 0)
				RotRel3f(-0.325474, 0, 0, 1)
				Cylinder(8.8972, 8.28081, 15.2662)
				MovRel3f(0, 15.2662, 0)
				RotRel3f(-0.335284, 0, 0, 1)
				Cylinder(8.28081, 8.00872, 6.73876)
				MovRel3f(0, 6.73876, 0)
				Cylinder(8.00872, 7.8268, 4.50555)
				MovRel3f(0, 4.50555, 0)
				Cylinder(7.8268, 7.72297, 2.57167)
				MovRel3f(0, 2.57167, 0)
				Cylinder(7.72297, 7.71301, 0.246556)
				MovRel3f(0, 0.246556, 0)
				RotRel3f(-0.315912, 0, 0, 1)
				Cylinder(7.71301, 7.65482, 1.44128)
				MovRel3f(0, 1.44128, 0)
				Cylinder(7.65482, 7.5766, 1.93729)
				MovRel3f(0, 1.93729, 0)
				Cylinder(7.5766, 6.93261, 15.9495)
				MovRel3f(0, 15.9495, 0)
				RotRel3f(0.266027, 0, 0, 1)
				Cylinder(6.93261, 6.41465, 12.8284)
				MovRel3f(0, 12.8284, 0)
				RotRel3f(0.212966, 0, 0, 1)
				Cylinder(6.41465, 6.29127, 3.05568)
				MovRel3f(0, 3.05568, 0)
			EB()
			Cylinder(12.5825, 12.311, 5.9976)
			MovRel3f(0, 5.9976, 0)
			SB()
				RotRel3f(2.08994, 0, 1, 0)
				RotRel3f(0.338126, 0, 0, 1)
				Cylinder(8.7052, 8.12547, 14.6517)
				MovRel3f(0, 14.6517, 0)
				Cylinder(8.12547, 8.00949, 2.93119)
				MovRel3f(0, 2.93119, 0)
				RotRel3f(0.0720724, 0, 0, 1)
				Cylinder(8.00949, 7.93794, 1.80849)
				MovRel3f(0, 1.80849, 0)
				Cylinder(7.93794, 7.73753, 5.06493)
				MovRel3f(0, 5.06493, 0)
				Cylinder(7.73753, 7.56462, 4.36998)
				MovRel3f(0, 4.36998, 0)
				Cylinder(7.56462, 7.31563, 6.29295)
				MovRel3f(0, 6.29295, 0)
				Cylinder(7.31563, 7.23084, 2.14287)
				MovRel3f(0, 2.14287, 0)
				RotRel3f(0.0544281, 0, 0, 1)
				Cylinder(7.23084, 6.3714, 21.7211)
				MovRel3f(0, 21.7211, 0)
				RotRel3f(0.103686, 0, 0, 1)
				Cylinder(6.3714, 6.25391, 2.96933)
				MovRel3f(0, 2.96933, 0)
				Cylinder(6.25391, 6.1555, 2.4871)
				MovRel3f(0, 2.4871, 0)
			EB()
			Cylinder(12.311, 11.4475, 19.0739)
			MovRel3f(0, 19.0739, 0)
			RotRel3f(-0.32294, 0, 0, 1)
			Cylinder(11.4475, 10.0058, 31.8425)
			MovRel3f(0, 31.8425, 0)
			RotRel3f(0.0611045, 0, 0, 1)
			Cylinder(10.0058, 10, 0.12838)
			MovRel3f(0, 0.12838, 0)
		EB()
		Cylinder(20, 20, 10.5267)
		MovRel3f(0, 10.5267, 0)
		RotRel3f(-0.332764, 0, 0, 1)
		Cylinder(20, 20, 0.844469)
		MovRel3f(0, 0.844469, 0)
		SB()
			RotRel3f(0.154997, 0, 1, 0)
			RotRel3f(-0.33512, 0, 0, 1)
			Cylinder(14.1421, 13.3277, 17.94)
			MovRel3f(0, 17.94, 0)
			RotRel3f(-0.290735, 0, 0, 1)
			Cylinder(13.3277, 12.7232, 13.3149)
			MovRel3f(0, 13.3149, 0)
			SB()
				RotRel3f(0.942312, 0, 1, 0)
				RotRel3f(-0.34687, 0, 0, 1)
				Cylinder(8.99667, 8.25072, 18.232)
				MovRel3f(0, 18.232, 0)
				Cylinder(8.25072, 8.12957, 2.96108)
				MovRel3f(0, 2.96108, 0)
				RotRel3f(-0.320115, 0, 0, 1)
				Cylinder(8.12957, 8.10254, 0.660688)
				MovRel3f(0, 0.660688, 0)
				Cylinder(8.10254, 7.91958, 4.47168)
				MovRel3f(0, 4.47168, 0)
				Cylinder(7.91958, 7.73148, 4.59761)
				MovRel3f(0, 4.59761, 0)
				Cylinder(7.73148, 7.21271, 12.6793)
				MovRel3f(0, 12.6793, 0)
				RotRel3f(-0.323393, 0, 0, 1)
				Cylinder(7.21271, 6.36161, 20.8021)
				MovRel3f(0, 20.8021, 0)
			EB()
			Cylinder(12.7232, 12.6364, 1.91326)
			MovRel3f(0, 1.91326, 0)
			Cylinder(12.6364, 12.571, 1.44037)
			MovRel3f(0, 1.44037, 0)
			SB()
				RotRel3f(2.08994, 0, 1, 0)
				RotRel3f(0.325127, 0, 0, 1)
				Cylinder(8.88901, 8.2908, 14.8095)
				MovRel3f(0, 14.8095, 0)
				RotRel3f(0.414629, 0, 0, 1)
				Cylinder(8.2908, 8.22775, 1.56098)
				MovRel3f(0, 1.56098, 0)
				Cylinder(8.22775, 8.14787, 1.97742)
				MovRel3f(0, 1.97742, 0)
				Cylinder(8.14787, 8.02968, 2.92607)
				MovRel3f(0, 2.92607, 0)
				Cylinder(8.02968, 7.80766, 5.49642)
				MovRel3f(0, 5.49642, 0)
				Cylinder(7.80766, 7.78686, 0.514845)
				MovRel3f(0, 0.514845, 0)
				Cylinder(7.78686, 7.60566, 4.48583)
				MovRel3f(0, 4.48583, 0)
				RotRel3f(0.0758135, 0, 0, 1)
				Cylinder(7.60566, 7.39429, 5.23271)
				MovRel3f(0, 5.23271, 0)
				Cylinder(7.39429, 6.9617, 10.7094)
				MovRel3f(0, 10.7094, 0)
				RotRel3f(-0.103686, 0, 0, 1)
				Cylinder(6.9617, 6.47695, 12.0004)
				MovRel3f(0, 12.0004, 0)
				RotRel3f(-0.103686, 0, 0, 1)
				Cylinder(6.47695, 6.28548, 4.74008)
				MovRel3f(0, 4.74008, 0)
			EB()
			Cylinder(12.571, 12.3725, 4.37156)
			MovRel3f(0, 4.37156, 0)
			RotRel3f(-0.0508669, 0, 0, 1)
			Cylinder(12.3725, 12.3082, 1.4153)
			MovRel3f(0, 1.4153, 0)
			SB()
				RotRel3f(0.154997, 0, 1, 0)
				RotRel3f(-0.320024, 0, 0, 1)
				Cylinder(8.70325, 8.29852, 10.2344)
				MovRel3f(0, 10.2344, 0)
				Cylinder(8.29852, 8.12747, 4.32548)
				MovRel3f(0, 4.32548, 0)
				RotRel3f(-0.0419279, 0, 0, 1)
				Cylinder(8.12747, 7.92573, 5.10123)
				MovRel3f(0, 5.10123, 0)
				Cylinder(7.92573, 7.69762, 5.76835)
				MovRel3f(0, 5.76835, 0)
				Cylinder(7.69762, 7.49646, 5.08681)
				MovRel3f(0, 5.08681, 0)
				Cylinder(7.49646, 7.45875, 0.953504)
				MovRel3f(0, 0.953504, 0)
				RotRel3f(-0.0549636, 0, 0, 1)
				Cylinder(7.45875, 7.32212, 3.45519)
				MovRel3f(0, 3.45519, 0)
				Cylinder(7.32212, 6.97785, 8.70556)
				MovRel3f(0, 8.70556, 0)
				RotRel3f(-0.055282, 0, 0, 1)
				Cylinder(6.97785, 6.96501, 0.324599)
				MovRel3f(0, 0.324599, 0)
				Cylinder(6.96501, 6.41066, 14.018)
				MovRel3f(0, 14.018, 0)
				RotRel3f(-0.29696, 0, 0, 1)
				Cylinder(6.41066, 6.15413, 6.48715)
				MovRel3f(0, 6.48715, 0)
			EB()
			Cylinder(12.3082, 12.1328, 3.86516)
			MovRel3f(0, 3.86516, 0)
			SB()
				RotRel3f(2.51752, 0, 1, 0)
				RotRel3f(-0.339024, 0, 0, 1)
				Cylinder(8.57917, 7.91482, 17.0394)
				MovRel3f(0, 17.0394, 0)
				Cylinder(7.91482, 7.80312, 2.86511)
				MovRel3f(0, 2.86511, 0)
				Cylinder(7.80312, 7.70949, 2.40145)
				MovRel3f(0, 2.40145, 0)
				RotRel3f(-0.344651, 0, 0, 1)
				Cylinder(7.70949, 7.64836, 1.56788)
				MovRel3f(0, 1.56788, 0)
				Cylinder(7.64836, 7.57167, 1.96686)
				MovRel3f(0, 1.96686, 0)
				Cylinder(7.57167, 6.90394, 17.1264)
				MovRel3f(0, 17.1264, 0)
				RotRel3f(-0.336612, 0, 0, 1)
				Cylinder(6.90394, 6.06639, 21.4818)
				MovRel3f(0, 21.4818, 0)
			EB()
			Cylinder(12.1328, 11.9787, 3.39372)
			MovRel3f(0, 3.39372, 0)
			Cylinder(11.9787, 11.4968, 10.6159)
			MovRel3f(0, 10.6159, 0)
			RotRel3f(-0.322671, 0, 0, 1)
			Cylinder(11.4968, 10.3574, 25.0974)
			MovRel3f(0, 25.0974, 0)
			RotRel3f(0.0797001, 0, 0, 1)
			Cylinder(10.3574, 10, 7.87147)
			MovRel3f(0, 7.87147, 0)
		EB()
		Cylinder(20, 20, 10.9932)
		MovRel3f(0, 10.9932, 0)
		SB()
			RotRel3f(2.51752, 0, 1, 0)
			RotRel3f(-0.34112, 0, 0, 1)
			Cylinder(14.1421, 13.1095, 22.7603)
			MovRel3f(0, 22.7603, 0)
			SB()
				RotRel3f(0.942312, 0, 1, 0)
				RotRel3f(-0.347621, 0, 0, 1)
				Cylinder(9.26981, 8.51747, 17.9216)
				MovRel3f(0, 17.9216, 0)
				Cylinder(8.51747, 8.37247, 3.45408)
				MovRel3f(0, 3.45408, 0)
				RotRel3f(-0.2972, 0, 0, 1)
				Cylinder(8.37247, 8.27763, 2.25905)
				MovRel3f(0, 2.25905, 0)
				Cylinder(8.27763, 8.10975, 3.99929)
				MovRel3f(0, 3.99929, 0)
				Cylinder(8.10975, 7.96806, 3.37509)
				MovRel3f(0, 3.37509, 0)
				Cylinder(7.96806, 7.44979, 12.3458)
				MovRel3f(0, 12.3458, 0)
				RotRel3f(-0.302685, 0, 0, 1)
				Cylinder(7.44979, 6.55474, 21.3211)
				MovRel3f(0, 21.3211, 0)
			EB()
			Cylinder(13.1095, 12.7081, 8.84591)
			MovRel3f(0, 8.84591, 0)
			SB()
				RotRel3f(2.51752, 0, 1, 0)
				RotRel3f(-0.34625, 0, 0, 1)
				Cylinder(8.98601, 8.25585, 17.8805)
				MovRel3f(0, 17.8805, 0)
				Cylinder(8.25585, 8.12342, 3.24316)
				MovRel3f(0, 3.24316, 0)
				RotRel3f(-0.319665, 0, 0, 1)
				Cylinder(8.12342, 8.09131, 0.786146)
				MovRel3f(0, 0.786146, 0)
				Cylinder(8.09131, 7.94445, 3.59642)
				MovRel3f(0, 3.59642, 0)
				Cylinder(7.94445, 7.72779, 5.30578)
				MovRel3f(0, 5.30578, 0)
				Cylinder(7.72779, 7.27966, 10.974)
				MovRel3f(0, 10.974, 0)
				RotRel3f(-0.301361, 0, 0, 1)
				Cylinder(7.27966, 6.38989, 21.7893)
				MovRel3f(0, 21.7893, 0)
				RotRel3f(0.0695783, 0, 0, 1)
				Cylinder(6.38989, 6.35407, 0.877174)
				MovRel3f(0, 0.877174, 0)
			EB()
			Cylinder(12.7081, 12.657, 1.128)
			MovRel3f(0, 1.128, 0)
			RotRel3f(-0.340253, 0, 0, 1)
			Cylinder(12.657, 12.4411, 4.75765)
			MovRel3f(0, 4.75765, 0)
			SB()
				RotRel3f(2.08994, 0, 1, 0)
				RotRel3f(0.334028, 0, 0, 1)
				Cylinder(8.79718, 8.38809, 10.2322)
				MovRel3f(0, 10.2322, 0)
				Cylinder(8.38809, 8.04302, 8.63083)
				MovRel3f(0, 8.63083, 0)
				RotRel3f(0.0835139, 0, 0, 1)
				Cylinder(8.04302, 7.95163, 2.28585)
				MovRel3f(0, 2.28585, 0)
				Cylinder(7.95163, 7.89636, 1.38249)
				MovRel3f(0, 1.38249, 0)
				Cylinder(7.89636, 7.66787, 5.71498)
				MovRel3f(0, 5.71498, 0)
				Cylinder(7.66787, 7.61444, 1.33632)
				MovRel3f(0, 1.33632, 0)
				RotRel3f(0.103686, 0, 0, 1)
				Cylinder(7.61444, 7.57651, 0.948715)
				MovRel3f(0, 0.948715, 0)
				Cylinder(7.57651, 7.43208, 3.61248)
				MovRel3f(0, 3.61248, 0)
				Cylinder(7.43208, 6.8873, 13.6259)
				MovRel3f(0, 13.6259, 0)
				RotRel3f(0.51843, 0, 0, 1)
				Cylinder(6.8873, 6.43949, 11.2007)
				MovRel3f(0, 11.2007, 0)
				RotRel3f(-0.0983149, 0, 0, 1)
				Cylinder(6.43949, 6.22055, 5.476)
				MovRel3f(0, 5.476, 0)
			EB()
			Cylinder(12.4411, 12.1679, 6.02042)
			MovRel3f(0, 6.02042, 0)
			SB()
				RotRel3f(0.154997, 0, 1, 0)
				RotRel3f(-0.314873, 0, 0, 1)
				Cylinder(8.60404, 8.11968, 12.4296)
				MovRel3f(0, 12.4296, 0)
				RotRel3f(-0.232184, 0, 0, 1)
				Cylinder(8.11968, 7.83567, 7.28829)
				MovRel3f(0, 7.28829, 0)
				Cylinder(7.83567, 7.69934, 3.49839)
				MovRel3f(0, 3.49839, 0)
				Cylinder(7.69934, 7.52204, 4.55)
				MovRel3f(0, 4.55, 0)
				Cylinder(7.52204, 7.49815, 0.6131)
				MovRel3f(0, 0.6131, 0)
				RotRel3f(-0.330023, 0, 0, 1)
				Cylinder(7.49815, 7.48487, 0.340844)
				MovRel3f(0, 0.340844, 0)
				Cylinder(7.48487, 7.29935, 4.76065)
				MovRel3f(0, 4.76065, 0)
				Cylinder(7.29935, 7.09804, 5.16622)
				MovRel3f(0, 5.16622, 0)
				RotRel3f(0.258716, 0, 0, 1)
				Cylinder(7.09804, 6.24858, 21.7988)
				MovRel3f(0, 21.7988, 0)
				RotRel3f(-0.0591119, 0, 0, 1)
				Cylinder(6.24858, 6.08397, 4.22417)
				MovRel3f(0, 4.22417, 0)
			EB()
			Cylinder(12.1679, 11.2003, 21.3272)
			MovRel3f(0, 21.3272, 0)
			RotRel3f(-0.327897, 0, 0, 1)
			Cylinder(11.2003, 10, 26.455)
			MovRel3f(0, 26.455, 0)
		EB()
		Cylinder(20, 20, 9.52485)
		MovRel3f(0, 9.52485, 0)
		SB()
			RotRel3f(2.08994, 0, 1, 0)
			RotRel3f(0.335759, 0, 0, 1)
			Cylinder(14.1421, 12.9976, 25.2029)
			MovRel3f(0, 25.2029, 0)
			RotRel3f(0.514921, 0, 0, 1)
			Cylinder(12.9976, 12.9227, 1.65076)
			MovRel3f(0, 1.65076, 0)
			SB()
				RotRel3f(2.08994, 0, 1, 0)
				RotRel3f(0.332787, 0, 0, 1)
				Cylinder(9.13772, 8.71279, 10.2445)
				MovRel3f(0, 10.2445, 0)
				RotRel3f(0.45275, 0, 0, 1)
				Cylinder(8.71279, 8.52502, 4.52692)
				MovRel3f(0, 4.52692, 0)
				Cylinder(8.52502, 8.39629, 3.10334)
				MovRel3f(0, 3.10334, 0)
				Cylinder(8.39629, 8.31613, 1.93259)
				MovRel3f(0, 1.93259, 0)
				Cylinder(8.31613, 8.16473, 3.65007)
				MovRel3f(0, 3.65007, 0)
				Cylinder(8.16473, 8.10009, 1.55846)
				MovRel3f(0, 1.55846, 0)
				Cylinder(8.10009, 8.065, 0.845782)
				MovRel3f(0, 0.845782, 0)
				RotRel3f(-0.0836115, 0, 0, 1)
				Cylinder(8.065, 7.97542, 2.15979)
				MovRel3f(0, 2.15979, 0)
				Cylinder(7.97542, 7.63949, 8.09868)
				MovRel3f(0, 8.09868, 0)
				RotRel3f(-0.0859834, 0, 0, 1)
				Cylinder(7.63949, 6.92307, 17.2718)
				MovRel3f(0, 17.2718, 0)
				RotRel3f(0.480894, 0, 0, 1)
				Cylinder(6.92307, 6.79509, 3.0855)
				MovRel3f(0, 3.0855, 0)
				Cylinder(6.79509, 6.46135, 8.04609)
				MovRel3f(0, 8.04609, 0)
			EB()
			Cylinder(12.9227, 12.7201, 4.46178)
			MovRel3f(0, 4.46178, 0)
			SB()
				RotRel3f(2.51752, 0, 1, 0)
				RotRel3f(-0.349331, 0, 0, 1)
				Cylinder(8.99445, 8.2457, 18.3708)
				MovRel3f(0, 18.3708, 0)
				Cylinder(8.2457, 8.111, 3.30487)
				MovRel3f(0, 3.30487, 0)
				RotRel3f(-0.334621, 0, 0, 1)
				Cylinder(8.111, 8.06977, 1.01158)
				MovRel3f(0, 1.01158, 0)
				Cylinder(8.06977, 7.82977, 5.88857)
				MovRel3f(0, 5.88857, 0)
				Cylinder(7.82977, 7.61157, 5.35358)
				MovRel3f(0, 5.35358, 0)
				Cylinder(7.61157, 7.26646, 8.46747)
				MovRel3f(0, 8.46747, 0)
				RotRel3f(-0.3166, 0, 0, 1)
				Cylinder(7.26646, 6.3636, 22.1519)
				MovRel3f(0, 22.1519, 0)
				RotRel3f(0.0586422, 0, 0, 1)
				Cylinder(6.3636, 6.36004, 0.0873337)
				MovRel3f(0, 0.0873337, 0)
			EB()
			Cylinder(12.7201, 12.6163, 2.28522)
			MovRel3f(0, 2.28522, 0)
			Cylinder(12.6163, 12.4065, 4.61979)
			MovRel3f(0, 4.61979, 0)
			SB()
				RotRel3f(0.942312, 0, 1, 0)
				RotRel3f(-0.343882, 0, 0, 1)
				Cylinder(8.77273, 8.01456, 19.0609)
				MovRel3f(0, 19.0609, 0)
				Cylinder(8.01456, 7.88066, 3.36634)
				MovRel3f(0, 3.36634, 0)
				RotRel3f(-0.323437, 0, 0, 1)
				Cylinder(7.88066, 7.78809, 2.32711)
				MovRel3f(0, 2.32711, 0)
				Cylinder(7.78809, 7.55032, 5.97786)
				MovRel3f(0, 5.97786, 0)
				Cylinder(7.55032, 7.30851, 6.07906)
				MovRel3f(0, 6.07906, 0)
				Cylinder(7.30851, 7.04888, 6.52742)
				MovRel3f(0, 6.52742, 0)
				RotRel3f(-0.293211, 0, 0, 1)
				Cylinder(7.04888, 6.20326, 21.2595)
				MovRel3f(0, 21.2595, 0)
			EB()
			Cylinder(12.4065, 12.0975, 6.80562)
			MovRel3f(0, 6.80562, 0)
			SB()
				RotRel3f(0.154997, 0, 1, 0)
				RotRel3f(-0.325419, 0, 0, 1)
				Cylinder(8.55419, 7.84675, 18.2194)
				MovRel3f(0, 18.2194, 0)
				Cylinder(7.84675, 7.81751, 0.753145)
				MovRel3f(0, 0.753145, 0)
				RotRel3f(-0.274019, 0, 0, 1)
				Cylinder(7.81751, 7.65871, 4.08972)
				MovRel3f(0, 4.08972, 0)
				Cylinder(7.65871, 7.45794, 5.17076)
				MovRel3f(0, 5.17076, 0)
				Cylinder(7.45794, 7.389, 1.77546)
				MovRel3f(0, 1.77546, 0)
				Cylinder(7.389, 7.30229, 2.23309)
				MovRel3f(0, 2.23309, 0)
				Cylinder(7.30229, 7.05256, 6.43165)
				MovRel3f(0, 6.43165, 0)
				RotRel3f(-0.0536352, 0, 0, 1)
				Cylinder(7.05256, 6.70498, 8.95147)
				MovRel3f(0, 8.95147, 0)
				Cylinder(6.70498, 6.49836, 5.32128)
				MovRel3f(0, 5.32128, 0)
				RotRel3f(-0.30102, 0, 0, 1)
				Cylinder(6.49836, 6.04873, 11.5798)
				MovRel3f(0, 11.5798, 0)
			EB()
			Cylinder(12.0975, 11.8445, 5.5704)
			MovRel3f(0, 5.5704, 0)
			RotRel3f(0.0962818, 0, 0, 1)
			Cylinder(11.8445, 10.4483, 30.7461)
			MovRel3f(0, 30.7461, 0)
			RotRel3f(-0.51843, 0, 0, 1)
			Cylinder(10.4483, 10, 9.87128)
			MovRel3f(0, 9.87128, 0)
		EB()
		Cylinder(20, 20, 22.1416)
		MovRel3f(0, 22.1416, 0)
		RotRel3f(-0.339679, 0, 0, 1)
		Cylinder(20, 20, 43.7387)
		MovRel3f(0, 43.7387, 0)
	EB()
	Cylinder(20, 20, 5.34328)
	MovRel3f(0, 5.34328, 0)
	RotRel3f(0.0345767, 0, 0, 1)
	Cylinder(20, 20, 17.0107)
	MovRel3f(0, 17.0107, 0)
	SB()
		RotRel3f(0.942312, 0, 1, 0)
		RotRel3f(-0.346988, 0, 0, 1)
		Cylinder(20, 20, 36.9929)
		MovRel3f(0, 36.9929, 0)
		SB()
			RotRel3f(2.51752, 0, 1, 0)
			RotRel3f(-0.346048, 0, 0, 1)
			Cylinder(14.1421, 12.9591, 26.1985)
			MovRel3f(0, 26.1985, 0)
			SB()
				RotRel3f(0.942312, 0, 1, 0)
				RotRel3f(-0.338397, 0, 0, 1)
				Cylinder(9.16345, 8.33157, 20.1294)
				MovRel3f(0, 20.1294, 0)
				Cylinder(8.33157, 8.30304, 0.690317)
				MovRel3f(0, 0.690317, 0)
				RotRel3f(-0.31511, 0, 0, 1)
				Cylinder(8.30304, 8.18896, 2.76038)
				MovRel3f(0, 2.76038, 0)
				Cylinder(8.18896, 8.10079, 2.13345)
				MovRel3f(0, 2.13345, 0)
				Cylinder(8.10079, 7.95376, 3.55781)
				MovRel3f(0, 3.55781, 0)
				Cylinder(7.95376, 7.41302, 13.0844)
				MovRel3f(0, 13.0844, 0)
				RotRel3f(-0.325287, 0, 0, 1)
				Cylinder(7.41302, 6.54427, 21.0215)
				MovRel3f(0, 21.0215, 0)
				RotRel3f(0.0665686, 0, 0, 1)
				Cylinder(6.54427, 6.47954, 1.56625)
				MovRel3f(0, 1.56625, 0)
			EB()
			Cylinder(12.9591, 12.8142, 3.20717)
			MovRel3f(0, 3.20717, 0)
			RotRel3f(-0.293211, 0, 0, 1)
			Cylinder(12.8142, 12.7327, 1.80576)
			MovRel3f(0, 1.80576, 0)
			SB()
				RotRel3f(0.154997, 0, 1, 0)
				RotRel3f(-0.327376, 0, 0, 1)
				Cylinder(9.00338, 8.5847, 10.2935)
				MovRel3f(0, 10.2935, 0)
				RotRel3f(-0.240894, 0, 0, 1)
				Cylinder(8.5847, 8.25178, 8.18508)
				MovRel3f(0, 8.18508, 0)
				Cylinder(8.25178, 8.04517, 5.07957)
				MovRel3f(0, 5.07957, 0)
				Cylinder(8.04517, 7.94076, 2.56687)
				MovRel3f(0, 2.56687, 0)
				Cylinder(7.94076, 7.90491, 0.88159)
				MovRel3f(0, 0.88159, 0)
				RotRel3f(-0.240717, 0, 0, 1)
				Cylinder(7.90491, 7.88437, 0.504796)
				MovRel3f(0, 0.504796, 0)
				Cylinder(7.88437, 7.48622, 9.78875)
				MovRel3f(0, 9.78875, 0)
				RotRel3f(-0.194332, 0, 0, 1)
				Cylinder(7.48622, 7.339, 3.61949)
				MovRel3f(0, 3.61949, 0)
				Cylinder(7.339, 7.06013, 6.85629)
				MovRel3f(0, 6.85629, 0)
				RotRel3f(0.252242, 0, 0, 1)
				Cylinder(7.06013, 6.37637, 16.8105)
				MovRel3f(0, 16.8105, 0)
				RotRel3f(0.343972, 0, 0, 1)
				Cylinder(6.37637, 6.36636, 0.246178)
				MovRel3f(0, 0.246178, 0)
			EB()
			Cylinder(12.7327, 12.4413, 6.45286)
			MovRel3f(0, 6.45286, 0)
			SB()
				RotRel3f(2.08994, 0, 1, 0)
				RotRel3f(0.328441, 0, 0, 1)
				Cylinder(8.79734, 8.05981, 18.5841)
				MovRel3f(0, 18.5841, 0)
				RotRel3f(0.304016, 0, 0, 1)
				Cylinder(8.05981, 8.01412, 1.15136)
				MovRel3f(0, 1.15136, 0)
				Cylinder(8.01412, 7.99715, 0.427712)
				MovRel3f(0, 0.427712, 0)
				Cylinder(7.99715, 7.76493, 5.85139)
				MovRel3f(0, 5.85139, 0)
				Cylinder(7.76493, 7.65071, 2.87808)
				MovRel3f(0, 2.87808, 0)
				RotRel3f(-0.146458, 0, 0, 1)
				Cylinder(7.65071, 7.58805, 1.57907)
				MovRel3f(0, 1.57907, 0)
				Cylinder(7.58805, 7.50174, 2.17466)
				MovRel3f(0, 2.17466, 0)
				Cylinder(7.50174, 7.37198, 3.26981)
				MovRel3f(0, 3.26981, 0)
				Cylinder(7.37198, 7.24161, 3.28501)
				MovRel3f(0, 3.28501, 0)
				RotRel3f(0.466124, 0, 0, 1)
				Cylinder(7.24161, 7.17894, 1.57907)
				MovRel3f(0, 1.57907, 0)
				Cylinder(7.17894, 6.76797, 10.3557)
				MovRel3f(0, 10.3557, 0)
				Cylinder(6.76797, 6.46122, 7.72942)
				MovRel3f(0, 7.72942, 0)
				RotRel3f(-0.0384014, 0, 0, 1)
				Cylinder(6.46122, 6.22066, 6.06175)
				MovRel3f(0, 6.06175, 0)
			EB()
			Cylinder(12.4413, 12.1341, 6.8035)
			MovRel3f(0, 6.8035, 0)
			SB()
				RotRel3f(2.51752, 0, 1, 0)
				RotRel3f(-0.3425, 0, 0, 1)
				Cylinder(8.58009, 7.77445, 20.7175)
				MovRel3f(0, 20.7175, 0)
				RotRel3f(-0.299981, 0, 0, 1)
				Cylinder(7.77445, 7.77423, 0.00583981)
				MovRel3f(0, 0.00583981, 0)
				Cylinder(7.77423, 7.61013, 4.21981)
				MovRel3f(0, 4.21981, 0)
				Cylinder(7.61013, 7.44104, 4.34821)
				MovRel3f(0, 4.34821, 0)
				Cylinder(7.44104, 7.25217, 4.85705)
				MovRel3f(0, 4.85705, 0)
				Cylinder(7.25217, 6.93661, 8.1147)
				MovRel3f(0, 8.1147, 0)
				RotRel3f(-0.293211, 0, 0, 1)
				Cylinder(6.93661, 6.0933, 21.6864)
				MovRel3f(0, 21.6864, 0)
				RotRel3f(0.0631299, 0, 0, 1)
				Cylinder(6.0933, 6.06704, 0.675236)
				MovRel3f(0, 0.675236, 0)
			EB()
			Cylinder(12.1341, 11.4658, 14.798)
			MovRel3f(0, 14.798, 0)
			RotRel3f(-0.325846, 0, 0, 1)
			Cylinder(11.4658, 10.1379, 29.4057)
			MovRel3f(0, 29.4057, 0)
			RotRel3f(0.0631512, 0, 0, 1)
			Cylinder(10.1379, 10, 3.05446)
			MovRel3f(0, 3.05446, 0)
		EB()
		Cylinder(20, 20, 7.57186)
		MovRel3f(0, 7.57186, 0)
		SB()
			RotRel3f(0.154997, 0, 1, 0)
			RotRel3f(-0.331591, 0, 0, 1)
			Cylinder(14.1421, 13.4268, 15.8567)
			MovRel3f(0, 15.8567, 0)
			RotRel3f(-0.292919, 0, 0, 1)
			Cylinder(13.4268, 12.8025, 13.8378)
			MovRel3f(0, 13.8378, 0)
			SB()
				RotRel3f(2.51752, 0, 1, 0)
				RotRel3f(-0.346, 0, 0, 1)
				Cylinder(9.05276, 8.31087, 18.1261)
				MovRel3f(0, 18.1261, 0)
				Cylinder(8.31087, 8.17185, 3.39655)
				MovRel3f(0, 3.39655, 0)
				RotRel3f(-0.321608, 0, 0, 1)
				Cylinder(8.17185, 8.13628, 0.869095)
				MovRel3f(0, 0.869095, 0)
				Cylinder(8.13628, 7.96578, 4.16567)
				MovRel3f(0, 4.16567, 0)
				Cylinder(7.96578, 7.78665, 4.37642)
				MovRel3f(0, 4.37642, 0)
				Cylinder(7.78665, 7.25445, 13.003)
				MovRel3f(0, 13.003, 0)
				RotRel3f(-0.302557, 0, 0, 1)
				Cylinder(7.25445, 6.40127, 20.8449)
				MovRel3f(0, 20.8449, 0)
			EB()
			Cylinder(12.8025, 12.7691, 0.740096)
			MovRel3f(0, 0.740096, 0)
			RotRel3f(-0.27858, 0, 0, 1)
			Cylinder(12.7691, 12.687, 1.82073)
			MovRel3f(0, 1.82073, 0)
			SB()
				RotRel3f(0.154997, 0, 1, 0)
				RotRel3f(-0.324663, 0, 0, 1)
				Cylinder(8.97108, 8.28445, 16.9275)
				MovRel3f(0, 16.9275, 0)
				Cylinder(8.28445, 8.22253, 1.52656)
				MovRel3f(0, 1.52656, 0)
				RotRel3f(-0.273228, 0, 0, 1)
				Cylinder(8.22253, 8.08235, 3.4561)
				MovRel3f(0, 3.4561, 0)
				Cylinder(8.08235, 7.83747, 6.03709)
				MovRel3f(0, 6.03709, 0)
				Cylinder(7.83747, 7.80535, 0.791715)
				MovRel3f(0, 0.791715, 0)
				RotRel3f(-0.17248, 0, 0, 1)
				Cylinder(7.80535, 7.66324, 3.50353)
				MovRel3f(0, 3.50353, 0)
				Cylinder(7.66324, 7.66259, 0.0159819)
				MovRel3f(0, 0.0159819, 0)
				Cylinder(7.66259, 6.95327, 17.4871)
				MovRel3f(0, 17.4871, 0)
				RotRel3f(0.309536, 0, 0, 1)
				Cylinder(6.95327, 6.68624, 6.5831)
				MovRel3f(0, 6.5831, 0)
				Cylinder(6.68624, 6.34351, 8.44954)
				MovRel3f(0, 8.44954, 0)
			EB()
			Cylinder(12.687, 12.5516, 3.00242)
			MovRel3f(0, 3.00242, 0)
			SB()
				RotRel3f(2.08994, 0, 1, 0)
				RotRel3f(0.33157, 0, 0, 1)
				Cylinder(8.8753, 8.40886, 11.6358)
				MovRel3f(0, 11.6358, 0)
				RotRel3f(0.170424, 0, 0, 1)
				Cylinder(8.40886, 8.16552, 6.07034)
				MovRel3f(0, 6.07034, 0)
				Cylinder(8.16552, 8.09073, 1.86577)
				MovRel3f(0, 1.86577, 0)
				Cylinder(8.09073, 7.87956, 5.26786)
				MovRel3f(0, 5.26786, 0)
				Cylinder(7.87956, 7.79328, 2.15226)
				MovRel3f(0, 2.15226, 0)
				Cylinder(7.79328, 7.76817, 0.626274)
				MovRel3f(0, 0.626274, 0)
				RotRel3f(0.40268, 0, 0, 1)
				Cylinder(7.76817, 7.27105, 12.4013)
				MovRel3f(0, 12.4013, 0)
				RotRel3f(0.146458, 0, 0, 1)
				Cylinder(7.27105, 6.68851, 14.5318)
				MovRel3f(0, 14.5318, 0)
				Cylinder(6.68851, 6.55722, 3.27525)
				MovRel3f(0, 3.27525, 0)
				RotRel3f(-0.424665, 0, 0, 1)
				Cylinder(6.55722, 6.27579, 7.02063)
				MovRel3f(0, 7.02063, 0)
			EB()
			Cylinder(12.5516, 12.2243, 7.25407)
			MovRel3f(0, 7.25407, 0)
			SB()
				RotRel3f(0.942312, 0, 1, 0)
				RotRel3f(-0.349948, 0, 0, 1)
				Cylinder(8.6439, 7.9712, 17.2621)
				MovRel3f(0, 17.2621, 0)
				Cylinder(7.9712, 7.83227, 3.56528)
				MovRel3f(0, 3.56528, 0)
				RotRel3f(-0.331769, 0, 0, 1)
				Cylinder(7.83227, 7.79215, 1.02939)
				MovRel3f(0, 1.02939, 0)
				Cylinder(7.79215, 7.5765, 5.53389)
				MovRel3f(0, 5.53389, 0)
				Cylinder(7.5765, 7.55151, 0.641375)
				MovRel3f(0, 0.641375, 0)
				Cylinder(7.55151, 6.99201, 14.3572)
				MovRel3f(0, 14.3572, 0)
				RotRel3f(-0.326573, 0, 0, 1)
				Cylinder(6.99201, 6.11216, 22.5781)
				MovRel3f(0, 22.5781, 0)
			EB()
			Cylinder(12.2243, 11.636, 13.0402)
			MovRel3f(0, 13.0402, 0)
			RotRel3f(0.0544049, 0, 0, 1)
			Cylinder(11.636, 11.0623, 12.7179)
			MovRel3f(0, 12.7179, 0)
			Cylinder(11.0623, 10.2967, 16.9714)
			MovRel3f(0, 16.9714, 0)
			RotRel3f(0.146458, 0, 0, 1)
			Cylinder(10.2967, 10, 6.57583)
			MovRel3f(0, 6.57583, 0)
		EB()
		Cylinder(20, 20, 1.83246)
		MovRel3f(0, 1.83246, 0)
		SB()
			RotRel3f(2.08994, 0, 1, 0)
			RotRel3f(0.327333, 0, 0, 1)
			Cylinder(14.1421, 13.3877, 16.703)
			MovRel3f(0, 16.703, 0)
			RotRel3f(0.432792, 0, 0, 1)
			Cylinder(13.3877, 13.1997, 4.16271)
			MovRel3f(0, 4.16271, 0)
			Cylinder(13.1997, 12.9137, 6.33309)
			MovRel3f(0, 6.33309, 0)
			SB()
				RotRel3f(0.942312, 0, 1, 0)
				RotRel3f(-0.348286, 0, 0, 1)
				Cylinder(9.13135, 8.45889, 16.3318)
				MovRel3f(0, 16.3318, 0)
				Cylinder(8.45889, 8.20978, 6.04989)
				MovRel3f(0, 6.04989, 0)
				Cylinder(8.20978, 8.18754, 0.540145)
				MovRel3f(0, 0.540145, 0)
				RotRel3f(-0.299132, 0, 0, 1)
				Cylinder(8.18754, 7.97531, 5.15428)
				MovRel3f(0, 5.15428, 0)
				Cylinder(7.97531, 7.76451, 5.11974)
				MovRel3f(0, 5.11974, 0)
				Cylinder(7.76451, 7.32726, 10.6192)
				MovRel3f(0, 10.6192, 0)
				RotRel3f(-0.315664, 0, 0, 1)
				Cylinder(7.32726, 6.45684, 21.1395)
				MovRel3f(0, 21.1395, 0)
			EB()
			Cylinder(12.9137, 12.729, 4.08854)
			MovRel3f(0, 4.08854, 0)
			RotRel3f(-0.146458, 0, 0, 1)
			Cylinder(12.729, 12.464, 5.86831)
			MovRel3f(0, 5.86831, 0)
			SB()
				RotRel3f(2.51752, 0, 1, 0)
				RotRel3f(-0.340917, 0, 0, 1)
				Cylinder(8.81336, 8.13264, 17.1116)
				MovRel3f(0, 17.1116, 0)
				Cylinder(8.13264, 7.93895, 4.86904)
				MovRel3f(0, 4.86904, 0)
				RotRel3f(-0.32164, 0, 0, 1)
				Cylinder(7.93895, 7.93179, 0.179911)
				MovRel3f(0, 0.179911, 0)
				Cylinder(7.93179, 7.75884, 4.34759)
				MovRel3f(0, 4.34759, 0)
				Cylinder(7.75884, 7.63331, 3.15559)
				MovRel3f(0, 3.15559, 0)
				Cylinder(7.63331, 7.06433, 14.303)
				MovRel3f(0, 14.303, 0)
				RotRel3f(-0.296099, 0, 0, 1)
				Cylinder(7.06433, 6.23199, 20.9233)
				MovRel3f(0, 20.9233, 0)
			EB()
			Cylinder(12.464, 12.0564, 9.02411)
			MovRel3f(0, 9.02411, 0)
			SB()
				RotRel3f(2.08994, 0, 1, 0)
				RotRel3f(0.323382, 0, 0, 1)
				Cylinder(8.52515, 7.88831, 16.5464)
				MovRel3f(0, 16.5464, 0)
				RotRel3f(0.486878, 0, 0, 1)
				Cylinder(7.88831, 7.81119, 2.00368)
				MovRel3f(0, 2.00368, 0)
				Cylinder(7.81119, 7.66025, 3.92168)
				MovRel3f(0, 3.92168, 0)
				Cylinder(7.66025, 7.6356, 0.640476)
				MovRel3f(0, 0.640476, 0)
				Cylinder(7.6356, 7.53481, 2.61888)
				MovRel3f(0, 2.61888, 0)
				Cylinder(7.53481, 7.46686, 1.76537)
				MovRel3f(0, 1.76537, 0)
				Cylinder(7.46686, 7.15892, 8.00094)
				MovRel3f(0, 8.00094, 0)
				RotRel3f(-0.24716, 0, 0, 1)
				Cylinder(7.15892, 6.5797, 15.0494)
				MovRel3f(0, 15.0494, 0)
				RotRel3f(0.0647101, 0, 0, 1)
				Cylinder(6.5797, 6.45242, 3.30697)
				MovRel3f(0, 3.30697, 0)
				Cylinder(6.45242, 6.02819, 11.0223)
				MovRel3f(0, 11.0223, 0)
			EB()
			Cylinder(12.0564, 11.6013, 10.0762)
			MovRel3f(0, 10.0762, 0)
			SB()
				RotRel3f(0.154997, 0, 1, 0)
				RotRel3f(-0.321151, 0, 0, 1)
				Cylinder(8.20334, 7.82186, 10.3341)
				MovRel3f(0, 10.3341, 0)
				Cylinder(7.82186, 7.50541, 8.57253)
				MovRel3f(0, 8.57253, 0)
				Cylinder(7.50541, 7.48641, 0.514861)
				MovRel3f(0, 0.514861, 0)
				RotRel3f(-0.0596664, 0, 0, 1)
				Cylinder(7.48641, 7.30414, 4.93744)
				MovRel3f(0, 4.93744, 0)
				Cylinder(7.30414, 7.10493, 5.39666)
				MovRel3f(0, 5.39666, 0)
				RotRel3f(-0.0645486, 0, 0, 1)
				Cylinder(7.10493, 7.06456, 1.09346)
				MovRel3f(0, 1.09346, 0)
				Cylinder(7.06456, 7.04015, 0.661238)
				MovRel3f(0, 0.661238, 0)
				Cylinder(7.04015, 6.8803, 4.33046)
				MovRel3f(0, 4.33046, 0)
				Cylinder(6.8803, 6.72345, 4.24895)
				MovRel3f(0, 4.24895, 0)
				RotRel3f(-0.293193, 0, 0, 1)
				Cylinder(6.72345, 5.95921, 20.7027)
				MovRel3f(0, 20.7027, 0)
				RotRel3f(-0.162719, 0, 0, 1)
				Cylinder(5.95921, 5.80064, 4.29568)
				MovRel3f(0, 4.29568, 0)
			EB()
			Cylinder(11.6013, 11.5849, 0.36242)
			MovRel3f(0, 0.36242, 0)
			RotRel3f(0.0574412, 0, 0, 1)
			Cylinder(11.5849, 10.7992, 17.3959)
			MovRel3f(0, 17.3959, 0)
			RotRel3f(0.069199, 0, 0, 1)
			Cylinder(10.7992, 10, 17.6945)
			MovRel3f(0, 17.6945, 0)
		EB()
		Cylinder(20, 20, 0.109372)
		MovRel3f(0, 0.109372, 0)
		RotRel3f(-0.355735, 0, 0, 1)
		Cylinder(20, 20, 10.2632)
		MovRel3f(0, 10.2632, 0)
		SB()
			RotRel3f(0.942312, 0, 1, 0)
			RotRel3f(-0.338087, 0, 0, 1)
			Cylinder(14.1421, 13.0702, 23.6947)
			MovRel3f(0, 23.6947, 0)
			SB()
				RotRel3f(0.942312, 0, 1, 0)
				RotRel3f(-0.347877, 0, 0, 1)
				Cylinder(9.24205, 8.50143, 17.7989)
				MovRel3f(0, 17.7989, 0)
				Cylinder(8.50143, 8.37641, 3.00462)
				MovRel3f(0, 3.00462, 0)
				Cylinder(8.37641, 8.27146, 2.52214)
				MovRel3f(0, 2.52214, 0)
				RotRel3f(-0.337609, 0, 0, 1)
				Cylinder(8.27146, 8.19689, 1.79202)
				MovRel3f(0, 1.79202, 0)
				Cylinder(8.19689, 8.0687, 3.08096)
				MovRel3f(0, 3.08096, 0)
				Cylinder(8.0687, 7.34542, 17.3821)
				MovRel3f(0, 17.3821, 0)
				RotRel3f(-0.293211, 0, 0, 1)
				Cylinder(7.34542, 6.53512, 19.4737)
				MovRel3f(0, 19.4737, 0)
			EB()
			Cylinder(13.0702, 12.8872, 4.04583)
			MovRel3f(0, 4.04583, 0)
			SB()
				RotRel3f(0.154997, 0, 1, 0)
				RotRel3f(-0.318303, 0, 0, 1)
				Cylinder(9.11263, 8.47175, 15.4838)
				MovRel3f(0, 15.4838, 0)
				RotRel3f(-0.271421, 0, 0, 1)
				Cylinder(8.47175, 8.33675, 3.26176)
				MovRel3f(0, 3.26176, 0)
				Cylinder(8.33675, 8.0863, 6.05105)
				MovRel3f(0, 6.05105, 0)
				Cylinder(8.0863, 7.84067, 5.93438)
				MovRel3f(0, 5.93438, 0)
				Cylinder(7.84067, 7.74091, 2.41027)
				MovRel3f(0, 2.41027, 0)
				Cylinder(7.74091, 7.73801, 0.0701167)
				MovRel3f(0, 0.0701167, 0)
				RotRel3f(-0.340094, 0, 0, 1)
				Cylinder(7.73801, 7.30375, 10.4918)
				MovRel3f(0, 10.4918, 0)
				RotRel3f(0.0512894, 0, 0, 1)
				Cylinder(7.30375, 6.86737, 10.5433)
				MovRel3f(0, 10.5433, 0)
				Cylinder(6.86737, 6.64697, 5.32484)
				MovRel3f(0, 5.32484, 0)
				RotRel3f(0.152595, 0, 0, 1)
				Cylinder(6.64697, 6.4436, 4.91347)
				MovRel3f(0, 4.91347, 0)
			EB()
			Cylinder(12.8872, 12.8142, 1.61257)
			MovRel3f(0, 1.61257, 0)
			RotRel3f(-0.335822, 0, 0, 1)
			Cylinder(12.8142, 12.6063, 4.59686)
			MovRel3f(0, 4.59686, 0)
			SB()
				RotRel3f(2.08994, 0, 1, 0)
				RotRel3f(0.325978, 0, 0, 1)
				Cylinder(8.914, 8.49947, 10.2866)
				MovRel3f(0, 10.2866, 0)
				RotRel3f(0.211586, 0, 0, 1)
				Cylinder(8.49947, 8.11583, 9.52012)
				MovRel3f(0, 9.52012, 0)
				Cylinder(8.11583, 8.08906, 0.664204)
				MovRel3f(0, 0.664204, 0)
				Cylinder(8.08906, 7.95985, 3.20657)
				MovRel3f(0, 3.20657, 0)
				Cylinder(7.95985, 7.74226, 5.3995)
				MovRel3f(0, 5.3995, 0)
				Cylinder(7.74226, 7.67763, 1.60364)
				MovRel3f(0, 1.60364, 0)
				RotRel3f(0.0758211, 0, 0, 1)
				Cylinder(7.67763, 7.51982, 3.91613)
				MovRel3f(0, 3.91613, 0)
				Cylinder(7.51982, 7.02496, 12.2801)
				MovRel3f(0, 12.2801, 0)
				Cylinder(7.02496, 6.79758, 5.6426)
				MovRel3f(0, 5.6426, 0)
				RotRel3f(0.146458, 0, 0, 1)
				Cylinder(6.79758, 6.30315, 12.2693)
				MovRel3f(0, 12.2693, 0)
			EB()
			Cylinder(12.6063, 12.4782, 2.83221)
			MovRel3f(0, 2.83221, 0)
			SB()
				RotRel3f(2.51752, 0, 1, 0)
				RotRel3f(-0.349635, 0, 0, 1)
				Cylinder(8.8234, 8.14939, 16.8967)
				MovRel3f(0, 16.8967, 0)
				Cylinder(8.14939, 7.96092, 4.72496)
				MovRel3f(0, 4.72496, 0)
				RotRel3f(-0.325529, 0, 0, 1)
				Cylinder(7.96092, 7.89772, 1.5844)
				MovRel3f(0, 1.5844, 0)
				Cylinder(7.89772, 7.70375, 4.86246)
				MovRel3f(0, 4.86246, 0)
				Cylinder(7.70375, 7.63993, 1.59998)
				MovRel3f(0, 1.59998, 0)
				Cylinder(7.63993, 7.07151, 14.2497)
				MovRel3f(0, 14.2497, 0)
				RotRel3f(-0.309065, 0, 0, 1)
				Cylinder(7.07151, 6.23909, 20.8681)
				MovRel3f(0, 20.8681, 0)
			EB()
			Cylinder(12.4782, 11.4849, 21.9555)
			MovRel3f(0, 21.9555, 0)
			RotRel3f(-0.314095, 0, 0, 1)
			Cylinder(11.4849, 10.0921, 30.7895)
			MovRel3f(0, 30.7895, 0)
			RotRel3f(0.061475, 0, 0, 1)
			Cylinder(10.0921, 10, 2.03471)
			MovRel3f(0, 2.03471, 0)
		EB()
		Cylinder(20, 20, 34.4488)
		MovRel3f(0, 34.4488, 0)
		RotRel3f(-0.31251, 0, 0, 1)
		Cylinder(20, 20, 38.4867)
		MovRel3f(0, 38.4867, 0)
	EB()
	Cylinder(20, 20, 160.035)
	MovRel3f(0, 160.035, 0)
	RotRel3f(0.0473544, 0, 0, 1)
	Cylinder(20, 20, 10.5159)
	MovRel3f(0, 10.5159, 0)
	Cylinder(20, 20, 5.96009)
	MovRel3f(0, 5.96009, 0)
	Cylinder(20, 20, 20.5585)
	MovRel3f(0, 20.5585, 0)
EB()
