LST 0.1

SB()
	RotRel3f(0, 0, 1, 0)
	RotRel3f(-0.0170411, 0, 0, 1)
	Cylinder(3, 3, 210.661)
	MovRel3f(0, 210.661, 0)
	SB()
		RotRel3f(1.32582, 0, 1, 0)
		RotRel3f(0.397589, 0, 0, 1)
		Cylinder(3, 3, 114.74)
		MovRel3f(0, 114.74, 0)
		SB()
			RotRel3f(1.32582, 0, 1, 0)
			RotRel3f(0.366422, 0, 0, 1)
			Cylinder(3, 2.12132, 96.338)
			MovRel3f(0, 96.338, 0)
			SB()
				RotRel3f(1.32582, 0, 1, 0)
				RotRel3f(0.386435, 0, 0, 1)
				Cylinder(2.12132, 1.5, 80.9993)
				MovRel3f(0, 80.9993, 0)
			EB()
			SB()
				RotRel3f(0.756835, 0, 1, 0)
				RotRel3f(1.09252, 0, 0, 1)
				Cylinder(2.12132, 1.5, 80.7102)
				MovRel3f(0, 80.7102, 0)
			EB()
			SB()
				RotRel3f(2.79282, 0, 1, 0)
				RotRel3f(0.613031, 0, 0, 1)
				Cylinder(2.12132, 1.5, 80.7511)
				MovRel3f(0, 80.7511, 0)
			EB()
			SB()
				RotRel3f(2.98168, 0, 1, 0)
				RotRel3f(-1.39569, 0, 0, 1)
				Cylinder(2.12132, 1.5, 81.1723)
				MovRel3f(0, 81.1723, 0)
			EB()
			SB()
				RotRel3f(1.38769, 0, 1, 0)
				RotRel3f(1.87771, 0, 0, 1)
				Cylinder(2.12132, 1.5, 81.2485)
				MovRel3f(0, 81.2485, 0)
			EB()
			SB()
				RotRel3f(1.13839, 0, 1, 0)
				RotRel3f(-0.861773, 0, 0, 1)
				Cylinder(2.12132, 1.5, 81.0189)
				MovRel3f(0, 81.0189, 0)
			EB()
			SB()
				RotRel3f(2.67794, 0, 1, 0)
				RotRel3f(-0.126583, 0, 0, 1)
				Cylinder(2.12132, 1.5, 80.6192)
				MovRel3f(0, 80.6192, 0)
			EB()
		EB()
		SB()
			RotRel3f(0.756835, 0, 1, 0)
			RotRel3f(1.10084, 0, 0, 1)
			Cylinder(3, 2.12132, 96.7841)
			MovRel3f(0, 96.7841, 0)
			SB()
				RotRel3f(1.32582, 0, 1, 0)
				RotRel3f(0.372366, 0, 0, 1)
				Cylinder(2.12132, 1.5, 81.469)
				MovRel3f(0, 81.469, 0)
			EB()
			SB()
				RotRel3f(0.756835, 0, 1, 0)
				RotRel3f(1.07808, 0, 0, 1)
				Cylinder(2.12132, 1.5, 81.3194)
				MovRel3f(0, 81.3194, 0)
			EB()
			SB()
				RotRel3f(2.79282, 0, 1, 0)
				RotRel3f(0.612513, 0, 0, 1)
				Cylinder(2.12132, 1.5, 81.2151)
				MovRel3f(0, 81.2151, 0)
			EB()
			SB()
				RotRel3f(2.98168, 0, 1, 0)
				RotRel3f(-1.39287, 0, 0, 1)
				Cylinder(2.12132, 1.5, 81.142)
				MovRel3f(0, 81.142, 0)
			EB()
			SB()
				RotRel3f(1.38769, 0, 1, 0)
				RotRel3f(1.83828, 0, 0, 1)
				Cylinder(2.12132, 1.5, 80.9851)
				MovRel3f(0, 80.9851, 0)
			EB()
			SB()
				RotRel3f(1.13839, 0, 1, 0)
				RotRel3f(-0.860545, 0, 0, 1)
				Cylinder(2.12132, 1.5, 81.5084)
				MovRel3f(0, 81.5084, 0)
			EB()
			SB()
				RotRel3f(2.67794, 0, 1, 0)
				RotRel3f(-0.135384, 0, 0, 1)
				Cylinder(2.12132, 1.5, 81.252)
				MovRel3f(0, 81.252, 0)
			EB()
		EB()
		SB()
			RotRel3f(2.79282, 0, 1, 0)
			RotRel3f(0.612325, 0, 0, 1)
			Cylinder(3, 2.12132, 96.7157)
			MovRel3f(0, 96.7157, 0)
			SB()
				RotRel3f(1.32582, 0, 1, 0)
				RotRel3f(0.377367, 0, 0, 1)
				Cylinder(2.12132, 1.5, 80.9542)
				MovRel3f(0, 80.9542, 0)
			EB()
			SB()
				RotRel3f(0.756835, 0, 1, 0)
				RotRel3f(1.0909, 0, 0, 1)
				Cylinder(2.12132, 1.5, 81.3084)
				MovRel3f(0, 81.3084, 0)
			EB()
			SB()
				RotRel3f(2.79282, 0, 1, 0)
				RotRel3f(0.616059, 0, 0, 1)
				Cylinder(2.12132, 1.5, 81.0475)
				MovRel3f(0, 81.0475, 0)
			EB()
			SB()
				RotRel3f(2.98168, 0, 1, 0)
				RotRel3f(-1.39613, 0, 0, 1)
				Cylinder(2.12132, 1.5, 81.382)
				MovRel3f(0, 81.382, 0)
			EB()
			SB()
				RotRel3f(1.38769, 0, 1, 0)
				RotRel3f(1.84651, 0, 0, 1)
				Cylinder(2.12132, 1.5, 81.3905)
				MovRel3f(0, 81.3905, 0)
			EB()
			SB()
				RotRel3f(1.13839, 0, 1, 0)
				RotRel3f(-0.859253, 0, 0, 1)
				Cylinder(2.12132, 1.5, 81.1119)
				MovRel3f(0, 81.1119, 0)
			EB()
			SB()
				RotRel3f(2.67794, 0, 1, 0)
				RotRel3f(-0.135671, 0, 0, 1)
				Cylinder(2.12132, 1.5, 81.3351)
				MovRel3f(0, 81.3351, 0)
			EB()
		EB()
		SB()
			RotRel3f(2.98168, 0, 1, 0)
			RotRel3f(-1.39553, 0, 0, 1)
			Cylinder(3, 2.12132, 96.1376)
			MovRel3f(0, 96.1376, 0)
			SB()
				RotRel3f(1.32582, 0, 1, 0)
				RotRel3f(0.378184, 0, 0, 1)
				Cylinder(2.12132, 1.5, 81.2187)
				MovRel3f(0, 81.2187, 0)
			EB()
			SB()
				RotRel3f(0.756835, 0, 1, 0)
				RotRel3f(1.07575, 0, 0, 1)
				Cylinder(2.12132, 1.5, 80.9722)
				MovRel3f(0, 80.9722, 0)
			EB()
			SB()
				RotRel3f(2.79282, 0, 1, 0)
				RotRel3f(0.613033, 0, 0, 1)
				Cylinder(2.12132, 1.5, 81.1739)
				MovRel3f(0, 81.1739, 0)
			EB()
			SB()
				RotRel3f(2.98168, 0, 1, 0)
				RotRel3f(-1.38504, 0, 0, 1)
				Cylinder(2.12132, 1.5, 80.7032)
				MovRel3f(0, 80.7032, 0)
			EB()
			SB()
				RotRel3f(1.38769, 0, 1, 0)
				RotRel3f(1.8638, 0, 0, 1)
				Cylinder(2.12132, 1.5, 80.9261)
				MovRel3f(0, 80.9261, 0)
			EB()
			SB()
				RotRel3f(1.13839, 0, 1, 0)
				RotRel3f(-0.857632, 0, 0, 1)
				Cylinder(2.12132, 1.5, 80.96)
				MovRel3f(0, 80.96, 0)
			EB()
			SB()
				RotRel3f(2.67794, 0, 1, 0)
				RotRel3f(-0.13053, 0, 0, 1)
				Cylinder(2.12132, 1.5, 80.8591)
				MovRel3f(0, 80.8591, 0)
			EB()
		EB()
		SB()
			RotRel3f(1.38769, 0, 1, 0)
			RotRel3f(1.87279, 0, 0, 1)
			Cylinder(3, 2.12132, 96.4722)
			MovRel3f(0, 96.4722, 0)
			SB()
				RotRel3f(1.32582, 0, 1, 0)
				RotRel3f(0.373101, 0, 0, 1)
				Cylinder(2.12132, 1.5, 81.0949)
				MovRel3f(0, 81.0949, 0)
			EB()
			SB()
				RotRel3f(0.756835, 0, 1, 0)
				RotRel3f(1.10014, 0, 0, 1)
				Cylinder(2.12132, 1.5, 81.1183)
				MovRel3f(0, 81.1183, 0)
			EB()
			SB()
				RotRel3f(2.79282, 0, 1, 0)
				RotRel3f(0.611368, 0, 0, 1)
				Cylinder(2.12132, 1.5, 80.7885)
				MovRel3f(0, 80.7885, 0)
			EB()
			SB()
				RotRel3f(2.98168, 0, 1, 0)
				RotRel3f(-1.39334, 0, 0, 1)
				Cylinder(2.12132, 1.5, 80.8809)
				MovRel3f(0, 80.8809, 0)
			EB()
			SB()
				RotRel3f(1.38769, 0, 1, 0)
				RotRel3f(1.8701, 0, 0, 1)
				Cylinder(2.12132, 1.5, 80.7325)
				MovRel3f(0, 80.7325, 0)
			EB()
			SB()
				RotRel3f(1.13839, 0, 1, 0)
				RotRel3f(-0.857717, 0, 0, 1)
				Cylinder(2.12132, 1.5, 81.3248)
				MovRel3f(0, 81.3248, 0)
			EB()
			SB()
				RotRel3f(2.67794, 0, 1, 0)
				RotRel3f(-0.135971, 0, 0, 1)
				Cylinder(2.12132, 1.5, 81.4431)
				MovRel3f(0, 81.4431, 0)
			EB()
		EB()
		SB()
			RotRel3f(1.13839, 0, 1, 0)
			RotRel3f(-0.860357, 0, 0, 1)
			Cylinder(3, 2.12132, 96.4925)
			MovRel3f(0, 96.4925, 0)
			SB()
				RotRel3f(1.32582, 0, 1, 0)
				RotRel3f(0.400734, 0, 0, 1)
				Cylinder(2.12132, 1.5, 81.5278)
				MovRel3f(0, 81.5278, 0)
			EB()
			SB()
				RotRel3f(0.756835, 0, 1, 0)
				RotRel3f(1.07306, 0, 0, 1)
				Cylinder(2.12132, 1.5, 81.0378)
				MovRel3f(0, 81.0378, 0)
			EB()
			SB()
				RotRel3f(2.79282, 0, 1, 0)
				RotRel3f(0.616046, 0, 0, 1)
				Cylinder(2.12132, 1.5, 81.4541)
				MovRel3f(0, 81.4541, 0)
			EB()
			SB()
				RotRel3f(2.98168, 0, 1, 0)
				RotRel3f(-1.3914, 0, 0, 1)
				Cylinder(2.12132, 1.5, 81.3449)
				MovRel3f(0, 81.3449, 0)
			EB()
			SB()
				RotRel3f(1.38769, 0, 1, 0)
				RotRel3f(1.8578, 0, 0, 1)
				Cylinder(2.12132, 1.5, 81.151)
				MovRel3f(0, 81.151, 0)
			EB()
			SB()
				RotRel3f(1.13839, 0, 1, 0)
				RotRel3f(-0.859332, 0, 0, 1)
				Cylinder(2.12132, 1.5, 81.5429)
				MovRel3f(0, 81.5429, 0)
			EB()
			SB()
				RotRel3f(2.67794, 0, 1, 0)
				RotRel3f(-0.130695, 0, 0, 1)
				Cylinder(2.12132, 1.5, 80.7485)
				MovRel3f(0, 80.7485, 0)
			EB()
		EB()
		SB()
			RotRel3f(2.67794, 0, 1, 0)
			RotRel3f(-0.133257, 0, 0, 1)
			Cylinder(3, 2.12132, 96.5424)
			MovRel3f(0, 96.5424, 0)
			SB()
				RotRel3f(1.32582, 0, 1, 0)
				RotRel3f(0.347444, 0, 0, 1)
				Cylinder(2.12132, 1.5, 81.3642)
				MovRel3f(0, 81.3642, 0)
			EB()
			SB()
				RotRel3f(0.756835, 0, 1, 0)
				RotRel3f(1.08192, 0, 0, 1)
				Cylinder(2.12132, 1.5, 81.2869)
				MovRel3f(0, 81.2869, 0)
			EB()
			SB()
				RotRel3f(2.79282, 0, 1, 0)
				RotRel3f(0.611411, 0, 0, 1)
				Cylinder(2.12132, 1.5, 81.5579)
				MovRel3f(0, 81.5579, 0)
			EB()
			SB()
				RotRel3f(2.98168, 0, 1, 0)
				RotRel3f(-1.40386, 0, 0, 1)
				Cylinder(2.12132, 1.5, 81.1566)
				MovRel3f(0, 81.1566, 0)
			EB()
			SB()
				RotRel3f(1.38769, 0, 1, 0)
				RotRel3f(1.86588, 0, 0, 1)
				Cylinder(2.12132, 1.5, 81.0444)
				MovRel3f(0, 81.0444, 0)
			EB()
			SB()
				RotRel3f(1.13839, 0, 1, 0)
				RotRel3f(-0.860995, 0, 0, 1)
				Cylinder(2.12132, 1.5, 80.9409)
				MovRel3f(0, 80.9409, 0)
			EB()
			SB()
				RotRel3f(2.67794, 0, 1, 0)
				RotRel3f(-0.135789, 0, 0, 1)
				Cylinder(2.12132, 1.5, 81.1839)
				MovRel3f(0, 81.1839, 0)
			EB()
		EB()
	EB()
	SB()
		RotRel3f(0.756835, 0, 1, 0)
		RotRel3f(1.09891, 0, 0, 1)
		Cylinder(3, 3, 140.681)
		MovRel3f(0, 140.681, 0)
		SB()
			RotRel3f(1.32582, 0, 1, 0)
			RotRel3f(0.363249, 0, 0, 1)
			Cylinder(3, 2.12132, 118.21)
			MovRel3f(0, 118.21, 0)
			SB()
				RotRel3f(1.32582, 0, 1, 0)
				RotRel3f(0.352104, 0, 0, 1)
				Cylinder(2.12132, 1.5, 99.521)
				MovRel3f(0, 99.521, 0)
			EB()
			SB()
				RotRel3f(0.756835, 0, 1, 0)
				RotRel3f(1.08486, 0, 0, 1)
				Cylinder(2.12132, 1.5, 99.2883)
				MovRel3f(0, 99.2883, 0)
			EB()
			SB()
				RotRel3f(2.79282, 0, 1, 0)
				RotRel3f(0.610865, 0, 0, 1)
				Cylinder(2.12132, 1.5, 99.6189)
				MovRel3f(0, 99.6189, 0)
			EB()
			SB()
				RotRel3f(2.98168, 0, 1, 0)
				RotRel3f(-1.39676, 0, 0, 1)
				Cylinder(2.12132, 1.5, 99.3303)
				MovRel3f(0, 99.3303, 0)
			EB()
			SB()
				RotRel3f(1.38769, 0, 1, 0)
				RotRel3f(1.87736, 0, 0, 1)
				Cylinder(2.12132, 1.5, 99.0091)
				MovRel3f(0, 99.0091, 0)
			EB()
			SB()
				RotRel3f(1.13839, 0, 1, 0)
				RotRel3f(-0.857839, 0, 0, 1)
				Cylinder(2.12132, 1.5, 99.5452)
				MovRel3f(0, 99.5452, 0)
			EB()
			SB()
				RotRel3f(2.67794, 0, 1, 0)
				RotRel3f(-0.137865, 0, 0, 1)
				Cylinder(2.12132, 1.5, 99.8433)
				MovRel3f(0, 99.8433, 0)
			EB()
		EB()
		SB()
			RotRel3f(0.756835, 0, 1, 0)
			RotRel3f(1.08878, 0, 0, 1)
			Cylinder(3, 2.12132, 118.879)
			MovRel3f(0, 118.879, 0)
			SB()
				RotRel3f(1.32582, 0, 1, 0)
				RotRel3f(0.384335, 0, 0, 1)
				Cylinder(2.12132, 1.5, 100.113)
				MovRel3f(0, 100.113, 0)
			EB()
			SB()
				RotRel3f(0.756835, 0, 1, 0)
				RotRel3f(1.10672, 0, 0, 1)
				Cylinder(2.12132, 1.5, 99.8949)
				MovRel3f(0, 99.8949, 0)
			EB()
			SB()
				RotRel3f(2.79282, 0, 1, 0)
				RotRel3f(0.613289, 0, 0, 1)
				Cylinder(2.12132, 1.5, 99.9483)
				MovRel3f(0, 99.9483, 0)
			EB()
			SB()
				RotRel3f(2.98168, 0, 1, 0)
				RotRel3f(-1.40054, 0, 0, 1)
				Cylinder(2.12132, 1.5, 99.9802)
				MovRel3f(0, 99.9802, 0)
			EB()
			SB()
				RotRel3f(1.38769, 0, 1, 0)
				RotRel3f(1.85768, 0, 0, 1)
				Cylinder(2.12132, 1.5, 100.007)
				MovRel3f(0, 100.007, 0)
			EB()
			SB()
				RotRel3f(1.13839, 0, 1, 0)
				RotRel3f(-0.85911, 0, 0, 1)
				Cylinder(2.12132, 1.5, 99.9289)
				MovRel3f(0, 99.9289, 0)
			EB()
			SB()
				RotRel3f(2.67794, 0, 1, 0)
				RotRel3f(-0.126583, 0, 0, 1)
				Cylinder(2.12132, 1.5, 100.01)
				MovRel3f(0, 100.01, 0)
			EB()
		EB()
		SB()
			RotRel3f(2.79282, 0, 1, 0)
			RotRel3f(0.612507, 0, 0, 1)
			Cylinder(3, 2.12132, 118.466)
			MovRel3f(0, 118.466, 0)
			SB()
				RotRel3f(1.32582, 0, 1, 0)
				RotRel3f(0.381763, 0, 0, 1)
				Cylinder(2.12132, 1.5, 99.7007)
				MovRel3f(0, 99.7007, 0)
			EB()
			SB()
				RotRel3f(0.756835, 0, 1, 0)
				RotRel3f(1.0718, 0, 0, 1)
				Cylinder(2.12132, 1.5, 99.4242)
				MovRel3f(0, 99.4242, 0)
			EB()
			SB()
				RotRel3f(2.79282, 0, 1, 0)
				RotRel3f(0.61231, 0, 0, 1)
				Cylinder(2.12132, 1.5, 99.4234)
				MovRel3f(0, 99.4234, 0)
			EB()
			SB()
				RotRel3f(2.98168, 0, 1, 0)
				RotRel3f(-1.39176, 0, 0, 1)
				Cylinder(2.12132, 1.5, 99.4561)
				MovRel3f(0, 99.4561, 0)
			EB()
			SB()
				RotRel3f(1.38769, 0, 1, 0)
				RotRel3f(1.86523, 0, 0, 1)
				Cylinder(2.12132, 1.5, 99.2898)
				MovRel3f(0, 99.2898, 0)
			EB()
			SB()
				RotRel3f(1.13839, 0, 1, 0)
				RotRel3f(-0.85819, 0, 0, 1)
				Cylinder(2.12132, 1.5, 99.6764)
				MovRel3f(0, 99.6764, 0)
			EB()
			SB()
				RotRel3f(2.67794, 0, 1, 0)
				RotRel3f(-0.131779, 0, 0, 1)
				Cylinder(2.12132, 1.5, 99.5918)
				MovRel3f(0, 99.5918, 0)
			EB()
		EB()
		SB()
			RotRel3f(2.98168, 0, 1, 0)
			RotRel3f(-1.40175, 0, 0, 1)
			Cylinder(3, 2.12132, 118.134)
			MovRel3f(0, 118.134, 0)
			SB()
				RotRel3f(1.32582, 0, 1, 0)
				RotRel3f(0.354601, 0, 0, 1)
				Cylinder(2.12132, 1.5, 98.8385)
				MovRel3f(0, 98.8385, 0)
			EB()
			SB()
				RotRel3f(0.756835, 0, 1, 0)
				RotRel3f(1.0892, 0, 0, 1)
				Cylinder(2.12132, 1.5, 99.7552)
				MovRel3f(0, 99.7552, 0)
			EB()
			SB()
				RotRel3f(2.79282, 0, 1, 0)
				RotRel3f(0.613715, 0, 0, 1)
				Cylinder(2.12132, 1.5, 98.943)
				MovRel3f(0, 98.943, 0)
			EB()
			SB()
				RotRel3f(2.98168, 0, 1, 0)
				RotRel3f(-1.39486, 0, 0, 1)
				Cylinder(2.12132, 1.5, 99.2701)
				MovRel3f(0, 99.2701, 0)
			EB()
			SB()
				RotRel3f(1.38769, 0, 1, 0)
				RotRel3f(1.84851, 0, 0, 1)
				Cylinder(2.12132, 1.5, 98.9798)
				MovRel3f(0, 98.9798, 0)
			EB()
			SB()
				RotRel3f(1.13839, 0, 1, 0)
				RotRel3f(-0.861391, 0, 0, 1)
				Cylinder(2.12132, 1.5, 99.4994)
				MovRel3f(0, 99.4994, 0)
			EB()
			SB()
				RotRel3f(2.67794, 0, 1, 0)
				RotRel3f(-0.137656, 0, 0, 1)
				Cylinder(2.12132, 1.5, 99.4974)
				MovRel3f(0, 99.4974, 0)
			EB()
		EB()
		SB()
			RotRel3f(1.38769, 0, 1, 0)
			RotRel3f(1.8647, 0, 0, 1)
			Cylinder(3, 2.12132, 118.807)
			MovRel3f(0, 118.807, 0)
			SB()
				RotRel3f(1.32582, 0, 1, 0)
				RotRel3f(0.379402, 0, 0, 1)
				Cylinder(2.12132, 1.5, 100.15)
				MovRel3f(0, 100.15, 0)
			EB()
			SB()
				RotRel3f(0.756835, 0, 1, 0)
				RotRel3f(1.07297, 0, 0, 1)
				Cylinder(2.12132, 1.5, 99.7142)
				MovRel3f(0, 99.7142, 0)
			EB()
			SB()
				RotRel3f(2.79282, 0, 1, 0)
				RotRel3f(0.614126, 0, 0, 1)
				Cylinder(2.12132, 1.5, 100.365)
				MovRel3f(0, 100.365, 0)
			EB()
			SB()
				RotRel3f(2.98168, 0, 1, 0)
				RotRel3f(-1.39772, 0, 0, 1)
				Cylinder(2.12132, 1.5, 100.407)
				MovRel3f(0, 100.407, 0)
			EB()
			SB()
				RotRel3f(1.38769, 0, 1, 0)
				RotRel3f(1.8627, 0, 0, 1)
				Cylinder(2.12132, 1.5, 99.6799)
				MovRel3f(0, 99.6799, 0)
			EB()
			SB()
				RotRel3f(1.13839, 0, 1, 0)
				RotRel3f(-0.856779, 0, 0, 1)
				Cylinder(2.12132, 1.5, 99.9694)
				MovRel3f(0, 99.9694, 0)
			EB()
			SB()
				RotRel3f(2.67794, 0, 1, 0)
				RotRel3f(-0.141278, 0, 0, 1)
				Cylinder(2.12132, 1.5, 99.7622)
				MovRel3f(0, 99.7622, 0)
			EB()
		EB()
		SB()
			RotRel3f(1.13839, 0, 1, 0)
			RotRel3f(-0.858493, 0, 0, 1)
			Cylinder(3, 2.12132, 118.522)
			MovRel3f(0, 118.522, 0)
			SB()
				RotRel3f(1.32582, 0, 1, 0)
				RotRel3f(0.383833, 0, 0, 1)
				Cylinder(2.12132, 1.5, 99.8652)
				MovRel3f(0, 99.8652, 0)
			EB()
			SB()
				RotRel3f(0.756835, 0, 1, 0)
				RotRel3f(1.09631, 0, 0, 1)
				Cylinder(2.12132, 1.5, 99.8186)
				MovRel3f(0, 99.8186, 0)
			EB()
			SB()
				RotRel3f(2.79282, 0, 1, 0)
				RotRel3f(0.608809, 0, 0, 1)
				Cylinder(2.12132, 1.5, 99.3401)
				MovRel3f(0, 99.3401, 0)
			EB()
			SB()
				RotRel3f(2.98168, 0, 1, 0)
				RotRel3f(-1.38822, 0, 0, 1)
				Cylinder(2.12132, 1.5, 99.6669)
				MovRel3f(0, 99.6669, 0)
			EB()
			SB()
				RotRel3f(1.38769, 0, 1, 0)
				RotRel3f(1.86322, 0, 0, 1)
				Cylinder(2.12132, 1.5, 99.1743)
				MovRel3f(0, 99.1743, 0)
			EB()
			SB()
				RotRel3f(1.13839, 0, 1, 0)
				RotRel3f(-0.860325, 0, 0, 1)
				Cylinder(2.12132, 1.5, 99.9161)
				MovRel3f(0, 99.9161, 0)
			EB()
			SB()
				RotRel3f(2.67794, 0, 1, 0)
				RotRel3f(-0.132438, 0, 0, 1)
				Cylinder(2.12132, 1.5, 99.1834)
				MovRel3f(0, 99.1834, 0)
			EB()
		EB()
		SB()
			RotRel3f(2.67794, 0, 1, 0)
			RotRel3f(-0.140326, 0, 0, 1)
			Cylinder(3, 2.12132, 118.836)
			MovRel3f(0, 118.836, 0)
			SB()
				RotRel3f(1.32582, 0, 1, 0)
				RotRel3f(0.376227, 0, 0, 1)
				Cylinder(2.12132, 1.5, 99.5815)
				MovRel3f(0, 99.5815, 0)
			EB()
			SB()
				RotRel3f(0.756835, 0, 1, 0)
				RotRel3f(1.08581, 0, 0, 1)
				Cylinder(2.12132, 1.5, 99.7612)
				MovRel3f(0, 99.7612, 0)
			EB()
			SB()
				RotRel3f(2.79282, 0, 1, 0)
				RotRel3f(0.615146, 0, 0, 1)
				Cylinder(2.12132, 1.5, 99.7288)
				MovRel3f(0, 99.7288, 0)
			EB()
			SB()
				RotRel3f(2.98168, 0, 1, 0)
				RotRel3f(-1.38977, 0, 0, 1)
				Cylinder(2.12132, 1.5, 100.266)
				MovRel3f(0, 100.266, 0)
			EB()
			SB()
				RotRel3f(1.38769, 0, 1, 0)
				RotRel3f(1.86275, 0, 0, 1)
				Cylinder(2.12132, 1.5, 100.032)
				MovRel3f(0, 100.032, 0)
			EB()
			SB()
				RotRel3f(1.13839, 0, 1, 0)
				RotRel3f(-0.860462, 0, 0, 1)
				Cylinder(2.12132, 1.5, 99.9495)
				MovRel3f(0, 99.9495, 0)
			EB()
			SB()
				RotRel3f(2.67794, 0, 1, 0)
				RotRel3f(-0.13731, 0, 0, 1)
				Cylinder(2.12132, 1.5, 99.8867)
				MovRel3f(0, 99.8867, 0)
			EB()
		EB()
	EB()
	SB()
		RotRel3f(2.79282, 0, 1, 0)
		RotRel3f(0.610493, 0, 0, 1)
		Cylinder(3, 3, 110.838)
		MovRel3f(0, 110.838, 0)
		SB()
			RotRel3f(1.32582, 0, 1, 0)
			RotRel3f(0.389177, 0, 0, 1)
			Cylinder(3, 2.12132, 93.4616)
			MovRel3f(0, 93.4616, 0)
			SB()
				RotRel3f(1.32582, 0, 1, 0)
				RotRel3f(0.37214, 0, 0, 1)
				Cylinder(2.12132, 1.5, 78.542)
				MovRel3f(0, 78.542, 0)
			EB()
			SB()
				RotRel3f(0.756835, 0, 1, 0)
				RotRel3f(1.08592, 0, 0, 1)
				Cylinder(2.12132, 1.5, 78.8524)
				MovRel3f(0, 78.8524, 0)
			EB()
			SB()
				RotRel3f(2.79282, 0, 1, 0)
				RotRel3f(0.613978, 0, 0, 1)
				Cylinder(2.12132, 1.5, 78.7533)
				MovRel3f(0, 78.7533, 0)
			EB()
			SB()
				RotRel3f(2.98168, 0, 1, 0)
				RotRel3f(-1.3887, 0, 0, 1)
				Cylinder(2.12132, 1.5, 78.6999)
				MovRel3f(0, 78.6999, 0)
			EB()
			SB()
				RotRel3f(1.38769, 0, 1, 0)
				RotRel3f(1.86241, 0, 0, 1)
				Cylinder(2.12132, 1.5, 78.712)
				MovRel3f(0, 78.712, 0)
			EB()
			SB()
				RotRel3f(1.13839, 0, 1, 0)
				RotRel3f(-0.858765, 0, 0, 1)
				Cylinder(2.12132, 1.5, 78.6641)
				MovRel3f(0, 78.6641, 0)
			EB()
			SB()
				RotRel3f(2.67794, 0, 1, 0)
				RotRel3f(-0.134207, 0, 0, 1)
				Cylinder(2.12132, 1.5, 78.6958)
				MovRel3f(0, 78.6958, 0)
			EB()
		EB()
		SB()
			RotRel3f(0.756835, 0, 1, 0)
			RotRel3f(1.08796, 0, 0, 1)
			Cylinder(3, 2.12132, 93.4195)
			MovRel3f(0, 93.4195, 0)
			SB()
				RotRel3f(1.32582, 0, 1, 0)
				RotRel3f(0.347444, 0, 0, 1)
				Cylinder(2.12132, 1.5, 78.258)
				MovRel3f(0, 78.258, 0)
			EB()
			SB()
				RotRel3f(0.756835, 0, 1, 0)
				RotRel3f(1.07489, 0, 0, 1)
				Cylinder(2.12132, 1.5, 78.2386)
				MovRel3f(0, 78.2386, 0)
			EB()
			SB()
				RotRel3f(2.79282, 0, 1, 0)
				RotRel3f(0.613663, 0, 0, 1)
				Cylinder(2.12132, 1.5, 78.5445)
				MovRel3f(0, 78.5445, 0)
			EB()
			SB()
				RotRel3f(2.98168, 0, 1, 0)
				RotRel3f(-1.38989, 0, 0, 1)
				Cylinder(2.12132, 1.5, 78.4311)
				MovRel3f(0, 78.4311, 0)
			EB()
			SB()
				RotRel3f(1.38769, 0, 1, 0)
				RotRel3f(1.84136, 0, 0, 1)
				Cylinder(2.12132, 1.5, 78.5602)
				MovRel3f(0, 78.5602, 0)
			EB()
			SB()
				RotRel3f(1.13839, 0, 1, 0)
				RotRel3f(-0.859012, 0, 0, 1)
				Cylinder(2.12132, 1.5, 78.5291)
				MovRel3f(0, 78.5291, 0)
			EB()
			SB()
				RotRel3f(2.67794, 0, 1, 0)
				RotRel3f(-0.13265, 0, 0, 1)
				Cylinder(2.12132, 1.5, 78.7363)
				MovRel3f(0, 78.7363, 0)
			EB()
		EB()
		SB()
			RotRel3f(2.79282, 0, 1, 0)
			RotRel3f(0.612222, 0, 0, 1)
			Cylinder(3, 2.12132, 93.6697)
			MovRel3f(0, 93.6697, 0)
			SB()
				RotRel3f(1.32582, 0, 1, 0)
				RotRel3f(0.379328, 0, 0, 1)
				Cylinder(2.12132, 1.5, 78.979)
				MovRel3f(0, 78.979, 0)
			EB()
			SB()
				RotRel3f(0.756835, 0, 1, 0)
				RotRel3f(1.08537, 0, 0, 1)
				Cylinder(2.12132, 1.5, 78.4466)
				MovRel3f(0, 78.4466, 0)
			EB()
			SB()
				RotRel3f(2.79282, 0, 1, 0)
				RotRel3f(0.613117, 0, 0, 1)
				Cylinder(2.12132, 1.5, 78.7223)
				MovRel3f(0, 78.7223, 0)
			EB()
			SB()
				RotRel3f(2.98168, 0, 1, 0)
				RotRel3f(-1.38717, 0, 0, 1)
				Cylinder(2.12132, 1.5, 78.8726)
				MovRel3f(0, 78.8726, 0)
			EB()
			SB()
				RotRel3f(1.38769, 0, 1, 0)
				RotRel3f(1.85262, 0, 0, 1)
				Cylinder(2.12132, 1.5, 78.9718)
				MovRel3f(0, 78.9718, 0)
			EB()
			SB()
				RotRel3f(1.13839, 0, 1, 0)
				RotRel3f(-0.861421, 0, 0, 1)
				Cylinder(2.12132, 1.5, 78.7132)
				MovRel3f(0, 78.7132, 0)
			EB()
			SB()
				RotRel3f(2.67794, 0, 1, 0)
				RotRel3f(-0.12668, 0, 0, 1)
				Cylinder(2.12132, 1.5, 78.6099)
				MovRel3f(0, 78.6099, 0)
			EB()
		EB()
		SB()
			RotRel3f(2.98168, 0, 1, 0)
			RotRel3f(-1.40151, 0, 0, 1)
			Cylinder(3, 2.12132, 93.421)
			MovRel3f(0, 93.421, 0)
			SB()
				RotRel3f(1.32582, 0, 1, 0)
				RotRel3f(0.393696, 0, 0, 1)
				Cylinder(2.12132, 1.5, 78.4936)
				MovRel3f(0, 78.4936, 0)
			EB()
			SB()
				RotRel3f(0.756835, 0, 1, 0)
				RotRel3f(1.10263, 0, 0, 1)
				Cylinder(2.12132, 1.5, 78.4801)
				MovRel3f(0, 78.4801, 0)
			EB()
			SB()
				RotRel3f(2.79282, 0, 1, 0)
				RotRel3f(0.611721, 0, 0, 1)
				Cylinder(2.12132, 1.5, 78.5634)
				MovRel3f(0, 78.5634, 0)
			EB()
			SB()
				RotRel3f(2.98168, 0, 1, 0)
				RotRel3f(-1.39148, 0, 0, 1)
				Cylinder(2.12132, 1.5, 78.7164)
				MovRel3f(0, 78.7164, 0)
			EB()
			SB()
				RotRel3f(1.38769, 0, 1, 0)
				RotRel3f(1.84532, 0, 0, 1)
				Cylinder(2.12132, 1.5, 78.459)
				MovRel3f(0, 78.459, 0)
			EB()
			SB()
				RotRel3f(1.13839, 0, 1, 0)
				RotRel3f(-0.858526, 0, 0, 1)
				Cylinder(2.12132, 1.5, 78.9218)
				MovRel3f(0, 78.9218, 0)
			EB()
			SB()
				RotRel3f(2.67794, 0, 1, 0)
				RotRel3f(-0.138826, 0, 0, 1)
				Cylinder(2.12132, 1.5, 78.5397)
				MovRel3f(0, 78.5397, 0)
			EB()
		EB()
		SB()
			RotRel3f(1.38769, 0, 1, 0)
			RotRel3f(1.8766, 0, 0, 1)
			Cylinder(3, 2.12132, 93.2888)
			MovRel3f(0, 93.2888, 0)
			SB()
				RotRel3f(1.32582, 0, 1, 0)
				RotRel3f(0.378505, 0, 0, 1)
				Cylinder(2.12132, 1.5, 78.5307)
				MovRel3f(0, 78.5307, 0)
			EB()
			SB()
				RotRel3f(0.756835, 0, 1, 0)
				RotRel3f(1.07017, 0, 0, 1)
				Cylinder(2.12132, 1.5, 78.3557)
				MovRel3f(0, 78.3557, 0)
			EB()
			SB()
				RotRel3f(2.79282, 0, 1, 0)
				RotRel3f(0.611363, 0, 0, 1)
				Cylinder(2.12132, 1.5, 78.3283)
				MovRel3f(0, 78.3283, 0)
			EB()
			SB()
				RotRel3f(2.98168, 0, 1, 0)
				RotRel3f(-1.39306, 0, 0, 1)
				Cylinder(2.12132, 1.5, 78.6234)
				MovRel3f(0, 78.6234, 0)
			EB()
			SB()
				RotRel3f(1.38769, 0, 1, 0)
				RotRel3f(1.88691, 0, 0, 1)
				Cylinder(2.12132, 1.5, 78.3577)
				MovRel3f(0, 78.3577, 0)
			EB()
			SB()
				RotRel3f(1.13839, 0, 1, 0)
				RotRel3f(-0.857413, 0, 0, 1)
				Cylinder(2.12132, 1.5, 78.4812)
				MovRel3f(0, 78.4812, 0)
			EB()
			SB()
				RotRel3f(2.67794, 0, 1, 0)
				RotRel3f(-0.131956, 0, 0, 1)
				Cylinder(2.12132, 1.5, 78.6491)
				MovRel3f(0, 78.6491, 0)
			EB()
		EB()
		SB()
			RotRel3f(1.13839, 0, 1, 0)
			RotRel3f(-0.857984, 0, 0, 1)
			Cylinder(3, 2.12132, 92.9753)
			MovRel3f(0, 92.9753, 0)
			SB()
				RotRel3f(1.32582, 0, 1, 0)
				RotRel3f(0.402089, 0, 0, 1)
				Cylinder(2.12132, 1.5, 78.0041)
				MovRel3f(0, 78.0041, 0)
			EB()
			SB()
				RotRel3f(0.756835, 0, 1, 0)
				RotRel3f(1.0967, 0, 0, 1)
				Cylinder(2.12132, 1.5, 78.1681)
				MovRel3f(0, 78.1681, 0)
			EB()
			SB()
				RotRel3f(2.79282, 0, 1, 0)
				RotRel3f(0.611138, 0, 0, 1)
				Cylinder(2.12132, 1.5, 77.8397)
				MovRel3f(0, 77.8397, 0)
			EB()
			SB()
				RotRel3f(2.98168, 0, 1, 0)
				RotRel3f(-1.38873, 0, 0, 1)
				Cylinder(2.12132, 1.5, 77.9092)
				MovRel3f(0, 77.9092, 0)
			EB()
			SB()
				RotRel3f(1.38769, 0, 1, 0)
				RotRel3f(1.85198, 0, 0, 1)
				Cylinder(2.12132, 1.5, 78.2194)
				MovRel3f(0, 78.2194, 0)
			EB()
			SB()
				RotRel3f(1.13839, 0, 1, 0)
				RotRel3f(-0.858422, 0, 0, 1)
				Cylinder(2.12132, 1.5, 78.0817)
				MovRel3f(0, 78.0817, 0)
			EB()
			SB()
				RotRel3f(2.67794, 0, 1, 0)
				RotRel3f(-0.126583, 0, 0, 1)
				Cylinder(2.12132, 1.5, 77.9559)
				MovRel3f(0, 77.9559, 0)
			EB()
		EB()
		SB()
			RotRel3f(2.67794, 0, 1, 0)
			RotRel3f(-0.135818, 0, 0, 1)
			Cylinder(3, 2.12132, 93.2412)
			MovRel3f(0, 93.2412, 0)
			SB()
				RotRel3f(1.32582, 0, 1, 0)
				RotRel3f(0.365047, 0, 0, 1)
				Cylinder(2.12132, 1.5, 78.6293)
				MovRel3f(0, 78.6293, 0)
			EB()
			SB()
				RotRel3f(0.756835, 0, 1, 0)
				RotRel3f(1.0731, 0, 0, 1)
				Cylinder(2.12132, 1.5, 78.5071)
				MovRel3f(0, 78.5071, 0)
			EB()
			SB()
				RotRel3f(2.79282, 0, 1, 0)
				RotRel3f(0.615677, 0, 0, 1)
				Cylinder(2.12132, 1.5, 78.2192)
				MovRel3f(0, 78.2192, 0)
			EB()
			SB()
				RotRel3f(2.98168, 0, 1, 0)
				RotRel3f(-1.39513, 0, 0, 1)
				Cylinder(2.12132, 1.5, 78.4489)
				MovRel3f(0, 78.4489, 0)
			EB()
			SB()
				RotRel3f(1.38769, 0, 1, 0)
				RotRel3f(1.85336, 0, 0, 1)
				Cylinder(2.12132, 1.5, 78.6478)
				MovRel3f(0, 78.6478, 0)
			EB()
			SB()
				RotRel3f(1.13839, 0, 1, 0)
				RotRel3f(-0.860857, 0, 0, 1)
				Cylinder(2.12132, 1.5, 78.3797)
				MovRel3f(0, 78.3797, 0)
			EB()
			SB()
				RotRel3f(2.67794, 0, 1, 0)
				RotRel3f(-0.134958, 0, 0, 1)
				Cylinder(2.12132, 1.5, 78.3992)
				MovRel3f(0, 78.3992, 0)
			EB()
		EB()
	EB()
	SB()
		RotRel3f(2.98168, 0, 1, 0)
		RotRel3f(-1.40254, 0, 0, 1)
		Cylinder(3, 3, 160.638)
		MovRel3f(0, 160.638, 0)
		SB()
			RotRel3f(1.32582, 0, 1, 0)
			RotRel3f(0.387864, 0, 0, 1)
			Cylinder(3, 2.12132, 134.86)
			MovRel3f(0, 134.86, 0)
			SB()
				RotRel3f(1.32582, 0, 1, 0)
				RotRel3f(0.371091, 0, 0, 1)
				Cylinder(2.12132, 1.5, 113.215)
				MovRel3f(0, 113.215, 0)
			EB()
			SB()
				RotRel3f(0.756835, 0, 1, 0)
				RotRel3f(1.08748, 0, 0, 1)
				Cylinder(2.12132, 1.5, 113.383)
				MovRel3f(0, 113.383, 0)
			EB()
			SB()
				RotRel3f(2.79282, 0, 1, 0)
				RotRel3f(0.60916, 0, 0, 1)
				Cylinder(2.12132, 1.5, 113.524)
				MovRel3f(0, 113.524, 0)
			EB()
			SB()
				RotRel3f(2.98168, 0, 1, 0)
				RotRel3f(-1.39137, 0, 0, 1)
				Cylinder(2.12132, 1.5, 113.511)
				MovRel3f(0, 113.511, 0)
			EB()
			SB()
				RotRel3f(1.38769, 0, 1, 0)
				RotRel3f(1.85956, 0, 0, 1)
				Cylinder(2.12132, 1.5, 113.301)
				MovRel3f(0, 113.301, 0)
			EB()
			SB()
				RotRel3f(1.13839, 0, 1, 0)
				RotRel3f(-0.858464, 0, 0, 1)
				Cylinder(2.12132, 1.5, 113.508)
				MovRel3f(0, 113.508, 0)
			EB()
			SB()
				RotRel3f(2.67794, 0, 1, 0)
				RotRel3f(-0.139024, 0, 0, 1)
				Cylinder(2.12132, 1.5, 113.663)
				MovRel3f(0, 113.663, 0)
			EB()
		EB()
		SB()
			RotRel3f(0.756835, 0, 1, 0)
			RotRel3f(1.10031, 0, 0, 1)
			Cylinder(3, 2.12132, 135.268)
			MovRel3f(0, 135.268, 0)
			SB()
				RotRel3f(1.32582, 0, 1, 0)
				RotRel3f(0.380633, 0, 0, 1)
				Cylinder(2.12132, 1.5, 114.106)
				MovRel3f(0, 114.106, 0)
			EB()
			SB()
				RotRel3f(0.756835, 0, 1, 0)
				RotRel3f(1.08636, 0, 0, 1)
				Cylinder(2.12132, 1.5, 113.756)
				MovRel3f(0, 113.756, 0)
			EB()
			SB()
				RotRel3f(2.79282, 0, 1, 0)
				RotRel3f(0.613417, 0, 0, 1)
				Cylinder(2.12132, 1.5, 113.78)
				MovRel3f(0, 113.78, 0)
			EB()
			SB()
				RotRel3f(2.98168, 0, 1, 0)
				RotRel3f(-1.39706, 0, 0, 1)
				Cylinder(2.12132, 1.5, 113.738)
				MovRel3f(0, 113.738, 0)
			EB()
			SB()
				RotRel3f(1.38769, 0, 1, 0)
				RotRel3f(1.87489, 0, 0, 1)
				Cylinder(2.12132, 1.5, 113.187)
				MovRel3f(0, 113.187, 0)
			EB()
			SB()
				RotRel3f(1.13839, 0, 1, 0)
				RotRel3f(-0.860512, 0, 0, 1)
				Cylinder(2.12132, 1.5, 113.733)
				MovRel3f(0, 113.733, 0)
			EB()
			SB()
				RotRel3f(2.67794, 0, 1, 0)
				RotRel3f(-0.137257, 0, 0, 1)
				Cylinder(2.12132, 1.5, 113.548)
				MovRel3f(0, 113.548, 0)
			EB()
		EB()
		SB()
			RotRel3f(2.79282, 0, 1, 0)
			RotRel3f(0.61075, 0, 0, 1)
			Cylinder(3, 2.12132, 134.728)
			MovRel3f(0, 134.728, 0)
			SB()
				RotRel3f(1.32582, 0, 1, 0)
				RotRel3f(0.374434, 0, 0, 1)
				Cylinder(2.12132, 1.5, 113.5)
				MovRel3f(0, 113.5, 0)
			EB()
			SB()
				RotRel3f(0.756835, 0, 1, 0)
				RotRel3f(1.08125, 0, 0, 1)
				Cylinder(2.12132, 1.5, 112.856)
				MovRel3f(0, 112.856, 0)
			EB()
			SB()
				RotRel3f(2.79282, 0, 1, 0)
				RotRel3f(0.610917, 0, 0, 1)
				Cylinder(2.12132, 1.5, 113.464)
				MovRel3f(0, 113.464, 0)
			EB()
			SB()
				RotRel3f(2.98168, 0, 1, 0)
				RotRel3f(-1.38297, 0, 0, 1)
				Cylinder(2.12132, 1.5, 113.233)
				MovRel3f(0, 113.233, 0)
			EB()
			SB()
				RotRel3f(1.38769, 0, 1, 0)
				RotRel3f(1.87304, 0, 0, 1)
				Cylinder(2.12132, 1.5, 113.5)
				MovRel3f(0, 113.5, 0)
			EB()
			SB()
				RotRel3f(1.13839, 0, 1, 0)
				RotRel3f(-0.857235, 0, 0, 1)
				Cylinder(2.12132, 1.5, 113.256)
				MovRel3f(0, 113.256, 0)
			EB()
			SB()
				RotRel3f(2.67794, 0, 1, 0)
				RotRel3f(-0.134096, 0, 0, 1)
				Cylinder(2.12132, 1.5, 113.675)
				MovRel3f(0, 113.675, 0)
			EB()
		EB()
		SB()
			RotRel3f(2.98168, 0, 1, 0)
			RotRel3f(-1.39749, 0, 0, 1)
			Cylinder(3, 2.12132, 134.827)
			MovRel3f(0, 134.827, 0)
			SB()
				RotRel3f(1.32582, 0, 1, 0)
				RotRel3f(0.357733, 0, 0, 1)
				Cylinder(2.12132, 1.5, 113.229)
				MovRel3f(0, 113.229, 0)
			EB()
			SB()
				RotRel3f(0.756835, 0, 1, 0)
				RotRel3f(1.08977, 0, 0, 1)
				Cylinder(2.12132, 1.5, 113.457)
				MovRel3f(0, 113.457, 0)
			EB()
			SB()
				RotRel3f(2.79282, 0, 1, 0)
				RotRel3f(0.615179, 0, 0, 1)
				Cylinder(2.12132, 1.5, 113.938)
				MovRel3f(0, 113.938, 0)
			EB()
			SB()
				RotRel3f(2.98168, 0, 1, 0)
				RotRel3f(-1.39949, 0, 0, 1)
				Cylinder(2.12132, 1.5, 113.482)
				MovRel3f(0, 113.482, 0)
			EB()
			SB()
				RotRel3f(1.38769, 0, 1, 0)
				RotRel3f(1.85982, 0, 0, 1)
				Cylinder(2.12132, 1.5, 112.818)
				MovRel3f(0, 112.818, 0)
			EB()
			SB()
				RotRel3f(1.13839, 0, 1, 0)
				RotRel3f(-0.861662, 0, 0, 1)
				Cylinder(2.12132, 1.5, 112.899)
				MovRel3f(0, 112.899, 0)
			EB()
			SB()
				RotRel3f(2.67794, 0, 1, 0)
				RotRel3f(-0.135611, 0, 0, 1)
				Cylinder(2.12132, 1.5, 113.7)
				MovRel3f(0, 113.7, 0)
			EB()
		EB()
		SB()
			RotRel3f(1.38769, 0, 1, 0)
			RotRel3f(1.85721, 0, 0, 1)
			Cylinder(3, 2.12132, 134.7)
			MovRel3f(0, 134.7, 0)
			SB()
				RotRel3f(1.32582, 0, 1, 0)
				RotRel3f(0.391107, 0, 0, 1)
				Cylinder(2.12132, 1.5, 112.944)
				MovRel3f(0, 112.944, 0)
			EB()
			SB()
				RotRel3f(0.756835, 0, 1, 0)
				RotRel3f(1.08463, 0, 0, 1)
				Cylinder(2.12132, 1.5, 112.971)
				MovRel3f(0, 112.971, 0)
			EB()
			SB()
				RotRel3f(2.79282, 0, 1, 0)
				RotRel3f(0.613357, 0, 0, 1)
				Cylinder(2.12132, 1.5, 112.707)
				MovRel3f(0, 112.707, 0)
			EB()
			SB()
				RotRel3f(2.98168, 0, 1, 0)
				RotRel3f(-1.39511, 0, 0, 1)
				Cylinder(2.12132, 1.5, 113.354)
				MovRel3f(0, 113.354, 0)
			EB()
			SB()
				RotRel3f(1.38769, 0, 1, 0)
				RotRel3f(1.87145, 0, 0, 1)
				Cylinder(2.12132, 1.5, 113.675)
				MovRel3f(0, 113.675, 0)
			EB()
			SB()
				RotRel3f(1.13839, 0, 1, 0)
				RotRel3f(-0.85809, 0, 0, 1)
				Cylinder(2.12132, 1.5, 113.028)
				MovRel3f(0, 113.028, 0)
			EB()
			SB()
				RotRel3f(2.67794, 0, 1, 0)
				RotRel3f(-0.134054, 0, 0, 1)
				Cylinder(2.12132, 1.5, 112.917)
				MovRel3f(0, 112.917, 0)
			EB()
		EB()
		SB()
			RotRel3f(1.13839, 0, 1, 0)
			RotRel3f(-0.859282, 0, 0, 1)
			Cylinder(3, 2.12132, 135.534)
			MovRel3f(0, 135.534, 0)
			SB()
				RotRel3f(1.32582, 0, 1, 0)
				RotRel3f(0.37952, 0, 0, 1)
				Cylinder(2.12132, 1.5, 113.934)
				MovRel3f(0, 113.934, 0)
			EB()
			SB()
				RotRel3f(0.756835, 0, 1, 0)
				RotRel3f(1.09823, 0, 0, 1)
				Cylinder(2.12132, 1.5, 114.136)
				MovRel3f(0, 114.136, 0)
			EB()
			SB()
				RotRel3f(2.79282, 0, 1, 0)
				RotRel3f(0.615836, 0, 0, 1)
				Cylinder(2.12132, 1.5, 114.541)
				MovRel3f(0, 114.541, 0)
			EB()
			SB()
				RotRel3f(2.98168, 0, 1, 0)
				RotRel3f(-1.38687, 0, 0, 1)
				Cylinder(2.12132, 1.5, 113.701)
				MovRel3f(0, 113.701, 0)
			EB()
			SB()
				RotRel3f(1.38769, 0, 1, 0)
				RotRel3f(1.85966, 0, 0, 1)
				Cylinder(2.12132, 1.5, 113.577)
				MovRel3f(0, 113.577, 0)
			EB()
			SB()
				RotRel3f(1.13839, 0, 1, 0)
				RotRel3f(-0.859399, 0, 0, 1)
				Cylinder(2.12132, 1.5, 113.638)
				MovRel3f(0, 113.638, 0)
			EB()
			SB()
				RotRel3f(2.67794, 0, 1, 0)
				RotRel3f(-0.137565, 0, 0, 1)
				Cylinder(2.12132, 1.5, 113.735)
				MovRel3f(0, 113.735, 0)
			EB()
		EB()
		SB()
			RotRel3f(2.67794, 0, 1, 0)
			RotRel3f(-0.136753, 0, 0, 1)
			Cylinder(3, 2.12132, 134.8)
			MovRel3f(0, 134.8, 0)
			SB()
				RotRel3f(1.32582, 0, 1, 0)
				RotRel3f(0.401364, 0, 0, 1)
				Cylinder(2.12132, 1.5, 113.055)
				MovRel3f(0, 113.055, 0)
			EB()
			SB()
				RotRel3f(0.756835, 0, 1, 0)
				RotRel3f(1.09833, 0, 0, 1)
				Cylinder(2.12132, 1.5, 113.529)
				MovRel3f(0, 113.529, 0)
			EB()
			SB()
				RotRel3f(2.79282, 0, 1, 0)
				RotRel3f(0.613499, 0, 0, 1)
				Cylinder(2.12132, 1.5, 112.864)
				MovRel3f(0, 112.864, 0)
			EB()
			SB()
				RotRel3f(2.98168, 0, 1, 0)
				RotRel3f(-1.3874, 0, 0, 1)
				Cylinder(2.12132, 1.5, 113.488)
				MovRel3f(0, 113.488, 0)
			EB()
			SB()
				RotRel3f(1.38769, 0, 1, 0)
				RotRel3f(1.87281, 0, 0, 1)
				Cylinder(2.12132, 1.5, 113.789)
				MovRel3f(0, 113.789, 0)
			EB()
			SB()
				RotRel3f(1.13839, 0, 1, 0)
				RotRel3f(-0.857754, 0, 0, 1)
				Cylinder(2.12132, 1.5, 113.275)
				MovRel3f(0, 113.275, 0)
			EB()
			SB()
				RotRel3f(2.67794, 0, 1, 0)
				RotRel3f(-0.129038, 0, 0, 1)
				Cylinder(2.12132, 1.5, 113.149)
				MovRel3f(0, 113.149, 0)
			EB()
		EB()
	EB()
	SB()
		RotRel3f(1.38769, 0, 1, 0)
		RotRel3f(1.8649, 0, 0, 1)
		Cylinder(3, 3, 143.422)
		MovRel3f(0, 143.422, 0)
		SB()
			RotRel3f(1.32582, 0, 1, 0)
			RotRel3f(0.362783, 0, 0, 1)
			Cylinder(3, 2.12132, 120.964)
			MovRel3f(0, 120.964, 0)
			SB()
				RotRel3f(1.32582, 0, 1, 0)
				RotRel3f(0.366355, 0, 0, 1)
				Cylinder(2.12132, 1.5, 101.564)
				MovRel3f(0, 101.564, 0)
			EB()
			SB()
				RotRel3f(0.756835, 0, 1, 0)
				RotRel3f(1.07659, 0, 0, 1)
				Cylinder(2.12132, 1.5, 101.502)
				MovRel3f(0, 101.502, 0)
			EB()
			SB()
				RotRel3f(2.79282, 0, 1, 0)
				RotRel3f(0.612178, 0, 0, 1)
				Cylinder(2.12132, 1.5, 101.69)
				MovRel3f(0, 101.69, 0)
			EB()
			SB()
				RotRel3f(2.98168, 0, 1, 0)
				RotRel3f(-1.38965, 0, 0, 1)
				Cylinder(2.12132, 1.5, 102.127)
				MovRel3f(0, 102.127, 0)
			EB()
			SB()
				RotRel3f(1.38769, 0, 1, 0)
				RotRel3f(1.85544, 0, 0, 1)
				Cylinder(2.12132, 1.5, 101.577)
				MovRel3f(0, 101.577, 0)
			EB()
			SB()
				RotRel3f(1.13839, 0, 1, 0)
				RotRel3f(-0.859182, 0, 0, 1)
				Cylinder(2.12132, 1.5, 101.704)
				MovRel3f(0, 101.704, 0)
			EB()
			SB()
				RotRel3f(2.67794, 0, 1, 0)
				RotRel3f(-0.133032, 0, 0, 1)
				Cylinder(2.12132, 1.5, 101.513)
				MovRel3f(0, 101.513, 0)
			EB()
		EB()
		SB()
			RotRel3f(0.756835, 0, 1, 0)
			RotRel3f(1.078, 0, 0, 1)
			Cylinder(3, 2.12132, 120.794)
			MovRel3f(0, 120.794, 0)
			SB()
				RotRel3f(1.32582, 0, 1, 0)
				RotRel3f(0.374717, 0, 0, 1)
				Cylinder(2.12132, 1.5, 102.056)
				MovRel3f(0, 102.056, 0)
			EB()
			SB()
				RotRel3f(0.756835, 0, 1, 0)
				RotRel3f(1.08121, 0, 0, 1)
				Cylinder(2.12132, 1.5, 101.583)
				MovRel3f(0, 101.583, 0)
			EB()
			SB()
				RotRel3f(2.79282, 0, 1, 0)
				RotRel3f(0.613106, 0, 0, 1)
				Cylinder(2.12132, 1.5, 101.761)
				MovRel3f(0, 101.761, 0)
			EB()
			SB()
				RotRel3f(2.98168, 0, 1, 0)
				RotRel3f(-1.39562, 0, 0, 1)
				Cylinder(2.12132, 1.5, 102.051)
				MovRel3f(0, 102.051, 0)
			EB()
			SB()
				RotRel3f(1.38769, 0, 1, 0)
				RotRel3f(1.86329, 0, 0, 1)
				Cylinder(2.12132, 1.5, 101.805)
				MovRel3f(0, 101.805, 0)
			EB()
			SB()
				RotRel3f(1.13839, 0, 1, 0)
				RotRel3f(-0.857734, 0, 0, 1)
				Cylinder(2.12132, 1.5, 101.802)
				MovRel3f(0, 101.802, 0)
			EB()
			SB()
				RotRel3f(2.67794, 0, 1, 0)
				RotRel3f(-0.127163, 0, 0, 1)
				Cylinder(2.12132, 1.5, 101.388)
				MovRel3f(0, 101.388, 0)
			EB()
		EB()
		SB()
			RotRel3f(2.79282, 0, 1, 0)
			RotRel3f(0.613005, 0, 0, 1)
			Cylinder(3, 2.12132, 120.592)
			MovRel3f(0, 120.592, 0)
			SB()
				RotRel3f(1.32582, 0, 1, 0)
				RotRel3f(0.388814, 0, 0, 1)
				Cylinder(2.12132, 1.5, 101.368)
				MovRel3f(0, 101.368, 0)
			EB()
			SB()
				RotRel3f(0.756835, 0, 1, 0)
				RotRel3f(1.08081, 0, 0, 1)
				Cylinder(2.12132, 1.5, 101.038)
				MovRel3f(0, 101.038, 0)
			EB()
			SB()
				RotRel3f(2.79282, 0, 1, 0)
				RotRel3f(0.609491, 0, 0, 1)
				Cylinder(2.12132, 1.5, 101.623)
				MovRel3f(0, 101.623, 0)
			EB()
			SB()
				RotRel3f(2.98168, 0, 1, 0)
				RotRel3f(-1.39033, 0, 0, 1)
				Cylinder(2.12132, 1.5, 101.454)
				MovRel3f(0, 101.454, 0)
			EB()
			SB()
				RotRel3f(1.38769, 0, 1, 0)
				RotRel3f(1.85941, 0, 0, 1)
				Cylinder(2.12132, 1.5, 101.088)
				MovRel3f(0, 101.088, 0)
			EB()
			SB()
				RotRel3f(1.13839, 0, 1, 0)
				RotRel3f(-0.857183, 0, 0, 1)
				Cylinder(2.12132, 1.5, 101.632)
				MovRel3f(0, 101.632, 0)
			EB()
			SB()
				RotRel3f(2.67794, 0, 1, 0)
				RotRel3f(-0.132269, 0, 0, 1)
				Cylinder(2.12132, 1.5, 100.982)
				MovRel3f(0, 100.982, 0)
			EB()
		EB()
		SB()
			RotRel3f(2.98168, 0, 1, 0)
			RotRel3f(-1.39479, 0, 0, 1)
			Cylinder(3, 2.12132, 120.79)
			MovRel3f(0, 120.79, 0)
			SB()
				RotRel3f(1.32582, 0, 1, 0)
				RotRel3f(0.392226, 0, 0, 1)
				Cylinder(2.12132, 1.5, 101.597)
				MovRel3f(0, 101.597, 0)
			EB()
			SB()
				RotRel3f(0.756835, 0, 1, 0)
				RotRel3f(1.08657, 0, 0, 1)
				Cylinder(2.12132, 1.5, 101.241)
				MovRel3f(0, 101.241, 0)
			EB()
			SB()
				RotRel3f(2.79282, 0, 1, 0)
				RotRel3f(0.61394, 0, 0, 1)
				Cylinder(2.12132, 1.5, 101.558)
				MovRel3f(0, 101.558, 0)
			EB()
			SB()
				RotRel3f(2.98168, 0, 1, 0)
				RotRel3f(-1.39682, 0, 0, 1)
				Cylinder(2.12132, 1.5, 101.29)
				MovRel3f(0, 101.29, 0)
			EB()
			SB()
				RotRel3f(1.38769, 0, 1, 0)
				RotRel3f(1.85447, 0, 0, 1)
				Cylinder(2.12132, 1.5, 101.13)
				MovRel3f(0, 101.13, 0)
			EB()
			SB()
				RotRel3f(1.13839, 0, 1, 0)
				RotRel3f(-0.86085, 0, 0, 1)
				Cylinder(2.12132, 1.5, 102.009)
				MovRel3f(0, 102.009, 0)
			EB()
			SB()
				RotRel3f(2.67794, 0, 1, 0)
				RotRel3f(-0.141794, 0, 0, 1)
				Cylinder(2.12132, 1.5, 101.916)
				MovRel3f(0, 101.916, 0)
			EB()
		EB()
		SB()
			RotRel3f(1.38769, 0, 1, 0)
			RotRel3f(1.85569, 0, 0, 1)
			Cylinder(3, 2.12132, 120.613)
			MovRel3f(0, 120.613, 0)
			SB()
				RotRel3f(1.32582, 0, 1, 0)
				RotRel3f(0.38249, 0, 0, 1)
				Cylinder(2.12132, 1.5, 101.344)
				MovRel3f(0, 101.344, 0)
			EB()
			SB()
				RotRel3f(0.756835, 0, 1, 0)
				RotRel3f(1.07576, 0, 0, 1)
				Cylinder(2.12132, 1.5, 101.357)
				MovRel3f(0, 101.357, 0)
			EB()
			SB()
				RotRel3f(2.79282, 0, 1, 0)
				RotRel3f(0.608173, 0, 0, 1)
				Cylinder(2.12132, 1.5, 100.973)
				MovRel3f(0, 100.973, 0)
			EB()
			SB()
				RotRel3f(2.98168, 0, 1, 0)
				RotRel3f(-1.40141, 0, 0, 1)
				Cylinder(2.12132, 1.5, 101.291)
				MovRel3f(0, 101.291, 0)
			EB()
			SB()
				RotRel3f(1.38769, 0, 1, 0)
				RotRel3f(1.86186, 0, 0, 1)
				Cylinder(2.12132, 1.5, 101.797)
				MovRel3f(0, 101.797, 0)
			EB()
			SB()
				RotRel3f(1.13839, 0, 1, 0)
				RotRel3f(-0.856912, 0, 0, 1)
				Cylinder(2.12132, 1.5, 101.248)
				MovRel3f(0, 101.248, 0)
			EB()
			SB()
				RotRel3f(2.67794, 0, 1, 0)
				RotRel3f(-0.140416, 0, 0, 1)
				Cylinder(2.12132, 1.5, 101.675)
				MovRel3f(0, 101.675, 0)
			EB()
		EB()
		SB()
			RotRel3f(1.13839, 0, 1, 0)
			RotRel3f(-0.858694, 0, 0, 1)
			Cylinder(3, 2.12132, 120.372)
			MovRel3f(0, 120.372, 0)
			SB()
				RotRel3f(1.32582, 0, 1, 0)
				RotRel3f(0.350816, 0, 0, 1)
				Cylinder(2.12132, 1.5, 101.044)
				MovRel3f(0, 101.044, 0)
			EB()
			SB()
				RotRel3f(0.756835, 0, 1, 0)
				RotRel3f(1.11007, 0, 0, 1)
				Cylinder(2.12132, 1.5, 101.149)
				MovRel3f(0, 101.149, 0)
			EB()
			SB()
				RotRel3f(2.79282, 0, 1, 0)
				RotRel3f(0.611809, 0, 0, 1)
				Cylinder(2.12132, 1.5, 101.535)
				MovRel3f(0, 101.535, 0)
			EB()
			SB()
				RotRel3f(2.98168, 0, 1, 0)
				RotRel3f(-1.38853, 0, 0, 1)
				Cylinder(2.12132, 1.5, 101.118)
				MovRel3f(0, 101.118, 0)
			EB()
			SB()
				RotRel3f(1.38769, 0, 1, 0)
				RotRel3f(1.86479, 0, 0, 1)
				Cylinder(2.12132, 1.5, 100.914)
				MovRel3f(0, 100.914, 0)
			EB()
			SB()
				RotRel3f(1.13839, 0, 1, 0)
				RotRel3f(-0.857943, 0, 0, 1)
				Cylinder(2.12132, 1.5, 101.293)
				MovRel3f(0, 101.293, 0)
			EB()
			SB()
				RotRel3f(2.67794, 0, 1, 0)
				RotRel3f(-0.140516, 0, 0, 1)
				Cylinder(2.12132, 1.5, 101.238)
				MovRel3f(0, 101.238, 0)
			EB()
		EB()
		SB()
			RotRel3f(2.67794, 0, 1, 0)
			RotRel3f(-0.137228, 0, 0, 1)
			Cylinder(3, 2.12132, 120.784)
			MovRel3f(0, 120.784, 0)
			SB()
				RotRel3f(1.32582, 0, 1, 0)
				RotRel3f(0.388037, 0, 0, 1)
				Cylinder(2.12132, 1.5, 101.534)
				MovRel3f(0, 101.534, 0)
			EB()
			SB()
				RotRel3f(0.756835, 0, 1, 0)
				RotRel3f(1.07897, 0, 0, 1)
				Cylinder(2.12132, 1.5, 101.473)
				MovRel3f(0, 101.473, 0)
			EB()
			SB()
				RotRel3f(2.79282, 0, 1, 0)
				RotRel3f(0.613517, 0, 0, 1)
				Cylinder(2.12132, 1.5, 101.217)
				MovRel3f(0, 101.217, 0)
			EB()
			SB()
				RotRel3f(2.98168, 0, 1, 0)
				RotRel3f(-1.39119, 0, 0, 1)
				Cylinder(2.12132, 1.5, 101.455)
				MovRel3f(0, 101.455, 0)
			EB()
			SB()
				RotRel3f(1.38769, 0, 1, 0)
				RotRel3f(1.87021, 0, 0, 1)
				Cylinder(2.12132, 1.5, 101.454)
				MovRel3f(0, 101.454, 0)
			EB()
			SB()
				RotRel3f(1.13839, 0, 1, 0)
				RotRel3f(-0.856715, 0, 0, 1)
				Cylinder(2.12132, 1.5, 101.318)
				MovRel3f(0, 101.318, 0)
			EB()
			SB()
				RotRel3f(2.67794, 0, 1, 0)
				RotRel3f(-0.130864, 0, 0, 1)
				Cylinder(2.12132, 1.5, 101.737)
				MovRel3f(0, 101.737, 0)
			EB()
		EB()
	EB()
	SB()
		RotRel3f(1.13839, 0, 1, 0)
		RotRel3f(-0.859322, 0, 0, 1)
		Cylinder(3, 3, 96.666)
		MovRel3f(0, 96.666, 0)
		SB()
			RotRel3f(1.32582, 0, 1, 0)
			RotRel3f(0.354441, 0, 0, 1)
			Cylinder(3, 2.12132, 81.0923)
			MovRel3f(0, 81.0923, 0)
			SB()
				RotRel3f(1.32582, 0, 1, 0)
				RotRel3f(0.362125, 0, 0, 1)
				Cylinder(2.12132, 1.5, 68.2584)
				MovRel3f(0, 68.2584, 0)
			EB()
			SB()
				RotRel3f(0.756835, 0, 1, 0)
				RotRel3f(1.10402, 0, 0, 1)
				Cylinder(2.12132, 1.5, 68.1519)
				MovRel3f(0, 68.1519, 0)
			EB()
			SB()
				RotRel3f(2.79282, 0, 1, 0)
				RotRel3f(0.61328, 0, 0, 1)
				Cylinder(2.12132, 1.5, 68.1693)
				MovRel3f(0, 68.1693, 0)
			EB()
			SB()
				RotRel3f(2.98168, 0, 1, 0)
				RotRel3f(-1.39379, 0, 0, 1)
				Cylinder(2.12132, 1.5, 67.9724)
				MovRel3f(0, 67.9724, 0)
			EB()
			SB()
				RotRel3f(1.38769, 0, 1, 0)
				RotRel3f(1.85079, 0, 0, 1)
				Cylinder(2.12132, 1.5, 68.3983)
				MovRel3f(0, 68.3983, 0)
			EB()
			SB()
				RotRel3f(1.13839, 0, 1, 0)
				RotRel3f(-0.861716, 0, 0, 1)
				Cylinder(2.12132, 1.5, 68.2366)
				MovRel3f(0, 68.2366, 0)
			EB()
			SB()
				RotRel3f(2.67794, 0, 1, 0)
				RotRel3f(-0.128887, 0, 0, 1)
				Cylinder(2.12132, 1.5, 68.2804)
				MovRel3f(0, 68.2804, 0)
			EB()
		EB()
		SB()
			RotRel3f(0.756835, 0, 1, 0)
			RotRel3f(1.07827, 0, 0, 1)
			Cylinder(3, 2.12132, 81.6105)
			MovRel3f(0, 81.6105, 0)
			SB()
				RotRel3f(1.32582, 0, 1, 0)
				RotRel3f(0.373836, 0, 0, 1)
				Cylinder(2.12132, 1.5, 68.7462)
				MovRel3f(0, 68.7462, 0)
			EB()
			SB()
				RotRel3f(0.756835, 0, 1, 0)
				RotRel3f(1.09751, 0, 0, 1)
				Cylinder(2.12132, 1.5, 68.7305)
				MovRel3f(0, 68.7305, 0)
			EB()
			SB()
				RotRel3f(2.79282, 0, 1, 0)
				RotRel3f(0.613552, 0, 0, 1)
				Cylinder(2.12132, 1.5, 68.2974)
				MovRel3f(0, 68.2974, 0)
			EB()
			SB()
				RotRel3f(2.98168, 0, 1, 0)
				RotRel3f(-1.39813, 0, 0, 1)
				Cylinder(2.12132, 1.5, 68.501)
				MovRel3f(0, 68.501, 0)
			EB()
			SB()
				RotRel3f(1.38769, 0, 1, 0)
				RotRel3f(1.86445, 0, 0, 1)
				Cylinder(2.12132, 1.5, 68.4827)
				MovRel3f(0, 68.4827, 0)
			EB()
			SB()
				RotRel3f(1.13839, 0, 1, 0)
				RotRel3f(-0.860469, 0, 0, 1)
				Cylinder(2.12132, 1.5, 68.6003)
				MovRel3f(0, 68.6003, 0)
			EB()
			SB()
				RotRel3f(2.67794, 0, 1, 0)
				RotRel3f(-0.128929, 0, 0, 1)
				Cylinder(2.12132, 1.5, 68.7715)
				MovRel3f(0, 68.7715, 0)
			EB()
		EB()
		SB()
			RotRel3f(2.79282, 0, 1, 0)
			RotRel3f(0.614283, 0, 0, 1)
			Cylinder(3, 2.12132, 81.3402)
			MovRel3f(0, 81.3402, 0)
			SB()
				RotRel3f(1.32582, 0, 1, 0)
				RotRel3f(0.394016, 0, 0, 1)
				Cylinder(2.12132, 1.5, 68.114)
				MovRel3f(0, 68.114, 0)
			EB()
			SB()
				RotRel3f(0.756835, 0, 1, 0)
				RotRel3f(1.08377, 0, 0, 1)
				Cylinder(2.12132, 1.5, 68.4427)
				MovRel3f(0, 68.4427, 0)
			EB()
			SB()
				RotRel3f(2.79282, 0, 1, 0)
				RotRel3f(0.614211, 0, 0, 1)
				Cylinder(2.12132, 1.5, 68.6522)
				MovRel3f(0, 68.6522, 0)
			EB()
			SB()
				RotRel3f(2.98168, 0, 1, 0)
				RotRel3f(-1.3925, 0, 0, 1)
				Cylinder(2.12132, 1.5, 68.3067)
				MovRel3f(0, 68.3067, 0)
			EB()
			SB()
				RotRel3f(1.38769, 0, 1, 0)
				RotRel3f(1.85132, 0, 0, 1)
				Cylinder(2.12132, 1.5, 68.4057)
				MovRel3f(0, 68.4057, 0)
			EB()
			SB()
				RotRel3f(1.13839, 0, 1, 0)
				RotRel3f(-0.857396, 0, 0, 1)
				Cylinder(2.12132, 1.5, 68.416)
				MovRel3f(0, 68.416, 0)
			EB()
			SB()
				RotRel3f(2.67794, 0, 1, 0)
				RotRel3f(-0.139877, 0, 0, 1)
				Cylinder(2.12132, 1.5, 68.4124)
				MovRel3f(0, 68.4124, 0)
			EB()
		EB()
		SB()
			RotRel3f(2.98168, 0, 1, 0)
			RotRel3f(-1.39069, 0, 0, 1)
			Cylinder(3, 2.12132, 81.2417)
			MovRel3f(0, 81.2417, 0)
			SB()
				RotRel3f(1.32582, 0, 1, 0)
				RotRel3f(0.366423, 0, 0, 1)
				Cylinder(2.12132, 1.5, 68.5137)
				MovRel3f(0, 68.5137, 0)
			EB()
			SB()
				RotRel3f(0.756835, 0, 1, 0)
				RotRel3f(1.08208, 0, 0, 1)
				Cylinder(2.12132, 1.5, 68.2994)
				MovRel3f(0, 68.2994, 0)
			EB()
			SB()
				RotRel3f(2.79282, 0, 1, 0)
				RotRel3f(0.611986, 0, 0, 1)
				Cylinder(2.12132, 1.5, 68.283)
				MovRel3f(0, 68.283, 0)
			EB()
			SB()
				RotRel3f(2.98168, 0, 1, 0)
				RotRel3f(-1.39243, 0, 0, 1)
				Cylinder(2.12132, 1.5, 68.2472)
				MovRel3f(0, 68.2472, 0)
			EB()
			SB()
				RotRel3f(1.38769, 0, 1, 0)
				RotRel3f(1.86533, 0, 0, 1)
				Cylinder(2.12132, 1.5, 68.2135)
				MovRel3f(0, 68.2135, 0)
			EB()
			SB()
				RotRel3f(1.13839, 0, 1, 0)
				RotRel3f(-0.859642, 0, 0, 1)
				Cylinder(2.12132, 1.5, 68.2766)
				MovRel3f(0, 68.2766, 0)
			EB()
			SB()
				RotRel3f(2.67794, 0, 1, 0)
				RotRel3f(-0.13385, 0, 0, 1)
				Cylinder(2.12132, 1.5, 68.3575)
				MovRel3f(0, 68.3575, 0)
			EB()
		EB()
		SB()
			RotRel3f(1.38769, 0, 1, 0)
			RotRel3f(1.84172, 0, 0, 1)
			Cylinder(3, 2.12132, 81.3278)
			MovRel3f(0, 81.3278, 0)
			SB()
				RotRel3f(1.32582, 0, 1, 0)
				RotRel3f(0.348367, 0, 0, 1)
				Cylinder(2.12132, 1.5, 68.1847)
				MovRel3f(0, 68.1847, 0)
			EB()
			SB()
				RotRel3f(0.756835, 0, 1, 0)
				RotRel3f(1.0924, 0, 0, 1)
				Cylinder(2.12132, 1.5, 68.4146)
				MovRel3f(0, 68.4146, 0)
			EB()
			SB()
				RotRel3f(2.79282, 0, 1, 0)
				RotRel3f(0.612466, 0, 0, 1)
				Cylinder(2.12132, 1.5, 68.3656)
				MovRel3f(0, 68.3656, 0)
			EB()
			SB()
				RotRel3f(2.98168, 0, 1, 0)
				RotRel3f(-1.3875, 0, 0, 1)
				Cylinder(2.12132, 1.5, 68.2137)
				MovRel3f(0, 68.2137, 0)
			EB()
			SB()
				RotRel3f(1.38769, 0, 1, 0)
				RotRel3f(1.84856, 0, 0, 1)
				Cylinder(2.12132, 1.5, 68.1627)
				MovRel3f(0, 68.1627, 0)
			EB()
			SB()
				RotRel3f(1.13839, 0, 1, 0)
				RotRel3f(-0.857396, 0, 0, 1)
				Cylinder(2.12132, 1.5, 68.4234)
				MovRel3f(0, 68.4234, 0)
			EB()
			SB()
				RotRel3f(2.67794, 0, 1, 0)
				RotRel3f(-0.130484, 0, 0, 1)
				Cylinder(2.12132, 1.5, 68.4806)
				MovRel3f(0, 68.4806, 0)
			EB()
		EB()
		SB()
			RotRel3f(1.13839, 0, 1, 0)
			RotRel3f(-0.860429, 0, 0, 1)
			Cylinder(3, 2.12132, 81.3281)
			MovRel3f(0, 81.3281, 0)
			SB()
				RotRel3f(1.32582, 0, 1, 0)
				RotRel3f(0.375971, 0, 0, 1)
				Cylinder(2.12132, 1.5, 68.5388)
				MovRel3f(0, 68.5388, 0)
			EB()
			SB()
				RotRel3f(0.756835, 0, 1, 0)
				RotRel3f(1.08838, 0, 0, 1)
				Cylinder(2.12132, 1.5, 68.5291)
				MovRel3f(0, 68.5291, 0)
			EB()
			SB()
				RotRel3f(2.79282, 0, 1, 0)
				RotRel3f(0.608732, 0, 0, 1)
				Cylinder(2.12132, 1.5, 68.3266)
				MovRel3f(0, 68.3266, 0)
			EB()
			SB()
				RotRel3f(2.98168, 0, 1, 0)
				RotRel3f(-1.39707, 0, 0, 1)
				Cylinder(2.12132, 1.5, 68.3353)
				MovRel3f(0, 68.3353, 0)
			EB()
			SB()
				RotRel3f(1.38769, 0, 1, 0)
				RotRel3f(1.84155, 0, 0, 1)
				Cylinder(2.12132, 1.5, 68.4002)
				MovRel3f(0, 68.4002, 0)
			EB()
			SB()
				RotRel3f(1.13839, 0, 1, 0)
				RotRel3f(-0.857469, 0, 0, 1)
				Cylinder(2.12132, 1.5, 68.598)
				MovRel3f(0, 68.598, 0)
			EB()
			SB()
				RotRel3f(2.67794, 0, 1, 0)
				RotRel3f(-0.130451, 0, 0, 1)
				Cylinder(2.12132, 1.5, 68.5639)
				MovRel3f(0, 68.5639, 0)
			EB()
		EB()
		SB()
			RotRel3f(2.67794, 0, 1, 0)
			RotRel3f(-0.134998, 0, 0, 1)
			Cylinder(3, 2.12132, 81.255)
			MovRel3f(0, 81.255, 0)
			SB()
				RotRel3f(1.32582, 0, 1, 0)
				RotRel3f(0.367476, 0, 0, 1)
				Cylinder(2.12132, 1.5, 68.4676)
				MovRel3f(0, 68.4676, 0)
			EB()
			SB()
				RotRel3f(0.756835, 0, 1, 0)
				RotRel3f(1.06343, 0, 0, 1)
				Cylinder(2.12132, 1.5, 68.2591)
				MovRel3f(0, 68.2591, 0)
			EB()
			SB()
				RotRel3f(2.79282, 0, 1, 0)
				RotRel3f(0.613199, 0, 0, 1)
				Cylinder(2.12132, 1.5, 68.5537)
				MovRel3f(0, 68.5537, 0)
			EB()
			SB()
				RotRel3f(2.98168, 0, 1, 0)
				RotRel3f(-1.39747, 0, 0, 1)
				Cylinder(2.12132, 1.5, 68.0555)
				MovRel3f(0, 68.0555, 0)
			EB()
			SB()
				RotRel3f(1.38769, 0, 1, 0)
				RotRel3f(1.87097, 0, 0, 1)
				Cylinder(2.12132, 1.5, 68.4936)
				MovRel3f(0, 68.4936, 0)
			EB()
			SB()
				RotRel3f(1.13839, 0, 1, 0)
				RotRel3f(-0.8582, 0, 0, 1)
				Cylinder(2.12132, 1.5, 68.3984)
				MovRel3f(0, 68.3984, 0)
			EB()
			SB()
				RotRel3f(2.67794, 0, 1, 0)
				RotRel3f(-0.126918, 0, 0, 1)
				Cylinder(2.12132, 1.5, 68.2381)
				MovRel3f(0, 68.2381, 0)
			EB()
		EB()
	EB()
	SB()
		RotRel3f(2.67794, 0, 1, 0)
		RotRel3f(-0.134912, 0, 0, 1)
		Cylinder(3, 3, 83.9127)
		MovRel3f(0, 83.9127, 0)
		SB()
			RotRel3f(1.32582, 0, 1, 0)
			RotRel3f(0.369925, 0, 0, 1)
			Cylinder(3, 2.12132, 70.4013)
			MovRel3f(0, 70.4013, 0)
			SB()
				RotRel3f(1.32582, 0, 1, 0)
				RotRel3f(0.394019, 0, 0, 1)
				Cylinder(2.12132, 1.5, 59.226)
				MovRel3f(0, 59.226, 0)
			EB()
			SB()
				RotRel3f(0.756835, 0, 1, 0)
				RotRel3f(1.08898, 0, 0, 1)
				Cylinder(2.12132, 1.5, 59.1627)
				MovRel3f(0, 59.1627, 0)
			EB()
			SB()
				RotRel3f(2.79282, 0, 1, 0)
				RotRel3f(0.611339, 0, 0, 1)
				Cylinder(2.12132, 1.5, 59.2742)
				MovRel3f(0, 59.2742, 0)
			EB()
			SB()
				RotRel3f(2.98168, 0, 1, 0)
				RotRel3f(-1.39206, 0, 0, 1)
				Cylinder(2.12132, 1.5, 59.2651)
				MovRel3f(0, 59.2651, 0)
			EB()
			SB()
				RotRel3f(1.38769, 0, 1, 0)
				RotRel3f(1.87608, 0, 0, 1)
				Cylinder(2.12132, 1.5, 59.0398)
				MovRel3f(0, 59.0398, 0)
			EB()
			SB()
				RotRel3f(1.13839, 0, 1, 0)
				RotRel3f(-0.86011, 0, 0, 1)
				Cylinder(2.12132, 1.5, 59.0855)
				MovRel3f(0, 59.0855, 0)
			EB()
			SB()
				RotRel3f(2.67794, 0, 1, 0)
				RotRel3f(-0.131627, 0, 0, 1)
				Cylinder(2.12132, 1.5, 59.3816)
				MovRel3f(0, 59.3816, 0)
			EB()
		EB()
		SB()
			RotRel3f(0.756835, 0, 1, 0)
			RotRel3f(1.07193, 0, 0, 1)
			Cylinder(3, 2.12132, 70.6169)
			MovRel3f(0, 70.6169, 0)
			SB()
				RotRel3f(1.32582, 0, 1, 0)
				RotRel3f(0.38601, 0, 0, 1)
				Cylinder(2.12132, 1.5, 59.343)
				MovRel3f(0, 59.343, 0)
			EB()
			SB()
				RotRel3f(0.756835, 0, 1, 0)
				RotRel3f(1.09462, 0, 0, 1)
				Cylinder(2.12132, 1.5, 59.2384)
				MovRel3f(0, 59.2384, 0)
			EB()
			SB()
				RotRel3f(2.79282, 0, 1, 0)
				RotRel3f(0.614764, 0, 0, 1)
				Cylinder(2.12132, 1.5, 59.2662)
				MovRel3f(0, 59.2662, 0)
			EB()
			SB()
				RotRel3f(2.98168, 0, 1, 0)
				RotRel3f(-1.40062, 0, 0, 1)
				Cylinder(2.12132, 1.5, 59.0885)
				MovRel3f(0, 59.0885, 0)
			EB()
			SB()
				RotRel3f(1.38769, 0, 1, 0)
				RotRel3f(1.87875, 0, 0, 1)
				Cylinder(2.12132, 1.5, 59.202)
				MovRel3f(0, 59.202, 0)
			EB()
			SB()
				RotRel3f(1.13839, 0, 1, 0)
				RotRel3f(-0.858931, 0, 0, 1)
				Cylinder(2.12132, 1.5, 59.565)
				MovRel3f(0, 59.565, 0)
			EB()
			SB()
				RotRel3f(2.67794, 0, 1, 0)
				RotRel3f(-0.136532, 0, 0, 1)
				Cylinder(2.12132, 1.5, 59.4301)
				MovRel3f(0, 59.4301, 0)
			EB()
		EB()
		SB()
			RotRel3f(2.79282, 0, 1, 0)
			RotRel3f(0.612292, 0, 0, 1)
			Cylinder(3, 2.12132, 70.9151)
			MovRel3f(0, 70.9151, 0)
			SB()
				RotRel3f(1.32582, 0, 1, 0)
				RotRel3f(0.361157, 0, 0, 1)
				Cylinder(2.12132, 1.5, 59.6008)
				MovRel3f(0, 59.6008, 0)
			EB()
			SB()
				RotRel3f(0.756835, 0, 1, 0)
				RotRel3f(1.09358, 0, 0, 1)
				Cylinder(2.12132, 1.5, 59.5851)
				MovRel3f(0, 59.5851, 0)
			EB()
			SB()
				RotRel3f(2.79282, 0, 1, 0)
				RotRel3f(0.613217, 0, 0, 1)
				Cylinder(2.12132, 1.5, 59.6814)
				MovRel3f(0, 59.6814, 0)
			EB()
			SB()
				RotRel3f(2.98168, 0, 1, 0)
				RotRel3f(-1.38791, 0, 0, 1)
				Cylinder(2.12132, 1.5, 59.7729)
				MovRel3f(0, 59.7729, 0)
			EB()
			SB()
				RotRel3f(1.38769, 0, 1, 0)
				RotRel3f(1.87764, 0, 0, 1)
				Cylinder(2.12132, 1.5, 59.6233)
				MovRel3f(0, 59.6233, 0)
			EB()
			SB()
				RotRel3f(1.13839, 0, 1, 0)
				RotRel3f(-0.859251, 0, 0, 1)
				Cylinder(2.12132, 1.5, 59.5762)
				MovRel3f(0, 59.5762, 0)
			EB()
			SB()
				RotRel3f(2.67794, 0, 1, 0)
				RotRel3f(-0.137616, 0, 0, 1)
				Cylinder(2.12132, 1.5, 59.5121)
				MovRel3f(0, 59.5121, 0)
			EB()
		EB()
		SB()
			RotRel3f(2.98168, 0, 1, 0)
			RotRel3f(-1.38843, 0, 0, 1)
			Cylinder(3, 2.12132, 70.6175)
			MovRel3f(0, 70.6175, 0)
			SB()
				RotRel3f(1.32582, 0, 1, 0)
				RotRel3f(0.36294, 0, 0, 1)
				Cylinder(2.12132, 1.5, 59.4764)
				MovRel3f(0, 59.4764, 0)
			EB()
			SB()
				RotRel3f(0.756835, 0, 1, 0)
				RotRel3f(1.10943, 0, 0, 1)
				Cylinder(2.12132, 1.5, 59.5066)
				MovRel3f(0, 59.5066, 0)
			EB()
			SB()
				RotRel3f(2.79282, 0, 1, 0)
				RotRel3f(0.616453, 0, 0, 1)
				Cylinder(2.12132, 1.5, 59.1655)
				MovRel3f(0, 59.1655, 0)
			EB()
			SB()
				RotRel3f(2.98168, 0, 1, 0)
				RotRel3f(-1.39014, 0, 0, 1)
				Cylinder(2.12132, 1.5, 59.1213)
				MovRel3f(0, 59.1213, 0)
			EB()
			SB()
				RotRel3f(1.38769, 0, 1, 0)
				RotRel3f(1.88209, 0, 0, 1)
				Cylinder(2.12132, 1.5, 59.3197)
				MovRel3f(0, 59.3197, 0)
			EB()
			SB()
				RotRel3f(1.13839, 0, 1, 0)
				RotRel3f(-0.859053, 0, 0, 1)
				Cylinder(2.12132, 1.5, 59.1344)
				MovRel3f(0, 59.1344, 0)
			EB()
			SB()
				RotRel3f(2.67794, 0, 1, 0)
				RotRel3f(-0.136485, 0, 0, 1)
				Cylinder(2.12132, 1.5, 59.2157)
				MovRel3f(0, 59.2157, 0)
			EB()
		EB()
		SB()
			RotRel3f(1.38769, 0, 1, 0)
			RotRel3f(1.86513, 0, 0, 1)
			Cylinder(3, 2.12132, 70.672)
			MovRel3f(0, 70.672, 0)
			SB()
				RotRel3f(1.32582, 0, 1, 0)
				RotRel3f(0.39547, 0, 0, 1)
				Cylinder(2.12132, 1.5, 59.3152)
				MovRel3f(0, 59.3152, 0)
			EB()
			SB()
				RotRel3f(0.756835, 0, 1, 0)
				RotRel3f(1.08396, 0, 0, 1)
				Cylinder(2.12132, 1.5, 59.3236)
				MovRel3f(0, 59.3236, 0)
			EB()
			SB()
				RotRel3f(2.79282, 0, 1, 0)
				RotRel3f(0.611885, 0, 0, 1)
				Cylinder(2.12132, 1.5, 59.3813)
				MovRel3f(0, 59.3813, 0)
			EB()
			SB()
				RotRel3f(2.98168, 0, 1, 0)
				RotRel3f(-1.39457, 0, 0, 1)
				Cylinder(2.12132, 1.5, 59.3533)
				MovRel3f(0, 59.3533, 0)
			EB()
			SB()
				RotRel3f(1.38769, 0, 1, 0)
				RotRel3f(1.85492, 0, 0, 1)
				Cylinder(2.12132, 1.5, 59.2142)
				MovRel3f(0, 59.2142, 0)
			EB()
			SB()
				RotRel3f(1.13839, 0, 1, 0)
				RotRel3f(-0.859178, 0, 0, 1)
				Cylinder(2.12132, 1.5, 59.4743)
				MovRel3f(0, 59.4743, 0)
			EB()
			SB()
				RotRel3f(2.67794, 0, 1, 0)
				RotRel3f(-0.135221, 0, 0, 1)
				Cylinder(2.12132, 1.5, 59.2698)
				MovRel3f(0, 59.2698, 0)
			EB()
		EB()
		SB()
			RotRel3f(1.13839, 0, 1, 0)
			RotRel3f(-0.858901, 0, 0, 1)
			Cylinder(3, 2.12132, 70.5062)
			MovRel3f(0, 70.5062, 0)
			SB()
				RotRel3f(1.32582, 0, 1, 0)
				RotRel3f(0.37123, 0, 0, 1)
				Cylinder(2.12132, 1.5, 59.1494)
				MovRel3f(0, 59.1494, 0)
			EB()
			SB()
				RotRel3f(0.756835, 0, 1, 0)
				RotRel3f(1.08699, 0, 0, 1)
				Cylinder(2.12132, 1.5, 59.2606)
				MovRel3f(0, 59.2606, 0)
			EB()
			SB()
				RotRel3f(2.79282, 0, 1, 0)
				RotRel3f(0.610259, 0, 0, 1)
				Cylinder(2.12132, 1.5, 59.0014)
				MovRel3f(0, 59.0014, 0)
			EB()
			SB()
				RotRel3f(2.98168, 0, 1, 0)
				RotRel3f(-1.39102, 0, 0, 1)
				Cylinder(2.12132, 1.5, 59.05)
				MovRel3f(0, 59.05, 0)
			EB()
			SB()
				RotRel3f(1.38769, 0, 1, 0)
				RotRel3f(1.8457, 0, 0, 1)
				Cylinder(2.12132, 1.5, 59.1723)
				MovRel3f(0, 59.1723, 0)
			EB()
			SB()
				RotRel3f(1.13839, 0, 1, 0)
				RotRel3f(-0.8592, 0, 0, 1)
				Cylinder(2.12132, 1.5, 59.1435)
				MovRel3f(0, 59.1435, 0)
			EB()
			SB()
				RotRel3f(2.67794, 0, 1, 0)
				RotRel3f(-0.135548, 0, 0, 1)
				Cylinder(2.12132, 1.5, 59.2458)
				MovRel3f(0, 59.2458, 0)
			EB()
		EB()
		SB()
			RotRel3f(2.67794, 0, 1, 0)
			RotRel3f(-0.139735, 0, 0, 1)
			Cylinder(3, 2.12132, 70.55)
			MovRel3f(0, 70.55, 0)
			SB()
				RotRel3f(1.32582, 0, 1, 0)
				RotRel3f(0.400349, 0, 0, 1)
				Cylinder(2.12132, 1.5, 59.0265)
				MovRel3f(0, 59.0265, 0)
			EB()
			SB()
				RotRel3f(0.756835, 0, 1, 0)
				RotRel3f(1.09731, 0, 0, 1)
				Cylinder(2.12132, 1.5, 59.2225)
				MovRel3f(0, 59.2225, 0)
			EB()
			SB()
				RotRel3f(2.79282, 0, 1, 0)
				RotRel3f(0.61301, 0, 0, 1)
				Cylinder(2.12132, 1.5, 59.1934)
				MovRel3f(0, 59.1934, 0)
			EB()
			SB()
				RotRel3f(2.98168, 0, 1, 0)
				RotRel3f(-1.40386, 0, 0, 1)
				Cylinder(2.12132, 1.5, 59.4466)
				MovRel3f(0, 59.4466, 0)
			EB()
			SB()
				RotRel3f(1.38769, 0, 1, 0)
				RotRel3f(1.8606, 0, 0, 1)
				Cylinder(2.12132, 1.5, 59.2536)
				MovRel3f(0, 59.2536, 0)
			EB()
			SB()
				RotRel3f(1.13839, 0, 1, 0)
				RotRel3f(-0.858477, 0, 0, 1)
				Cylinder(2.12132, 1.5, 59.2614)
				MovRel3f(0, 59.2614, 0)
			EB()
			SB()
				RotRel3f(2.67794, 0, 1, 0)
				RotRel3f(-0.136268, 0, 0, 1)
				Cylinder(2.12132, 1.5, 59.1447)
				MovRel3f(0, 59.1447, 0)
			EB()
		EB()
	EB()
EB()
