LST 0.1

SB()
	RotRel3f(0, 0, 1, 0)
	RotRel3f(-0.253694, 0, 0, 1)
	Cylinder(7, 6.53492, 31.1783)
	MovRel3f(0, 31.1783, 0)
	RotRel3f(0.168284, 0, 0, 1)
	Cylinder(6.53492, 5.77453, 50.9752)
	MovRel3f(0, 50.9752, 0)
	RotRel3f(0.424894, 0, 0, 1)
	Cylinder(5.77453, 5.61985, 10.369)
	MovRel3f(0, 10.369, 0)
	Cylinder(5.61985, 5.30944, 20.8093)
	MovRel3f(0, 20.8093, 0)
	RotRel3f(-0.399819, 0, 0, 1)
	Cylinder(5.30944, 4.84436, 31.1783)
	MovRel3f(0, 31.1783, 0)
	RotRel3f(-0.206923, 0, 0, 1)
	Cylinder(4.84436, 4.48277, 24.2404)
	MovRel3f(0, 24.2404, 0)
	Cylinder(4.48277, 4.38188, 6.76369)
	MovRel3f(0, 6.76369, 0)
	SB()
		RotRel3f(0.671537, 0, 1, 0)
		RotRel3f(-0.781229, 0, 0, 1)
		Cylinder(3.0562, 2.59856, 51.8788)
		MovRel3f(0, 51.8788, 0)
		RotRel3f(-0.227061, 0, 0, 1)
		Cylinder(2.59856, 2.48406, 12.9794)
		MovRel3f(0, 12.9794, 0)
		Cylinder(2.48406, 2.32858, 17.6265)
		MovRel3f(0, 17.6265, 0)
		RotRel3f(0.227061, 0, 0, 1)
		Cylinder(2.32858, 2.05859, 30.6059)
		MovRel3f(0, 30.6059, 0)
		RotRel3f(-0.0454122, 0, 0, 1)
		Cylinder(2.05859, 1.93342, 14.1897)
		MovRel3f(0, 14.1897, 0)
		SB()
			RotRel3f(1.29623, 0, 1, 0)
			RotRel3f(-0.778395, 0, 0, 1)
			Cylinder(1.36713, 1.27567, 37.8858)
			MovRel3f(0, 37.8858, 0)
			Cylinder(1.27567, 1.20226, 30.4055)
			MovRel3f(0, 30.4055, 0)
			RotRel3f(-0.0492746, 0, 0, 1)
			Cylinder(1.20226, 1.18113, 8.75399)
			MovRel3f(0, 8.75399, 0)
			Cylinder(1.18113, 1.14981, 12.9736)
			MovRel3f(0, 12.9736, 0)
			SB()
				RotRel3f(0.671537, 0, 1, 0)
				RotRel3f(-0.763174, 0, 0, 1)
				Cylinder(0.813038, 0.76671, 22.8443)
				MovRel3f(0, 22.8443, 0)
				Cylinder(0.76671, 0.75128, 7.60869)
				MovRel3f(0, 7.60869, 0)
				RotRel3f(-0.0454122, 0, 0, 1)
				Cylinder(0.75128, 0.715818, 17.4865)
				MovRel3f(0, 17.4865, 0)
				Cylinder(0.715818, 0.688026, 13.704)
				MovRel3f(0, 13.704, 0)
				Cylinder(0.688026, 0.685633, 1.18016)
				MovRel3f(0, 1.18016, 0)
				RotRel3f(-0.227061, 0, 0, 1)
				Cylinder(0.685633, 0.669302, 8.05271)
				MovRel3f(0, 8.05271, 0)
				Cylinder(0.669302, 0.668694, 0.299875)
				MovRel3f(0, 0.299875, 0)
				Cylinder(0.668694, 0.658792, 4.88283)
				MovRel3f(0, 4.88283, 0)
				Cylinder(0.658792, 0.646372, 6.1241)
				MovRel3f(0, 6.1241, 0)
				Cylinder(0.646372, 0.627055, 9.52537)
				MovRel3f(0, 9.52537, 0)
				RotRel3f(0.227061, 0, 0, 1)
				Cylinder(0.627055, 0.596396, 15.1179)
				MovRel3f(0, 15.1179, 0)
				Cylinder(0.596396, 0.59079, 2.76455)
				MovRel3f(0, 2.76455, 0)
				RotRel3f(-0.248178, 0, 0, 1)
				Cylinder(0.59079, 0.574905, 7.83265)
				MovRel3f(0, 7.83265, 0)
			EB()
			Cylinder(1.14981, 1.12842, 8.85791)
			MovRel3f(0, 8.85791, 0)
			SB()
				RotRel3f(1.29623, 0, 1, 0)
				RotRel3f(-0.757464, 0, 0, 1)
				Cylinder(0.797917, 0.710462, 43.9497)
				MovRel3f(0, 43.9497, 0)
				RotRel3f(-0.28311, 0, 0, 1)
				Cylinder(0.710462, 0.700533, 4.99001)
				MovRel3f(0, 4.99001, 0)
				Cylinder(0.700533, 0.671851, 14.4137)
				MovRel3f(0, 14.4137, 0)
				RotRel3f(0.306339, 0, 0, 1)
				Cylinder(0.671851, 0.666897, 2.48995)
				MovRel3f(0, 2.48995, 0)
				Cylinder(0.666897, 0.665505, 0.699627)
				MovRel3f(0, 0.699627, 0)
				Cylinder(0.665505, 0.656596, 4.47673)
				MovRel3f(0, 4.47673, 0)
				Cylinder(0.656596, 0.639756, 8.46293)
				MovRel3f(0, 8.46293, 0)
				Cylinder(0.639756, 0.628378, 5.71819)
				MovRel3f(0, 5.71819, 0)
				RotRel3f(-0.231164, 0, 0, 1)
				Cylinder(0.628378, 0.627272, 0.555782)
				MovRel3f(0, 0.555782, 0)
				Cylinder(0.627272, 0.591112, 18.1717)
				MovRel3f(0, 18.1717, 0)
				Cylinder(0.591112, 0.587049, 2.04219)
				MovRel3f(0, 2.04219, 0)
				RotRel3f(-0.0624831, 0, 0, 1)
				Cylinder(0.587049, 0.564213, 11.4762)
				MovRel3f(0, 11.4762, 0)
			EB()
			Cylinder(1.12842, 1.11443, 5.79509)
			MovRel3f(0, 5.79509, 0)
			SB()
				RotRel3f(2.35619, 0, 1, 0)
				RotRel3f(0.653903, 0, 0, 1)
				Cylinder(0.788024, 0.765364, 11.5191)
				MovRel3f(0, 11.5191, 0)
				Cylinder(0.765364, 0.698547, 33.9651)
				MovRel3f(0, 33.9651, 0)
				RotRel3f(0.0635372, 0, 0, 1)
				Cylinder(0.698547, 0.66067, 19.2546)
				MovRel3f(0, 19.2546, 0)
				Cylinder(0.66067, 0.6531, 3.84786)
				MovRel3f(0, 3.84786, 0)
				RotRel3f(0.0640321, 0, 0, 1)
				Cylinder(0.6531, 0.645717, 3.75299)
				MovRel3f(0, 3.75299, 0)
				Cylinder(0.645717, 0.636874, 4.49566)
				MovRel3f(0, 4.49566, 0)
				Cylinder(0.636874, 0.63106, 2.955)
				MovRel3f(0, 2.955, 0)
				Cylinder(0.63106, 0.621715, 4.75044)
				MovRel3f(0, 4.75044, 0)
				Cylinder(0.621715, 0.566569, 28.0327)
				MovRel3f(0, 28.0327, 0)
				RotRel3f(0.298773, 0, 0, 1)
				Cylinder(0.566569, 0.557217, 4.75402)
				MovRel3f(0, 4.75402, 0)
			EB()
			Cylinder(1.11443, 1.10844, 2.48171)
			MovRel3f(0, 2.48171, 0)
			SB()
				RotRel3f(2.49809, 0, 1, 0)
				RotRel3f(-0.655739, 0, 0, 1)
				Cylinder(0.783787, 0.761249, 11.5149)
				MovRel3f(0, 11.5149, 0)
				Cylinder(0.761249, 0.680305, 41.3543)
				MovRel3f(0, 41.3543, 0)
				RotRel3f(-0.0467865, 0, 0, 1)
				Cylinder(0.680305, 0.658351, 11.2161)
				MovRel3f(0, 11.2161, 0)
				Cylinder(0.658351, 0.653403, 2.52809)
				MovRel3f(0, 2.52809, 0)
				Cylinder(0.653403, 0.634177, 9.82248)
				MovRel3f(0, 9.82248, 0)
				Cylinder(0.634177, 0.619426, 7.53619)
				MovRel3f(0, 7.53619, 0)
				Cylinder(0.619426, 0.606484, 6.61207)
				MovRel3f(0, 6.61207, 0)
				Cylinder(0.606484, 0.592765, 7.00904)
				MovRel3f(0, 7.00904, 0)
				RotRel3f(-0.261795, 0, 0, 1)
				Cylinder(0.592765, 0.554222, 19.6917)
				MovRel3f(0, 19.6917, 0)
			EB()
			Cylinder(1.10844, 1.05825, 20.7901)
			MovRel3f(0, 20.7901, 0)
			Cylinder(1.05825, 1.05737, 0.366608)
			MovRel3f(0, 0.366608, 0)
			RotRel3f(-0.0454122, 0, 0, 1)
			Cylinder(1.05737, 0.999388, 24.015)
			MovRel3f(0, 24.015, 0)
			RotRel3f(-0.0725073, 0, 0, 1)
			Cylinder(0.999388, 0.966711, 13.5353)
			MovRel3f(0, 13.5353, 0)
		EB()
		Cylinder(1.93342, 1.76667, 18.9033)
		MovRel3f(0, 18.9033, 0)
		SB()
			RotRel3f(2.49809, 0, 1, 0)
			RotRel3f(-0.655052, 0, 0, 1)
			Cylinder(1.24922, 1.2133, 16.1814)
			MovRel3f(0, 16.1814, 0)
			Cylinder(1.2133, 1.08504, 57.7735)
			MovRel3f(0, 57.7735, 0)
			RotRel3f(-0.0509792, 0, 0, 1)
			Cylinder(1.08504, 1.07506, 4.49965)
			MovRel3f(0, 4.49965, 0)
			SB()
				RotRel3f(2.49809, 0, 1, 0)
				RotRel3f(-0.653843, 0, 0, 1)
				Cylinder(0.760179, 0.73832, 11.392)
				MovRel3f(0, 11.392, 0)
				Cylinder(0.73832, 0.729673, 4.50618)
				MovRel3f(0, 4.50618, 0)
				RotRel3f(-0.0458381, 0, 0, 1)
				Cylinder(0.729673, 0.702115, 14.3616)
				MovRel3f(0, 14.3616, 0)
				RotRel3f(-0.0373706, 0, 0, 1)
				Cylinder(0.702115, 0.678505, 12.3039)
				MovRel3f(0, 12.3039, 0)
				Cylinder(0.678505, 0.657068, 11.1719)
				MovRel3f(0, 11.1719, 0)
				RotRel3f(-0.186853, 0, 0, 1)
				Cylinder(0.657068, 0.647427, 5.02446)
				MovRel3f(0, 5.02446, 0)
				Cylinder(0.647427, 0.637105, 5.37891)
				MovRel3f(0, 5.37891, 0)
				Cylinder(0.637105, 0.635208, 0.988583)
				MovRel3f(0, 0.988583, 0)
				RotRel3f(-0.21398, 0, 0, 1)
				Cylinder(0.635208, 0.627604, 3.9631)
				MovRel3f(0, 3.9631, 0)
				Cylinder(0.627604, 0.618249, 4.87507)
				MovRel3f(0, 4.87507, 0)
				Cylinder(0.618249, 0.599261, 9.89551)
				MovRel3f(0, 9.89551, 0)
				RotRel3f(0.0481641, 0, 0, 1)
				Cylinder(0.599261, 0.585769, 7.03113)
				MovRel3f(0, 7.03113, 0)
				Cylinder(0.585769, 0.537528, 25.1404)
				MovRel3f(0, 25.1404, 0)
			EB()
			Cylinder(1.07506, 1.05699, 8.13725)
			MovRel3f(0, 8.13725, 0)
			SB()
				RotRel3f(2.35619, 0, 1, 0)
				RotRel3f(0.657164, 0, 0, 1)
				Cylinder(0.747406, 0.690087, 30.4128)
				MovRel3f(0, 30.4128, 0)
				RotRel3f(0.303972, 0, 0, 1)
				Cylinder(0.690087, 0.685447, 2.46243)
				MovRel3f(0, 2.46243, 0)
				Cylinder(0.685447, 0.6222, 33.5583)
				MovRel3f(0, 33.5583, 0)
				RotRel3f(0.0600572, 0, 0, 1)
				Cylinder(0.6222, 0.621311, 0.471963)
				MovRel3f(0, 0.471963, 0)
				Cylinder(0.621311, 0.605474, 8.40291)
				MovRel3f(0, 8.40291, 0)
				Cylinder(0.605474, 0.595099, 5.50485)
				MovRel3f(0, 5.50485, 0)
				Cylinder(0.595099, 0.587421, 4.07417)
				MovRel3f(0, 4.07417, 0)
				Cylinder(0.587421, 0.568015, 10.2962)
				MovRel3f(0, 10.2962, 0)
				Cylinder(0.568015, 0.563797, 2.23845)
				MovRel3f(0, 2.23845, 0)
				RotRel3f(-0.0650246, 0, 0, 1)
				Cylinder(0.563797, 0.528496, 18.7305)
				MovRel3f(0, 18.7305, 0)
			EB()
			Cylinder(1.05699, 1.02569, 14.0986)
			MovRel3f(0, 14.0986, 0)
			SB()
				RotRel3f(1.29623, 0, 1, 0)
				RotRel3f(-0.790255, 0, 0, 1)
				Cylinder(0.725274, 0.691331, 18.6465)
				MovRel3f(0, 18.6465, 0)
				RotRel3f(-0.341754, 0, 0, 1)
				Cylinder(0.691331, 0.686605, 2.59643)
				MovRel3f(0, 2.59643, 0)
				Cylinder(0.686605, 0.632932, 29.4853)
				MovRel3f(0, 29.4853, 0)
				RotRel3f(0.278715, 0, 0, 1)
				Cylinder(0.632932, 0.616562, 8.9924)
				MovRel3f(0, 8.9924, 0)
				Cylinder(0.616562, 0.606209, 5.68779)
				MovRel3f(0, 5.68779, 0)
				Cylinder(0.606209, 0.605092, 0.613717)
				MovRel3f(0, 0.613717, 0)
				Cylinder(0.605092, 0.60508, 0.00624679)
				MovRel3f(0, 0.00624679, 0)
				RotRel3f(-0.323393, 0, 0, 1)
				Cylinder(0.60508, 0.595415, 5.30958)
				MovRel3f(0, 5.30958, 0)
				Cylinder(0.595415, 0.584798, 5.83244)
				MovRel3f(0, 5.83244, 0)
				Cylinder(0.584798, 0.560592, 13.2975)
				MovRel3f(0, 13.2975, 0)
				RotRel3f(-0.227061, 0, 0, 1)
				Cylinder(0.560592, 0.54012, 11.2462)
				MovRel3f(0, 11.2462, 0)
				Cylinder(0.54012, 0.512846, 14.9828)
				MovRel3f(0, 14.9828, 0)
			EB()
			Cylinder(1.02569, 0.987163, 17.3557)
			MovRel3f(0, 17.3557, 0)
			SB()
				RotRel3f(0.671537, 0, 1, 0)
				RotRel3f(-0.77497, 0, 0, 1)
				Cylinder(0.69803, 0.651571, 26.504)
				MovRel3f(0, 26.504, 0)
				RotRel3f(-0.427075, 0, 0, 1)
				Cylinder(0.651571, 0.604563, 26.8175)
				MovRel3f(0, 26.8175, 0)
				Cylinder(0.604563, 0.597915, 3.7924)
				MovRel3f(0, 3.7924, 0)
				RotRel3f(0.242591, 0, 0, 1)
				Cylinder(0.597915, 0.592395, 3.14912)
				MovRel3f(0, 3.14912, 0)
				Cylinder(0.592395, 0.58344, 5.10847)
				MovRel3f(0, 5.10847, 0)
				Cylinder(0.58344, 0.57111, 7.03436)
				MovRel3f(0, 7.03436, 0)
				RotRel3f(-0.0526938, 0, 0, 1)
				Cylinder(0.57111, 0.566547, 2.60297)
				MovRel3f(0, 2.60297, 0)
				Cylinder(0.566547, 0.551133, 8.79372)
				MovRel3f(0, 8.79372, 0)
				Cylinder(0.551133, 0.544305, 3.89526)
				MovRel3f(0, 3.89526, 0)
				RotRel3f(0.227061, 0, 0, 1)
				Cylinder(0.544305, 0.541147, 1.8011)
				MovRel3f(0, 1.8011, 0)
				Cylinder(0.541147, 0.503707, 21.3592)
				MovRel3f(0, 21.3592, 0)
				RotRel3f(-0.26203, 0, 0, 1)
				Cylinder(0.503707, 0.493582, 5.77629)
				MovRel3f(0, 5.77629, 0)
			EB()
			Cylinder(0.987163, 0.954006, 14.9357)
			MovRel3f(0, 14.9357, 0)
			RotRel3f(-0.0397845, 0, 0, 1)
			Cylinder(0.954006, 0.939838, 6.38183)
			MovRel3f(0, 6.38183, 0)
			Cylinder(0.939838, 0.883335, 25.452)
			MovRel3f(0, 25.452, 0)
		EB()
		Cylinder(1.76667, 1.69872, 7.7029)
		MovRel3f(0, 7.7029, 0)
		SB()
			RotRel3f(2.35619, 0, 1, 0)
			RotRel3f(0.656659, 0, 0, 1)
			Cylinder(1.20118, 1.04181, 74.8578)
			MovRel3f(0, 74.8578, 0)
			RotRel3f(-0.0428094, 0, 0, 1)
			Cylinder(1.04181, 1.01266, 13.6903)
			MovRel3f(0, 13.6903, 0)
			SB()
				RotRel3f(0.671537, 0, 1, 0)
				RotRel3f(-0.774177, 0, 0, 1)
				Cylinder(0.716059, 0.674773, 23.1257)
				MovRel3f(0, 23.1257, 0)
				RotRel3f(-0.227061, 0, 0, 1)
				Cylinder(0.674773, 0.666287, 4.75318)
				MovRel3f(0, 4.75318, 0)
				Cylinder(0.666287, 0.642973, 13.0589)
				MovRel3f(0, 13.0589, 0)
				RotRel3f(0.249065, 0, 0, 1)
				Cylinder(0.642973, 0.627926, 8.42866)
				MovRel3f(0, 8.42866, 0)
				Cylinder(0.627926, 0.600038, 15.621)
				MovRel3f(0, 15.621, 0)
				Cylinder(0.600038, 0.591896, 4.56062)
				MovRel3f(0, 4.56062, 0)
				Cylinder(0.591896, 0.585595, 3.52942)
				MovRel3f(0, 3.52942, 0)
				RotRel3f(-0.227061, 0, 0, 1)
				Cylinder(0.585595, 0.584319, 0.714588)
				MovRel3f(0, 0.714588, 0)
				Cylinder(0.584319, 0.568853, 8.66325)
				MovRel3f(0, 8.66325, 0)
				Cylinder(0.568853, 0.555052, 7.73057)
				MovRel3f(0, 7.73057, 0)
				Cylinder(0.555052, 0.531805, 13.0215)
				MovRel3f(0, 13.0215, 0)
				RotRel3f(-0.0705878, 0, 0, 1)
				Cylinder(0.531805, 0.50633, 14.2692)
				MovRel3f(0, 14.2692, 0)
			EB()
			Cylinder(1.01266, 0.989164, 11.0361)
			MovRel3f(0, 11.0361, 0)
			SB()
				RotRel3f(2.35619, 0, 1, 0)
				RotRel3f(0.655106, 0, 0, 1)
				Cylinder(0.699445, 0.658274, 23.5759)
				MovRel3f(0, 23.5759, 0)
				RotRel3f(0.348371, 0, 0, 1)
				Cylinder(0.658274, 0.638161, 11.5174)
				MovRel3f(0, 11.5174, 0)
				RotRel3f(-0.0696742, 0, 0, 1)
				Cylinder(0.638161, 0.585711, 30.034)
				MovRel3f(0, 30.034, 0)
				Cylinder(0.585711, 0.58315, 1.46668)
				MovRel3f(0, 1.46668, 0)
				RotRel3f(0.336486, 0, 0, 1)
				Cylinder(0.58315, 0.57463, 4.87864)
				MovRel3f(0, 4.87864, 0)
				Cylinder(0.57463, 0.5716, 1.73557)
				MovRel3f(0, 1.73557, 0)
				Cylinder(0.5716, 0.564219, 4.22607)
				MovRel3f(0, 4.22607, 0)
				Cylinder(0.564219, 0.556642, 4.3393)
				MovRel3f(0, 4.3393, 0)
				RotRel3f(-0.199895, 0, 0, 1)
				Cylinder(0.556642, 0.553228, 1.9546)
				MovRel3f(0, 1.9546, 0)
				Cylinder(0.553228, 0.494582, 33.5824)
				MovRel3f(0, 33.5824, 0)
			EB()
			Cylinder(0.989164, 0.974673, 6.80673)
			MovRel3f(0, 6.80673, 0)
			SB()
				RotRel3f(2.49809, 0, 1, 0)
				RotRel3f(-0.654718, 0, 0, 1)
				Cylinder(0.689198, 0.650511, 22.3797)
				MovRel3f(0, 22.3797, 0)
				RotRel3f(0.0398053, 0, 0, 1)
				Cylinder(0.650511, 0.59433, 32.4992)
				MovRel3f(0, 32.4992, 0)
				RotRel3f(0.0410301, 0, 0, 1)
				Cylinder(0.59433, 0.575043, 11.1567)
				MovRel3f(0, 11.1567, 0)
				Cylinder(0.575043, 0.557277, 10.2773)
				MovRel3f(0, 10.2773, 0)
				Cylinder(0.557277, 0.550159, 4.11766)
				MovRel3f(0, 4.11766, 0)
				Cylinder(0.550159, 0.536451, 7.92953)
				MovRel3f(0, 7.92953, 0)
				Cylinder(0.536451, 0.514495, 12.7014)
				MovRel3f(0, 12.7014, 0)
				Cylinder(0.514495, 0.510514, 2.30242)
				MovRel3f(0, 2.30242, 0)
				RotRel3f(-0.0373706, 0, 0, 1)
				Cylinder(0.510514, 0.487337, 13.4078)
				MovRel3f(0, 13.4078, 0)
			EB()
			Cylinder(0.974673, 0.952887, 10.2332)
			MovRel3f(0, 10.2332, 0)
			SB()
				RotRel3f(1.29623, 0, 1, 0)
				RotRel3f(-0.75677, 0, 0, 1)
				Cylinder(0.673793, 0.634642, 23.2031)
				MovRel3f(0, 23.2031, 0)
				RotRel3f(-0.227061, 0, 0, 1)
				Cylinder(0.634642, 0.583571, 30.267)
				MovRel3f(0, 30.267, 0)
				Cylinder(0.583571, 0.575858, 4.57141)
				MovRel3f(0, 4.57141, 0)
				Cylinder(0.575858, 0.56906, 4.0286)
				MovRel3f(0, 4.0286, 0)
				Cylinder(0.56906, 0.56131, 4.59321)
				MovRel3f(0, 4.59321, 0)
				Cylinder(0.56131, 0.553385, 4.69649)
				MovRel3f(0, 4.69649, 0)
				RotRel3f(-0.0671816, 0, 0, 1)
				Cylinder(0.553385, 0.549708, 2.17955)
				MovRel3f(0, 2.17955, 0)
				Cylinder(0.549708, 0.530906, 11.1426)
				MovRel3f(0, 11.1426, 0)
				Cylinder(0.530906, 0.497999, 19.5028)
				MovRel3f(0, 19.5028, 0)
				RotRel3f(-0.330394, 0, 0, 1)
				Cylinder(0.497999, 0.476444, 12.7746)
				MovRel3f(0, 12.7746, 0)
			EB()
			Cylinder(0.952887, 0.943153, 4.57204)
			MovRel3f(0, 4.57204, 0)
			RotRel3f(0.330103, 0, 0, 1)
			Cylinder(0.943153, 0.883901, 27.8311)
			MovRel3f(0, 27.8311, 0)
			Cylinder(0.883901, 0.85983, 11.3065)
			MovRel3f(0, 11.3065, 0)
			RotRel3f(0.0470611, 0, 0, 1)
			Cylinder(0.85983, 0.84936, 4.91772)
			MovRel3f(0, 4.91772, 0)
		EB()
		Cylinder(1.69872, 1.67052, 3.19649)
		MovRel3f(0, 3.19649, 0)
		RotRel3f(-0.0454122, 0, 0, 1)
		Cylinder(1.67052, 1.58349, 9.86644)
		MovRel3f(0, 9.86644, 0)
		SB()
			RotRel3f(0.671537, 0, 1, 0)
			RotRel3f(-0.757762, 0, 0, 1)
			Cylinder(1.11969, 1.00135, 59.8841)
			MovRel3f(0, 59.8841, 0)
			RotRel3f(-0.278234, 0, 0, 1)
			Cylinder(1.00135, 0.969766, 15.9825)
			MovRel3f(0, 15.9825, 0)
			Cylinder(0.969766, 0.957025, 6.44713)
			MovRel3f(0, 6.44713, 0)
			SB()
				RotRel3f(1.29623, 0, 1, 0)
				RotRel3f(-0.776868, 0, 0, 1)
				Cylinder(0.676719, 0.619304, 33.8493)
				MovRel3f(0, 33.8493, 0)
				Cylinder(0.619304, 0.617603, 1.00266)
				MovRel3f(0, 1.00266, 0)
				RotRel3f(-0.0706465, 0, 0, 1)
				Cylinder(0.617603, 0.580576, 21.8296)
				MovRel3f(0, 21.8296, 0)
				Cylinder(0.580576, 0.575777, 2.82916)
				MovRel3f(0, 2.82916, 0)
				RotRel3f(-0.062696, 0, 0, 1)
				Cylinder(0.575777, 0.567628, 4.8041)
				MovRel3f(0, 4.8041, 0)
				Cylinder(0.567628, 0.552188, 9.10307)
				MovRel3f(0, 9.10307, 0)
				Cylinder(0.552188, 0.54684, 3.15254)
				MovRel3f(0, 3.15254, 0)
				Cylinder(0.54684, 0.541707, 3.02632)
				MovRel3f(0, 3.02632, 0)
				Cylinder(0.541707, 0.494796, 27.6567)
				MovRel3f(0, 27.6567, 0)
				RotRel3f(-0.272656, 0, 0, 1)
				Cylinder(0.494796, 0.486905, 4.65212)
				MovRel3f(0, 4.65212, 0)
				Cylinder(0.486905, 0.478513, 4.94733)
				MovRel3f(0, 4.94733, 0)
			EB()
			Cylinder(0.957025, 0.938208, 9.52205)
			MovRel3f(0, 9.52205, 0)
			SB()
				RotRel3f(0.671537, 0, 1, 0)
				RotRel3f(-0.773609, 0, 0, 1)
				Cylinder(0.663413, 0.623868, 24.0097)
				MovRel3f(0, 24.0097, 0)
				RotRel3f(-0.251516, 0, 0, 1)
				Cylinder(0.623868, 0.616352, 4.56307)
				MovRel3f(0, 4.56307, 0)
				Cylinder(0.616352, 0.589906, 16.0565)
				MovRel3f(0, 16.0565, 0)
				RotRel3f(0.227061, 0, 0, 1)
				Cylinder(0.589906, 0.56443, 15.4674)
				MovRel3f(0, 15.4674, 0)
				RotRel3f(-0.0525244, 0, 0, 1)
				Cylinder(0.56443, 0.557096, 4.4524)
				MovRel3f(0, 4.4524, 0)
				Cylinder(0.557096, 0.548215, 5.39242)
				MovRel3f(0, 5.39242, 0)
				Cylinder(0.548215, 0.546318, 1.15152)
				MovRel3f(0, 1.15152, 0)
				Cylinder(0.546318, 0.542994, 2.01814)
				MovRel3f(0, 2.01814, 0)
				Cylinder(0.542994, 0.538954, 2.45287)
				MovRel3f(0, 2.45287, 0)
				RotRel3f(-0.314867, 0, 0, 1)
				Cylinder(0.538954, 0.531229, 4.69001)
				MovRel3f(0, 4.69001, 0)
				Cylinder(0.531229, 0.513478, 10.7773)
				MovRel3f(0, 10.7773, 0)
				RotRel3f(-0.255711, 0, 0, 1)
				Cylinder(0.513478, 0.469104, 26.941)
				MovRel3f(0, 26.941, 0)
			EB()
			Cylinder(0.938208, 0.912177, 13.1721)
			MovRel3f(0, 13.1721, 0)
			RotRel3f(0.273117, 0, 0, 1)
			Cylinder(0.912177, 0.908926, 1.64489)
			MovRel3f(0, 1.64489, 0)
			SB()
				RotRel3f(2.35619, 0, 1, 0)
				RotRel3f(0.657441, 0, 0, 1)
				Cylinder(0.642708, 0.624226, 11.5464)
				MovRel3f(0, 11.5464, 0)
				RotRel3f(0.24667, 0, 0, 1)
				Cylinder(0.624226, 0.572737, 32.168)
				MovRel3f(0, 32.168, 0)
				Cylinder(0.572737, 0.569072, 2.28973)
				MovRel3f(0, 2.28973, 0)
				RotRel3f(0.0657089, 0, 0, 1)
				Cylinder(0.569072, 0.534276, 21.7387)
				MovRel3f(0, 21.7387, 0)
				Cylinder(0.534276, 0.524946, 5.82939)
				MovRel3f(0, 5.82939, 0)
				RotRel3f(0.0568397, 0, 0, 1)
				Cylinder(0.524946, 0.522095, 1.78127)
				MovRel3f(0, 1.78127, 0)
				Cylinder(0.522095, 0.51138, 6.69426)
				MovRel3f(0, 6.69426, 0)
				Cylinder(0.51138, 0.497965, 8.38104)
				MovRel3f(0, 8.38104, 0)
				Cylinder(0.497965, 0.493878, 2.55319)
				MovRel3f(0, 2.55319, 0)
				RotRel3f(0.0515162, 0, 0, 1)
				Cylinder(0.493878, 0.460464, 20.8753)
				MovRel3f(0, 20.8753, 0)
				Cylinder(0.460464, 0.454463, 3.74899)
				MovRel3f(0, 3.74899, 0)
			EB()
			Cylinder(0.908926, 0.903851, 2.56794)
			MovRel3f(0, 2.56794, 0)
			Cylinder(0.903851, 0.877648, 13.2596)
			MovRel3f(0, 13.2596, 0)
			SB()
				RotRel3f(2.49809, 0, 1, 0)
				RotRel3f(-0.655171, 0, 0, 1)
				Cylinder(0.620591, 0.538633, 52.9252)
				MovRel3f(0, 52.9252, 0)
				RotRel3f(-0.237665, 0, 0, 1)
				Cylinder(0.538633, 0.519659, 12.253)
				MovRel3f(0, 12.253, 0)
				Cylinder(0.519659, 0.512476, 4.63863)
				MovRel3f(0, 4.63863, 0)
				RotRel3f(-0.265773, 0, 0, 1)
				Cylinder(0.512476, 0.502845, 6.2189)
				MovRel3f(0, 6.2189, 0)
				Cylinder(0.502845, 0.499703, 2.02901)
				MovRel3f(0, 2.02901, 0)
				Cylinder(0.499703, 0.496113, 2.31851)
				MovRel3f(0, 2.31851, 0)
				Cylinder(0.496113, 0.489439, 4.30978)
				MovRel3f(0, 4.30978, 0)
				RotRel3f(0.218447, 0, 0, 1)
				Cylinder(0.489439, 0.488677, 0.492168)
				MovRel3f(0, 0.492168, 0)
				Cylinder(0.488677, 0.438824, 32.1931)
				MovRel3f(0, 32.1931, 0)
			EB()
			Cylinder(0.877648, 0.812582, 32.9245)
			MovRel3f(0, 32.9245, 0)
			Cylinder(0.812582, 0.793403, 9.70482)
			MovRel3f(0, 9.70482, 0)
			RotRel3f(-0.0454122, 0, 0, 1)
			Cylinder(0.793403, 0.791744, 0.839447)
			MovRel3f(0, 0.839447, 0)
		EB()
		Cylinder(1.58349, 1.56468, 2.13183)
		MovRel3f(0, 2.13183, 0)
		Cylinder(1.56468, 0.99698, 64.3557)
		MovRel3f(0, 64.3557, 0)
	EB()
	Cylinder(4.38188, 4.15711, 15.068)
	MovRel3f(0, 15.068, 0)
	RotRel3f(0.457527, 0, 0, 1)
	Cylinder(4.15711, 4.10661, 3.38519)
	MovRel3f(0, 3.38519, 0)
	SB()
		RotRel3f(1.29623, 0, 1, 0)
		RotRel3f(-0.777994, 0, 0, 1)
		Cylinder(3.40166, 2.51503, 86.2385)
		MovRel3f(0, 86.2385, 0)
		RotRel3f(-0.227061, 0, 0, 1)
		Cylinder(2.51503, 2.3037, 20.5549)
		MovRel3f(0, 20.5549, 0)
		Cylinder(2.3037, 2.25844, 4.40238)
		MovRel3f(0, 4.40238, 0)
		SB()
			RotRel3f(1.29623, 0, 1, 0)
			RotRel3f(-0.763957, 0, 0, 1)
			Cylinder(1.59696, 1.47076, 44.5881)
			MovRel3f(0, 44.5881, 0)
			RotRel3f(-0.288607, 0, 0, 1)
			Cylinder(1.47076, 1.38312, 30.9649)
			MovRel3f(0, 30.9649, 0)
			Cylinder(1.38312, 1.37041, 4.4894)
			MovRel3f(0, 4.4894, 0)
			RotRel3f(0.327039, 0, 0, 1)
			Cylinder(1.37041, 1.33329, 13.1158)
			MovRel3f(0, 13.1158, 0)
			SB()
				RotRel3f(2.49809, 0, 1, 0)
				RotRel3f(-0.656294, 0, 0, 1)
				Cylinder(0.942781, 0.913285, 12.4689)
				MovRel3f(0, 12.4689, 0)
				RotRel3f(0.0373706, 0, 0, 1)
				Cylinder(0.913285, 0.846776, 28.1144)
				MovRel3f(0, 28.1144, 0)
				RotRel3f(0.0475013, 0, 0, 1)
				Cylinder(0.846776, 0.821064, 10.8693)
				MovRel3f(0, 10.8693, 0)
				Cylinder(0.821064, 0.796658, 10.3168)
				MovRel3f(0, 10.3168, 0)
				RotRel3f(-0.044632, 0, 0, 1)
				Cylinder(0.796658, 0.790431, 2.63241)
				MovRel3f(0, 2.63241, 0)
				Cylinder(0.790431, 0.776249, 5.99497)
				MovRel3f(0, 5.99497, 0)
				Cylinder(0.776249, 0.765308, 4.62497)
				MovRel3f(0, 4.62497, 0)
				RotRel3f(-0.0505171, 0, 0, 1)
				Cylinder(0.765308, 0.763521, 0.755514)
				MovRel3f(0, 0.755514, 0)
				Cylinder(0.763521, 0.742382, 8.93554)
				MovRel3f(0, 8.93554, 0)
				Cylinder(0.742382, 0.706919, 14.991)
				MovRel3f(0, 14.991, 0)
				RotRel3f(-0.0410994, 0, 0, 1)
				Cylinder(0.706919, 0.666647, 17.0239)
				MovRel3f(0, 17.0239, 0)
			EB()
			Cylinder(1.33329, 1.30949, 8.41073)
			MovRel3f(0, 8.41073, 0)
			SB()
				RotRel3f(2.35619, 0, 1, 0)
				RotRel3f(0.654713, 0, 0, 1)
				Cylinder(0.925949, 0.891722, 14.7469)
				MovRel3f(0, 14.7469, 0)
				RotRel3f(0.348371, 0, 0, 1)
				Cylinder(0.891722, 0.78672, 45.2406)
				MovRel3f(0, 45.2406, 0)
				Cylinder(0.78672, 0.776609, 4.35614)
				MovRel3f(0, 4.35614, 0)
				Cylinder(0.776609, 0.768868, 3.33513)
				MovRel3f(0, 3.33513, 0)
				RotRel3f(0.0696742, 0, 0, 1)
				Cylinder(0.768868, 0.76764, 0.529406)
				MovRel3f(0, 0.529406, 0)
				Cylinder(0.76764, 0.745292, 9.62834)
				MovRel3f(0, 9.62834, 0)
				Cylinder(0.745292, 0.743854, 0.619717)
				MovRel3f(0, 0.619717, 0)
				Cylinder(0.743854, 0.728165, 6.75976)
				MovRel3f(0, 6.75976, 0)
				RotRel3f(0.0517782, 0, 0, 1)
				Cylinder(0.728165, 0.716905, 4.85148)
				MovRel3f(0, 4.85148, 0)
				Cylinder(0.716905, 0.68921, 11.9325)
				MovRel3f(0, 11.9325, 0)
				Cylinder(0.68921, 0.681235, 3.43573)
				MovRel3f(0, 3.43573, 0)
				RotRel3f(0.0696742, 0, 0, 1)
				Cylinder(0.681235, 0.654745, 11.4135)
				MovRel3f(0, 11.4135, 0)
			EB()
			Cylinder(1.30949, 1.30701, 0.876481)
			MovRel3f(0, 0.876481, 0)
			SB()
				RotRel3f(1.29623, 0, 1, 0)
				RotRel3f(-0.764432, 0, 0, 1)
				Cylinder(0.924195, 0.888705, 15.2657)
				MovRel3f(0, 15.2657, 0)
				RotRel3f(-0.227061, 0, 0, 1)
				Cylinder(0.888705, 0.800444, 37.9644)
				MovRel3f(0, 37.9644, 0)
				Cylinder(0.800444, 0.789761, 4.59527)
				MovRel3f(0, 4.59527, 0)
				Cylinder(0.789761, 0.777251, 5.38096)
				MovRel3f(0, 5.38096, 0)
				RotRel3f(0.227061, 0, 0, 1)
				Cylinder(0.777251, 0.775014, 0.962181)
				MovRel3f(0, 0.962181, 0)
				Cylinder(0.775014, 0.758481, 7.1115)
				MovRel3f(0, 7.1115, 0)
				Cylinder(0.758481, 0.742309, 6.95606)
				MovRel3f(0, 6.95606, 0)
				Cylinder(0.742309, 0.732637, 4.16057)
				MovRel3f(0, 4.16057, 0)
				RotRel3f(-0.0531214, 0, 0, 1)
				Cylinder(0.732637, 0.711101, 9.26362)
				MovRel3f(0, 9.26362, 0)
				Cylinder(0.711101, 0.653505, 24.7742)
				MovRel3f(0, 24.7742, 0)
			EB()
			Cylinder(1.30701, 1.28419, 8.06065)
			MovRel3f(0, 8.06065, 0)
			SB()
				RotRel3f(0.671537, 0, 1, 0)
				RotRel3f(-0.750393, 0, 0, 1)
				Cylinder(0.908063, 0.834694, 32.2917)
				MovRel3f(0, 32.2917, 0)
				RotRel3f(-0.263839, 0, 0, 1)
				Cylinder(0.834694, 0.825184, 4.1855)
				MovRel3f(0, 4.1855, 0)
				Cylinder(0.825184, 0.799823, 11.1619)
				MovRel3f(0, 11.1619, 0)
				RotRel3f(0.227061, 0, 0, 1)
				Cylinder(0.799823, 0.771211, 12.5928)
				MovRel3f(0, 12.5928, 0)
				Cylinder(0.771211, 0.754106, 7.52807)
				MovRel3f(0, 7.52807, 0)
				Cylinder(0.754106, 0.737109, 7.48075)
				MovRel3f(0, 7.48075, 0)
				Cylinder(0.737109, 0.735608, 0.660938)
				MovRel3f(0, 0.660938, 0)
				RotRel3f(-0.0454122, 0, 0, 1)
				Cylinder(0.735608, 0.723397, 5.37427)
				MovRel3f(0, 5.37427, 0)
				Cylinder(0.723397, 0.703593, 8.71623)
				MovRel3f(0, 8.71623, 0)
				Cylinder(0.703593, 0.692879, 4.71536)
				MovRel3f(0, 4.71536, 0)
				RotRel3f(-0.310222, 0, 0, 1)
				Cylinder(0.692879, 0.642098, 22.35)
				MovRel3f(0, 22.35, 0)
			EB()
			Cylinder(1.28419, 1.2498, 12.1539)
			MovRel3f(0, 12.1539, 0)
			Cylinder(1.2498, 1.17783, 25.4277)
			MovRel3f(0, 25.4277, 0)
			RotRel3f(-0.227859, 0, 0, 1)
			Cylinder(1.17783, 1.12922, 17.1754)
			MovRel3f(0, 17.1754, 0)
		EB()
		Cylinder(2.25844, 2.23121, 2.64796)
		MovRel3f(0, 2.64796, 0)
		SB()
			RotRel3f(2.49809, 0, 1, 0)
			RotRel3f(-0.658095, 0, 0, 1)
			Cylinder(1.57771, 1.43668, 50.3213)
			MovRel3f(0, 50.3213, 0)
			RotRel3f(0.040195, 0, 0, 1)
			Cylinder(1.43668, 1.37196, 23.0954)
			MovRel3f(0, 23.0954, 0)
			Cylinder(1.37196, 1.3118, 21.4671)
			MovRel3f(0, 21.4671, 0)
			SB()
				RotRel3f(0.671537, 0, 1, 0)
				RotRel3f(-0.782159, 0, 0, 1)
				Cylinder(0.927581, 0.891961, 15.2404)
				MovRel3f(0, 15.2404, 0)
				RotRel3f(-0.227061, 0, 0, 1)
				Cylinder(0.891961, 0.819185, 31.1377)
				MovRel3f(0, 31.1377, 0)
				Cylinder(0.819185, 0.803427, 6.74247)
				MovRel3f(0, 6.74247, 0)
				RotRel3f(0.227061, 0, 0, 1)
				Cylinder(0.803427, 0.790627, 5.47663)
				MovRel3f(0, 5.47663, 0)
				Cylinder(0.790627, 0.775374, 6.5258)
				MovRel3f(0, 6.5258, 0)
				Cylinder(0.775374, 0.757967, 7.44788)
				MovRel3f(0, 7.44788, 0)
				Cylinder(0.757967, 0.747553, 4.45595)
				MovRel3f(0, 4.45595, 0)
				Cylinder(0.747553, 0.742238, 2.27387)
				MovRel3f(0, 2.27387, 0)
				Cylinder(0.742238, 0.728601, 5.83452)
				MovRel3f(0, 5.83452, 0)
				RotRel3f(-0.321328, 0, 0, 1)
				Cylinder(0.728601, 0.679654, 20.9424)
				MovRel3f(0, 20.9424, 0)
				Cylinder(0.679654, 0.658397, 9.09527)
				MovRel3f(0, 9.09527, 0)
				RotRel3f(0.234356, 0, 0, 1)
				Cylinder(0.658397, 0.655899, 1.06852)
				MovRel3f(0, 1.06852, 0)
			EB()
			Cylinder(1.3118, 1.30935, 0.87451)
			MovRel3f(0, 0.87451, 0)
			SB()
				RotRel3f(1.29623, 0, 1, 0)
				RotRel3f(-0.759849, 0, 0, 1)
				Cylinder(0.925848, 0.845645, 34.4851)
				MovRel3f(0, 34.4851, 0)
				RotRel3f(-0.227061, 0, 0, 1)
				Cylinder(0.845645, 0.803639, 18.0614)
				MovRel3f(0, 18.0614, 0)
				Cylinder(0.803639, 0.792552, 4.76684)
				MovRel3f(0, 4.76684, 0)
				Cylinder(0.792552, 0.786115, 2.7676)
				MovRel3f(0, 2.7676, 0)
				RotRel3f(-0.0695746, 0, 0, 1)
				Cylinder(0.786115, 0.769129, 7.30348)
				MovRel3f(0, 7.30348, 0)
				Cylinder(0.769129, 0.757684, 4.92099)
				MovRel3f(0, 4.92099, 0)
				Cylinder(0.757684, 0.743904, 5.92486)
				MovRel3f(0, 5.92486, 0)
				Cylinder(0.743904, 0.739009, 2.105)
				MovRel3f(0, 2.105, 0)
				Cylinder(0.739009, 0.704569, 14.8079)
				MovRel3f(0, 14.8079, 0)
				RotRel3f(-0.239364, 0, 0, 1)
				Cylinder(0.704569, 0.654674, 21.4534)
				MovRel3f(0, 21.4534, 0)
			EB()
			Cylinder(1.30935, 1.2726, 13.1135)
			MovRel3f(0, 13.1135, 0)
			RotRel3f(-0.0373706, 0, 0, 1)
			Cylinder(1.2726, 1.27023, 0.845917)
			MovRel3f(0, 0.845917, 0)
			SB()
				RotRel3f(2.35619, 0, 1, 0)
				RotRel3f(0.654182, 0, 0, 1)
				Cylinder(0.898186, 0.872358, 11.4334)
				MovRel3f(0, 11.4334, 0)
				Cylinder(0.872358, 0.819227, 23.5194)
				MovRel3f(0, 23.5194, 0)
				RotRel3f(0.0373706, 0, 0, 1)
				Cylinder(0.819227, 0.752646, 29.4736)
				MovRel3f(0, 29.4736, 0)
				Cylinder(0.752646, 0.75199, 0.290258)
				MovRel3f(0, 0.290258, 0)
				RotRel3f(0.0584209, 0, 0, 1)
				Cylinder(0.75199, 0.725766, 11.6086)
				MovRel3f(0, 11.6086, 0)
				Cylinder(0.725766, 0.720083, 2.51605)
				MovRel3f(0, 2.51605, 0)
				Cylinder(0.720083, 0.719369, 0.315781)
				MovRel3f(0, 0.315781, 0)
				Cylinder(0.719369, 0.695997, 10.346)
				MovRel3f(0, 10.346, 0)
				Cylinder(0.695997, 0.669602, 11.6843)
				MovRel3f(0, 11.6843, 0)
				RotRel3f(0.348371, 0, 0, 1)
				Cylinder(0.669602, 0.643774, 11.4334)
				MovRel3f(0, 11.4334, 0)
				RotRel3f(-0.0543995, 0, 0, 1)
				Cylinder(0.643774, 0.635114, 3.83383)
				MovRel3f(0, 3.83383, 0)
			EB()
			Cylinder(1.27023, 1.25455, 5.59346)
			MovRel3f(0, 5.59346, 0)
			SB()
				RotRel3f(2.49809, 0, 1, 0)
				RotRel3f(-0.655102, 0, 0, 1)
				Cylinder(0.887102, 0.861592, 11.4729)
				MovRel3f(0, 11.4729, 0)
				RotRel3f(0.0373706, 0, 0, 1)
				Cylinder(0.861592, 0.836083, 11.4729)
				MovRel3f(0, 11.4729, 0)
				RotRel3f(0.0381541, 0, 0, 1)
				Cylinder(0.836083, 0.749109, 39.117)
				MovRel3f(0, 39.117, 0)
				Cylinder(0.749109, 0.73831, 4.8569)
				MovRel3f(0, 4.8569, 0)
				RotRel3f(0.0382528, 0, 0, 1)
				Cylinder(0.73831, 0.737637, 0.302634)
				MovRel3f(0, 0.302634, 0)
				Cylinder(0.737637, 0.726411, 5.04893)
				MovRel3f(0, 5.04893, 0)
				Cylinder(0.726411, 0.723124, 1.47845)
				MovRel3f(0, 1.47845, 0)
				Cylinder(0.723124, 0.71137, 5.28616)
				MovRel3f(0, 5.28616, 0)
				Cylinder(0.71137, 0.695812, 6.99755)
				MovRel3f(0, 6.99755, 0)
				RotRel3f(-0.0382015, 0, 0, 1)
				Cylinder(0.695812, 0.627276, 30.8242)
				MovRel3f(0, 30.8242, 0)
			EB()
			Cylinder(1.25455, 1.16138, 33.2452)
			MovRel3f(0, 33.2452, 0)
			RotRel3f(-0.0391114, 0, 0, 1)
			Cylinder(1.16138, 1.11561, 16.3345)
			MovRel3f(0, 16.3345, 0)
		EB()
		Cylinder(2.23121, 2.06661, 16.0102)
		MovRel3f(0, 16.0102, 0)
		SB()
			RotRel3f(2.35619, 0, 1, 0)
			RotRel3f(0.652585, 0, 0, 1)
			Cylinder(1.46131, 1.41929, 16.2351)
			MovRel3f(0, 16.2351, 0)
			RotRel3f(0.327707, 0, 0, 1)
			Cylinder(1.41929, 1.41929, -8.94901e-07)
			MovRel3f(0, -8.94901e-07, 0)
			Cylinder(1.41929, 1.30239, 45.1663)
			MovRel3f(0, 45.1663, 0)
			RotRel3f(0.0696742, 0, 0, 1)
			Cylinder(1.30239, 1.26037, 16.2351)
			MovRel3f(0, 16.2351, 0)
			RotRel3f(0.06596, 0, 0, 1)
			Cylinder(1.26037, 1.25157, 3.39675)
			MovRel3f(0, 3.39675, 0)
			SB()
				RotRel3f(2.35619, 0, 1, 0)
				RotRel3f(0.654426, 0, 0, 1)
				Cylinder(0.884997, 0.833412, 23.3514)
				MovRel3f(0, 23.3514, 0)
				RotRel3f(-0.0373706, 0, 0, 1)
				Cylinder(0.833412, 0.832026, 0.627051)
				MovRel3f(0, 0.627051, 0)
				Cylinder(0.832026, 0.794856, 16.826)
				MovRel3f(0, 16.826, 0)
				RotRel3f(0.0422544, 0, 0, 1)
				Cylinder(0.794856, 0.776458, 8.32851)
				MovRel3f(0, 8.32851, 0)
				Cylinder(0.776458, 0.751009, 11.5201)
				MovRel3f(0, 11.5201, 0)
				Cylinder(0.751009, 0.741731, 4.20001)
				MovRel3f(0, 4.20001, 0)
				Cylinder(0.741731, 0.731911, 4.4453)
				MovRel3f(0, 4.4453, 0)
				Cylinder(0.731911, 0.727802, 1.86007)
				MovRel3f(0, 1.86007, 0)
				RotRel3f(0.0510827, 0, 0, 1)
				Cylinder(0.727802, 0.72556, 1.01475)
				MovRel3f(0, 1.01475, 0)
				Cylinder(0.72556, 0.717315, 3.73241)
				MovRel3f(0, 3.73241, 0)
				Cylinder(0.717315, 0.696784, 9.29418)
				MovRel3f(0, 9.29418, 0)
				Cylinder(0.696784, 0.652352, 20.1133)
				MovRel3f(0, 20.1133, 0)
				RotRel3f(0.263582, 0, 0, 1)
				Cylinder(0.652352, 0.625787, 12.0251)
				MovRel3f(0, 12.0251, 0)
			EB()
			Cylinder(1.25157, 1.22149, 11.6249)
			MovRel3f(0, 11.6249, 0)
			SB()
				RotRel3f(2.49809, 0, 1, 0)
				RotRel3f(-0.654897, 0, 0, 1)
				Cylinder(0.863721, 0.829215, 15.9318)
				MovRel3f(0, 15.9318, 0)
				Cylinder(0.829215, 0.784624, 20.5888)
				MovRel3f(0, 20.5888, 0)
				RotRel3f(-0.0373706, 0, 0, 1)
				Cylinder(0.784624, 0.743866, 18.8186)
				MovRel3f(0, 18.8186, 0)
				RotRel3f(-0.0373706, 0, 0, 1)
				Cylinder(0.743866, 0.727309, 7.64426)
				MovRel3f(0, 7.64426, 0)
				Cylinder(0.727309, 0.719029, 3.82345)
				MovRel3f(0, 3.82345, 0)
				RotRel3f(-0.0373706, 0, 0, 1)
				Cylinder(0.719029, 0.710254, 4.05136)
				MovRel3f(0, 4.05136, 0)
				Cylinder(0.710254, 0.694349, 7.34382)
				MovRel3f(0, 7.34382, 0)
				Cylinder(0.694349, 0.678959, 7.10576)
				MovRel3f(0, 7.10576, 0)
				Cylinder(0.678959, 0.678503, 0.21022)
				MovRel3f(0, 0.21022, 0)
				RotRel3f(-0.0447475, 0, 0, 1)
				Cylinder(0.678503, 0.613769, 29.8888)
				MovRel3f(0, 29.8888, 0)
				RotRel3f(-0.0373706, 0, 0, 1)
				Cylinder(0.613769, 0.610743, 1.39735)
				MovRel3f(0, 1.39735, 0)
			EB()
			Cylinder(1.22149, 1.20822, 5.12392)
			MovRel3f(0, 5.12392, 0)
			SB()
				RotRel3f(1.29623, 0, 1, 0)
				RotRel3f(-0.783538, 0, 0, 1)
				Cylinder(0.854343, 0.78236, 33.6717)
				MovRel3f(0, 33.6717, 0)
				RotRel3f(-0.297499, 0, 0, 1)
				Cylinder(0.78236, 0.773302, 4.23721)
				MovRel3f(0, 4.23721, 0)
				Cylinder(0.773302, 0.726249, 22.01)
				MovRel3f(0, 22.01, 0)
				Cylinder(0.726249, 0.705615, 9.652)
				MovRel3f(0, 9.652, 0)
				Cylinder(0.705615, 0.702547, 1.43513)
				MovRel3f(0, 1.43513, 0)
				Cylinder(0.702547, 0.699567, 1.39407)
				MovRel3f(0, 1.39407, 0)
				Cylinder(0.699567, 0.687453, 5.66647)
				MovRel3f(0, 5.66647, 0)
				RotRel3f(-0.227061, 0, 0, 1)
				Cylinder(0.687453, 0.684178, 1.53184)
				MovRel3f(0, 1.53184, 0)
				Cylinder(0.684178, 0.631248, 24.7592)
				MovRel3f(0, 24.7592, 0)
				Cylinder(0.631248, 0.611363, 9.30199)
				MovRel3f(0, 9.30199, 0)
				RotRel3f(0.227061, 0, 0, 1)
				Cylinder(0.611363, 0.604112, 3.3918)
				MovRel3f(0, 3.3918, 0)
			EB()
			Cylinder(1.20822, 1.19379, 5.57476)
			MovRel3f(0, 5.57476, 0)
			Cylinder(1.19379, 1.17003, 9.18004)
			MovRel3f(0, 9.18004, 0)
			SB()
				RotRel3f(0.671537, 0, 1, 0)
				RotRel3f(-0.786495, 0, 0, 1)
				Cylinder(0.827339, 0.795568, 15.3972)
				MovRel3f(0, 15.3972, 0)
				RotRel3f(-0.331363, 0, 0, 1)
				Cylinder(0.795568, 0.795568, 2.83822e-07)
				MovRel3f(0, 2.83822e-07, 0)
				Cylinder(0.795568, 0.748506, 22.8079)
				MovRel3f(0, 22.8079, 0)
				RotRel3f(0.306784, 0, 0, 1)
				Cylinder(0.748506, 0.739548, 4.34127)
				MovRel3f(0, 4.34127, 0)
				Cylinder(0.739548, 0.701675, 18.3544)
				MovRel3f(0, 18.3544, 0)
				Cylinder(0.701675, 0.687954, 6.64948)
				MovRel3f(0, 6.64948, 0)
				Cylinder(0.687954, 0.670301, 8.55512)
				MovRel3f(0, 8.55512, 0)
				Cylinder(0.670301, 0.667566, 1.32566)
				MovRel3f(0, 1.32566, 0)
				Cylinder(0.667566, 0.655966, 5.62182)
				MovRel3f(0, 5.62182, 0)
				Cylinder(0.655966, 0.648732, 3.50563)
				MovRel3f(0, 3.50563, 0)
				RotRel3f(-0.0579115, 0, 0, 1)
				Cylinder(0.648732, 0.601084, 23.0917)
				MovRel3f(0, 23.0917, 0)
				RotRel3f(-0.0454122, 0, 0, 1)
				Cylinder(0.601084, 0.585017, 7.78677)
				MovRel3f(0, 7.78677, 0)
			EB()
			Cylinder(1.17003, 1.12616, 16.9521)
			MovRel3f(0, 16.9521, 0)
			RotRel3f(-0.0561033, 0, 0, 1)
			Cylinder(1.12616, 1.0333, 35.8734)
			MovRel3f(0, 35.8734, 0)
		EB()
		Cylinder(2.06661, 1.98882, 7.56645)
		MovRel3f(0, 7.56645, 0)
		Cylinder(1.98882, 1.95472, 3.31598)
		MovRel3f(0, 3.31598, 0)
		SB()
			RotRel3f(0.671537, 0, 1, 0)
			RotRel3f(-0.766806, 0, 0, 1)
			Cylinder(1.3822, 1.24376, 56.5706)
			MovRel3f(0, 56.5706, 0)
			RotRel3f(-0.329318, 0, 0, 1)
			Cylinder(1.24376, 1.19712, 19.0601)
			MovRel3f(0, 19.0601, 0)
			Cylinder(1.19712, 1.19068, 2.62983)
			MovRel3f(0, 2.62983, 0)
			RotRel3f(0.227061, 0, 0, 1)
			Cylinder(1.19068, 1.1804, 4.20424)
			MovRel3f(0, 4.20424, 0)
			SB()
				RotRel3f(2.49809, 0, 1, 0)
				RotRel3f(-0.653932, 0, 0, 1)
				Cylinder(0.834667, 0.810665, 11.5099)
				MovRel3f(0, 11.5099, 0)
				Cylinder(0.810665, 0.771653, 18.708)
				MovRel3f(0, 18.708, 0)
				RotRel3f(-0.0373706, 0, 0, 1)
				Cylinder(0.771653, 0.747599, 11.5351)
				MovRel3f(0, 11.5351, 0)
				Cylinder(0.747599, 0.734891, 6.09429)
				MovRel3f(0, 6.09429, 0)
				RotRel3f(-0.201136, 0, 0, 1)
				Cylinder(0.734891, 0.70032, 16.5785)
				MovRel3f(0, 16.5785, 0)
				Cylinder(0.70032, 0.681914, 8.82655)
				MovRel3f(0, 8.82655, 0)
				Cylinder(0.681914, 0.67972, 1.05181)
				MovRel3f(0, 1.05181, 0)
				RotRel3f(-0.186853, 0, 0, 1)
				Cylinder(0.67972, 0.65617, 11.2934)
				MovRel3f(0, 11.2934, 0)
				Cylinder(0.65617, 0.635213, 10.0501)
				MovRel3f(0, 10.0501, 0)
				Cylinder(0.635213, 0.590199, 21.5863)
				MovRel3f(0, 21.5863, 0)
			EB()
			Cylinder(1.1804, 1.1489, 12.8703)
			MovRel3f(0, 12.8703, 0)
			SB()
				RotRel3f(2.35619, 0, 1, 0)
				RotRel3f(0.656814, 0, 0, 1)
				Cylinder(0.812396, 0.717987, 46.4674)
				MovRel3f(0, 46.4674, 0)
				RotRel3f(0.262874, 0, 0, 1)
				Cylinder(0.717987, 0.699984, 8.861)
				MovRel3f(0, 8.861, 0)
				Cylinder(0.699984, 0.690096, 4.86647)
				MovRel3f(0, 4.86647, 0)
				Cylinder(0.690096, 0.684572, 2.71903)
				MovRel3f(0, 2.71903, 0)
				Cylinder(0.684572, 0.67697, 3.74169)
				MovRel3f(0, 3.74169, 0)
				Cylinder(0.67697, 0.660217, 8.24528)
				MovRel3f(0, 8.24528, 0)
				Cylinder(0.660217, 0.659315, 0.44417)
				MovRel3f(0, 0.44417, 0)
				RotRel3f(0.0549881, 0, 0, 1)
				Cylinder(0.659315, 0.640037, 9.48856)
				MovRel3f(0, 9.48856, 0)
				Cylinder(0.640037, 0.594335, 22.4942)
				MovRel3f(0, 22.4942, 0)
				RotRel3f(0.322208, 0, 0, 1)
				Cylinder(0.594335, 0.574451, 9.78648)
				MovRel3f(0, 9.78648, 0)
			EB()
			Cylinder(1.1489, 1.13401, 6.08515)
			MovRel3f(0, 6.08515, 0)
			SB()
				RotRel3f(1.29623, 0, 1, 0)
				RotRel3f(-0.790255, 0, 0, 1)
				Cylinder(0.801866, 0.76657, 17.5347)
				MovRel3f(0, 17.5347, 0)
				RotRel3f(-0.323691, 0, 0, 1)
				Cylinder(0.76657, 0.714227, 26.0032)
				MovRel3f(0, 26.0032, 0)
				Cylinder(0.714227, 0.677344, 18.3231)
				MovRel3f(0, 18.3231, 0)
				RotRel3f(0.228321, 0, 0, 1)
				Cylinder(0.677344, 0.675763, 0.785379)
				MovRel3f(0, 0.785379, 0)
				Cylinder(0.675763, 0.66584, 4.92975)
				MovRel3f(0, 4.92975, 0)
				Cylinder(0.66584, 0.651925, 6.91273)
				MovRel3f(0, 6.91273, 0)
				Cylinder(0.651925, 0.631063, 10.364)
				MovRel3f(0, 10.364, 0)
				Cylinder(0.631063, 0.606857, 12.0255)
				MovRel3f(0, 12.0255, 0)
				Cylinder(0.606857, 0.601159, 2.83067)
				MovRel3f(0, 2.83067, 0)
				RotRel3f(-0.25787, 0, 0, 1)
				Cylinder(0.601159, 0.576064, 12.4667)
				MovRel3f(0, 12.4667, 0)
				Cylinder(0.576064, 0.570366, 2.83067)
				MovRel3f(0, 2.83067, 0)
				RotRel3f(0.23683, 0, 0, 1)
				Cylinder(0.570366, 0.567005, 1.66947)
				MovRel3f(0, 1.66947, 0)
			EB()
			Cylinder(1.13401, 1.11468, 7.89994)
			MovRel3f(0, 7.89994, 0)
			SB()
				RotRel3f(0.671537, 0, 1, 0)
				RotRel3f(-0.755352, 0, 0, 1)
				Cylinder(0.788196, 0.727229, 30.7821)
				MovRel3f(0, 30.7821, 0)
				Cylinder(0.727229, 0.704249, 11.6023)
				MovRel3f(0, 11.6023, 0)
				RotRel3f(-0.0679128, 0, 0, 1)
				Cylinder(0.704249, 0.696961, 3.67955)
				MovRel3f(0, 3.67955, 0)
				Cylinder(0.696961, 0.666693, 15.2819)
				MovRel3f(0, 15.2819, 0)
				Cylinder(0.666693, 0.661714, 2.51387)
				MovRel3f(0, 2.51387, 0)
				Cylinder(0.661714, 0.646881, 7.48904)
				MovRel3f(0, 7.48904, 0)
				Cylinder(0.646881, 0.64202, 2.45451)
				MovRel3f(0, 2.45451, 0)
				Cylinder(0.64202, 0.635629, 3.22643)
				MovRel3f(0, 3.22643, 0)
				Cylinder(0.635629, 0.633484, 1.08325)
				MovRel3f(0, 1.08325, 0)
				RotRel3f(-0.068872, 0, 0, 1)
				Cylinder(0.633484, 0.591552, 21.1712)
				MovRel3f(0, 21.1712, 0)
				RotRel3f(-0.0556789, 0, 0, 1)
				Cylinder(0.591552, 0.561153, 15.3482)
				MovRel3f(0, 15.3482, 0)
				Cylinder(0.561153, 0.557339, 1.92541)
				MovRel3f(0, 1.92541, 0)
			EB()
			Cylinder(1.11468, 1.0752, 16.1325)
			MovRel3f(0, 16.1325, 0)
			Cylinder(1.0752, 1.024, 20.923)
			MovRel3f(0, 20.923, 0)
			RotRel3f(-0.227061, 0, 0, 1)
			Cylinder(1.024, 0.977362, 19.0573)
			MovRel3f(0, 19.0573, 0)
		EB()
		Cylinder(1.95472, 1.67723, 26.9904)
		MovRel3f(0, 26.9904, 0)
		RotRel3f(-0.228256, 0, 0, 1)
		Cylinder(1.67723, 1, 65.8709)
		MovRel3f(0, 65.8709, 0)
	EB()
	Cylinder(4.10661, 3.83136, 18.4528)
	MovRel3f(0, 18.4528, 0)
	SB()
		RotRel3f(2.49809, 0, 1, 0)
		RotRel3f(-0.655568, 0, 0, 1)
		Cylinder(3.43762, 2.3334, 65.6735)
		MovRel3f(0, 65.6735, 0)
		RotRel3f(0.0416779, 0, 0, 1)
		Cylinder(2.3334, 2.16634, 9.9356)
		MovRel3f(0, 9.9356, 0)
		SB()
			RotRel3f(2.49809, 0, 1, 0)
			RotRel3f(-0.656813, 0, 0, 1)
			Cylinder(1.53184, 1.32859, 46.6591)
			MovRel3f(0, 46.6591, 0)
			RotRel3f(0.0416517, 0, 0, 1)
			Cylinder(1.32859, 1.30192, 6.12315)
			MovRel3f(0, 6.12315, 0)
			SB()
				RotRel3f(2.49809, 0, 1, 0)
				RotRel3f(-0.656063, 0, 0, 1)
				Cylinder(0.920598, 0.894126, 7.13769)
				MovRel3f(0, 7.13769, 0)
				Cylinder(0.894126, 0.867653, 7.13769)
				MovRel3f(0, 7.13769, 0)
				Cylinder(0.867653, 0.820759, 12.6437)
				MovRel3f(0, 12.6437, 0)
				RotRel3f(0.0373706, 0, 0, 1)
				Cylinder(0.820759, 0.778622, 11.3614)
				MovRel3f(0, 11.3614, 0)
				Cylinder(0.778622, 0.762786, 4.26977)
				MovRel3f(0, 4.26977, 0)
				Cylinder(0.762786, 0.761833, 0.25698)
				MovRel3f(0, 0.25698, 0)
				RotRel3f(0.0373706, 0, 0, 1)
				Cylinder(0.761833, 0.740859, 5.65509)
				MovRel3f(0, 5.65509, 0)
				Cylinder(0.740859, 0.73536, 1.4826)
				MovRel3f(0, 1.4826, 0)
				RotRel3f(0.0435103, 0, 0, 1)
				Cylinder(0.73536, 0.727142, 2.21583)
				MovRel3f(0, 2.21583, 0)
				Cylinder(0.727142, 0.726152, 0.266955)
				MovRel3f(0, 0.266955, 0)
				Cylinder(0.726152, 0.650961, 20.2733)
				MovRel3f(0, 20.2733, 0)
			EB()
			Cylinder(1.30192, 1.27983, 5.07089)
			MovRel3f(0, 5.07089, 0)
			SB()
				RotRel3f(1.29623, 0, 1, 0)
				RotRel3f(-0.778075, 0, 0, 1)
				Cylinder(0.904979, 0.824375, 22.1289)
				MovRel3f(0, 22.1289, 0)
				RotRel3f(-0.248319, 0, 0, 1)
				Cylinder(0.824375, 0.795893, 7.8193)
				MovRel3f(0, 7.8193, 0)
				Cylinder(0.795893, 0.778806, 4.69104)
				MovRel3f(0, 4.69104, 0)
				Cylinder(0.778806, 0.771002, 2.14262)
				MovRel3f(0, 2.14262, 0)
				Cylinder(0.771002, 0.752801, 4.99664)
				MovRel3f(0, 4.99664, 0)
				Cylinder(0.752801, 0.752364, 0.120207)
				MovRel3f(0, 0.120207, 0)
				RotRel3f(-0.0609283, 0, 0, 1)
				Cylinder(0.752364, 0.740569, 3.23796)
				MovRel3f(0, 3.23796, 0)
				Cylinder(0.740569, 0.739844, 0.199201)
				MovRel3f(0, 0.199201, 0)
				Cylinder(0.739844, 0.665073, 20.5272)
				MovRel3f(0, 20.5272, 0)
				RotRel3f(-0.270777, 0, 0, 1)
				Cylinder(0.665073, 0.639917, 6.90622)
				MovRel3f(0, 6.90622, 0)
			EB()
			Cylinder(1.27983, 1.26049, 4.44067)
			MovRel3f(0, 4.44067, 0)
			SB()
				RotRel3f(2.35619, 0, 1, 0)
				RotRel3f(0.654916, 0, 0, 1)
				Cylinder(0.891302, 0.853304, 10.5684)
				MovRel3f(0, 10.5684, 0)
				Cylinder(0.853304, 0.802278, 14.1918)
				MovRel3f(0, 14.1918, 0)
				Cylinder(0.802278, 0.788318, 3.88286)
				MovRel3f(0, 3.88286, 0)
				RotRel3f(0.337895, 0, 0, 1)
				Cylinder(0.788318, 0.776648, 3.24566)
				MovRel3f(0, 3.24566, 0)
				Cylinder(0.776648, 0.759164, 4.86285)
				MovRel3f(0, 4.86285, 0)
				RotRel3f(0.0635263, 0, 0, 1)
				Cylinder(0.759164, 0.758083, 0.300515)
				MovRel3f(0, 0.300515, 0)
				Cylinder(0.758083, 0.742723, 4.27206)
				MovRel3f(0, 4.27206, 0)
				Cylinder(0.742723, 0.73903, 1.02715)
				MovRel3f(0, 1.02715, 0)
				Cylinder(0.73903, 0.71154, 7.64586)
				MovRel3f(0, 7.64586, 0)
				Cylinder(0.71154, 0.697328, 3.95279)
				MovRel3f(0, 3.95279, 0)
				RotRel3f(0.0696742, 0, 0, 1)
				Cylinder(0.697328, 0.630246, 18.6576)
				MovRel3f(0, 18.6576, 0)
			EB()
			Cylinder(1.26049, 1.24752, 2.97681)
			MovRel3f(0, 2.97681, 0)
			SB()
				RotRel3f(0.671537, 0, 1, 0)
				RotRel3f(-0.790255, 0, 0, 1)
				Cylinder(0.882133, 0.827177, 15.4797)
				MovRel3f(0, 15.4797, 0)
				RotRel3f(-0.329829, 0, 0, 1)
				Cylinder(0.827177, 0.764014, 17.7915)
				MovRel3f(0, 17.7915, 0)
				Cylinder(0.764014, 0.755301, 2.45443)
				MovRel3f(0, 2.45443, 0)
				Cylinder(0.755301, 0.752455, 0.801466)
				MovRel3f(0, 0.801466, 0)
				Cylinder(0.752455, 0.734346, 5.10087)
				MovRel3f(0, 5.10087, 0)
				Cylinder(0.734346, 0.721042, 3.74747)
				MovRel3f(0, 3.74747, 0)
				RotRel3f(0.227061, 0, 0, 1)
				Cylinder(0.721042, 0.720115, 0.261286)
				MovRel3f(0, 0.261286, 0)
				Cylinder(0.720115, 0.687167, 9.2805)
				MovRel3f(0, 9.2805, 0)
				RotRel3f(-0.0454122, 0, 0, 1)
				Cylinder(0.687167, 0.645896, 11.6253)
				MovRel3f(0, 11.6253, 0)
				Cylinder(0.645896, 0.623762, 6.23436)
				MovRel3f(0, 6.23436, 0)
			EB()
			Cylinder(1.24752, 1.24554, 0.455013)
			MovRel3f(0, 0.455013, 0)
			Cylinder(1.24554, 1.16277, 19.0024)
			MovRel3f(0, 19.0024, 0)
			RotRel3f(-0.049219, 0, 0, 1)
			Cylinder(1.16277, 1.08317, 18.2738)
			MovRel3f(0, 18.2738, 0)
		EB()
		Cylinder(2.16634, 2.03632, 7.73271)
		MovRel3f(0, 7.73271, 0)
		SB()
			RotRel3f(2.35619, 0, 1, 0)
			RotRel3f(0.656137, 0, 0, 1)
			Cylinder(1.4399, 1.37868, 14.851)
			MovRel3f(0, 14.851, 0)
			RotRel3f(0.298281, 0, 0, 1)
			Cylinder(1.37868, 1.27224, 25.8231)
			MovRel3f(0, 25.8231, 0)
			RotRel3f(0.348371, 0, 0, 1)
			Cylinder(1.27224, 1.23083, 10.0449)
			MovRel3f(0, 10.0449, 0)
			RotRel3f(-0.0442606, 0, 0, 1)
			Cylinder(1.23083, 1.19785, 8.00032)
			MovRel3f(0, 8.00032, 0)
			SB()
				RotRel3f(1.29623, 0, 1, 0)
				RotRel3f(-0.754606, 0, 0, 1)
				Cylinder(0.847012, 0.814485, 9.48344)
				MovRel3f(0, 9.48344, 0)
				Cylinder(0.814485, 0.810424, 1.18402)
				MovRel3f(0, 1.18402, 0)
				RotRel3f(-0.0597491, 0, 0, 1)
				Cylinder(0.810424, 0.744488, 19.2245)
				MovRel3f(0, 19.2245, 0)
				Cylinder(0.744488, 0.741345, 0.916535)
				MovRel3f(0, 0.916535, 0)
				RotRel3f(-0.290203, 0, 0, 1)
				Cylinder(0.741345, 0.716769, 7.16548)
				MovRel3f(0, 7.16548, 0)
				Cylinder(0.716769, 0.700185, 4.83514)
				MovRel3f(0, 4.83514, 0)
				Cylinder(0.700185, 0.691778, 2.45108)
				MovRel3f(0, 2.45108, 0)
				Cylinder(0.691778, 0.677321, 4.2151)
				MovRel3f(0, 4.2151, 0)
				Cylinder(0.677321, 0.649316, 8.16539)
				MovRel3f(0, 8.16539, 0)
				Cylinder(0.649316, 0.64241, 2.01344)
				MovRel3f(0, 2.01344, 0)
				RotRel3f(0.334582, 0, 0, 1)
				Cylinder(0.64241, 0.603014, 11.4865)
				MovRel3f(0, 11.4865, 0)
				RotRel3f(-0.0619614, 0, 0, 1)
				Cylinder(0.603014, 0.598928, 1.19133)
				MovRel3f(0, 1.19133, 0)
			EB()
			Cylinder(1.19785, 1.18752, 2.5061)
			MovRel3f(0, 2.5061, 0)
			SB()
				RotRel3f(0.671537, 0, 1, 0)
				RotRel3f(-0.782758, 0, 0, 1)
				Cylinder(0.839707, 0.752469, 25.6647)
				MovRel3f(0, 25.6647, 0)
				RotRel3f(-0.324418, 0, 0, 1)
				Cylinder(0.752469, 0.727269, 7.41351)
				MovRel3f(0, 7.41351, 0)
				Cylinder(0.727269, 0.710949, 4.80123)
				MovRel3f(0, 4.80123, 0)
				Cylinder(0.710949, 0.691888, 5.60763)
				MovRel3f(0, 5.60763, 0)
				Cylinder(0.691888, 0.669712, 6.52403)
				MovRel3f(0, 6.52403, 0)
				Cylinder(0.669712, 0.658748, 3.22534)
				MovRel3f(0, 3.22534, 0)
				Cylinder(0.658748, 0.651204, 2.21951)
				MovRel3f(0, 2.21951, 0)
				RotRel3f(0.227061, 0, 0, 1)
				Cylinder(0.651204, 0.622603, 8.41415)
				MovRel3f(0, 8.41415, 0)
				Cylinder(0.622603, 0.593763, 8.48455)
				MovRel3f(0, 8.48455, 0)
			EB()
			Cylinder(1.18752, 1.17335, 3.43819)
			MovRel3f(0, 3.43819, 0)
			SB()
				RotRel3f(2.35619, 0, 1, 0)
				RotRel3f(0.656207, 0, 0, 1)
				Cylinder(0.829685, 0.761929, 20.1267)
				MovRel3f(0, 20.1267, 0)
				RotRel3f(-0.0464804, 0, 0, 1)
				Cylinder(0.761929, 0.724162, 11.2186)
				MovRel3f(0, 11.2186, 0)
				RotRel3f(-0.0525297, 0, 0, 1)
				Cylinder(0.724162, 0.717487, 1.9828)
				MovRel3f(0, 1.9828, 0)
				Cylinder(0.717487, 0.704821, 3.76222)
				MovRel3f(0, 3.76222, 0)
				Cylinder(0.704821, 0.687216, 5.2295)
				MovRel3f(0, 5.2295, 0)
				Cylinder(0.687216, 0.668325, 5.61145)
				MovRel3f(0, 5.61145, 0)
				Cylinder(0.668325, 0.660291, 2.38647)
				MovRel3f(0, 2.38647, 0)
				Cylinder(0.660291, 0.63199, 8.40667)
				MovRel3f(0, 8.40667, 0)
				Cylinder(0.63199, 0.627553, 1.31799)
				MovRel3f(0, 1.31799, 0)
				RotRel3f(-0.0594167, 0, 0, 1)
				Cylinder(0.627553, 0.586676, 12.1421)
				MovRel3f(0, 12.1421, 0)
			EB()
			Cylinder(1.17335, 1.15926, 3.41872)
			MovRel3f(0, 3.41872, 0)
			SB()
				RotRel3f(2.49809, 0, 1, 0)
				RotRel3f(-0.656167, 0, 0, 1)
				Cylinder(0.819721, 0.740974, 23.6433)
				MovRel3f(0, 23.6433, 0)
				RotRel3f(0.0426002, 0, 0, 1)
				Cylinder(0.740974, 0.708107, 9.8683)
				MovRel3f(0, 9.8683, 0)
				RotRel3f(0.0373706, 0, 0, 1)
				Cylinder(0.708107, 0.696573, 3.46292)
				MovRel3f(0, 3.46292, 0)
				Cylinder(0.696573, 0.69098, 1.6793)
				MovRel3f(0, 1.6793, 0)
				Cylinder(0.69098, 0.684535, 1.93509)
				MovRel3f(0, 1.93509, 0)
				RotRel3f(0.0373706, 0, 0, 1)
				Cylinder(0.684535, 0.682349, 0.656161)
				MovRel3f(0, 0.656161, 0)
				Cylinder(0.682349, 0.674259, 2.429)
				MovRel3f(0, 2.429, 0)
				Cylinder(0.674259, 0.629972, 13.2969)
				MovRel3f(0, 13.2969, 0)
				RotRel3f(0.0486441, 0, 0, 1)
				Cylinder(0.629972, 0.615186, 4.43965)
				MovRel3f(0, 4.43965, 0)
				Cylinder(0.615186, 0.591614, 7.07731)
				MovRel3f(0, 7.07731, 0)
				Cylinder(0.591614, 0.57963, 3.59802)
				MovRel3f(0, 3.59802, 0)
			EB()
			Cylinder(1.15926, 1.09211, 16.2907)
			MovRel3f(0, 16.2907, 0)
			Cylinder(1.09211, 1.08103, 2.68675)
			MovRel3f(0, 2.68675, 0)
			RotRel3f(-0.31408, 0, 0, 1)
			Cylinder(1.08103, 1.01816, 15.2522)
			MovRel3f(0, 15.2522, 0)
		EB()
		Cylinder(2.03632, 1.77963, 15.2666)
		MovRel3f(0, 15.2666, 0)
		SB()
			RotRel3f(0.671537, 0, 1, 0)
			RotRel3f(-0.78188, 0, 0, 1)
			Cylinder(1.25839, 1.18317, 20.9662)
			MovRel3f(0, 20.9662, 0)
			RotRel3f(-0.228569, 0, 0, 1)
			Cylinder(1.18317, 1.15061, 9.07598)
			MovRel3f(0, 9.07598, 0)
			Cylinder(1.15061, 1.0769, 20.5478)
			MovRel3f(0, 20.5478, 0)
			SB()
				RotRel3f(1.29623, 0, 1, 0)
				RotRel3f(-0.7753, 0, 0, 1)
				Cylinder(0.76148, 0.720117, 13.4879)
				MovRel3f(0, 13.4879, 0)
				RotRel3f(-0.243762, 0, 0, 1)
				Cylinder(0.720117, 0.659517, 19.7605)
				MovRel3f(0, 19.7605, 0)
				Cylinder(0.659517, 0.656833, 0.875198)
				MovRel3f(0, 0.875198, 0)
				RotRel3f(-0.0604459, 0, 0, 1)
				Cylinder(0.656833, 0.633044, 7.75727)
				MovRel3f(0, 7.75727, 0)
				Cylinder(0.633044, 0.62211, 3.56525)
				MovRel3f(0, 3.56525, 0)
				Cylinder(0.62211, 0.621506, 0.196937)
				MovRel3f(0, 0.196937, 0)
				RotRel3f(0.227061, 0, 0, 1)
				Cylinder(0.621506, 0.612736, 2.85989)
				MovRel3f(0, 2.85989, 0)
				Cylinder(0.612736, 0.603514, 3.0071)
				MovRel3f(0, 3.0071, 0)
				Cylinder(0.603514, 0.599718, 1.23762)
				MovRel3f(0, 1.23762, 0)
				Cylinder(0.599718, 0.544463, 18.0177)
				MovRel3f(0, 18.0177, 0)
				Cylinder(0.544463, 0.538448, 1.96151)
				MovRel3f(0, 1.96151, 0)
			EB()
			Cylinder(1.0769, 1.06572, 3.11599)
			MovRel3f(0, 3.11599, 0)
			SB()
				RotRel3f(0.671537, 0, 1, 0)
				RotRel3f(-0.786014, 0, 0, 1)
				Cylinder(0.753575, 0.695957, 19.031)
				MovRel3f(0, 19.031, 0)
				RotRel3f(-0.235663, 0, 0, 1)
				Cylinder(0.695957, 0.674698, 7.02133)
				MovRel3f(0, 7.02133, 0)
				Cylinder(0.674698, 0.667018, 2.5367)
				MovRel3f(0, 2.5367, 0)
				RotRel3f(0.277869, 0, 0, 1)
				Cylinder(0.667018, 0.632484, 11.4065)
				MovRel3f(0, 11.4065, 0)
				Cylinder(0.632484, 0.61215, 6.71601)
				MovRel3f(0, 6.71601, 0)
				Cylinder(0.61215, 0.597022, 4.99666)
				MovRel3f(0, 4.99666, 0)
				Cylinder(0.597022, 0.593966, 1.00941)
				MovRel3f(0, 1.00941, 0)
				RotRel3f(-0.0513172, 0, 0, 1)
				Cylinder(0.593966, 0.583154, 3.571)
				MovRel3f(0, 3.571, 0)
				Cylinder(0.583154, 0.582849, 0.10074)
				MovRel3f(0, 0.10074, 0)
				Cylinder(0.582849, 0.536456, 15.3232)
				MovRel3f(0, 15.3232, 0)
				RotRel3f(-0.227061, 0, 0, 1)
				Cylinder(0.536456, 0.532858, 1.18826)
				MovRel3f(0, 1.18826, 0)
			EB()
			Cylinder(1.06572, 1.04572, 5.57409)
			MovRel3f(0, 5.57409, 0)
			RotRel3f(-0.0671388, 0, 0, 1)
			Cylinder(1.04572, 1.04107, 1.29598)
			MovRel3f(0, 1.29598, 0)
			SB()
				RotRel3f(2.35619, 0, 1, 0)
				RotRel3f(0.658091, 0, 0, 1)
				Cylinder(0.736147, 0.684658, 17.3189)
				MovRel3f(0, 17.3189, 0)
				RotRel3f(0.309808, 0, 0, 1)
				Cylinder(0.684658, 0.633513, 17.2034)
				MovRel3f(0, 17.2034, 0)
				Cylinder(0.633513, 0.632645, 0.291811)
				MovRel3f(0, 0.291811, 0)
				RotRel3f(0.270616, 0, 0, 1)
				Cylinder(0.632645, 0.625184, 2.50973)
				MovRel3f(0, 2.50973, 0)
				Cylinder(0.625184, 0.620473, 1.58439)
				MovRel3f(0, 1.58439, 0)
				Cylinder(0.620473, 0.606541, 4.68648)
				MovRel3f(0, 4.68648, 0)
				Cylinder(0.606541, 0.541704, 21.8086)
				MovRel3f(0, 21.8086, 0)
				Cylinder(0.541704, 0.534974, 2.26344)
				MovRel3f(0, 2.26344, 0)
				RotRel3f(-0.288703, 0, 0, 1)
				Cylinder(0.534974, 0.520535, 4.85686)
				MovRel3f(0, 4.85686, 0)
			EB()
			Cylinder(1.04107, 1.03505, 1.67742)
			MovRel3f(0, 1.67742, 0)
			Cylinder(1.03505, 1.02735, 2.14675)
			MovRel3f(0, 2.14675, 0)
			SB()
				RotRel3f(2.49809, 0, 1, 0)
				RotRel3f(-0.657005, 0, 0, 1)
				Cylinder(0.726446, 0.663093, 21.5571)
				MovRel3f(0, 21.5571, 0)
				RotRel3f(0.0444613, 0, 0, 1)
				Cylinder(0.663093, 0.642203, 7.10802)
				MovRel3f(0, 7.10802, 0)
				RotRel3f(0.0514978, 0, 0, 1)
				Cylinder(0.642203, 0.616193, 8.85037)
				MovRel3f(0, 8.85037, 0)
				Cylinder(0.616193, 0.606852, 3.17851)
				MovRel3f(0, 3.17851, 0)
				Cylinder(0.606852, 0.596331, 3.57962)
				MovRel3f(0, 3.57962, 0)
				Cylinder(0.596331, 0.58747, 3.0154)
				MovRel3f(0, 3.0154, 0)
				Cylinder(0.58747, 0.586043, 0.485367)
				MovRel3f(0, 0.485367, 0)
				RotRel3f(0.0465919, 0, 0, 1)
				Cylinder(0.586043, 0.565154, 7.10802)
				MovRel3f(0, 7.10802, 0)
				RotRel3f(0.0504673, 0, 0, 1)
				Cylinder(0.565154, 0.560361, 1.63064)
				MovRel3f(0, 1.63064, 0)
				Cylinder(0.560361, 0.513675, 15.8857)
				MovRel3f(0, 15.8857, 0)
			EB()
			Cylinder(1.02735, 0.993039, 9.56379)
			MovRel3f(0, 9.56379, 0)
			RotRel3f(-0.2536, 0, 0, 1)
			Cylinder(0.993039, 0.968689, 6.78724)
			MovRel3f(0, 6.78724, 0)
			Cylinder(0.968689, 0.944715, 6.68245)
			MovRel3f(0, 6.68245, 0)
			RotRel3f(0.249241, 0, 0, 1)
			Cylinder(0.944715, 0.889817, 15.3022)
			MovRel3f(0, 15.3022, 0)
		EB()
		Cylinder(1.77963, 1.74397, 2.12115)
		MovRel3f(0, 2.12115, 0)
		Cylinder(1.74397, 1.60102, 8.50162)
		MovRel3f(0, 8.50162, 0)
		SB()
			RotRel3f(1.29623, 0, 1, 0)
			RotRel3f(-0.77778, 0, 0, 1)
			Cylinder(1.13209, 1.0701, 19.1809)
			MovRel3f(0, 19.1809, 0)
			RotRel3f(-0.338147, 0, 0, 1)
			Cylinder(1.0701, 1.03583, 10.603)
			MovRel3f(0, 10.603, 0)
			Cylinder(1.03583, 0.991764, 13.6355)
			MovRel3f(0, 13.6355, 0)
			RotRel3f(0.267353, 0, 0, 1)
			Cylinder(0.991764, 0.948924, 13.2551)
			MovRel3f(0, 13.2551, 0)
			SB()
				RotRel3f(2.35619, 0, 1, 0)
				RotRel3f(0.655832, 0, 0, 1)
				Cylinder(0.670991, 0.651696, 7.11478)
				MovRel3f(0, 7.11478, 0)
				RotRel3f(0.338161, 0, 0, 1)
				Cylinder(0.651696, 0.597312, 20.0535)
				MovRel3f(0, 20.0535, 0)
				RotRel3f(0.316929, 0, 0, 1)
				Cylinder(0.597312, 0.565723, 11.648)
				MovRel3f(0, 11.648, 0)
				Cylinder(0.565723, 0.553231, 4.60618)
				MovRel3f(0, 4.60618, 0)
				Cylinder(0.553231, 0.539577, 5.0349)
				MovRel3f(0, 5.0349, 0)
				Cylinder(0.539577, 0.528583, 4.05373)
				MovRel3f(0, 4.05373, 0)
				Cylinder(0.528583, 0.515598, 4.78826)
				MovRel3f(0, 4.78826, 0)
				RotRel3f(-0.0542254, 0, 0, 1)
				Cylinder(0.515598, 0.493757, 8.05345)
				MovRel3f(0, 8.05345, 0)
				Cylinder(0.493757, 0.474462, 7.11479)
				MovRel3f(0, 7.11479, 0)
			EB()
			Cylinder(0.948924, 0.926378, 6.97569)
			MovRel3f(0, 6.97569, 0)
			Cylinder(0.926378, 0.915576, 3.34244)
			MovRel3f(0, 3.34244, 0)
			SB()
				RotRel3f(0.671537, 0, 1, 0)
				RotRel3f(-0.763473, 0, 0, 1)
				Cylinder(0.64741, 0.617632, 11.3775)
				MovRel3f(0, 11.3775, 0)
				RotRel3f(-0.241641, 0, 0, 1)
				Cylinder(0.617632, 0.596123, 8.218)
				MovRel3f(0, 8.218, 0)
				Cylinder(0.596123, 0.589058, 2.69946)
				MovRel3f(0, 2.69946, 0)
				RotRel3f(-0.0623722, 0, 0, 1)
				Cylinder(0.589058, 0.567208, 8.34837)
				MovRel3f(0, 8.34837, 0)
				Cylinder(0.567208, 0.564197, 1.15054)
				MovRel3f(0, 1.15054, 0)
				RotRel3f(-0.227061, 0, 0, 1)
				Cylinder(0.564197, 0.538995, 9.62896)
				MovRel3f(0, 9.62896, 0)
				Cylinder(0.538995, 0.526698, 4.69848)
				MovRel3f(0, 4.69848, 0)
				Cylinder(0.526698, 0.511153, 5.9393)
				MovRel3f(0, 5.9393, 0)
				Cylinder(0.511153, 0.503248, 3.02017)
				MovRel3f(0, 3.02017, 0)
				Cylinder(0.503248, 0.486122, 6.54355)
				MovRel3f(0, 6.54355, 0)
				RotRel3f(0.057317, 0, 0, 1)
				Cylinder(0.486122, 0.480519, 2.14079)
				MovRel3f(0, 2.14079, 0)
				Cylinder(0.480519, 0.457788, 8.68485)
				MovRel3f(0, 8.68485, 0)
			EB()
			Cylinder(0.915576, 0.906011, 2.9595)
			MovRel3f(0, 2.9595, 0)
			SB()
				RotRel3f(1.29623, 0, 1, 0)
				RotRel3f(-0.763683, 0, 0, 1)
				Cylinder(0.640646, 0.605572, 13.5431)
				MovRel3f(0, 13.5431, 0)
				RotRel3f(-0.2453, 0, 0, 1)
				Cylinder(0.605572, 0.575793, 11.4986)
				MovRel3f(0, 11.4986, 0)
				Cylinder(0.575793, 0.550085, 9.92669)
				MovRel3f(0, 9.92669, 0)
				Cylinder(0.550085, 0.54614, 1.52298)
				MovRel3f(0, 1.52298, 0)
				Cylinder(0.54614, 0.539808, 2.44507)
				MovRel3f(0, 2.44507, 0)
				Cylinder(0.539808, 0.534239, 2.15016)
				MovRel3f(0, 2.15016, 0)
				RotRel3f(-0.301756, 0, 0, 1)
				Cylinder(0.534239, 0.532516, 0.665285)
				MovRel3f(0, 0.665285, 0)
				Cylinder(0.532516, 0.522439, 3.89123)
				MovRel3f(0, 3.89123, 0)
				Cylinder(0.522439, 0.509638, 4.94284)
				MovRel3f(0, 4.94284, 0)
				RotRel3f(0.0493154, 0, 0, 1)
				Cylinder(0.509638, 0.480458, 11.2672)
				MovRel3f(0, 11.2672, 0)
				RotRel3f(-0.227061, 0, 0, 1)
				Cylinder(0.480458, 0.479283, 0.453749)
				MovRel3f(0, 0.453749, 0)
				Cylinder(0.479283, 0.453006, 10.1463)
				MovRel3f(0, 10.1463, 0)
			EB()
			Cylinder(0.906011, 0.888699, 5.35627)
			MovRel3f(0, 5.35627, 0)
			SB()
				RotRel3f(2.49809, 0, 1, 0)
				RotRel3f(-0.655248, 0, 0, 1)
				Cylinder(0.628405, 0.565709, 24.7116)
				MovRel3f(0, 24.7116, 0)
				RotRel3f(-0.240316, 0, 0, 1)
				Cylinder(0.565709, 0.5272, 15.1783)
				MovRel3f(0, 15.1783, 0)
				Cylinder(0.5272, 0.513771, 5.29278)
				MovRel3f(0, 5.29278, 0)
				Cylinder(0.513771, 0.502104, 4.59872)
				MovRel3f(0, 4.59872, 0)
				Cylinder(0.502104, 0.496902, 2.05035)
				MovRel3f(0, 2.05035, 0)
				Cylinder(0.496902, 0.489097, 3.0762)
				MovRel3f(0, 3.0762, 0)
				Cylinder(0.489097, 0.486708, 0.941767)
				MovRel3f(0, 0.941767, 0)
				RotRel3f(-0.0392927, 0, 0, 1)
				Cylinder(0.486708, 0.468637, 7.12237)
				MovRel3f(0, 7.12237, 0)
				RotRel3f(-0.0434857, 0, 0, 1)
				Cylinder(0.468637, 0.44435, 9.57278)
				MovRel3f(0, 9.57278, 0)
			EB()
			Cylinder(0.888699, 0.880983, 2.38756)
			MovRel3f(0, 2.38756, 0)
			RotRel3f(-0.227061, 0, 0, 1)
			Cylinder(0.880983, 0.844385, 11.3236)
			MovRel3f(0, 11.3236, 0)
			Cylinder(0.844385, 0.808809, 11.0074)
			MovRel3f(0, 11.0074, 0)
			RotRel3f(0.324666, 0, 0, 1)
			Cylinder(0.808809, 0.800911, 2.4437)
			MovRel3f(0, 2.4437, 0)
			Cylinder(0.800911, 0.800512, 0.123497)
			MovRel3f(0, 0.123497, 0)
		EB()
		Cylinder(1.60102, 1.22917, 22.1158)
		MovRel3f(0, 22.1158, 0)
		RotRel3f(-0.0479069, 0, 0, 1)
		Cylinder(1.22917, 1, 13.6299)
		MovRel3f(0, 13.6299, 0)
	EB()
	Cylinder(3.83136, 3.69203, 9.34026)
	MovRel3f(0, 9.34026, 0)
	RotRel3f(-0.0779776, 0, 0, 1)
	Cylinder(3.69203, 3.55609, 9.11293)
	MovRel3f(0, 9.11293, 0)
	SB()
		RotRel3f(2.35619, 0, 1, 0)
		RotRel3f(0.656114, 0, 0, 1)
		Cylinder(3.09581, 2.67372, 29.0804)
		MovRel3f(0, 29.0804, 0)
		RotRel3f(0.26522, 0, 0, 1)
		Cylinder(2.67372, 2.09666, 39.7577)
		MovRel3f(0, 39.7577, 0)
		RotRel3f(0.348371, 0, 0, 1)
		Cylinder(2.09666, 1.92881, 11.5644)
		MovRel3f(0, 11.5644, 0)
		SB()
			RotRel3f(2.49809, 0, 1, 0)
			RotRel3f(-0.653907, 0, 0, 1)
			Cylinder(1.36388, 1.32466, 10.0517)
			MovRel3f(0, 10.0517, 0)
			Cylinder(1.32466, 1.22092, 26.5878)
			MovRel3f(0, 26.5878, 0)
			RotRel3f(-0.0373706, 0, 0, 1)
			Cylinder(1.22092, 1.1817, 10.0517)
			MovRel3f(0, 10.0517, 0)
			RotRel3f(-0.0451137, 0, 0, 1)
			Cylinder(1.1817, 1.16495, 4.29169)
			MovRel3f(0, 4.29169, 0)
			SB()
				RotRel3f(0.671537, 0, 1, 0)
				RotRel3f(-0.783604, 0, 0, 1)
				Cylinder(0.823746, 0.777739, 13.7873)
				MovRel3f(0, 13.7873, 0)
				Cylinder(0.777739, 0.760531, 5.15676)
				MovRel3f(0, 5.15676, 0)
				RotRel3f(-0.0454122, 0, 0, 1)
				Cylinder(0.760531, 0.727098, 10.0191)
				MovRel3f(0, 10.0191, 0)
				RotRel3f(-0.0457587, 0, 0, 1)
				Cylinder(0.727098, 0.705612, 6.43894)
				MovRel3f(0, 6.43894, 0)
				Cylinder(0.705612, 0.697986, 2.28534)
				MovRel3f(0, 2.28534, 0)
				Cylinder(0.697986, 0.696299, 0.505532)
				MovRel3f(0, 0.505532, 0)
				Cylinder(0.696299, 0.692247, 1.21436)
				MovRel3f(0, 1.21436, 0)
				Cylinder(0.692247, 0.667438, 7.4346)
				MovRel3f(0, 7.4346, 0)
				Cylinder(0.667438, 0.630162, 11.1709)
				MovRel3f(0, 11.1709, 0)
				RotRel3f(-0.235565, 0, 0, 1)
				Cylinder(0.630162, 0.582476, 14.2903)
				MovRel3f(0, 14.2903, 0)
			EB()
			Cylinder(1.16495, 1.15037, 3.73667)
			MovRel3f(0, 3.73667, 0)
			SB()
				RotRel3f(2.49809, 0, 1, 0)
				RotRel3f(-0.65389, 0, 0, 1)
				Cylinder(0.813437, 0.761358, 15.849)
				MovRel3f(0, 15.849, 0)
				RotRel3f(-0.237446, 0, 0, 1)
				Cylinder(0.761358, 0.737967, 7.11861)
				MovRel3f(0, 7.11861, 0)
				RotRel3f(-0.186853, 0, 0, 1)
				Cylinder(0.737967, 0.713155, 7.55114)
				MovRel3f(0, 7.55114, 0)
				RotRel3f(-0.196938, 0, 0, 1)
				Cylinder(0.713155, 0.681681, 9.57852)
				MovRel3f(0, 9.57852, 0)
				Cylinder(0.681681, 0.671578, 3.07462)
				MovRel3f(0, 3.07462, 0)
				Cylinder(0.671578, 0.661216, 3.15329)
				MovRel3f(0, 3.15329, 0)
				RotRel3f(0.0422405, 0, 0, 1)
				Cylinder(0.661216, 0.651757, 2.87865)
				MovRel3f(0, 2.87865, 0)
				Cylinder(0.651757, 0.647488, 1.2992)
				MovRel3f(0, 1.2992, 0)
				Cylinder(0.647488, 0.630248, 5.24666)
				MovRel3f(0, 5.24666, 0)
				Cylinder(0.630248, 0.583636, 14.1857)
				MovRel3f(0, 14.1857, 0)
				RotRel3f(0.220896, 0, 0, 1)
				Cylinder(0.583636, 0.575187, 2.57124)
				MovRel3f(0, 2.57124, 0)
			EB()
			Cylinder(1.15037, 1.13169, 4.78792)
			MovRel3f(0, 4.78792, 0)
			SB()
				RotRel3f(1.29623, 0, 1, 0)
				RotRel3f(-0.769206, 0, 0, 1)
				Cylinder(0.800227, 0.769207, 9.59566)
				MovRel3f(0, 9.59566, 0)
				Cylinder(0.769207, 0.743087, 8.08014)
				MovRel3f(0, 8.08014, 0)
				RotRel3f(-0.0792906, 0, 0, 1)
				Cylinder(0.743087, 0.697192, 14.1971)
				MovRel3f(0, 14.1971, 0)
				Cylinder(0.697192, 0.679592, 5.4444)
				MovRel3f(0, 5.4444, 0)
				Cylinder(0.679592, 0.678349, 0.384527)
				MovRel3f(0, 0.384527, 0)
				Cylinder(0.678349, 0.665592, 3.94633)
				MovRel3f(0, 3.94633, 0)
				RotRel3f(-0.238716, 0, 0, 1)
				Cylinder(0.665592, 0.657881, 2.38526)
				MovRel3f(0, 2.38526, 0)
				Cylinder(0.657881, 0.644859, 4.02823)
				MovRel3f(0, 4.02823, 0)
				Cylinder(0.644859, 0.617386, 8.49862)
				MovRel3f(0, 8.49862, 0)
				Cylinder(0.617386, 0.610363, 2.17242)
				MovRel3f(0, 2.17242, 0)
				RotRel3f(0.227061, 0, 0, 1)
				Cylinder(0.610363, 0.579633, 9.50595)
				MovRel3f(0, 9.50595, 0)
				RotRel3f(-0.0454122, 0, 0, 1)
				Cylinder(0.579633, 0.565846, 4.26498)
				MovRel3f(0, 4.26498, 0)
			EB()
			Cylinder(1.13169, 1.08963, 10.7812)
			MovRel3f(0, 10.7812, 0)
			SB()
				RotRel3f(2.35619, 0, 1, 0)
				RotRel3f(0.655448, 0, 0, 1)
				Cylinder(0.770482, 0.728092, 13.581)
				MovRel3f(0, 13.581, 0)
				RotRel3f(0.348371, 0, 0, 1)
				Cylinder(0.728092, 0.686729, 13.252)
				MovRel3f(0, 13.252, 0)
				RotRel3f(-0.0645938, 0, 0, 1)
				Cylinder(0.686729, 0.656693, 9.62293)
				MovRel3f(0, 9.62293, 0)
				RotRel3f(0.229918, 0, 0, 1)
				Cylinder(0.656693, 0.646309, 3.32677)
				MovRel3f(0, 3.32677, 0)
				Cylinder(0.646309, 0.63746, 2.83496)
				MovRel3f(0, 2.83496, 0)
				Cylinder(0.63746, 0.628383, 2.90804)
				MovRel3f(0, 2.90804, 0)
				RotRel3f(-0.0508892, 0, 0, 1)
				Cylinder(0.628383, 0.622827, 1.78028)
				MovRel3f(0, 1.78028, 0)
				Cylinder(0.622827, 0.619819, 0.96345)
				MovRel3f(0, 0.96345, 0)
				Cylinder(0.619819, 0.609302, 3.36976)
				MovRel3f(0, 3.36976, 0)
				Cylinder(0.609302, 0.569287, 12.8197)
				MovRel3f(0, 12.8197, 0)
				RotRel3f(0.059026, 0, 0, 1)
				Cylinder(0.569287, 0.544813, 7.84109)
				MovRel3f(0, 7.84109, 0)
			EB()
			Cylinder(1.08963, 1.0015, 22.5871)
			MovRel3f(0, 22.5871, 0)
			RotRel3f(-0.039616, 0, 0, 1)
			Cylinder(1.0015, 0.964406, 9.50602)
			MovRel3f(0, 9.50602, 0)
			Cylinder(0.964406, 0.964406, 1.52588e-05)
			MovRel3f(0, 1.52588e-05, 0)
		EB()
		Cylinder(1.92881, 1.8138, 7.92372)
		MovRel3f(0, 7.92372, 0)
		SB()
			RotRel3f(0.671537, 0, 1, 0)
			RotRel3f(-0.757645, 0, 0, 1)
			Cylinder(1.28255, 1.17766, 28.5051)
			MovRel3f(0, 28.5051, 0)
			Cylinder(1.17766, 1.14706, 8.31738)
			MovRel3f(0, 8.31738, 0)
			RotRel3f(-0.0523788, 0, 0, 1)
			Cylinder(1.14706, 1.08371, 17.2146)
			MovRel3f(0, 17.2146, 0)
			SB()
				RotRel3f(2.35619, 0, 1, 0)
				RotRel3f(0.656769, 0, 0, 1)
				Cylinder(0.766302, 0.744267, 7.07908)
				MovRel3f(0, 7.07908, 0)
				Cylinder(0.744267, 0.722231, 7.07908)
				MovRel3f(0, 7.07908, 0)
				Cylinder(0.722231, 0.701648, 6.61237)
				MovRel3f(0, 6.61237, 0)
				RotRel3f(0.348371, 0, 0, 1)
				Cylinder(0.701648, 0.679612, 7.07908)
				MovRel3f(0, 7.07908, 0)
				RotRel3f(0.297897, 0, 0, 1)
				Cylinder(0.679612, 0.649675, 9.61743)
				MovRel3f(0, 9.61743, 0)
				Cylinder(0.649675, 0.645892, 1.21544)
				MovRel3f(0, 1.21544, 0)
				Cylinder(0.645892, 0.642863, 0.973103)
				MovRel3f(0, 0.973103, 0)
				Cylinder(0.642863, 0.637194, 1.82097)
				MovRel3f(0, 1.82097, 0)
				Cylinder(0.637194, 0.61807, 6.14393)
				MovRel3f(0, 6.14393, 0)
				RotRel3f(-0.0640891, 0, 0, 1)
				Cylinder(0.61807, 0.568029, 16.0757)
				MovRel3f(0, 16.0757, 0)
				RotRel3f(-0.0539349, 0, 0, 1)
				Cylinder(0.568029, 0.552649, 4.94108)
				MovRel3f(0, 4.94108, 0)
				Cylinder(0.552649, 0.541858, 3.46667)
				MovRel3f(0, 3.46667, 0)
			EB()
			Cylinder(1.08371, 1.08172, 0.541432)
			MovRel3f(0, 0.541432, 0)
			SB()
				RotRel3f(1.29623, 0, 1, 0)
				RotRel3f(-0.763723, 0, 0, 1)
				Cylinder(0.764894, 0.699635, 21.0504)
				MovRel3f(0, 21.0504, 0)
				Cylinder(0.699635, 0.688771, 3.50421)
				MovRel3f(0, 3.50421, 0)
				RotRel3f(-0.0466463, 0, 0, 1)
				Cylinder(0.688771, 0.649254, 12.7471)
				MovRel3f(0, 12.7471, 0)
				Cylinder(0.649254, 0.627772, 6.92949)
				MovRel3f(0, 6.92949, 0)
				Cylinder(0.627772, 0.626384, 0.447407)
				MovRel3f(0, 0.447407, 0)
				RotRel3f(-0.0817349, 0, 0, 1)
				Cylinder(0.626384, 0.610739, 5.04679)
				MovRel3f(0, 5.04679, 0)
				Cylinder(0.610739, 0.597214, 4.36255)
				MovRel3f(0, 4.36255, 0)
				Cylinder(0.597214, 0.596954, 0.0840771)
				MovRel3f(0, 0.0840771, 0)
				Cylinder(0.596954, 0.595087, 0.602021)
				MovRel3f(0, 0.602021, 0)
				RotRel3f(-0.371282, 0, 0, 1)
				Cylinder(0.595087, 0.540862, 17.4916)
				MovRel3f(0, 17.4916, 0)
			EB()
			Cylinder(1.08172, 1.05801, 6.44511)
			MovRel3f(0, 6.44511, 0)
			SB()
				RotRel3f(0.671537, 0, 1, 0)
				RotRel3f(-0.788284, 0, 0, 1)
				Cylinder(0.748124, 0.719395, 9.44751)
				MovRel3f(0, 9.44751, 0)
				RotRel3f(-0.234856, 0, 0, 1)
				Cylinder(0.719395, 0.716074, 1.09215)
				MovRel3f(0, 1.09215, 0)
				Cylinder(0.716074, 0.671783, 14.5651)
				MovRel3f(0, 14.5651, 0)
				Cylinder(0.671783, 0.668531, 1.06968)
				MovRel3f(0, 1.06968, 0)
				RotRel3f(-0.315156, 0, 0, 1)
				Cylinder(0.668531, 0.639802, 9.44751)
				MovRel3f(0, 9.44751, 0)
				RotRel3f(-0.227061, 0, 0, 1)
				Cylinder(0.639802, 0.626772, 4.28466)
				MovRel3f(0, 4.28466, 0)
				Cylinder(0.626772, 0.620107, 2.19203)
				MovRel3f(0, 2.19203, 0)
				Cylinder(0.620107, 0.611491, 2.83343)
				MovRel3f(0, 2.83343, 0)
				Cylinder(0.611491, 0.592139, 6.36372)
				MovRel3f(0, 6.36372, 0)
				Cylinder(0.592139, 0.5801, 3.95899)
				MovRel3f(0, 3.95899, 0)
				RotRel3f(0.0608796, 0, 0, 1)
				Cylinder(0.5801, 0.571609, 2.79255)
				MovRel3f(0, 2.79255, 0)
				Cylinder(0.571609, 0.529004, 14.0106)
				MovRel3f(0, 14.0106, 0)
			EB()
			Cylinder(1.05801, 1.03373, 6.59665)
			MovRel3f(0, 6.59665, 0)
			SB()
				RotRel3f(2.49809, 0, 1, 0)
				RotRel3f(-0.656517, 0, 0, 1)
				Cylinder(0.73096, 0.680197, 17.0914)
				MovRel3f(0, 17.0914, 0)
				RotRel3f(0.0420635, 0, 0, 1)
				Cylinder(0.680197, 0.673898, 2.12064)
				MovRel3f(0, 2.12064, 0)
				Cylinder(0.673898, 0.626768, 15.8683)
				MovRel3f(0, 15.8683, 0)
				Cylinder(0.626768, 0.626084, 0.230214)
				MovRel3f(0, 0.230214, 0)
				RotRel3f(-0.0418696, 0, 0, 1)
				Cylinder(0.626084, 0.608376, 5.96205)
				MovRel3f(0, 5.96205, 0)
				Cylinder(0.608376, 0.605065, 1.11493)
				MovRel3f(0, 1.11493, 0)
				RotRel3f(-0.039945, 0, 0, 1)
				Cylinder(0.605065, 0.602883, 0.734564)
				MovRel3f(0, 0.734564, 0)
				Cylinder(0.602883, 0.592963, 3.3398)
				MovRel3f(0, 3.3398, 0)
				Cylinder(0.592963, 0.54927, 14.7111)
				MovRel3f(0, 14.7111, 0)
				RotRel3f(-0.0373706, 0, 0, 1)
				Cylinder(0.54927, 0.520162, 9.80011)
				MovRel3f(0, 9.80011, 0)
				Cylinder(0.520162, 0.516867, 1.1095)
				MovRel3f(0, 1.1095, 0)
			EB()
			Cylinder(1.03373, 1.01342, 5.5208)
			MovRel3f(0, 5.5208, 0)
			Cylinder(1.01342, 0.992388, 5.7153)
			MovRel3f(0, 5.7153, 0)
			RotRel3f(-0.283752, 0, 0, 1)
			Cylinder(0.992388, 0.943137, 13.3848)
			MovRel3f(0, 13.3848, 0)
			RotRel3f(-0.315396, 0, 0, 1)
			Cylinder(0.943137, 0.906902, 9.84738)
			MovRel3f(0, 9.84738, 0)
		EB()
		Cylinder(1.8138, 1.77292, 2.81694)
		MovRel3f(0, 2.81694, 0)
		SB()
			RotRel3f(2.35619, 0, 1, 0)
			RotRel3f(0.653928, 0, 0, 1)
			Cylinder(1.25364, 1.21759, 10.0485)
			MovRel3f(0, 10.0485, 0)
			Cylinder(1.21759, 1.10041, 32.6636)
			MovRel3f(0, 32.6636, 0)
			RotRel3f(0.0547951, 0, 0, 1)
			Cylinder(1.10041, 1.07992, 5.71256)
			MovRel3f(0, 5.71256, 0)
			Cylinder(1.07992, 1.06157, 5.11229)
			MovRel3f(0, 5.11229, 0)
			SB()
				RotRel3f(1.29623, 0, 1, 0)
				RotRel3f(-0.784839, 0, 0, 1)
				Cylinder(0.750647, 0.721821, 9.52132)
				MovRel3f(0, 9.52132, 0)
				RotRel3f(-0.290403, 0, 0, 1)
				Cylinder(0.721821, 0.700701, 6.97609)
				MovRel3f(0, 6.97609, 0)
				Cylinder(0.700701, 0.692995, 2.54523)
				MovRel3f(0, 2.54523, 0)
				RotRel3f(0.334579, 0, 0, 1)
				Cylinder(0.692995, 0.645242, 15.7731)
				MovRel3f(0, 15.7731, 0)
				Cylinder(0.645242, 0.641579, 1.21012)
				MovRel3f(0, 1.21012, 0)
				Cylinder(0.641579, 0.629686, 3.92813)
				MovRel3f(0, 3.92813, 0)
				Cylinder(0.629686, 0.621381, 2.74329)
				MovRel3f(0, 2.74329, 0)
				Cylinder(0.621381, 0.608332, 4.31021)
				MovRel3f(0, 4.31021, 0)
				Cylinder(0.608332, 0.607052, 0.422732)
				MovRel3f(0, 0.422732, 0)
				RotRel3f(-0.309133, 0, 0, 1)
				Cylinder(0.607052, 0.566552, 13.3774)
				MovRel3f(0, 13.3774, 0)
				Cylinder(0.566552, 0.562246, 1.42228)
				MovRel3f(0, 1.42228, 0)
				RotRel3f(0.227061, 0, 0, 1)
				Cylinder(0.562246, 0.530788, 10.3909)
				MovRel3f(0, 10.3909, 0)
			EB()
			Cylinder(1.06157, 1.03254, 8.09223)
			MovRel3f(0, 8.09223, 0)
			SB()
				RotRel3f(2.49809, 0, 1, 0)
				RotRel3f(-0.658655, 0, 0, 1)
				Cylinder(0.730118, 0.709123, 7.12852)
				MovRel3f(0, 7.12852, 0)
				Cylinder(0.709123, 0.633247, 25.7622)
				MovRel3f(0, 25.7622, 0)
				RotRel3f(-0.0485909, 0, 0, 1)
				Cylinder(0.633247, 0.610152, 7.84151)
				MovRel3f(0, 7.84151, 0)
				Cylinder(0.610152, 0.602734, 2.51863)
				MovRel3f(0, 2.51863, 0)
				Cylinder(0.602734, 0.589446, 4.51189)
				MovRel3f(0, 4.51189, 0)
				Cylinder(0.589446, 0.582975, 2.19711)
				MovRel3f(0, 2.19711, 0)
				RotRel3f(-0.0430801, 0, 0, 1)
				Cylinder(0.582975, 0.580185, 0.947222)
				MovRel3f(0, 0.947222, 0)
				Cylinder(0.580185, 0.525923, 18.4236)
				MovRel3f(0, 18.4236, 0)
				RotRel3f(-0.0481402, 0, 0, 1)
				Cylinder(0.525923, 0.516272, 3.27687)
				MovRel3f(0, 3.27687, 0)
				Cylinder(0.516272, 0.516272, 1.52588e-05)
				MovRel3f(0, 1.52588e-05, 0)
			EB()
			Cylinder(1.03254, 1.02487, 2.13875)
			MovRel3f(0, 2.13875, 0)
			SB()
				RotRel3f(0.671537, 0, 1, 0)
				RotRel3f(-0.777029, 0, 0, 1)
				Cylinder(0.724693, 0.668108, 19.3349)
				MovRel3f(0, 19.3349, 0)
				RotRel3f(-0.227061, 0, 0, 1)
				Cylinder(0.668108, 0.640278, 9.50907)
				MovRel3f(0, 9.50907, 0)
				RotRel3f(-0.284937, 0, 0, 1)
				Cylinder(0.640278, 0.627655, 4.31322)
				MovRel3f(0, 4.31322, 0)
				Cylinder(0.627655, 0.615018, 4.31815)
				MovRel3f(0, 4.31815, 0)
				Cylinder(0.615018, 0.592667, 7.63743)
				MovRel3f(0, 7.63743, 0)
				Cylinder(0.592667, 0.57949, 4.50243)
				MovRel3f(0, 4.50243, 0)
				Cylinder(0.57949, 0.567982, 3.93221)
				MovRel3f(0, 3.93221, 0)
				RotRel3f(0.370158, 0, 0, 1)
				Cylinder(0.567982, 0.562376, 1.91538)
				MovRel3f(0, 1.91538, 0)
				Cylinder(0.562376, 0.547723, 5.00698)
				MovRel3f(0, 5.00698, 0)
				Cylinder(0.547723, 0.512435, 12.0576)
				MovRel3f(0, 12.0576, 0)
			EB()
			Cylinder(1.02487, 1.00386, 5.85591)
			MovRel3f(0, 5.85591, 0)
			SB()
				RotRel3f(2.35619, 0, 1, 0)
				RotRel3f(0.655628, 0, 0, 1)
				Cylinder(0.709838, 0.650401, 20.6075)
				MovRel3f(0, 20.6075, 0)
				RotRel3f(0.33627, 0, 0, 1)
				Cylinder(0.650401, 0.629989, 7.07708)
				MovRel3f(0, 7.07708, 0)
				RotRel3f(0.265888, 0, 0, 1)
				Cylinder(0.629989, 0.607546, 7.78112)
				MovRel3f(0, 7.78112, 0)
				Cylinder(0.607546, 0.5963, 3.89923)
				MovRel3f(0, 3.89923, 0)
				Cylinder(0.5963, 0.592659, 1.26238)
				MovRel3f(0, 1.26238, 0)
				RotRel3f(-0.289685, 0, 0, 1)
				Cylinder(0.592659, 0.587168, 1.90362)
				MovRel3f(0, 1.90362, 0)
				Cylinder(0.587168, 0.572265, 5.16704)
				MovRel3f(0, 5.16704, 0)
				Cylinder(0.572265, 0.563721, 2.96227)
				MovRel3f(0, 2.96227, 0)
				RotRel3f(0.0661608, 0, 0, 1)
				Cylinder(0.563721, 0.553886, 3.40992)
				MovRel3f(0, 3.40992, 0)
				Cylinder(0.553886, 0.523922, 10.3888)
				MovRel3f(0, 10.3888, 0)
				Cylinder(0.523922, 0.501931, 7.62464)
				MovRel3f(0, 7.62464, 0)
			EB()
			Cylinder(1.00386, 0.999578, 1.19392)
			MovRel3f(0, 1.19392, 0)
			RotRel3f(0.297457, 0, 0, 1)
			Cylinder(0.999578, 0.937623, 17.2696)
			MovRel3f(0, 17.2696, 0)
			RotRel3f(-0.0618171, 0, 0, 1)
			Cylinder(0.937623, 0.886459, 14.2615)
			MovRel3f(0, 14.2615, 0)
		EB()
		Cylinder(1.77292, 1.65823, 7.90174)
		MovRel3f(0, 7.90174, 0)
		SB()
			RotRel3f(1.29623, 0, 1, 0)
			RotRel3f(-0.782799, 0, 0, 1)
			Cylinder(1.17254, 1.12752, 13.4157)
			MovRel3f(0, 13.4157, 0)
			Cylinder(1.12752, 1.09336, 10.1775)
			MovRel3f(0, 10.1775, 0)
			RotRel3f(-0.065765, 0, 0, 1)
			Cylinder(1.09336, 1.04833, 13.4157)
			MovRel3f(0, 13.4157, 0)
			RotRel3f(-0.0454122, 0, 0, 1)
			Cylinder(1.04833, 0.993898, 16.2181)
			MovRel3f(0, 16.2181, 0)
			Cylinder(0.993898, 0.985618, 2.46722)
			MovRel3f(0, 2.46722, 0)
			SB()
				RotRel3f(2.49809, 0, 1, 0)
				RotRel3f(-0.654655, 0, 0, 1)
				Cylinder(0.696937, 0.676896, 7.08768)
				MovRel3f(0, 7.08768, 0)
				Cylinder(0.676896, 0.614767, 21.9724)
				MovRel3f(0, 21.9724, 0)
				Cylinder(0.614767, 0.604469, 3.64221)
				MovRel3f(0, 3.64221, 0)
				RotRel3f(0.0458149, 0, 0, 1)
				Cylinder(0.604469, 0.589707, 5.22051)
				MovRel3f(0, 5.22051, 0)
				Cylinder(0.589707, 0.572964, 5.92149)
				MovRel3f(0, 5.92149, 0)
				Cylinder(0.572964, 0.572008, 0.337821)
				MovRel3f(0, 0.337821, 0)
				Cylinder(0.572008, 0.564505, 2.65354)
				MovRel3f(0, 2.65354, 0)
				Cylinder(0.564505, 0.549602, 5.27054)
				MovRel3f(0, 5.27054, 0)
				Cylinder(0.549602, 0.548529, 0.379455)
				MovRel3f(0, 0.379455, 0)
				RotRel3f(-0.0488336, 0, 0, 1)
				Cylinder(0.548529, 0.512183, 12.8542)
				MovRel3f(0, 12.8542, 0)
				Cylinder(0.512183, 0.492809, 6.8517)
				MovRel3f(0, 6.8517, 0)
			EB()
			Cylinder(0.985618, 0.976714, 2.65298)
			MovRel3f(0, 2.65298, 0)
			SB()
				RotRel3f(2.35619, 0, 1, 0)
				RotRel3f(0.655122, 0, 0, 1)
				Cylinder(0.690641, 0.670781, 7.06582)
				MovRel3f(0, 7.06582, 0)
				RotRel3f(0.258845, 0, 0, 1)
				Cylinder(0.670781, 0.670781, 1.59277e-07)
				MovRel3f(0, 1.59277e-07, 0)
				Cylinder(0.670781, 0.609476, 21.8113)
				MovRel3f(0, 21.8113, 0)
				Cylinder(0.609476, 0.592296, 6.11238)
				MovRel3f(0, 6.11238, 0)
				Cylinder(0.592296, 0.579148, 4.67773)
				MovRel3f(0, 4.67773, 0)
				RotRel3f(0.28678, 0, 0, 1)
				Cylinder(0.579148, 0.577046, 0.747797)
				MovRel3f(0, 0.747797, 0)
				Cylinder(0.577046, 0.563521, 4.81206)
				MovRel3f(0, 4.81206, 0)
				Cylinder(0.563521, 0.558035, 1.95156)
				MovRel3f(0, 1.95156, 0)
				Cylinder(0.558035, 0.524002, 12.1084)
				MovRel3f(0, 12.1084, 0)
				RotRel3f(-0.0696742, 0, 0, 1)
				Cylinder(0.524002, 0.488878, 12.4965)
				MovRel3f(0, 12.4965, 0)
				Cylinder(0.488878, 0.488357, 0.185265)
				MovRel3f(0, 0.185265, 0)
			EB()
			Cylinder(0.976714, 0.961249, 4.60749)
			MovRel3f(0, 4.60749, 0)
			SB()
				RotRel3f(0.671537, 0, 1, 0)
				RotRel3f(-0.768481, 0, 0, 1)
				Cylinder(0.679706, 0.624706, 19.9611)
				MovRel3f(0, 19.9611, 0)
				RotRel3f(-0.247858, 0, 0, 1)
				Cylinder(0.624706, 0.606371, 6.65431)
				MovRel3f(0, 6.65431, 0)
				Cylinder(0.606371, 0.587217, 6.95138)
				MovRel3f(0, 6.95138, 0)
				RotRel3f(0.256846, 0, 0, 1)
				Cylinder(0.587217, 0.567721, 7.07593)
				MovRel3f(0, 7.07593, 0)
				Cylinder(0.567721, 0.565582, 0.776306)
				MovRel3f(0, 0.776306, 0)
				Cylinder(0.565582, 0.561116, 1.62074)
				MovRel3f(0, 1.62074, 0)
				RotRel3f(-0.277239, 0, 0, 1)
				Cylinder(0.561116, 0.556898, 1.53083)
				MovRel3f(0, 1.53083, 0)
				Cylinder(0.556898, 0.54149, 5.59189)
				MovRel3f(0, 5.59189, 0)
				Cylinder(0.54149, 0.533647, 2.84662)
				MovRel3f(0, 2.84662, 0)
				Cylinder(0.533647, 0.533432, 0.0780087)
				MovRel3f(0, 0.0780087, 0)
				RotRel3f(-0.269228, 0, 0, 1)
				Cylinder(0.533432, 0.502339, 11.2845)
				MovRel3f(0, 11.2845, 0)
				RotRel3f(-0.227061, 0, 0, 1)
				Cylinder(0.502339, 0.487615, 5.34372)
				MovRel3f(0, 5.34372, 0)
				Cylinder(0.487615, 0.480625, 2.53673)
				MovRel3f(0, 2.53673, 0)
			EB()
			Cylinder(0.961249, 0.944949, 4.85677)
			MovRel3f(0, 4.85677, 0)
			SB()
				RotRel3f(1.29623, 0, 1, 0)
				RotRel3f(-0.778088, 0, 0, 1)
				Cylinder(0.66818, 0.600315, 24.9586)
				MovRel3f(0, 24.9586, 0)
				Cylinder(0.600315, 0.600078, 0.0870003)
				MovRel3f(0, 0.0870003, 0)
				RotRel3f(-0.0454122, 0, 0, 1)
				Cylinder(0.600078, 0.555451, 16.4126)
				MovRel3f(0, 16.4126, 0)
				Cylinder(0.555451, 0.543867, 4.26008)
				MovRel3f(0, 4.26008, 0)
				Cylinder(0.543867, 0.528296, 5.72658)
				MovRel3f(0, 5.72658, 0)
				Cylinder(0.528296, 0.524793, 1.28843)
				MovRel3f(0, 1.28843, 0)
				RotRel3f(-0.0454122, 0, 0, 1)
				Cylinder(0.524793, 0.517999, 2.49858)
				MovRel3f(0, 2.49858, 0)
				Cylinder(0.517999, 0.515059, 1.08133)
				MovRel3f(0, 1.08133, 0)
				Cylinder(0.515059, 0.472475, 15.6611)
				MovRel3f(0, 15.6611, 0)
			EB()
			Cylinder(0.944949, 0.941892, 0.910642)
			MovRel3f(0, 0.910642, 0)
			RotRel3f(-0.227061, 0, 0, 1)
			Cylinder(0.941892, 0.869589, 21.5425)
			MovRel3f(0, 21.5425, 0)
			Cylinder(0.869589, 0.829114, 12.0595)
			MovRel3f(0, 12.0595, 0)
		EB()
		Cylinder(1.65823, 1.27451, 26.437)
		MovRel3f(0, 26.437, 0)
		RotRel3f(-0.0591548, 0, 0, 1)
		Cylinder(1.27451, 1.20576, 4.73637)
		MovRel3f(0, 4.73637, 0)
		Cylinder(1.20576, 1.06875, 9.44015)
		MovRel3f(0, 9.44015, 0)
		RotRel3f(-0.315548, 0, 0, 1)
		Cylinder(1.06875, 1, 4.73639)
		MovRel3f(0, 4.73639, 0)
	EB()
	Cylinder(3.55609, 2.87893, 45.3958)
	MovRel3f(0, 45.3958, 0)
	RotRel3f(-0.0769108, 0, 0, 1)
	Cylinder(2.87893, 2.55901, 21.4471)
	MovRel3f(0, 21.4471, 0)
	Cylinder(2.55901, 2.41385, 9.73124)
	MovRel3f(0, 9.73124, 0)
	RotRel3f(-0.413919, 0, 0, 1)
	Cylinder(2.41385, 2.02271, 26.2208)
	MovRel3f(0, 26.2208, 0)
EB()
