LST 0.1

SB()
	RotRel3f(0, 0, 1, 0)
	RotRel3f(-0.328812, 0, 0, 1)
	Cylinder(9, 9, 32.209)
	MovRel3f(0, 32.209, 0)
	RotRel3f(0.264491, 0, 0, 1)
	Cylinder(9, 9, 55.9634)
	MovRel3f(0, 55.9634, 0)
	RotRel3f(0.20001, 0, 0, 1)
	Cylinder(9, 9, 1.95363)
	MovRel3f(0, 1.95363, 0)
	Cylinder(9, 9, 64.915)
	MovRel3f(0, 64.915, 0)
	RotRel3f(-0.257895, 0, 0, 1)
	Cylinder(9, 9, 71.9898)
	MovRel3f(0, 71.9898, 0)
	RotRel3f(0.0493802, 0, 0, 1)
	Cylinder(9, 9, 7.13841)
	MovRel3f(0, 7.13841, 0)
	SB()
		RotRel3f(0.250608, 0, 1, 0)
		RotRel3f(-0.575315, 0, 0, 1)
		Cylinder(9, 8.60842, 36.3882)
		MovRel3f(0, 36.3882, 0)
		RotRel3f(-0.746825, 0, 0, 1)
		Cylinder(8.60842, 8.24031, 34.207)
		MovRel3f(0, 34.207, 0)
		RotRel3f(0.156711, 0, 0, 1)
		Cylinder(8.24031, 7.8946, 32.1258)
		MovRel3f(0, 32.1258, 0)
		RotRel3f(0.120974, 0, 0, 1)
		Cylinder(7.8946, 7.5944, 27.8964)
		MovRel3f(0, 27.8964, 0)
		RotRel3f(0.161898, 0, 0, 1)
		Cylinder(7.5944, 7.19753, 36.8794)
		MovRel3f(0, 36.8794, 0)
		Cylinder(7.19753, 7, 18.3555)
		MovRel3f(0, 18.3555, 0)
		SB()
			RotRel3f(0.250608, 0, 1, 0)
			RotRel3f(-0.57788, 0, 0, 1)
			Cylinder(7, 6.47795, 39.7846)
			MovRel3f(0, 39.7846, 0)
			Cylinder(6.47795, 6.43222, 3.48443)
			MovRel3f(0, 3.48443, 0)
			RotRel3f(-0.119797, 0, 0, 1)
			Cylinder(6.43222, 6.10031, 25.2944)
			MovRel3f(0, 25.2944, 0)
			RotRel3f(-0.135713, 0, 0, 1)
			Cylinder(6.10031, 5.79307, 23.4136)
			MovRel3f(0, 23.4136, 0)
			RotRel3f(-0.142009, 0, 0, 1)
			Cylinder(5.79307, 5.45112, 26.0598)
			MovRel3f(0, 26.0598, 0)
			RotRel3f(-0.161898, 0, 0, 1)
			Cylinder(5.45112, 4.99095, 35.0682)
			MovRel3f(0, 35.0682, 0)
			RotRel3f(-0.160215, 0, 0, 1)
			Cylinder(4.99095, 4.94975, 3.13998)
			MovRel3f(0, 3.13998, 0)
			SB()
				RotRel3f(0.250608, 0, 1, 0)
				RotRel3f(-0.581991, 0, 0, 1)
				Cylinder(4.94975, 4.80657, 12.949)
				MovRel3f(0, 12.949, 0)
				Cylinder(4.80657, 4.617, 17.144)
				MovRel3f(0, 17.144, 0)
				RotRel3f(-0.141504, 0, 0, 1)
				Cylinder(4.617, 4.42556, 17.3125)
				MovRel3f(0, 17.3125, 0)
				RotRel3f(-0.06927, 0, 0, 1)
				Cylinder(4.42556, 3.99029, 39.3651)
				MovRel3f(0, 39.3651, 0)
				RotRel3f(-0.161898, 0, 0, 1)
				Cylinder(3.99029, 3.56237, 38.699)
				MovRel3f(0, 38.699, 0)
				RotRel3f(-0.161898, 0, 0, 1)
				Cylinder(3.56237, 3.5, 5.64072)
				MovRel3f(0, 5.64072, 0)
				SB()
					RotRel3f(0.250608, 0, 1, 0)
					RotRel3f(-0.570475, 0, 0, 1)
					Cylinder(3.5, 3.39876, 10.877)
					MovRel3f(0, 10.877, 0)
					Cylinder(3.39876, 3.34898, 5.34786)
					MovRel3f(0, 5.34786, 0)
					RotRel3f(-0.100422, 0, 0, 1)
					Cylinder(3.34898, 3.13909, 22.5486)
					MovRel3f(0, 22.5486, 0)
					RotRel3f(-0.160192, 0, 0, 1)
					Cylinder(3.13909, 2.93477, 21.9505)
					MovRel3f(0, 21.9505, 0)
					RotRel3f(-0.160977, 0, 0, 1)
					Cylinder(2.93477, 2.68905, 26.3975)
					MovRel3f(0, 26.3975, 0)
					RotRel3f(-0.161898, 0, 0, 1)
					Cylinder(2.68905, 2.53626, 16.4149)
					MovRel3f(0, 16.4149, 0)
					RotRel3f(-0.161898, 0, 0, 1)
					Cylinder(2.53626, 2.49786, 4.12545)
					MovRel3f(0, 4.12545, 0)
					Cylinder(2.49786, 2.47488, 2.46897)
					MovRel3f(0, 2.46897, 0)
				EB()
				SB()
					RotRel3f(0.622545, 0, 1, 0)
					RotRel3f(0.537862, 0, 0, 1)
					Cylinder(3.5, 3.20438, 31.7647)
					MovRel3f(0, 31.7647, 0)
					RotRel3f(0.6819, 0, 0, 1)
					Cylinder(3.20438, 2.94409, 27.9687)
					MovRel3f(0, 27.9687, 0)
					Cylinder(2.94409, 2.79922, 15.5657)
					MovRel3f(0, 15.5657, 0)
					RotRel3f(-0.675085, 0, 0, 1)
					Cylinder(2.79922, 2.51168, 30.8971)
					MovRel3f(0, 30.8971, 0)
					RotRel3f(0.135732, 0, 0, 1)
					Cylinder(2.51168, 2.47488, 3.95441)
					MovRel3f(0, 3.95441, 0)
				EB()
				SB()
					RotRel3f(3.11704, 0, 1, 0)
					RotRel3f(0.296179, 0, 0, 1)
					Cylinder(3.5, 3.29138, 22.5167)
					MovRel3f(0, 22.5167, 0)
					RotRel3f(-0.216913, 0, 0, 1)
					Cylinder(3.29138, 3.15971, 14.2122)
					MovRel3f(0, 14.2122, 0)
					RotRel3f(-0.595449, 0, 0, 1)
					Cylinder(3.15971, 3.00951, 16.2117)
					MovRel3f(0, 16.2117, 0)
					Cylinder(3.00951, 2.94264, 7.21763)
					MovRel3f(0, 7.21763, 0)
					RotRel3f(0.175634, 0, 0, 1)
					Cylinder(2.94264, 2.83053, 12.1004)
					MovRel3f(0, 12.1004, 0)
					RotRel3f(0.344889, 0, 0, 1)
					Cylinder(2.83053, 2.73973, 9.80014)
					MovRel3f(0, 9.80014, 0)
					RotRel3f(-0.075904, 0, 0, 1)
					Cylinder(2.73973, 2.55647, 19.7797)
					MovRel3f(0, 19.7797, 0)
					RotRel3f(-0.156632, 0, 0, 1)
					Cylinder(2.55647, 2.47488, 8.80641)
					MovRel3f(0, 8.80641, 0)
				EB()
			EB()
			SB()
				RotRel3f(0.622545, 0, 1, 0)
				RotRel3f(0.539675, 0, 0, 1)
				Cylinder(4.94975, 4.5431, 36.8393)
				MovRel3f(0, 36.8393, 0)
				Cylinder(4.5431, 4.38518, 14.3059)
				MovRel3f(0, 14.3059, 0)
				RotRel3f(0.136925, 0, 0, 1)
				Cylinder(4.38518, 3.94409, 39.9592)
				MovRel3f(0, 39.9592, 0)
				RotRel3f(0.134111, 0, 0, 1)
				Cylinder(3.94409, 3.85017, 8.5084)
				MovRel3f(0, 8.5084, 0)
				Cylinder(3.85017, 3.5, 31.7222)
				MovRel3f(0, 31.7222, 0)
				SB()
					RotRel3f(0.250608, 0, 1, 0)
					RotRel3f(-0.588283, 0, 0, 1)
					Cylinder(3.5, 3.33395, 17.8851)
					MovRel3f(0, 17.8851, 0)
					RotRel3f(-0.680139, 0, 0, 1)
					Cylinder(3.33395, 3.20699, 13.6759)
					MovRel3f(0, 13.6759, 0)
					RotRel3f(0.161898, 0, 0, 1)
					Cylinder(3.20699, 2.92823, 30.0248)
					MovRel3f(0, 30.0248, 0)
					RotRel3f(0.161898, 0, 0, 1)
					Cylinder(2.92823, 2.70622, 23.9133)
					MovRel3f(0, 23.9133, 0)
					Cylinder(2.70622, 2.59842, 11.6112)
					MovRel3f(0, 11.6112, 0)
					RotRel3f(-0.161898, 0, 0, 1)
					Cylinder(2.59842, 2.47488, 13.3069)
					MovRel3f(0, 13.3069, 0)
				EB()
				SB()
					RotRel3f(0.622545, 0, 1, 0)
					RotRel3f(0.531724, 0, 0, 1)
					Cylinder(3.5, 3.21246, 31.0171)
					MovRel3f(0, 31.0171, 0)
					Cylinder(3.21246, 3.07898, 14.3979)
					MovRel3f(0, 14.3979, 0)
					RotRel3f(0.135664, 0, 0, 1)
					Cylinder(3.07898, 2.90675, 18.5781)
					MovRel3f(0, 18.5781, 0)
					Cylinder(2.90675, 2.75814, 16.0298)
					MovRel3f(0, 16.0298, 0)
					RotRel3f(-0.132432, 0, 0, 1)
					Cylinder(2.75814, 2.47488, 30.5554)
					MovRel3f(0, 30.5554, 0)
				EB()
				SB()
					RotRel3f(3.11704, 0, 1, 0)
					RotRel3f(0.296179, 0, 0, 1)
					Cylinder(3.5, 3.22488, 29.6326)
					MovRel3f(0, 29.6326, 0)
					RotRel3f(-0.552742, 0, 0, 1)
					Cylinder(3.22488, 3.04383, 19.5)
					MovRel3f(0, 19.5, 0)
					RotRel3f(-0.458382, 0, 0, 1)
					Cylinder(3.04383, 2.88551, 17.0519)
					MovRel3f(0, 17.0519, 0)
					Cylinder(2.88551, 2.84335, 4.5406)
					MovRel3f(0, 4.5406, 0)
					RotRel3f(0.142472, 0, 0, 1)
					Cylinder(2.84335, 2.68766, 16.7687)
					MovRel3f(0, 16.7687, 0)
					RotRel3f(0.473111, 0, 0, 1)
					Cylinder(2.68766, 2.6318, 6.01734)
					MovRel3f(0, 6.01734, 0)
					Cylinder(2.6318, 2.60774, 2.59128)
					MovRel3f(0, 2.59128, 0)
					RotRel3f(0.156632, 0, 0, 1)
					Cylinder(2.60774, 2.47488, 14.31)
					MovRel3f(0, 14.31, 0)
				EB()
			EB()
			SB()
				RotRel3f(3.11704, 0, 1, 0)
				RotRel3f(0.284213, 0, 0, 1)
				Cylinder(4.94975, 4.59094, 32.6276)
				MovRel3f(0, 32.6276, 0)
				Cylinder(4.59094, 4.51212, 7.16805)
				MovRel3f(0, 7.16805, 0)
				RotRel3f(-0.079969, 0, 0, 1)
				Cylinder(4.51212, 4.22675, 25.9497)
				MovRel3f(0, 25.9497, 0)
				RotRel3f(-0.114671, 0, 0, 1)
				Cylinder(4.22675, 3.97541, 22.8546)
				MovRel3f(0, 22.8546, 0)
				RotRel3f(-0.087293, 0, 0, 1)
				Cylinder(3.97541, 3.95487, 1.86815)
				MovRel3f(0, 1.86815, 0)
				Cylinder(3.95487, 3.5, 41.3628)
				MovRel3f(0, 41.3628, 0)
				SB()
					RotRel3f(0.250608, 0, 1, 0)
					RotRel3f(-0.593016, 0, 0, 1)
					Cylinder(3.5, 3.29262, 22.4174)
					MovRel3f(0, 22.4174, 0)
					RotRel3f(-0.80949, 0, 0, 1)
					Cylinder(3.29262, 3.20589, 9.37436)
					MovRel3f(0, 9.37436, 0)
					Cylinder(3.20589, 2.9628, 26.2769)
					MovRel3f(0, 26.2769, 0)
					RotRel3f(0.663503, 0, 0, 1)
					Cylinder(2.9628, 2.6844, 30.0945)
					MovRel3f(0, 30.0945, 0)
					Cylinder(2.6844, 2.63299, 5.55685)
					MovRel3f(0, 5.55685, 0)
					RotRel3f(-0.626504, 0, 0, 1)
					Cylinder(2.63299, 2.49725, 14.6725)
					MovRel3f(0, 14.6725, 0)
					RotRel3f(0.161898, 0, 0, 1)
					Cylinder(2.49725, 2.47488, 2.41868)
					MovRel3f(0, 2.41868, 0)
				EB()
				SB()
					RotRel3f(0.622545, 0, 1, 0)
					RotRel3f(0.53907, 0, 0, 1)
					Cylinder(3.5, 3.21246, 30.9548)
					MovRel3f(0, 30.9548, 0)
					RotRel3f(0.687542, 0, 0, 1)
					Cylinder(3.21246, 3.21246, 3.46517e-08)
					MovRel3f(0, 3.46517e-08, 0)
					Cylinder(3.21246, 2.76584, 48.0786)
					MovRel3f(0, 48.0786, 0)
					RotRel3f(-0.665873, 0, 0, 1)
					Cylinder(2.76584, 2.59254, 18.6561)
					MovRel3f(0, 18.6561, 0)
					Cylinder(2.59254, 2.47488, 12.6666)
					MovRel3f(0, 12.6666, 0)
				EB()
				SB()
					RotRel3f(3.11704, 0, 1, 0)
					RotRel3f(0.292678, 0, 0, 1)
					Cylinder(3.5, 3.38917, 11.9744)
					MovRel3f(0, 11.9744, 0)
					RotRel3f(-0.783161, 0, 0, 1)
					Cylinder(3.38917, 3.3118, 8.35936)
					MovRel3f(0, 8.35936, 0)
					RotRel3f(0.125487, 0, 0, 1)
					Cylinder(3.3118, 3.02061, 31.4603)
					MovRel3f(0, 31.4603, 0)
					RotRel3f(0.0983076, 0, 0, 1)
					Cylinder(3.02061, 2.97379, 5.05852)
					MovRel3f(0, 5.05852, 0)
					Cylinder(2.97379, 2.74057, 25.1972)
					MovRel3f(0, 25.1972, 0)
					RotRel3f(-0.137709, 0, 0, 1)
					Cylinder(2.74057, 2.60528, 14.6166)
					MovRel3f(0, 14.6166, 0)
					Cylinder(2.60528, 2.53503, 7.58941)
					MovRel3f(0, 7.58941, 0)
					RotRel3f(0.133212, 0, 0, 1)
					Cylinder(2.53503, 2.47488, 6.49921)
					MovRel3f(0, 6.49921, 0)
				EB()
			EB()
		EB()
		SB()
			RotRel3f(0.622545, 0, 1, 0)
			RotRel3f(0.535939, 0, 0, 1)
			Cylinder(7, 6.37256, 47.7556)
			MovRel3f(0, 47.7556, 0)
			RotRel3f(0.690077, 0, 0, 1)
			Cylinder(6.37256, 6.08073, 22.2122)
			MovRel3f(0, 22.2122, 0)
			Cylinder(6.08073, 5.79504, 21.7439)
			MovRel3f(0, 21.7439, 0)
			RotRel3f(-0.668655, 0, 0, 1)
			Cylinder(5.79504, 5.35122, 33.7799)
			MovRel3f(0, 33.7799, 0)
			Cylinder(5.35122, 5.21995, 9.99164)
			MovRel3f(0, 9.99164, 0)
			RotRel3f(0.666483, 0, 0, 1)
			Cylinder(5.21995, 4.94975, 20.5655)
			MovRel3f(0, 20.5655, 0)
			SB()
				RotRel3f(0.250608, 0, 1, 0)
				RotRel3f(-0.586951, 0, 0, 1)
				Cylinder(4.94975, 4.80657, 12.9857)
				MovRel3f(0, 12.9857, 0)
				Cylinder(4.80657, 4.68576, 10.9567)
				MovRel3f(0, 10.9567, 0)
				RotRel3f(-0.147095, 0, 0, 1)
				Cylinder(4.68576, 4.40187, 25.7464)
				MovRel3f(0, 25.7464, 0)
				RotRel3f(-0.0941784, 0, 0, 1)
				Cylinder(4.40187, 4.06974, 30.1219)
				MovRel3f(0, 30.1219, 0)
				RotRel3f(-0.161898, 0, 0, 1)
				Cylinder(4.06974, 4.03187, 3.43463)
				MovRel3f(0, 3.43463, 0)
				Cylinder(4.03187, 3.74075, 26.4024)
				MovRel3f(0, 26.4024, 0)
				RotRel3f(0.156497, 0, 0, 1)
				Cylinder(3.74075, 3.51514, 20.4615)
				MovRel3f(0, 20.4615, 0)
				Cylinder(3.51514, 3.5, 1.37286)
				MovRel3f(0, 1.37286, 0)
				SB()
					RotRel3f(0.250608, 0, 1, 0)
					RotRel3f(-0.57491, 0, 0, 1)
					Cylinder(3.5, 3.39876, 10.885)
					MovRel3f(0, 10.885, 0)
					RotRel3f(-0.80949, 0, 0, 1)
					Cylinder(3.39876, 3.08386, 33.8541)
					MovRel3f(0, 33.8541, 0)
					RotRel3f(0.125344, 0, 0, 1)
					Cylinder(3.08386, 3.05619, 2.97526)
					MovRel3f(0, 2.97526, 0)
					Cylinder(3.05619, 2.87957, 18.9887)
					MovRel3f(0, 18.9887, 0)
					RotRel3f(-0.161898, 0, 0, 1)
					Cylinder(2.87957, 2.80585, 7.9248)
					MovRel3f(0, 7.9248, 0)
					Cylinder(2.80585, 2.70122, 11.2489)
					MovRel3f(0, 11.2489, 0)
					Cylinder(2.70122, 2.67392, 2.93523)
					MovRel3f(0, 2.93523, 0)
					RotRel3f(0.807252, 0, 0, 1)
					Cylinder(2.67392, 2.5321, 15.2472)
					MovRel3f(0, 15.2472, 0)
					RotRel3f(-0.138141, 0, 0, 1)
					Cylinder(2.5321, 2.47488, 6.15217)
					MovRel3f(0, 6.15217, 0)
				EB()
				SB()
					RotRel3f(0.622545, 0, 1, 0)
					RotRel3f(0.534238, 0, 0, 1)
					Cylinder(3.5, 3.20896, 31.368)
					MovRel3f(0, 31.368, 0)
					RotRel3f(0.683468, 0, 0, 1)
					Cylinder(3.20896, 2.86951, 36.5845)
					MovRel3f(0, 36.5845, 0)
					RotRel3f(-0.138163, 0, 0, 1)
					Cylinder(2.86951, 2.76242, 11.5416)
					MovRel3f(0, 11.5416, 0)
					Cylinder(2.76242, 2.5353, 24.4785)
					MovRel3f(0, 24.4785, 0)
					RotRel3f(0.131866, 0, 0, 1)
					Cylinder(2.5353, 2.47488, 6.51242)
					MovRel3f(0, 6.51242, 0)
				EB()
				SB()
					RotRel3f(3.11704, 0, 1, 0)
					RotRel3f(0.293714, 0, 0, 1)
					Cylinder(3.5, 3.25597, 26.3112)
					MovRel3f(0, 26.3112, 0)
					RotRel3f(-0.266682, 0, 0, 1)
					Cylinder(3.25597, 3.17859, 8.34211)
					MovRel3f(0, 8.34211, 0)
					RotRel3f(-0.739414, 0, 0, 1)
					Cylinder(3.17859, 3.02965, 16.0589)
					MovRel3f(0, 16.0589, 0)
					Cylinder(3.02965, 2.99083, 4.18571)
					MovRel3f(0, 4.18571, 0)
					RotRel3f(0.622185, 0, 0, 1)
					Cylinder(2.99083, 2.74059, 26.9797)
					MovRel3f(0, 26.9797, 0)
					RotRel3f(-0.139866, 0, 0, 1)
					Cylinder(2.74059, 2.47488, 28.6487)
					MovRel3f(0, 28.6487, 0)
				EB()
			EB()
			SB()
				RotRel3f(0.622545, 0, 1, 0)
				RotRel3f(0.53865, 0, 0, 1)
				Cylinder(4.94975, 4.35624, 54.0298)
				MovRel3f(0, 54.0298, 0)
				RotRel3f(0.682622, 0, 0, 1)
				Cylinder(4.35624, 3.90665, 40.9275)
				MovRel3f(0, 40.9275, 0)
				Cylinder(3.90665, 3.86641, 3.66337)
				MovRel3f(0, 3.66337, 0)
				RotRel3f(-0.687462, 0, 0, 1)
				Cylinder(3.86641, 3.5, 33.3559)
				MovRel3f(0, 33.3559, 0)
				SB()
					RotRel3f(0.250608, 0, 1, 0)
					RotRel3f(-0.581556, 0, 0, 1)
					Cylinder(3.5, 3.36051, 15.1118)
					MovRel3f(0, 15.1118, 0)
					RotRel3f(-0.80949, 0, 0, 1)
					Cylinder(3.36051, 3.17757, 19.8201)
					MovRel3f(0, 19.8201, 0)
					RotRel3f(0.0974725, 0, 0, 1)
					Cylinder(3.17757, 2.94086, 25.6441)
					MovRel3f(0, 25.6441, 0)
					RotRel3f(0.134797, 0, 0, 1)
					Cylinder(2.94086, 2.79673, 15.6156)
					MovRel3f(0, 15.6156, 0)
					Cylinder(2.79673, 2.77936, 1.88094)
					MovRel3f(0, 1.88094, 0)
					RotRel3f(0.481824, 0, 0, 1)
					Cylinder(2.77936, 2.69548, 9.08785)
					MovRel3f(0, 9.08785, 0)
					Cylinder(2.69548, 2.54842, 15.9325)
					MovRel3f(0, 15.9325, 0)
					RotRel3f(-0.608459, 0, 0, 1)
					Cylinder(2.54842, 2.47488, 7.96722)
					MovRel3f(0, 7.96722, 0)
				EB()
				SB()
					RotRel3f(0.622545, 0, 1, 0)
					RotRel3f(0.537156, 0, 0, 1)
					Cylinder(3.5, 3.05339, 48.3154)
					MovRel3f(0, 48.3154, 0)
					RotRel3f(0.692123, 0, 0, 1)
					Cylinder(3.05339, 2.9648, 9.58338)
					MovRel3f(0, 9.58338, 0)
					Cylinder(2.9648, 2.60677, 38.732)
					MovRel3f(0, 38.732, 0)
					RotRel3f(-0.675102, 0, 0, 1)
					Cylinder(2.60677, 2.47488, 14.2688)
					MovRel3f(0, 14.2688, 0)
				EB()
				SB()
					RotRel3f(3.11704, 0, 1, 0)
					RotRel3f(0.288256, 0, 0, 1)
					Cylinder(3.5, 3.24629, 27.5046)
					MovRel3f(0, 27.5046, 0)
					Cylinder(3.24629, 3.14937, 10.5071)
					MovRel3f(0, 10.5071, 0)
					RotRel3f(-0.0751368, 0, 0, 1)
					Cylinder(3.14937, 2.92368, 24.4659)
					MovRel3f(0, 24.4659, 0)
					RotRel3f(-0.156632, 0, 0, 1)
					Cylinder(2.92368, 2.52011, 43.7507)
					MovRel3f(0, 43.7507, 0)
					Cylinder(2.52011, 2.51723, 0.311644)
					MovRel3f(0, 0.311644, 0)
					RotRel3f(-0.630626, 0, 0, 1)
					Cylinder(2.51723, 2.47488, 4.59169)
					MovRel3f(0, 4.59169, 0)
				EB()
			EB()
			SB()
				RotRel3f(3.11704, 0, 1, 0)
				RotRel3f(0.291398, 0, 0, 1)
				Cylinder(4.94975, 4.79965, 13.6444)
				MovRel3f(0, 13.6444, 0)
				RotRel3f(-0.693389, 0, 0, 1)
				Cylinder(4.79965, 4.41863, 34.6373)
				MovRel3f(0, 34.6373, 0)
				RotRel3f(0.0817228, 0, 0, 1)
				Cylinder(4.41863, 3.92657, 44.7311)
				MovRel3f(0, 44.7311, 0)
				RotRel3f(0.10037, 0, 0, 1)
				Cylinder(3.92657, 3.85881, 6.15975)
				MovRel3f(0, 6.15975, 0)
				Cylinder(3.85881, 3.52219, 30.6002)
				MovRel3f(0, 30.6002, 0)
				RotRel3f(0.355501, 0, 0, 1)
				Cylinder(3.52219, 3.5, 2.0174)
				MovRel3f(0, 2.0174, 0)
				SB()
					RotRel3f(0.250608, 0, 1, 0)
					RotRel3f(-0.566729, 0, 0, 1)
					Cylinder(3.5, 3.39876, 10.9439)
					MovRel3f(0, 10.9439, 0)
					Cylinder(3.39876, 3.37544, 2.52061)
					MovRel3f(0, 2.52061, 0)
					RotRel3f(-0.139223, 0, 0, 1)
					Cylinder(3.37544, 3.19445, 19.5634)
					MovRel3f(0, 19.5634, 0)
					RotRel3f(-0.102653, 0, 0, 1)
					Cylinder(3.19445, 3.03756, 16.9584)
					MovRel3f(0, 16.9584, 0)
					RotRel3f(-0.161898, 0, 0, 1)
					Cylinder(3.03756, 2.74337, 31.8002)
					MovRel3f(0, 31.8002, 0)
					RotRel3f(-0.161461, 0, 0, 1)
					Cylinder(2.74337, 2.51693, 24.4759)
					MovRel3f(0, 24.4759, 0)
					RotRel3f(-0.153964, 0, 0, 1)
					Cylinder(2.51693, 2.47488, 4.54611)
					MovRel3f(0, 4.54611, 0)
				EB()
				SB()
					RotRel3f(0.622545, 0, 1, 0)
					RotRel3f(0.537488, 0, 0, 1)
					Cylinder(3.5, 3.21246, 31.1455)
					MovRel3f(0, 31.1455, 0)
					RotRel3f(0.669431, 0, 0, 1)
					Cylinder(3.21246, 3.01414, 21.4808)
					MovRel3f(0, 21.4808, 0)
					Cylinder(3.01414, 2.76584, 26.894)
					MovRel3f(0, 26.894, 0)
					RotRel3f(-0.659974, 0, 0, 1)
					Cylinder(2.76584, 2.56568, 21.6799)
					MovRel3f(0, 21.6799, 0)
					Cylinder(2.56568, 2.47488, 9.8358)
					MovRel3f(0, 9.8358, 0)
				EB()
				SB()
					RotRel3f(3.11704, 0, 1, 0)
					RotRel3f(0.287794, 0, 0, 1)
					Cylinder(3.5, 3.34562, 16.6963)
					MovRel3f(0, 16.6963, 0)
					RotRel3f(-0.626165, 0, 0, 1)
					Cylinder(3.34562, 3.1582, 20.2682)
					MovRel3f(0, 20.2682, 0)
					RotRel3f(-0.308357, 0, 0, 1)
					Cylinder(3.1582, 3.15618, 0.218972)
					MovRel3f(0, 0.218972, 0)
					Cylinder(3.15618, 2.75175, 43.7369)
					MovRel3f(0, 43.7369, 0)
					RotRel3f(0.389243, 0, 0, 1)
					Cylinder(2.75175, 2.59122, 17.3604)
					MovRel3f(0, 17.3604, 0)
					RotRel3f(0.322569, 0, 0, 1)
					Cylinder(2.59122, 2.51385, 8.36752)
					MovRel3f(0, 8.36752, 0)
					RotRel3f(-0.0632039, 0, 0, 1)
					Cylinder(2.51385, 2.4995, 1.55201)
					MovRel3f(0, 1.55201, 0)
					Cylinder(2.4995, 2.47488, 2.66277)
					MovRel3f(0, 2.66277, 0)
				EB()
			EB()
		EB()
		SB()
			RotRel3f(3.11704, 0, 1, 0)
			RotRel3f(0.286692, 0, 0, 1)
			Cylinder(7, 6.53945, 35.2387)
			MovRel3f(0, 35.2387, 0)
			RotRel3f(-0.783161, 0, 0, 1)
			Cylinder(6.53945, 5.98734, 42.2439)
			MovRel3f(0, 42.2439, 0)
			Cylinder(5.98734, 5.95753, 2.28067)
			MovRel3f(0, 2.28067, 0)
			RotRel3f(0.534351, 0, 0, 1)
			Cylinder(5.95753, 5.41507, 41.506)
			MovRel3f(0, 41.506, 0)
			RotRel3f(-0.138272, 0, 0, 1)
			Cylinder(5.41507, 5.17469, 18.3925)
			MovRel3f(0, 18.3925, 0)
			RotRel3f(0.38226, 0, 0, 1)
			Cylinder(5.17469, 5.12687, 3.65873)
			MovRel3f(0, 3.65873, 0)
			Cylinder(5.12687, 4.94975, 13.5521)
			MovRel3f(0, 13.5521, 0)
			SB()
				RotRel3f(0.250608, 0, 1, 0)
				RotRel3f(-0.590999, 0, 0, 1)
				Cylinder(4.94975, 4.6132, 30.6018)
				MovRel3f(0, 30.6018, 0)
				RotRel3f(-0.741208, 0, 0, 1)
				Cylinder(4.6132, 4.47002, 13.0194)
				MovRel3f(0, 13.0194, 0)
				RotRel3f(0.125518, 0, 0, 1)
				Cylinder(4.47002, 4.16441, 27.7881)
				MovRel3f(0, 27.7881, 0)
				RotRel3f(0.118112, 0, 0, 1)
				Cylinder(4.16441, 4.10213, 5.6625)
				MovRel3f(0, 5.6625, 0)
				Cylinder(4.10213, 3.95895, 13.0194)
				MovRel3f(0, 13.0194, 0)
				Cylinder(3.95895, 3.81577, 13.0194)
				MovRel3f(0, 13.0194, 0)
				Cylinder(3.81577, 3.76584, 4.54002)
				MovRel3f(0, 4.54002, 0)
				RotRel3f(-0.161898, 0, 0, 1)
				Cylinder(3.76584, 3.53847, 20.6744)
				MovRel3f(0, 20.6744, 0)
				RotRel3f(-0.152253, 0, 0, 1)
				Cylinder(3.53847, 3.5, 3.4975)
				MovRel3f(0, 3.4975, 0)
				SB()
					RotRel3f(0.250608, 0, 1, 0)
					RotRel3f(-0.585436, 0, 0, 1)
					Cylinder(3.5, 3.37229, 13.8351)
					MovRel3f(0, 13.8351, 0)
					RotRel3f(-0.804293, 0, 0, 1)
					Cylinder(3.37229, 3.11091, 28.3143)
					MovRel3f(0, 28.3143, 0)
					RotRel3f(0.161898, 0, 0, 1)
					Cylinder(3.11091, 3.08073, 3.26967)
					MovRel3f(0, 3.26967, 0)
					Cylinder(3.08073, 3.00967, 7.69814)
					MovRel3f(0, 7.69814, 0)
					RotRel3f(0.381147, 0, 0, 1)
					Cylinder(3.00967, 2.75105, 28.0155)
					MovRel3f(0, 28.0155, 0)
					RotRel3f(-0.161149, 0, 0, 1)
					Cylinder(2.75105, 2.47488, 29.9175)
					MovRel3f(0, 29.9175, 0)
				EB()
				SB()
					RotRel3f(0.622545, 0, 1, 0)
					RotRel3f(0.5394, 0, 0, 1)
					Cylinder(3.5, 3.08514, 44.829)
					MovRel3f(0, 44.829, 0)
					RotRel3f(0.683925, 0, 0, 1)
					Cylinder(3.08514, 2.76242, 34.8726)
					MovRel3f(0, 34.8726, 0)
					Cylinder(2.76242, 2.66788, 10.2163)
					MovRel3f(0, 10.2163, 0)
					RotRel3f(-0.696008, 0, 0, 1)
					Cylinder(2.66788, 2.47488, 20.8556)
					MovRel3f(0, 20.8556, 0)
				EB()
				SB()
					RotRel3f(3.11704, 0, 1, 0)
					RotRel3f(0.287324, 0, 0, 1)
					Cylinder(3.5, 3.24155, 28.0434)
					MovRel3f(0, 28.0434, 0)
					RotRel3f(-0.331437, 0, 0, 1)
					Cylinder(3.24155, 2.99426, 26.8329)
					MovRel3f(0, 26.8329, 0)
					RotRel3f(-0.343881, 0, 0, 1)
					Cylinder(2.99426, 2.83421, 17.3656)
					MovRel3f(0, 17.3656, 0)
					RotRel3f(0.0971101, 0, 0, 1)
					Cylinder(2.83421, 2.81362, 2.23395)
					MovRel3f(0, 2.23395, 0)
					Cylinder(2.81362, 2.63929, 18.9162)
					MovRel3f(0, 18.9162, 0)
					RotRel3f(-0.127668, 0, 0, 1)
					Cylinder(2.63929, 2.55172, 9.50219)
					MovRel3f(0, 9.50219, 0)
					RotRel3f(0.702723, 0, 0, 1)
					Cylinder(2.55172, 2.47488, 8.33784)
					MovRel3f(0, 8.33784, 0)
				EB()
			EB()
			SB()
				RotRel3f(0.622545, 0, 1, 0)
				RotRel3f(0.534088, 0, 0, 1)
				Cylinder(4.94975, 4.42045, 48.1817)
				MovRel3f(0, 48.1817, 0)
				RotRel3f(0.683098, 0, 0, 1)
				Cylinder(4.42045, 4.19093, 20.8926)
				MovRel3f(0, 20.8926, 0)
				Cylinder(4.19093, 3.78884, 36.6022)
				MovRel3f(0, 36.6022, 0)
				RotRel3f(-0.696008, 0, 0, 1)
				Cylinder(3.78884, 3.5, 26.2928)
				MovRel3f(0, 26.2928, 0)
				SB()
					RotRel3f(0.250608, 0, 1, 0)
					RotRel3f(-0.576352, 0, 0, 1)
					Cylinder(3.5, 3.31876, 19.6039)
					MovRel3f(0, 19.6039, 0)
					RotRel3f(-0.392972, 0, 0, 1)
					Cylinder(3.31876, 3.05874, 28.1243)
					MovRel3f(0, 28.1243, 0)
					RotRel3f(-0.535622, 0, 0, 1)
					Cylinder(3.05874, 3.04617, 1.35956)
					MovRel3f(0, 1.35956, 0)
					Cylinder(3.04617, 2.88381, 17.5606)
					MovRel3f(0, 17.5606, 0)
					RotRel3f(0.80949, 0, 0, 1)
					Cylinder(2.88381, 2.73086, 16.5435)
					MovRel3f(0, 16.5435, 0)
					RotRel3f(-0.150703, 0, 0, 1)
					Cylinder(2.73086, 2.58531, 15.7437)
					MovRel3f(0, 15.7437, 0)
					Cylinder(2.58531, 2.57487, 1.12946)
					MovRel3f(0, 1.12946, 0)
					RotRel3f(0.161898, 0, 0, 1)
					Cylinder(2.57487, 2.47488, 10.8152)
					MovRel3f(0, 10.8152, 0)
				EB()
				SB()
					RotRel3f(0.622545, 0, 1, 0)
					RotRel3f(0.540421, 0, 0, 1)
					Cylinder(3.5, 3.12745, 40.1478)
					MovRel3f(0, 40.1478, 0)
					RotRel3f(0.680965, 0, 0, 1)
					Cylinder(3.12745, 2.8399, 30.9873)
					MovRel3f(0, 30.9873, 0)
					RotRel3f(-0.132035, 0, 0, 1)
					Cylinder(2.8399, 2.77083, 7.44361)
					MovRel3f(0, 7.44361, 0)
					Cylinder(2.77083, 2.48664, 30.6252)
					MovRel3f(0, 30.6252, 0)
					RotRel3f(0.133269, 0, 0, 1)
					Cylinder(2.48664, 2.47488, 1.26796)
					MovRel3f(0, 1.26796, 0)
				EB()
				SB()
					RotRel3f(3.11704, 0, 1, 0)
					RotRel3f(0.288355, 0, 0, 1)
					Cylinder(3.5, 3.15595, 37.2326)
					MovRel3f(0, 37.2326, 0)
					RotRel3f(-0.219842, 0, 0, 1)
					Cylinder(3.15595, 2.95572, 21.6681)
					MovRel3f(0, 21.6681, 0)
					RotRel3f(-0.774924, 0, 0, 1)
					Cylinder(2.95572, 2.84132, 12.3807)
					MovRel3f(0, 12.3807, 0)
					Cylinder(2.84132, 2.5876, 27.4564)
					MovRel3f(0, 27.4564, 0)
					Cylinder(2.5876, 2.54927, 4.14798)
					MovRel3f(0, 4.14798, 0)
					RotRel3f(0.131697, 0, 0, 1)
					Cylinder(2.54927, 2.47488, 8.05103)
					MovRel3f(0, 8.05103, 0)
				EB()
			EB()
			SB()
				RotRel3f(3.11704, 0, 1, 0)
				RotRel3f(0.291855, 0, 0, 1)
				Cylinder(4.94975, 4.82181, 11.6218)
				MovRel3f(0, 11.6218, 0)
				RotRel3f(-0.505771, 0, 0, 1)
				Cylinder(4.82181, 4.71239, 9.93979)
				MovRel3f(0, 9.93979, 0)
				RotRel3f(0.112401, 0, 0, 1)
				Cylinder(4.71239, 4.49473, 19.7726)
				MovRel3f(0, 19.7726, 0)
				RotRel3f(-0.390786, 0, 0, 1)
				Cylinder(4.49473, 4.31555, 16.2761)
				MovRel3f(0, 16.2761, 0)
				RotRel3f(0.10615, 0, 0, 1)
				Cylinder(4.31555, 3.99557, 29.067)
				MovRel3f(0, 29.067, 0)
				RotRel3f(-0.170216, 0, 0, 1)
				Cylinder(3.99557, 3.87713, 10.7591)
				MovRel3f(0, 10.7591, 0)
				RotRel3f(0.0691214, 0, 0, 1)
				Cylinder(3.87713, 3.85881, 1.66415)
				MovRel3f(0, 1.66415, 0)
				Cylinder(3.85881, 3.52972, 29.8939)
				MovRel3f(0, 29.8939, 0)
				RotRel3f(0.740936, 0, 0, 1)
				Cylinder(3.52972, 3.5, 2.69994)
				MovRel3f(0, 2.69994, 0)
				SB()
					RotRel3f(0.250608, 0, 1, 0)
					RotRel3f(-0.581282, 0, 0, 1)
					Cylinder(3.5, 3.39876, 10.8938)
					MovRel3f(0, 10.8938, 0)
					RotRel3f(-0.691247, 0, 0, 1)
					Cylinder(3.39876, 3.23294, 17.8414)
					MovRel3f(0, 17.8414, 0)
					RotRel3f(0.148665, 0, 0, 1)
					Cylinder(3.23294, 3.13112, 10.956)
					MovRel3f(0, 10.956, 0)
					Cylinder(3.13112, 3.02987, 10.8938)
					MovRel3f(0, 10.8938, 0)
					Cylinder(3.02987, 3.02656, 0.355971)
					MovRel3f(0, 0.355971, 0)
					RotRel3f(0.143773, 0, 0, 1)
					Cylinder(3.02656, 2.75591, 29.1208)
					MovRel3f(0, 29.1208, 0)
					RotRel3f(-0.573313, 0, 0, 1)
					Cylinder(2.75591, 2.65467, 10.8938)
					MovRel3f(0, 10.8938, 0)
					RotRel3f(0.120086, 0, 0, 1)
					Cylinder(2.65467, 2.47488, 19.3452)
					MovRel3f(0, 19.3452, 0)
				EB()
				SB()
					RotRel3f(0.622545, 0, 1, 0)
					RotRel3f(0.540158, 0, 0, 1)
					Cylinder(3.5, 3.14828, 37.9483)
					MovRel3f(0, 37.9483, 0)
					RotRel3f(0.658566, 0, 0, 1)
					Cylinder(3.14828, 2.99027, 17.0471)
					MovRel3f(0, 17.0471, 0)
					Cylinder(2.99027, 2.86073, 13.9767)
					MovRel3f(0, 13.9767, 0)
					RotRel3f(-0.677293, 0, 0, 1)
					Cylinder(2.86073, 2.70273, 17.0471)
					MovRel3f(0, 17.0471, 0)
					Cylinder(2.70273, 2.57318, 13.9767)
					MovRel3f(0, 13.9767, 0)
					RotRel3f(0.667663, 0, 0, 1)
					Cylinder(2.57318, 2.47488, 10.6063)
					MovRel3f(0, 10.6063, 0)
				EB()
				SB()
					RotRel3f(3.11704, 0, 1, 0)
					RotRel3f(0.285152, 0, 0, 1)
					Cylinder(3.5, 3.26761, 25.1594)
					MovRel3f(0, 25.1594, 0)
					RotRel3f(-0.541266, 0, 0, 1)
					Cylinder(3.26761, 3.10724, 17.362)
					MovRel3f(0, 17.362, 0)
					RotRel3f(0.156632, 0, 0, 1)
					Cylinder(3.10724, 2.8894, 23.5846)
					MovRel3f(0, 23.5846, 0)
					RotRel3f(-0.424891, 0, 0, 1)
					Cylinder(2.8894, 2.73807, 16.3828)
					MovRel3f(0, 16.3828, 0)
					Cylinder(2.73807, 2.59998, 14.9504)
					MovRel3f(0, 14.9504, 0)
					RotRel3f(0.717561, 0, 0, 1)
					Cylinder(2.59998, 2.47488, 13.5443)
					MovRel3f(0, 13.5443, 0)
				EB()
			EB()
		EB()
	EB()
	SB()
		RotRel3f(0.622545, 0, 1, 0)
		RotRel3f(0.5417, 0, 0, 1)
		Cylinder(9, 8.38879, 52.6776)
		MovRel3f(0, 52.6776, 0)
		RotRel3f(0.677678, 0, 0, 1)
		Cylinder(8.38879, 7.57911, 69.7837)
		MovRel3f(0, 69.7837, 0)
		Cylinder(7.57911, 7.51746, 5.31362)
		MovRel3f(0, 5.31362, 0)
		RotRel3f(-0.669912, 0, 0, 1)
		Cylinder(7.51746, 7, 44.5979)
		MovRel3f(0, 44.5979, 0)
		SB()
			RotRel3f(0.250608, 0, 1, 0)
			RotRel3f(-0.587053, 0, 0, 1)
			Cylinder(7, 6.41813, 41.2707)
			MovRel3f(0, 41.2707, 0)
			RotRel3f(-0.73417, 0, 0, 1)
			Cylinder(6.41813, 5.7585, 46.7855)
			MovRel3f(0, 46.7855, 0)
			RotRel3f(0.135414, 0, 0, 1)
			Cylinder(5.7585, 5.15224, 43.0003)
			MovRel3f(0, 43.0003, 0)
			Cylinder(5.15224, 5.13934, 0.914631)
			MovRel3f(0, 0.914631, 0)
			RotRel3f(-0.161898, 0, 0, 1)
			Cylinder(5.13934, 4.94975, 13.4475)
			MovRel3f(0, 13.4475, 0)
			SB()
				RotRel3f(0.250608, 0, 1, 0)
				RotRel3f(-0.58747, 0, 0, 1)
				Cylinder(4.94975, 4.80657, 12.0953)
				MovRel3f(0, 12.0953, 0)
				RotRel3f(-0.752731, 0, 0, 1)
				Cylinder(4.80657, 4.54719, 21.9104)
				MovRel3f(0, 21.9104, 0)
				Cylinder(4.54719, 4.42162, 10.608)
				MovRel3f(0, 10.608, 0)
				RotRel3f(0.701389, 0, 0, 1)
				Cylinder(4.42162, 4.22185, 16.8753)
				MovRel3f(0, 16.8753, 0)
				RotRel3f(-0.133669, 0, 0, 1)
				Cylinder(4.22185, 3.95619, 22.4412)
				MovRel3f(0, 22.4412, 0)
				RotRel3f(-0.0951632, 0, 0, 1)
				Cylinder(3.95619, 3.64621, 26.185)
				MovRel3f(0, 26.185, 0)
				RotRel3f(-0.155668, 0, 0, 1)
				Cylinder(3.64621, 3.5, 12.3511)
				MovRel3f(0, 12.3511, 0)
				SB()
					RotRel3f(0.250608, 0, 1, 0)
					RotRel3f(-0.575684, 0, 0, 1)
					Cylinder(3.5, 3.30493, 19.6171)
					MovRel3f(0, 19.6171, 0)
					RotRel3f(-0.80949, 0, 0, 1)
					Cylinder(3.30493, 3.28506, 1.99844)
					MovRel3f(0, 1.99844, 0)
					Cylinder(3.28506, 3.06183, 22.4488)
					MovRel3f(0, 22.4488, 0)
					RotRel3f(0.708504, 0, 0, 1)
					Cylinder(3.06183, 3.0139, 4.8201)
					MovRel3f(0, 4.8201, 0)
					Cylinder(3.0139, 2.91265, 10.1817)
					MovRel3f(0, 10.1817, 0)
					Cylinder(2.91265, 2.91099, 0.167146)
					MovRel3f(0, 0.167146, 0)
					RotRel3f(-0.140174, 0, 0, 1)
					Cylinder(2.91099, 2.62452, 28.8083)
					MovRel3f(0, 28.8083, 0)
					Cylinder(2.62452, 2.58118, 4.35907)
					MovRel3f(0, 4.35907, 0)
					RotRel3f(-0.711873, 0, 0, 1)
					Cylinder(2.58118, 2.47488, 10.69)
					MovRel3f(0, 10.69, 0)
				EB()
				SB()
					RotRel3f(0.622545, 0, 1, 0)
					RotRel3f(0.540046, 0, 0, 1)
					Cylinder(3.5, 3.07635, 42.648)
					MovRel3f(0, 42.648, 0)
					RotRel3f(0.68416, 0, 0, 1)
					Cylinder(3.07635, 2.89948, 17.8051)
					MovRel3f(0, 17.8051, 0)
					Cylinder(2.89948, 2.70175, 19.9056)
					MovRel3f(0, 19.9056, 0)
					RotRel3f(-0.674041, 0, 0, 1)
					Cylinder(2.70175, 2.51077, 19.2258)
					MovRel3f(0, 19.2258, 0)
					Cylinder(2.51077, 2.47488, 3.61314)
					MovRel3f(0, 3.61314, 0)
				EB()
				SB()
					RotRel3f(3.11704, 0, 1, 0)
					RotRel3f(0.28684, 0, 0, 1)
					Cylinder(3.5, 3.11425, 38.9191)
					MovRel3f(0, 38.9191, 0)
					RotRel3f(-0.370361, 0, 0, 1)
					Cylinder(3.11425, 2.98904, 12.6326)
					MovRel3f(0, 12.6326, 0)
					Cylinder(2.98904, 2.82323, 16.7285)
					MovRel3f(0, 16.7285, 0)
					RotRel3f(-0.142193, 0, 0, 1)
					Cylinder(2.82323, 2.55555, 27.0071)
					MovRel3f(0, 27.0071, 0)
					Cylinder(2.55555, 2.47488, 8.1391)
					MovRel3f(0, 8.1391, 0)
				EB()
			EB()
			SB()
				RotRel3f(0.622545, 0, 1, 0)
				RotRel3f(0.538667, 0, 0, 1)
				Cylinder(4.94975, 4.38888, 47.0947)
				MovRel3f(0, 47.0947, 0)
				RotRel3f(0.672137, 0, 0, 1)
				Cylinder(4.38888, 4.28321, 8.87195)
				MovRel3f(0, 8.87195, 0)
				Cylinder(4.28321, 3.7961, 40.9018)
				MovRel3f(0, 40.9018, 0)
				RotRel3f(-0.687563, 0, 0, 1)
				Cylinder(3.7961, 3.5, 24.862)
				MovRel3f(0, 24.862, 0)
				SB()
					RotRel3f(0.250608, 0, 1, 0)
					RotRel3f(-0.583556, 0, 0, 1)
					Cylinder(3.5, 3.25241, 24.7758)
					MovRel3f(0, 24.7758, 0)
					RotRel3f(-0.80949, 0, 0, 1)
					Cylinder(3.25241, 3.04043, 21.2124)
					MovRel3f(0, 21.2124, 0)
					RotRel3f(0.161898, 0, 0, 1)
					Cylinder(3.04043, 2.99991, 4.05417)
					MovRel3f(0, 4.05417, 0)
					Cylinder(2.99991, 2.84785, 15.2159)
					MovRel3f(0, 15.2159, 0)
					RotRel3f(0.495338, 0, 0, 1)
					Cylinder(2.84785, 2.6533, 19.4681)
					MovRel3f(0, 19.4681, 0)
					RotRel3f(-0.135208, 0, 0, 1)
					Cylinder(2.6533, 2.52364, 12.9748)
					MovRel3f(0, 12.9748, 0)
					Cylinder(2.52364, 2.49834, 2.53163)
					MovRel3f(0, 2.53163, 0)
					RotRel3f(0.161898, 0, 0, 1)
					Cylinder(2.49834, 2.47488, 2.34776)
					MovRel3f(0, 2.34776, 0)
				EB()
				SB()
					RotRel3f(0.622545, 0, 1, 0)
					RotRel3f(0.535284, 0, 0, 1)
					Cylinder(3.5, 3.21246, 28.63)
					MovRel3f(0, 28.63, 0)
					RotRel3f(0.67824, 0, 0, 1)
					Cylinder(3.21246, 2.85346, 35.7442)
					MovRel3f(0, 35.7442, 0)
					RotRel3f(-0.133332, 0, 0, 1)
					Cylinder(2.85346, 2.83795, 1.54353)
					MovRel3f(0, 1.54353, 0)
					Cylinder(2.83795, 2.56591, 27.0865)
					MovRel3f(0, 27.0865, 0)
					RotRel3f(0.134099, 0, 0, 1)
					Cylinder(2.56591, 2.47488, 9.06391)
					MovRel3f(0, 9.06391, 0)
				EB()
				SB()
					RotRel3f(3.11704, 0, 1, 0)
					RotRel3f(0.291537, 0, 0, 1)
					Cylinder(3.5, 3.27275, 22.7367)
					MovRel3f(0, 22.7367, 0)
					RotRel3f(-0.762047, 0, 0, 1)
					Cylinder(3.27275, 3.19537, 7.74109)
					MovRel3f(0, 7.74109, 0)
					RotRel3f(-0.232301, 0, 0, 1)
					Cylinder(3.19537, 3.05126, 14.4182)
					MovRel3f(0, 14.4182, 0)
					RotRel3f(0.107949, 0, 0, 1)
					Cylinder(3.05126, 2.85757, 19.3795)
					MovRel3f(0, 19.3795, 0)
					Cylinder(2.85757, 2.70892, 14.8716)
					MovRel3f(0, 14.8716, 0)
					RotRel3f(0.706891, 0, 0, 1)
					Cylinder(2.70892, 2.47695, 23.2089)
					MovRel3f(0, 23.2089, 0)
					Cylinder(2.47695, 2.47488, 0.207291)
					MovRel3f(0, 0.207291, 0)
				EB()
			EB()
			SB()
				RotRel3f(3.11704, 0, 1, 0)
				RotRel3f(0.281772, 0, 0, 1)
				Cylinder(4.94975, 4.44114, 42.917)
				MovRel3f(0, 42.917, 0)
				RotRel3f(-0.591293, 0, 0, 1)
				Cylinder(4.44114, 4.19695, 20.6048)
				MovRel3f(0, 20.6048, 0)
				RotRel3f(0.0892524, 0, 0, 1)
				Cylinder(4.19695, 4.08753, 9.23309)
				MovRel3f(0, 9.23309, 0)
				RotRel3f(-0.435653, 0, 0, 1)
				Cylinder(4.08753, 3.85881, 19.2999)
				MovRel3f(0, 19.2999, 0)
				Cylinder(3.85881, 3.76861, 7.61128)
				MovRel3f(0, 7.61128, 0)
				RotRel3f(0.549692, 0, 0, 1)
				Cylinder(3.76861, 3.5, 22.6652)
				MovRel3f(0, 22.6652, 0)
				SB()
					RotRel3f(0.250608, 0, 1, 0)
					RotRel3f(-0.592225, 0, 0, 1)
					Cylinder(3.5, 3.18959, 31.0874)
					MovRel3f(0, 31.0874, 0)
					RotRel3f(-0.426911, 0, 0, 1)
					Cylinder(3.18959, 2.9789, 21.1)
					MovRel3f(0, 21.1, 0)
					RotRel3f(0.123952, 0, 0, 1)
					Cylinder(2.9789, 2.76209, 21.7131)
					MovRel3f(0, 21.7131, 0)
					RotRel3f(-0.693111, 0, 0, 1)
					Cylinder(2.76209, 2.61665, 14.5653)
					MovRel3f(0, 14.5653, 0)
					RotRel3f(0.161898, 0, 0, 1)
					Cylinder(2.61665, 2.57612, 4.05901)
					MovRel3f(0, 4.05901, 0)
					Cylinder(2.57612, 2.47488, 10.1395)
					MovRel3f(0, 10.1395, 0)
				EB()
				SB()
					RotRel3f(0.622545, 0, 1, 0)
					RotRel3f(0.538019, 0, 0, 1)
					Cylinder(3.5, 3.19088, 31.1229)
					MovRel3f(0, 31.1229, 0)
					Cylinder(3.19088, 3.07066, 12.1046)
					MovRel3f(0, 12.1046, 0)
					RotRel3f(0.135216, 0, 0, 1)
					Cylinder(3.07066, 2.80907, 26.337)
					MovRel3f(0, 26.337, 0)
					Cylinder(2.80907, 2.65736, 15.2748)
					MovRel3f(0, 15.2748, 0)
					RotRel3f(-0.134765, 0, 0, 1)
					Cylinder(2.65736, 2.47488, 18.3727)
					MovRel3f(0, 18.3727, 0)
				EB()
				SB()
					RotRel3f(3.11704, 0, 1, 0)
					RotRel3f(0.283315, 0, 0, 1)
					Cylinder(3.5, 3.27336, 22.7781)
					MovRel3f(0, 22.7781, 0)
					RotRel3f(-0.553612, 0, 0, 1)
					Cylinder(3.27336, 3.11211, 16.2059)
					MovRel3f(0, 16.2059, 0)
					Cylinder(3.11211, 3.08572, 2.65267)
					MovRel3f(0, 2.65267, 0)
					RotRel3f(0.486438, 0, 0, 1)
					Cylinder(3.08572, 2.87687, 20.9901)
					MovRel3f(0, 20.9901, 0)
					RotRel3f(-0.145164, 0, 0, 1)
					Cylinder(2.87687, 2.48127, 39.7594)
					MovRel3f(0, 39.7594, 0)
					RotRel3f(-0.0712138, 0, 0, 1)
					Cylinder(2.48127, 2.47488, 0.64241)
					MovRel3f(0, 0.64241, 0)
				EB()
			EB()
		EB()
		SB()
			RotRel3f(0.622545, 0, 1, 0)
			RotRel3f(0.535834, 0, 0, 1)
			Cylinder(7, 6.37296, 44.3739)
			MovRel3f(0, 44.3739, 0)
			Cylinder(6.37296, 6.31931, 3.79662)
			MovRel3f(0, 3.79662, 0)
			RotRel3f(0.134873, 0, 0, 1)
			Cylinder(6.31931, 5.74422, 40.6977)
			MovRel3f(0, 40.6977, 0)
			RotRel3f(0.136786, 0, 0, 1)
			Cylinder(5.74422, 5.21834, 37.2144)
			MovRel3f(0, 37.2144, 0)
			Cylinder(5.21834, 5.0781, 9.9248)
			MovRel3f(0, 9.9248, 0)
			RotRel3f(-0.138311, 0, 0, 1)
			Cylinder(5.0781, 4.94975, 9.0829)
			MovRel3f(0, 9.0829, 0)
			SB()
				RotRel3f(0.250608, 0, 1, 0)
				RotRel3f(-0.573715, 0, 0, 1)
				Cylinder(4.94975, 4.63467, 26.4388)
				MovRel3f(0, 26.4388, 0)
				Cylinder(4.63467, 4.5033, 11.0232)
				MovRel3f(0, 11.0232, 0)
				RotRel3f(-0.142542, 0, 0, 1)
				Cylinder(4.5033, 4.2522, 21.0702)
				MovRel3f(0, 21.0702, 0)
				RotRel3f(-0.0952791, 0, 0, 1)
				Cylinder(4.2522, 3.8938, 30.0744)
				MovRel3f(0, 30.0744, 0)
				RotRel3f(-0.117337, 0, 0, 1)
				Cylinder(3.8938, 3.6646, 19.2326)
				MovRel3f(0, 19.2326, 0)
				Cylinder(3.6646, 3.62565, 3.268)
				MovRel3f(0, 3.268, 0)
				RotRel3f(0.161898, 0, 0, 1)
				Cylinder(3.62565, 3.5, 10.5433)
				MovRel3f(0, 10.5433, 0)
				SB()
					RotRel3f(0.250608, 0, 1, 0)
					RotRel3f(-0.599011, 0, 0, 1)
					Cylinder(3.5, 3.20982, 28.9117)
					MovRel3f(0, 28.9117, 0)
					RotRel3f(-0.66456, 0, 0, 1)
					Cylinder(3.20982, 3.08929, 12.0088)
					MovRel3f(0, 12.0088, 0)
					Cylinder(3.08929, 3.03424, 5.48507)
					MovRel3f(0, 5.48507, 0)
					RotRel3f(-0.161898, 0, 0, 1)
					Cylinder(3.03424, 2.90825, 12.5526)
					MovRel3f(0, 12.5526, 0)
					RotRel3f(-0.161898, 0, 0, 1)
					Cylinder(2.90825, 2.65237, 25.4947)
					MovRel3f(0, 25.4947, 0)
					RotRel3f(0.751016, 0, 0, 1)
					Cylinder(2.65237, 2.48589, 16.5869)
					MovRel3f(0, 16.5869, 0)
					Cylinder(2.48589, 2.47488, 1.09732)
					MovRel3f(0, 1.09732, 0)
				EB()
				SB()
					RotRel3f(0.622545, 0, 1, 0)
					RotRel3f(0.536076, 0, 0, 1)
					Cylinder(3.5, 3.21246, 28.6347)
					MovRel3f(0, 28.6347, 0)
					RotRel3f(0.685242, 0, 0, 1)
					Cylinder(3.21246, 2.91005, 30.1149)
					MovRel3f(0, 30.1149, 0)
					RotRel3f(-0.135224, 0, 0, 1)
					Cylinder(2.91005, 2.77415, 13.5331)
					MovRel3f(0, 13.5331, 0)
					Cylinder(2.77415, 2.57556, 19.7758)
					MovRel3f(0, 19.7758, 0)
					RotRel3f(0.135557, 0, 0, 1)
					Cylinder(2.57556, 2.47488, 10.0264)
					MovRel3f(0, 10.0264, 0)
				EB()
				SB()
					RotRel3f(3.11704, 0, 1, 0)
					RotRel3f(0.284939, 0, 0, 1)
					Cylinder(3.5, 3.40418, 9.52661)
					MovRel3f(0, 9.52661, 0)
					RotRel3f(-0.783161, 0, 0, 1)
					Cylinder(3.40418, 3.25588, 14.7446)
					MovRel3f(0, 14.7446, 0)
					RotRel3f(0.0931527, 0, 0, 1)
					Cylinder(3.25588, 3.24629, 0.953813)
					MovRel3f(0, 0.953813, 0)
					Cylinder(3.24629, 3.01583, 22.9128)
					MovRel3f(0, 22.9128, 0)
					RotRel3f(0.633294, 0, 0, 1)
					Cylinder(3.01583, 2.82579, 18.8947)
					MovRel3f(0, 18.8947, 0)
					RotRel3f(-0.0758011, 0, 0, 1)
					Cylinder(2.82579, 2.64123, 18.3489)
					MovRel3f(0, 18.3489, 0)
					RotRel3f(-0.13588, 0, 0, 1)
					Cylinder(2.64123, 2.57411, 6.67356)
					MovRel3f(0, 6.67356, 0)
					Cylinder(2.57411, 2.47488, 9.86608)
					MovRel3f(0, 9.86608, 0)
				EB()
			EB()
			SB()
				RotRel3f(0.622545, 0, 1, 0)
				RotRel3f(0.535527, 0, 0, 1)
				Cylinder(4.94975, 4.5431, 34.1111)
				MovRel3f(0, 34.1111, 0)
				RotRel3f(0.671906, 0, 0, 1)
				Cylinder(4.5431, 4.25329, 24.3099)
				MovRel3f(0, 24.3099, 0)
				Cylinder(4.25329, 4.13644, 9.80125)
				MovRel3f(0, 9.80125, 0)
				RotRel3f(-0.691443, 0, 0, 1)
				Cylinder(4.13644, 3.51941, 51.7586)
				MovRel3f(0, 51.7586, 0)
				RotRel3f(0.134408, 0, 0, 1)
				Cylinder(3.51941, 3.5, 1.62791)
				MovRel3f(0, 1.62791, 0)
				SB()
					RotRel3f(0.250608, 0, 1, 0)
					RotRel3f(-0.574312, 0, 0, 1)
					Cylinder(3.5, 3.3849, 11.5356)
					MovRel3f(0, 11.5356, 0)
					Cylinder(3.3849, 3.22655, 15.8699)
					MovRel3f(0, 15.8699, 0)
					Cylinder(3.22655, 3.21528, 1.12909)
					MovRel3f(0, 1.12909, 0)
					RotRel3f(-0.793346, 0, 0, 1)
					Cylinder(3.21528, 3.1253, 9.01786)
					MovRel3f(0, 9.01786, 0)
					Cylinder(3.1253, 3.11404, 1.12909)
					MovRel3f(0, 1.12909, 0)
					RotRel3f(0.742202, 0, 0, 1)
					Cylinder(3.11404, 3.02406, 9.01786)
					MovRel3f(0, 9.01786, 0)
					Cylinder(3.02406, 2.97377, 5.04009)
					MovRel3f(0, 5.04009, 0)
					RotRel3f(-0.672556, 0, 0, 1)
					Cylinder(2.97377, 2.92281, 5.10686)
					MovRel3f(0, 5.10686, 0)
					Cylinder(2.92281, 2.83306, 8.99474)
					MovRel3f(0, 8.99474, 0)
					RotRel3f(-0.161898, 0, 0, 1)
					Cylinder(2.83306, 2.56162, 27.2039)
					MovRel3f(0, 27.2039, 0)
					RotRel3f(0.37908, 0, 0, 1)
					Cylinder(2.56162, 2.47488, 8.6939)
					MovRel3f(0, 8.6939, 0)
				EB()
				SB()
					RotRel3f(0.622545, 0, 1, 0)
					RotRel3f(0.534879, 0, 0, 1)
					Cylinder(3.5, 3.17429, 32.458)
					MovRel3f(0, 32.458, 0)
					RotRel3f(0.666709, 0, 0, 1)
					Cylinder(3.17429, 2.94177, 23.1718)
					MovRel3f(0, 23.1718, 0)
					Cylinder(2.94177, 2.84636, 9.5079)
					MovRel3f(0, 9.5079, 0)
					RotRel3f(-0.683205, 0, 0, 1)
					Cylinder(2.84636, 2.58593, 25.9526)
					MovRel3f(0, 25.9526, 0)
					Cylinder(2.58593, 2.50623, 7.94244)
					MovRel3f(0, 7.94244, 0)
					RotRel3f(0.666471, 0, 0, 1)
					Cylinder(2.50623, 2.47488, 3.12448)
					MovRel3f(0, 3.12448, 0)
				EB()
				SB()
					RotRel3f(3.11704, 0, 1, 0)
					RotRel3f(0.293753, 0, 0, 1)
					Cylinder(3.5, 3.37955, 12.0188)
					MovRel3f(0, 12.0188, 0)
					RotRel3f(-0.514455, 0, 0, 1)
					Cylinder(3.37955, 3.17678, 20.2321)
					MovRel3f(0, 20.2321, 0)
					RotRel3f(-0.461215, 0, 0, 1)
					Cylinder(3.17678, 3.09941, 7.72031)
					MovRel3f(0, 7.72031, 0)
					RotRel3f(0.156632, 0, 0, 1)
					Cylinder(3.09941, 2.90334, 19.5638)
					MovRel3f(0, 19.5638, 0)
					Cylinder(2.90334, 2.79037, 11.2723)
					MovRel3f(0, 11.2723, 0)
					RotRel3f(0.541062, 0, 0, 1)
					Cylinder(2.79037, 2.64963, 14.0435)
					MovRel3f(0, 14.0435, 0)
					Cylinder(2.64963, 2.47488, 17.4371)
					MovRel3f(0, 17.4371, 0)
				EB()
			EB()
			SB()
				RotRel3f(3.11704, 0, 1, 0)
				RotRel3f(0.288014, 0, 0, 1)
				Cylinder(4.94975, 4.84033, 9.22503)
				MovRel3f(0, 9.22503, 0)
				RotRel3f(-0.783161, 0, 0, 1)
				Cylinder(4.84033, 4.73091, 9.22503)
				MovRel3f(0, 9.22503, 0)
				RotRel3f(0.127467, 0, 0, 1)
				Cylinder(4.73091, 4.50123, 19.3636)
				MovRel3f(0, 19.3636, 0)
				RotRel3f(0.0911266, 0, 0, 1)
				Cylinder(4.50123, 4.21147, 24.4287)
				MovRel3f(0, 24.4287, 0)
				RotRel3f(-0.230475, 0, 0, 1)
				Cylinder(4.21147, 4.05991, 12.7777)
				MovRel3f(0, 12.7777, 0)
				Cylinder(4.05991, 3.97517, 7.14456)
				MovRel3f(0, 7.14456, 0)
				RotRel3f(0.331834, 0, 0, 1)
				Cylinder(3.97517, 3.86574, 9.22504)
				MovRel3f(0, 9.22504, 0)
				RotRel3f(-0.103558, 0, 0, 1)
				Cylinder(3.86574, 3.5, 30.8348)
				MovRel3f(0, 30.8348, 0)
				SB()
					RotRel3f(0.250608, 0, 1, 0)
					RotRel3f(-0.582108, 0, 0, 1)
					Cylinder(3.5, 3.39876, 10.168)
					MovRel3f(0, 10.168, 0)
					Cylinder(3.39876, 3.17019, 22.9548)
					MovRel3f(0, 22.9548, 0)
					RotRel3f(-0.0745327, 0, 0, 1)
					Cylinder(3.17019, 3.12869, 4.16754)
					MovRel3f(0, 4.16754, 0)
					Cylinder(3.12869, 3.02744, 10.168)
					MovRel3f(0, 10.168, 0)
					Cylinder(3.02744, 2.99948, 2.80869)
					MovRel3f(0, 2.80869, 0)
					RotRel3f(-0.161898, 0, 0, 1)
					Cylinder(2.99948, 2.8495, 15.0622)
					MovRel3f(0, 15.0622, 0)
					RotRel3f(-0.161898, 0, 0, 1)
					Cylinder(2.8495, 2.81354, 3.61179)
					MovRel3f(0, 3.61179, 0)
					Cylinder(2.81354, 2.73152, 8.23685)
					MovRel3f(0, 8.23685, 0)
					RotRel3f(0.125493, 0, 0, 1)
					Cylinder(2.73152, 2.63027, 10.168)
					MovRel3f(0, 10.168, 0)
					RotRel3f(-0.558643, 0, 0, 1)
					Cylinder(2.63027, 2.47488, 15.6063)
					MovRel3f(0, 15.6063, 0)
				EB()
				SB()
					RotRel3f(0.622545, 0, 1, 0)
					RotRel3f(0.535429, 0, 0, 1)
					Cylinder(3.5, 3.08124, 42.0752)
					MovRel3f(0, 42.0752, 0)
					Cylinder(3.08124, 3.05339, 2.79885)
					MovRel3f(0, 2.79885, 0)
					RotRel3f(0.134104, 0, 0, 1)
					Cylinder(3.05339, 2.7531, 30.1713)
					MovRel3f(0, 30.1713, 0)
					Cylinder(2.7531, 2.66326, 9.02724)
					MovRel3f(0, 9.02724, 0)
					RotRel3f(-0.132853, 0, 0, 1)
					Cylinder(2.66326, 2.47488, 18.9279)
					MovRel3f(0, 18.9279, 0)
				EB()
				SB()
					RotRel3f(3.11704, 0, 1, 0)
					RotRel3f(0.287795, 0, 0, 1)
					Cylinder(3.5, 3.24629, 25.3942)
					MovRel3f(0, 25.3942, 0)
					Cylinder(3.24629, 3.15928, 8.7082)
					MovRel3f(0, 8.7082, 0)
					RotRel3f(-0.1185, 0, 0, 1)
					Cylinder(3.15928, 3.04263, 11.676)
					MovRel3f(0, 11.676, 0)
					RotRel3f(-0.0874866, 0, 0, 1)
					Cylinder(3.04263, 2.77884, 26.4022)
					MovRel3f(0, 26.4022, 0)
					Cylinder(2.77884, 2.69125, 8.76758)
					MovRel3f(0, 8.76758, 0)
					RotRel3f(-0.426347, 0, 0, 1)
					Cylinder(2.69125, 2.47488, 21.6563)
					MovRel3f(0, 21.6563, 0)
				EB()
			EB()
		EB()
		SB()
			RotRel3f(3.11704, 0, 1, 0)
			RotRel3f(0.293706, 0, 0, 1)
			Cylinder(7, 6.42966, 40.4354)
			MovRel3f(0, 40.4354, 0)
			RotRel3f(-0.181264, 0, 0, 1)
			Cylinder(6.42966, 6.00124, 30.3729)
			MovRel3f(0, 30.3729, 0)
			RotRel3f(-0.655357, 0, 0, 1)
			Cylinder(6.00124, 5.75514, 17.4481)
			MovRel3f(0, 17.4481, 0)
			RotRel3f(0.0871686, 0, 0, 1)
			Cylinder(5.75514, 5.5009, 18.0249)
			MovRel3f(0, 18.0249, 0)
			Cylinder(5.5009, 5.31069, 13.4846)
			MovRel3f(0, 13.4846, 0)
			RotRel3f(0.523434, 0, 0, 1)
			Cylinder(5.31069, 5.05266, 18.2939)
			MovRel3f(0, 18.2939, 0)
			RotRel3f(-0.154346, 0, 0, 1)
			Cylinder(5.05266, 4.94975, 7.29579)
			MovRel3f(0, 7.29579, 0)
			SB()
				RotRel3f(0.250608, 0, 1, 0)
				RotRel3f(-0.579158, 0, 0, 1)
				Cylinder(4.94975, 4.70066, 21.057)
				MovRel3f(0, 21.057, 0)
				RotRel3f(-0.80949, 0, 0, 1)
				Cylinder(4.70066, 4.46785, 19.6798)
				MovRel3f(0, 19.6798, 0)
				RotRel3f(0.147984, 0, 0, 1)
				Cylinder(4.46785, 4.30357, 13.888)
				MovRel3f(0, 13.888, 0)
				RotRel3f(0.161898, 0, 0, 1)
				Cylinder(4.30357, 4.14961, 13.0144)
				MovRel3f(0, 13.0144, 0)
				RotRel3f(0.161898, 0, 0, 1)
				Cylinder(4.14961, 3.83076, 26.9542)
				MovRel3f(0, 26.9542, 0)
				RotRel3f(0.138939, 0, 0, 1)
				Cylinder(3.83076, 3.68006, 12.7388)
				MovRel3f(0, 12.7388, 0)
				Cylinder(3.68006, 3.65215, 2.3596)
				MovRel3f(0, 2.3596, 0)
				RotRel3f(-0.161898, 0, 0, 1)
				Cylinder(3.65215, 3.5, 12.8619)
				MovRel3f(0, 12.8619, 0)
				SB()
					RotRel3f(0.250608, 0, 1, 0)
					RotRel3f(-0.586027, 0, 0, 1)
					Cylinder(3.5, 3.39876, 10.2258)
					MovRel3f(0, 10.2258, 0)
					RotRel3f(-0.731183, 0, 0, 1)
					Cylinder(3.39876, 3.14443, 25.6866)
					MovRel3f(0, 25.6866, 0)
					RotRel3f(0.161898, 0, 0, 1)
					Cylinder(3.14443, 2.9695, 17.6686)
					MovRel3f(0, 17.6686, 0)
					RotRel3f(0.156334, 0, 0, 1)
					Cylinder(2.9695, 2.82193, 14.9036)
					MovRel3f(0, 14.9036, 0)
					RotRel3f(0.149367, 0, 0, 1)
					Cylinder(2.82193, 2.57612, 24.8269)
					MovRel3f(0, 24.8269, 0)
					Cylinder(2.57612, 2.54808, 2.83181)
					MovRel3f(0, 2.83181, 0)
					RotRel3f(-0.150076, 0, 0, 1)
					Cylinder(2.54808, 2.47488, 7.39393)
					MovRel3f(0, 7.39393, 0)
				EB()
				SB()
					RotRel3f(0.622545, 0, 1, 0)
					RotRel3f(0.538004, 0, 0, 1)
					Cylinder(3.5, 3.16145, 34.1173)
					MovRel3f(0, 34.1173, 0)
					RotRel3f(0.675641, 0, 0, 1)
					Cylinder(3.16145, 2.76242, 40.2107)
					MovRel3f(0, 40.2107, 0)
					Cylinder(2.76242, 2.71483, 4.79597)
					MovRel3f(0, 4.79597, 0)
					RotRel3f(-0.685776, 0, 0, 1)
					Cylinder(2.71483, 2.47488, 24.181)
					MovRel3f(0, 24.181, 0)
				EB()
				SB()
					RotRel3f(3.11704, 0, 1, 0)
					RotRel3f(0.286563, 0, 0, 1)
					Cylinder(3.5, 3.30245, 19.8275)
					MovRel3f(0, 19.8275, 0)
					RotRel3f(-0.420366, 0, 0, 1)
					Cylinder(3.30245, 3.24629, 5.63703)
					MovRel3f(0, 5.63703, 0)
					Cylinder(3.24629, 3.20514, 4.12966)
					MovRel3f(0, 4.12966, 0)
					RotRel3f(0.211144, 0, 0, 1)
					Cylinder(3.20514, 3.01075, 19.5107)
					MovRel3f(0, 19.5107, 0)
					RotRel3f(-0.0674922, 0, 0, 1)
					Cylinder(3.01075, 2.99257, 1.8242)
					MovRel3f(0, 1.8242, 0)
					Cylinder(2.99257, 2.6043, 38.97)
					MovRel3f(0, 38.97, 0)
					RotRel3f(-0.337142, 0, 0, 1)
					Cylinder(2.6043, 2.5348, 6.97496)
					MovRel3f(0, 6.97496, 0)
					Cylinder(2.5348, 2.47488, 6.01472)
					MovRel3f(0, 6.01472, 0)
				EB()
			EB()
			SB()
				RotRel3f(0.622545, 0, 1, 0)
				RotRel3f(0.532871, 0, 0, 1)
				Cylinder(4.94975, 4.5431, 34.305)
				MovRel3f(0, 34.305, 0)
				RotRel3f(0.681135, 0, 0, 1)
				Cylinder(4.5431, 3.98663, 46.9435)
				MovRel3f(0, 46.9435, 0)
				RotRel3f(-0.134296, 0, 0, 1)
				Cylinder(3.98663, 3.90665, 6.74639)
				MovRel3f(0, 6.74639, 0)
				Cylinder(3.90665, 3.52757, 31.9795)
				MovRel3f(0, 31.9795, 0)
				RotRel3f(0.136411, 0, 0, 1)
				Cylinder(3.52757, 3.5, 2.32552)
				MovRel3f(0, 2.32552, 0)
				SB()
					RotRel3f(0.250608, 0, 1, 0)
					RotRel3f(-0.585751, 0, 0, 1)
					Cylinder(3.5, 3.39876, 10.1663)
					MovRel3f(0, 10.1663, 0)
					RotRel3f(-0.777788, 0, 0, 1)
					Cylinder(3.39876, 3.2581, 14.1233)
					MovRel3f(0, 14.1233, 0)
					RotRel3f(0.161898, 0, 0, 1)
					Cylinder(3.2581, 3.05862, 20.0303)
					MovRel3f(0, 20.0303, 0)
					RotRel3f(0.145942, 0, 0, 1)
					Cylinder(3.05862, 2.98283, 7.61065)
					MovRel3f(0, 7.61065, 0)
					Cylinder(2.98283, 2.83719, 14.6243)
					MovRel3f(0, 14.6243, 0)
					RotRel3f(-0.117896, 0, 0, 1)
					Cylinder(2.83719, 2.50737, 33.1174)
					MovRel3f(0, 33.1174, 0)
					RotRel3f(0.469615, 0, 0, 1)
					Cylinder(2.50737, 2.47488, 3.26298)
					MovRel3f(0, 3.26298, 0)
				EB()
				SB()
					RotRel3f(0.622545, 0, 1, 0)
					RotRel3f(0.536432, 0, 0, 1)
					Cylinder(3.5, 3.13067, 36.9913)
					MovRel3f(0, 36.9913, 0)
					RotRel3f(0.685132, 0, 0, 1)
					Cylinder(3.13067, 3.0045, 12.636)
					MovRel3f(0, 12.636, 0)
					Cylinder(3.0045, 2.72066, 28.4292)
					MovRel3f(0, 28.4292, 0)
					RotRel3f(-0.679022, 0, 0, 1)
					Cylinder(2.72066, 2.66512, 5.5627)
					MovRel3f(0, 5.5627, 0)
					Cylinder(2.66512, 2.47488, 19.0537)
					MovRel3f(0, 19.0537, 0)
				EB()
				SB()
					RotRel3f(3.11704, 0, 1, 0)
					RotRel3f(0.289882, 0, 0, 1)
					Cylinder(3.5, 3.38264, 11.7669)
					MovRel3f(0, 11.7669, 0)
					RotRel3f(-0.777348, 0, 0, 1)
					Cylinder(3.38264, 3.23839, 14.4619)
					MovRel3f(0, 14.4619, 0)
					RotRel3f(0.0570587, 0, 0, 1)
					Cylinder(3.23839, 3.00829, 23.0696)
					MovRel3f(0, 23.0696, 0)
					RotRel3f(0.148998, 0, 0, 1)
					Cylinder(3.00829, 2.85228, 15.6405)
					MovRel3f(0, 15.6405, 0)
					Cylinder(2.85228, 2.80013, 5.22877)
					MovRel3f(0, 5.22877, 0)
					RotRel3f(0.545454, 0, 0, 1)
					Cylinder(2.80013, 2.67643, 12.4021)
					MovRel3f(0, 12.4021, 0)
					RotRel3f(-0.149638, 0, 0, 1)
					Cylinder(2.67643, 2.47488, 20.2075)
					MovRel3f(0, 20.2075, 0)
				EB()
			EB()
			SB()
				RotRel3f(3.11704, 0, 1, 0)
				RotRel3f(0.28774, 0, 0, 1)
				Cylinder(4.94975, 4.56152, 32.652)
				MovRel3f(0, 32.652, 0)
				RotRel3f(-0.754425, 0, 0, 1)
				Cylinder(4.56152, 4.22632, 28.1923)
				MovRel3f(0, 28.1923, 0)
				Cylinder(4.22632, 4.13001, 8.10014)
				MovRel3f(0, 8.10014, 0)
				RotRel3f(0.142472, 0, 0, 1)
				Cylinder(4.13001, 3.94439, 15.6121)
				MovRel3f(0, 15.6121, 0)
				RotRel3f(0.53257, 0, 0, 1)
				Cylinder(3.94439, 3.73586, 17.5383)
				MovRel3f(0, 17.5383, 0)
				Cylinder(3.73586, 3.5, 19.837)
				MovRel3f(0, 19.837, 0)
				SB()
					RotRel3f(0.250608, 0, 1, 0)
					RotRel3f(-0.573595, 0, 0, 1)
					Cylinder(3.5, 3.37597, 12.3931)
					MovRel3f(0, 12.3931, 0)
					RotRel3f(-0.711681, 0, 0, 1)
					Cylinder(3.37597, 3.25524, 12.0642)
					MovRel3f(0, 12.0642, 0)
					RotRel3f(0.122427, 0, 0, 1)
					Cylinder(3.25524, 3.03496, 22.0103)
					MovRel3f(0, 22.0103, 0)
					RotRel3f(0.138769, 0, 0, 1)
					Cylinder(3.03496, 2.88998, 14.4869)
					MovRel3f(0, 14.4869, 0)
					Cylinder(2.88998, 2.80387, 8.604)
					MovRel3f(0, 8.604, 0)
					RotRel3f(-0.149476, 0, 0, 1)
					Cylinder(2.80387, 2.70959, 9.42023)
					MovRel3f(0, 9.42023, 0)
					Cylinder(2.70959, 2.57076, 13.8719)
					MovRel3f(0, 13.8719, 0)
					RotRel3f(0.109796, 0, 0, 1)
					Cylinder(2.57076, 2.47488, 9.58115)
					MovRel3f(0, 9.58115, 0)
				EB()
				SB()
					RotRel3f(0.622545, 0, 1, 0)
					RotRel3f(0.54142, 0, 0, 1)
					Cylinder(3.5, 3.12833, 37.1059)
					MovRel3f(0, 37.1059, 0)
					RotRel3f(0.678184, 0, 0, 1)
					Cylinder(3.12833, 2.76242, 36.5298)
					MovRel3f(0, 36.5298, 0)
					Cylinder(2.76242, 2.74336, 1.90299)
					MovRel3f(0, 1.90299, 0)
					RotRel3f(-0.675629, 0, 0, 1)
					Cylinder(2.74336, 2.47488, 26.8041)
					MovRel3f(0, 26.8041, 0)
				EB()
				SB()
					RotRel3f(3.11704, 0, 1, 0)
					RotRel3f(0.296179, 0, 0, 1)
					Cylinder(3.5, 3.24331, 25.6744)
					MovRel3f(0, 25.6744, 0)
					RotRel3f(-0.756526, 0, 0, 1)
					Cylinder(3.24331, 3.12805, 11.5278)
					MovRel3f(0, 11.5278, 0)
					RotRel3f(0.102011, 0, 0, 1)
					Cylinder(3.12805, 3.05068, 7.73871)
					MovRel3f(0, 7.73871, 0)
					RotRel3f(0.0988874, 0, 0, 1)
					Cylinder(3.05068, 2.91063, 14.007)
					MovRel3f(0, 14.007, 0)
					RotRel3f(-0.450621, 0, 0, 1)
					Cylinder(2.91063, 2.79874, 11.1914)
					MovRel3f(0, 11.1914, 0)
					Cylinder(2.79874, 2.69107, 10.7694)
					MovRel3f(0, 10.7694, 0)
					RotRel3f(0.554303, 0, 0, 1)
					Cylinder(2.69107, 2.47488, 21.6232)
					MovRel3f(0, 21.6232, 0)
				EB()
			EB()
		EB()
	EB()
	SB()
		RotRel3f(3.11704, 0, 1, 0)
		RotRel3f(0.291265, 0, 0, 1)
		Cylinder(9, 8.69944, 29.9938)
		MovRel3f(0, 29.9938, 0)
		RotRel3f(-0.783161, 0, 0, 1)
		Cylinder(8.69944, 8.2316, 46.6872)
		MovRel3f(0, 46.6872, 0)
		RotRel3f(0.136689, 0, 0, 1)
		Cylinder(8.2316, 7.94715, 28.3863)
		MovRel3f(0, 28.3863, 0)
		RotRel3f(0.120622, 0, 0, 1)
		Cylinder(7.94715, 7.83518, 11.1741)
		MovRel3f(0, 11.1741, 0)
		Cylinder(7.83518, 7.58394, 25.0726)
		MovRel3f(0, 25.0726, 0)
		RotRel3f(0.448759, 0, 0, 1)
		Cylinder(7.58394, 7.38581, 19.7713)
		MovRel3f(0, 19.7713, 0)
		RotRel3f(-0.0643469, 0, 0, 1)
		Cylinder(7.38581, 7, 38.5018)
		MovRel3f(0, 38.5018, 0)
		SB()
			RotRel3f(0.250608, 0, 1, 0)
			RotRel3f(-0.586934, 0, 0, 1)
			Cylinder(7, 6.79751, 16.5766)
			MovRel3f(0, 16.5766, 0)
			Cylinder(6.79751, 6.77615, 1.74843)
			MovRel3f(0, 1.74843, 0)
			RotRel3f(-0.161898, 0, 0, 1)
			Cylinder(6.77615, 6.30423, 38.6329)
			MovRel3f(0, 38.6329, 0)
			RotRel3f(-0.117931, 0, 0, 1)
			Cylinder(6.30423, 5.90228, 32.9051)
			MovRel3f(0, 32.9051, 0)
			RotRel3f(-0.161898, 0, 0, 1)
			Cylinder(5.90228, 5.67046, 18.9773)
			MovRel3f(0, 18.9773, 0)
			Cylinder(5.67046, 5.58895, 6.67215)
			MovRel3f(0, 6.67215, 0)
			RotRel3f(0.161898, 0, 0, 1)
			Cylinder(5.58895, 4.94975, 52.3274)
			MovRel3f(0, 52.3274, 0)
			SB()
				RotRel3f(0.250608, 0, 1, 0)
				RotRel3f(-0.594881, 0, 0, 1)
				Cylinder(4.94975, 4.66871, 27.3452)
				MovRel3f(0, 27.3452, 0)
				Cylinder(4.66871, 4.59507, 7.16487)
				MovRel3f(0, 7.16487, 0)
				RotRel3f(-0.1326, 0, 0, 1)
				Cylinder(4.59507, 4.31115, 27.6247)
				MovRel3f(0, 27.6247, 0)
				RotRel3f(-0.161898, 0, 0, 1)
				Cylinder(4.31115, 4.06968, 23.4956)
				MovRel3f(0, 23.4956, 0)
				Cylinder(4.06968, 4.02272, 4.56871)
				MovRel3f(0, 4.56871, 0)
				RotRel3f(-0.723695, 0, 0, 1)
				Cylinder(4.02272, 3.8448, 17.3116)
				MovRel3f(0, 17.3116, 0)
				RotRel3f(0.161898, 0, 0, 1)
				Cylinder(3.8448, 3.68894, 15.1651)
				MovRel3f(0, 15.1651, 0)
				RotRel3f(0.161474, 0, 0, 1)
				Cylinder(3.68894, 3.5, 18.3833)
				MovRel3f(0, 18.3833, 0)
				SB()
					RotRel3f(0.250608, 0, 1, 0)
					RotRel3f(-0.580993, 0, 0, 1)
					Cylinder(3.5, 3.25389, 28.4974)
					MovRel3f(0, 28.4974, 0)
					RotRel3f(-0.517702, 0, 0, 1)
					Cylinder(3.25389, 3.14335, 12.7986)
					MovRel3f(0, 12.7986, 0)
					Cylinder(3.14335, 3.06594, 8.96356)
					MovRel3f(0, 8.96356, 0)
					RotRel3f(-0.0990036, 0, 0, 1)
					Cylinder(3.06594, 2.90454, 18.6881)
					MovRel3f(0, 18.6881, 0)
					RotRel3f(-0.161013, 0, 0, 1)
					Cylinder(2.90454, 2.8033, 11.7232)
					MovRel3f(0, 11.7232, 0)
					RotRel3f(-0.161898, 0, 0, 1)
					Cylinder(2.8033, 2.62288, 20.8908)
					MovRel3f(0, 20.8908, 0)
					RotRel3f(0.740487, 0, 0, 1)
					Cylinder(2.62288, 2.60021, 2.62501)
					MovRel3f(0, 2.62501, 0)
					Cylinder(2.60021, 2.49896, 11.7232)
					MovRel3f(0, 11.7232, 0)
					Cylinder(2.49896, 2.47488, 2.78883)
					MovRel3f(0, 2.78883, 0)
				EB()
				SB()
					RotRel3f(0.622545, 0, 1, 0)
					RotRel3f(0.54065, 0, 0, 1)
					Cylinder(3.5, 3.20774, 33.8561)
					MovRel3f(0, 33.8561, 0)
					RotRel3f(0.676058, 0, 0, 1)
					Cylinder(3.20774, 2.92019, 33.31)
					MovRel3f(0, 33.31, 0)
					RotRel3f(-0.136083, 0, 0, 1)
					Cylinder(2.92019, 2.88277, 4.33495)
					MovRel3f(0, 4.33495, 0)
					Cylinder(2.88277, 2.47488, 47.2515)
					MovRel3f(0, 47.2515, 0)
				EB()
				SB()
					RotRel3f(3.11704, 0, 1, 0)
					RotRel3f(0.286579, 0, 0, 1)
					Cylinder(3.5, 3.21262, 33.2178)
					MovRel3f(0, 33.2178, 0)
					RotRel3f(-0.346394, 0, 0, 1)
					Cylinder(3.21262, 3.07051, 16.4267)
					MovRel3f(0, 16.4267, 0)
					RotRel3f(-0.203973, 0, 0, 1)
					Cylinder(3.07051, 3.0555, 1.73448)
					MovRel3f(0, 1.73448, 0)
					Cylinder(3.0555, 2.69716, 41.42)
					MovRel3f(0, 41.42, 0)
					RotRel3f(0.45091, 0, 0, 1)
					Cylinder(2.69716, 2.47488, 25.6937)
					MovRel3f(0, 25.6937, 0)
				EB()
			EB()
			SB()
				RotRel3f(0.622545, 0, 1, 0)
				RotRel3f(0.540885, 0, 0, 1)
				Cylinder(4.94975, 4.52261, 41.6847)
				MovRel3f(0, 41.6847, 0)
				RotRel3f(0.687317, 0, 0, 1)
				Cylinder(4.52261, 4.11595, 39.6852)
				MovRel3f(0, 39.6852, 0)
				RotRel3f(-0.134874, 0, 0, 1)
				Cylinder(4.11595, 4.05508, 5.94065)
				MovRel3f(0, 5.94065, 0)
				Cylinder(4.05508, 3.5016, 54.0142)
				MovRel3f(0, 54.0142, 0)
				RotRel3f(0.133588, 0, 0, 1)
				Cylinder(3.5016, 3.5, 0.155945)
				MovRel3f(0, 0.155945, 0)
				SB()
					RotRel3f(0.250608, 0, 1, 0)
					RotRel3f(-0.58025, 0, 0, 1)
					Cylinder(3.5, 3.24074, 30.1241)
					MovRel3f(0, 30.1241, 0)
					RotRel3f(-0.80949, 0, 0, 1)
					Cylinder(3.24074, 3.12625, 13.3025)
					MovRel3f(0, 13.3025, 0)
					RotRel3f(0.154026, 0, 0, 1)
					Cylinder(3.12625, 2.98497, 16.4154)
					MovRel3f(0, 16.4154, 0)
					RotRel3f(0.125524, 0, 0, 1)
					Cylinder(2.98497, 2.88372, 11.7638)
					MovRel3f(0, 11.7638, 0)
					RotRel3f(0.127772, 0, 0, 1)
					Cylinder(2.88372, 2.77443, 12.6983)
					MovRel3f(0, 12.6983, 0)
					Cylinder(2.77443, 2.63875, 15.7649)
					MovRel3f(0, 15.7649, 0)
					RotRel3f(-0.116196, 0, 0, 1)
					Cylinder(2.63875, 2.52341, 13.4005)
					MovRel3f(0, 13.4005, 0)
					RotRel3f(-0.161898, 0, 0, 1)
					Cylinder(2.52341, 2.47488, 5.63969)
					MovRel3f(0, 5.63969, 0)
				EB()
				SB()
					RotRel3f(0.622545, 0, 1, 0)
					RotRel3f(0.537684, 0, 0, 1)
					Cylinder(3.5, 3.21246, 33.2292)
					MovRel3f(0, 33.2292, 0)
					RotRel3f(0.676724, 0, 0, 1)
					Cylinder(3.21246, 2.76584, 51.6113)
					MovRel3f(0, 51.6113, 0)
					RotRel3f(-0.134754, 0, 0, 1)
					Cylinder(2.76584, 2.76242, 0.39497)
					MovRel3f(0, 0.39497, 0)
					Cylinder(2.76242, 2.47488, 33.2292)
					MovRel3f(0, 33.2292, 0)
				EB()
				SB()
					RotRel3f(3.11704, 0, 1, 0)
					RotRel3f(0.281772, 0, 0, 1)
					Cylinder(3.5, 3.30145, 23.0096)
					MovRel3f(0, 23.0096, 0)
					RotRel3f(-0.381764, 0, 0, 1)
					Cylinder(3.30145, 3.24629, 6.39266)
					MovRel3f(0, 6.39266, 0)
					Cylinder(3.24629, 3.01133, 27.229)
					MovRel3f(0, 27.229, 0)
					RotRel3f(-0.140488, 0, 0, 1)
					Cylinder(3.01133, 2.79975, 24.5194)
					MovRel3f(0, 24.5194, 0)
					RotRel3f(0.230347, 0, 0, 1)
					Cylinder(2.79975, 2.74478, 6.37)
					MovRel3f(0, 6.37, 0)
					Cylinder(2.74478, 2.60404, 16.3102)
					MovRel3f(0, 16.3102, 0)
					RotRel3f(-0.542341, 0, 0, 1)
					Cylinder(2.60404, 2.48915, 13.3141)
					MovRel3f(0, 13.3141, 0)
					Cylinder(2.48915, 2.47488, 1.65389)
					MovRel3f(0, 1.65389, 0)
				EB()
			EB()
			SB()
				RotRel3f(3.11704, 0, 1, 0)
				RotRel3f(0.287726, 0, 0, 1)
				Cylinder(4.94975, 4.64866, 29.27)
				MovRel3f(0, 29.27, 0)
				RotRel3f(-0.678842, 0, 0, 1)
				Cylinder(4.64866, 4.49874, 14.5734)
				MovRel3f(0, 14.5734, 0)
				RotRel3f(0.114227, 0, 0, 1)
				Cylinder(4.49874, 4.38932, 10.6371)
				MovRel3f(0, 10.6371, 0)
				RotRel3f(-0.238842, 0, 0, 1)
				Cylinder(4.38932, 4.2799, 10.6371)
				MovRel3f(0, 10.6371, 0)
				RotRel3f(-0.189684, 0, 0, 1)
				Cylinder(4.2799, 4.21643, 6.17054)
				MovRel3f(0, 6.17054, 0)
				Cylinder(4.21643, 4.02639, 18.4739)
				MovRel3f(0, 18.4739, 0)
				RotRel3f(0.579772, 0, 0, 1)
				Cylinder(4.02639, 3.80827, 21.2039)
				MovRel3f(0, 21.2039, 0)
				RotRel3f(0.380602, 0, 0, 1)
				Cylinder(3.80827, 3.70441, 10.0966)
				MovRel3f(0, 10.0966, 0)
				Cylinder(3.70441, 3.5, 19.8709)
				MovRel3f(0, 19.8709, 0)
				SB()
					RotRel3f(0.250608, 0, 1, 0)
					RotRel3f(-0.581401, 0, 0, 1)
					Cylinder(3.5, 3.34161, 18.3416)
					MovRel3f(0, 18.3416, 0)
					Cylinder(3.34161, 3.18807, 17.7803)
					MovRel3f(0, 17.7803, 0)
					RotRel3f(-0.161898, 0, 0, 1)
					Cylinder(3.18807, 2.99394, 22.4793)
					MovRel3f(0, 22.4793, 0)
					RotRel3f(-0.161898, 0, 0, 1)
					Cylinder(2.99394, 2.78129, 24.6254)
					MovRel3f(0, 24.6254, 0)
					Cylinder(2.78129, 2.7263, 6.36689)
					MovRel3f(0, 6.36689, 0)
					RotRel3f(-0.437297, 0, 0, 1)
					Cylinder(2.7263, 2.5741, 17.6245)
					MovRel3f(0, 17.6245, 0)
					RotRel3f(0.161254, 0, 0, 1)
					Cylinder(2.5741, 2.47488, 11.4905)
					MovRel3f(0, 11.4905, 0)
				EB()
				SB()
					RotRel3f(0.622545, 0, 1, 0)
					RotRel3f(0.533086, 0, 0, 1)
					Cylinder(3.5, 3.21246, 33.2636)
					MovRel3f(0, 33.2636, 0)
					Cylinder(3.21246, 3.11523, 11.2466)
					MovRel3f(0, 11.2466, 0)
					RotRel3f(0.132429, 0, 0, 1)
					Cylinder(3.11523, 2.82769, 33.2636)
					MovRel3f(0, 33.2636, 0)
					RotRel3f(0.137752, 0, 0, 1)
					Cylinder(2.82769, 2.76206, 7.5913)
					MovRel3f(0, 7.5913, 0)
					Cylinder(2.76206, 2.54014, 25.6723)
					MovRel3f(0, 25.6723, 0)
					RotRel3f(-0.133637, 0, 0, 1)
					Cylinder(2.54014, 2.47488, 7.54986)
					MovRel3f(0, 7.54986, 0)
				EB()
				SB()
					RotRel3f(3.11704, 0, 1, 0)
					RotRel3f(0.28832, 0, 0, 1)
					Cylinder(3.5, 3.23871, 30.33)
					MovRel3f(0, 30.33, 0)
					RotRel3f(-0.457615, 0, 0, 1)
					Cylinder(3.23871, 3.16134, 8.98116)
					MovRel3f(0, 8.98116, 0)
					RotRel3f(-0.557386, 0, 0, 1)
					Cylinder(3.16134, 2.91488, 28.6076)
					MovRel3f(0, 28.6076, 0)
					Cylinder(2.91488, 2.85509, 6.94053)
					MovRel3f(0, 6.94053, 0)
					RotRel3f(0.337238, 0, 0, 1)
					Cylinder(2.85509, 2.77772, 8.98115)
					MovRel3f(0, 8.98115, 0)
					RotRel3f(0.508672, 0, 0, 1)
					Cylinder(2.77772, 2.55862, 25.4317)
					MovRel3f(0, 25.4317, 0)
					Cylinder(2.55862, 2.47488, 9.72106)
					MovRel3f(0, 9.72106, 0)
				EB()
			EB()
		EB()
		SB()
			RotRel3f(0.622545, 0, 1, 0)
			RotRel3f(0.534624, 0, 0, 1)
			Cylinder(7, 6.42491, 47.2687)
			MovRel3f(0, 47.2687, 0)
			RotRel3f(0.684241, 0, 0, 1)
			Cylinder(6.42491, 5.8962, 43.4559)
			MovRel3f(0, 43.4559, 0)
			Cylinder(5.8962, 5.81146, 6.96515)
			MovRel3f(0, 6.96515, 0)
			RotRel3f(-0.670645, 0, 0, 1)
			Cylinder(5.81146, 5.25009, 46.1408)
			MovRel3f(0, 46.1408, 0)
			Cylinder(5.25009, 5.23637, 1.12786)
			MovRel3f(0, 1.12786, 0)
			RotRel3f(0.676291, 0, 0, 1)
			Cylinder(5.23637, 4.94975, 23.558)
			MovRel3f(0, 23.558, 0)
			SB()
				RotRel3f(0.250608, 0, 1, 0)
				RotRel3f(-0.575875, 0, 0, 1)
				Cylinder(4.94975, 4.80657, 13.9614)
				MovRel3f(0, 13.9614, 0)
				Cylinder(4.80657, 4.58604, 21.5028)
				MovRel3f(0, 21.5028, 0)
				Cylinder(4.58604, 4.58123, 0.469303)
				MovRel3f(0, 0.469303, 0)
				RotRel3f(-0.561103, 0, 0, 1)
				Cylinder(4.58123, 4.28318, 29.0615)
				MovRel3f(0, 29.0615, 0)
				RotRel3f(0.122524, 0, 0, 1)
				Cylinder(4.28318, 4.0256, 25.116)
				MovRel3f(0, 25.116, 0)
				RotRel3f(0.161898, 0, 0, 1)
				Cylinder(4.0256, 3.58338, 43.1202)
				MovRel3f(0, 43.1202, 0)
				RotRel3f(-0.513612, 0, 0, 1)
				Cylinder(3.58338, 3.5, 8.12973)
				MovRel3f(0, 8.12973, 0)
				SB()
					RotRel3f(0.250608, 0, 1, 0)
					RotRel3f(-0.57049, 0, 0, 1)
					Cylinder(3.5, 3.39876, 11.731)
					MovRel3f(0, 11.731, 0)
					Cylinder(3.39876, 3.18673, 24.567)
					MovRel3f(0, 24.567, 0)
					RotRel3f(-0.15997, 0, 0, 1)
					Cylinder(3.18673, 3.02552, 18.6789)
					MovRel3f(0, 18.6789, 0)
					RotRel3f(-0.161898, 0, 0, 1)
					Cylinder(3.02552, 2.92657, 11.4652)
					MovRel3f(0, 11.4652, 0)
					Cylinder(2.92657, 2.87547, 5.92078)
					MovRel3f(0, 5.92078, 0)
					RotRel3f(-0.674884, 0, 0, 1)
					Cylinder(2.87547, 2.82532, 5.81025)
					MovRel3f(0, 5.81025, 0)
					Cylinder(2.82532, 2.59106, 27.143)
					MovRel3f(0, 27.143, 0)
					RotRel3f(0.516183, 0, 0, 1)
					Cylinder(2.59106, 2.47488, 13.4618)
					MovRel3f(0, 13.4618, 0)
				EB()
				SB()
					RotRel3f(0.622545, 0, 1, 0)
					RotRel3f(0.53889, 0, 0, 1)
					Cylinder(3.5, 3.20239, 34.6207)
					MovRel3f(0, 34.6207, 0)
					RotRel3f(0.675029, 0, 0, 1)
					Cylinder(3.20239, 2.87685, 37.8681)
					MovRel3f(0, 37.8681, 0)
					RotRel3f(-0.137631, 0, 0, 1)
					Cylinder(2.87685, 2.76242, 13.3114)
					MovRel3f(0, 13.3114, 0)
					Cylinder(2.76242, 2.58931, 20.138)
					MovRel3f(0, 20.138, 0)
					RotRel3f(0.134116, 0, 0, 1)
					Cylinder(2.58931, 2.47488, 13.3114)
					MovRel3f(0, 13.3114, 0)
				EB()
				SB()
					RotRel3f(3.11704, 0, 1, 0)
					RotRel3f(0.285784, 0, 0, 1)
					Cylinder(3.5, 3.18026, 37.1374)
					MovRel3f(0, 37.1374, 0)
					Cylinder(3.18026, 3.1691, 1.29625)
					MovRel3f(0, 1.29625, 0)
					RotRel3f(-0.149616, 0, 0, 1)
					Cylinder(3.1691, 2.9907, 20.7218)
					MovRel3f(0, 20.7218, 0)
					RotRel3f(-0.147087, 0, 0, 1)
					Cylinder(2.9907, 2.91332, 8.98676)
					MovRel3f(0, 8.98676, 0)
					RotRel3f(-0.0919571, 0, 0, 1)
					Cylinder(2.91332, 2.64269, 31.4336)
					MovRel3f(0, 31.4336, 0)
					Cylinder(2.64269, 2.50687, 15.7752)
					MovRel3f(0, 15.7752, 0)
					RotRel3f(0.152855, 0, 0, 1)
					Cylinder(2.50687, 2.47488, 3.71642)
					MovRel3f(0, 3.71642, 0)
				EB()
			EB()
			SB()
				RotRel3f(0.622545, 0, 1, 0)
				RotRel3f(0.541022, 0, 0, 1)
				Cylinder(4.94975, 4.5431, 39.7026)
				MovRel3f(0, 39.7026, 0)
				Cylinder(4.5431, 4.42028, 11.9909)
				MovRel3f(0, 11.9909, 0)
				RotRel3f(0.13499, 0, 0, 1)
				Cylinder(4.42028, 3.87335, 53.3986)
				MovRel3f(0, 53.3986, 0)
				RotRel3f(0.132236, 0, 0, 1)
				Cylinder(3.87335, 3.51428, 35.057)
				MovRel3f(0, 35.057, 0)
				Cylinder(3.51428, 3.5, 1.3938)
				MovRel3f(0, 1.3938, 0)
				SB()
					RotRel3f(0.250608, 0, 1, 0)
					RotRel3f(-0.587341, 0, 0, 1)
					Cylinder(3.5, 3.39816, 11.8684)
					MovRel3f(0, 11.8684, 0)
					Cylinder(3.39816, 3.33843, 6.96038)
					MovRel3f(0, 6.96038, 0)
					RotRel3f(-0.161898, 0, 0, 1)
					Cylinder(3.33843, 3.14456, 22.593)
					MovRel3f(0, 22.593, 0)
					RotRel3f(-0.0751726, 0, 0, 1)
					Cylinder(3.14456, 3.12434, 2.35597)
					MovRel3f(0, 2.35597, 0)
					Cylinder(3.12434, 2.91193, 24.7543)
					MovRel3f(0, 24.7543, 0)
					RotRel3f(-0.591131, 0, 0, 1)
					Cylinder(2.91193, 2.68063, 26.9541)
					MovRel3f(0, 26.9541, 0)
					RotRel3f(0.12897, 0, 0, 1)
					Cylinder(2.68063, 2.47488, 23.9779)
					MovRel3f(0, 23.9779, 0)
				EB()
				SB()
					RotRel3f(0.622545, 0, 1, 0)
					RotRel3f(0.533111, 0, 0, 1)
					Cylinder(3.5, 3.17871, 37.3437)
					MovRel3f(0, 37.3437, 0)
					RotRel3f(0.670235, 0, 0, 1)
					Cylinder(3.17871, 3.12471, 6.27721)
					MovRel3f(0, 6.27721, 0)
					Cylinder(3.12471, 2.83716, 33.4218)
					MovRel3f(0, 33.4218, 0)
					Cylinder(2.83716, 2.83445, 0.315145)
					MovRel3f(0, 0.315145, 0)
					RotRel3f(-0.137084, 0, 0, 1)
					Cylinder(2.83445, 2.54961, 33.1067)
					MovRel3f(0, 33.1067, 0)
					Cylinder(2.54961, 2.52475, 2.88956)
					MovRel3f(0, 2.88956, 0)
					RotRel3f(0.13646, 0, 0, 1)
					Cylinder(2.52475, 2.47488, 5.79723)
					MovRel3f(0, 5.79723, 0)
				EB()
				SB()
					RotRel3f(3.11704, 0, 1, 0)
					RotRel3f(0.296179, 0, 0, 1)
					Cylinder(3.5, 3.17402, 37.8332)
					MovRel3f(0, 37.8332, 0)
					RotRel3f(-0.565808, 0, 0, 1)
					Cylinder(3.17402, 2.88738, 33.2676)
					MovRel3f(0, 33.2676, 0)
					RotRel3f(0.0986197, 0, 0, 1)
					Cylinder(2.88738, 2.75495, 15.3699)
					MovRel3f(0, 15.3699, 0)
					Cylinder(2.75495, 2.72096, 3.94503)
					MovRel3f(0, 3.94503, 0)
					RotRel3f(0.338739, 0, 0, 1)
					Cylinder(2.72096, 2.47488, 28.5599)
					MovRel3f(0, 28.5599, 0)
				EB()
			EB()
			SB()
				RotRel3f(3.11704, 0, 1, 0)
				RotRel3f(0.284828, 0, 0, 1)
				Cylinder(4.94975, 4.48738, 45.0733)
				MovRel3f(0, 45.0733, 0)
				RotRel3f(-0.287874, 0, 0, 1)
				Cylinder(4.48738, 4.24057, 24.0592)
				MovRel3f(0, 24.0592, 0)
				RotRel3f(-0.142472, 0, 0, 1)
				Cylinder(4.24057, 3.99152, 24.2777)
				MovRel3f(0, 24.2777, 0)
				RotRel3f(0.154801, 0, 0, 1)
				Cylinder(3.99152, 3.85881, 12.9372)
				MovRel3f(0, 12.9372, 0)
				Cylinder(3.85881, 3.69761, 15.7137)
				MovRel3f(0, 15.7137, 0)
				RotRel3f(0.236263, 0, 0, 1)
				Cylinder(3.69761, 3.5, 19.2636)
				MovRel3f(0, 19.2636, 0)
				SB()
					RotRel3f(0.250608, 0, 1, 0)
					RotRel3f(-0.587838, 0, 0, 1)
					Cylinder(3.5, 3.24868, 29.0564)
					MovRel3f(0, 29.0564, 0)
					RotRel3f(-0.596028, 0, 0, 1)
					Cylinder(3.24868, 3.1109, 15.9303)
					MovRel3f(0, 15.9303, 0)
					RotRel3f(0.161898, 0, 0, 1)
					Cylinder(3.1109, 2.97509, 15.7012)
					MovRel3f(0, 15.7012, 0)
					RotRel3f(0.137235, 0, 0, 1)
					Cylinder(2.97509, 2.82708, 17.1128)
					MovRel3f(0, 17.1128, 0)
					RotRel3f(-0.547632, 0, 0, 1)
					Cylinder(2.82708, 2.67263, 17.8569)
					MovRel3f(0, 17.8569, 0)
					Cylinder(2.67263, 2.61464, 6.70477)
					MovRel3f(0, 6.70477, 0)
					RotRel3f(0.491694, 0, 0, 1)
					Cylinder(2.61464, 2.47488, 16.1591)
					MovRel3f(0, 16.1591, 0)
				EB()
				SB()
					RotRel3f(0.622545, 0, 1, 0)
					RotRel3f(0.531724, 0, 0, 1)
					Cylinder(3.5, 3.21246, 33.4378)
					MovRel3f(0, 33.4378, 0)
					RotRel3f(0.685165, 0, 0, 1)
					Cylinder(3.21246, 2.84394, 42.8529)
					MovRel3f(0, 42.8529, 0)
					RotRel3f(-0.135885, 0, 0, 1)
					Cylinder(2.84394, 2.76242, 9.47975)
					MovRel3f(0, 9.47975, 0)
					Cylinder(2.76242, 2.55551, 24.0607)
					MovRel3f(0, 24.0607, 0)
					RotRel3f(0.135838, 0, 0, 1)
					Cylinder(2.55551, 2.47488, 9.37712)
					MovRel3f(0, 9.37712, 0)
				EB()
				SB()
					RotRel3f(3.11704, 0, 1, 0)
					RotRel3f(0.286416, 0, 0, 1)
					Cylinder(3.5, 3.25032, 28.7919)
					MovRel3f(0, 28.7919, 0)
					RotRel3f(-0.482746, 0, 0, 1)
					Cylinder(3.25032, 2.90225, 40.1378)
					MovRel3f(0, 40.1378, 0)
					RotRel3f(-0.451971, 0, 0, 1)
					Cylinder(2.90225, 2.83643, 7.58963)
					MovRel3f(0, 7.58963, 0)
					Cylinder(2.83643, 2.82488, 1.33258)
					MovRel3f(0, 1.33258, 0)
					RotRel3f(0.441774, 0, 0, 1)
					Cylinder(2.82488, 2.61332, 24.3961)
					MovRel3f(0, 24.3961, 0)
					RotRel3f(0.143436, 0, 0, 1)
					Cylinder(2.61332, 2.47488, 15.9642)
					MovRel3f(0, 15.9642, 0)
				EB()
			EB()
		EB()
		SB()
			RotRel3f(3.11704, 0, 1, 0)
			RotRel3f(0.287253, 0, 0, 1)
			Cylinder(7, 6.53804, 37.7718)
			MovRel3f(0, 37.7718, 0)
			RotRel3f(-0.403349, 0, 0, 1)
			Cylinder(6.53804, 6.12365, 33.8817)
			MovRel3f(0, 33.8817, 0)
			RotRel3f(0.137125, 0, 0, 1)
			Cylinder(6.12365, 5.83006, 24.0046)
			MovRel3f(0, 24.0046, 0)
			Cylinder(5.83006, 5.54592, 23.2325)
			MovRel3f(0, 23.2325, 0)
			RotRel3f(0.142472, 0, 0, 1)
			Cylinder(5.54592, 5.32263, 18.2566)
			MovRel3f(0, 18.2566, 0)
			Cylinder(5.32263, 5.16885, 12.5735)
			MovRel3f(0, 12.5735, 0)
			RotRel3f(-0.694801, 0, 0, 1)
			Cylinder(5.16885, 4.94975, 17.9149)
			MovRel3f(0, 17.9149, 0)
			SB()
				RotRel3f(0.250608, 0, 1, 0)
				RotRel3f(-0.574989, 0, 0, 1)
				Cylinder(4.94975, 4.72255, 22.1694)
				MovRel3f(0, 22.1694, 0)
				Cylinder(4.72255, 4.68285, 3.87423)
				MovRel3f(0, 3.87423, 0)
				RotRel3f(-0.147364, 0, 0, 1)
				Cylinder(4.68285, 4.57937, 10.0974)
				MovRel3f(0, 10.0974, 0)
				Cylinder(4.57937, 4.25055, 32.0859)
				MovRel3f(0, 32.0859, 0)
				RotRel3f(-0.500318, 0, 0, 1)
				Cylinder(4.25055, 4.09573, 15.107)
				MovRel3f(0, 15.107, 0)
				Cylinder(4.09573, 3.95254, 13.9716)
				MovRel3f(0, 13.9716, 0)
				Cylinder(3.95254, 3.85971, 9.0583)
				MovRel3f(0, 9.0583, 0)
				RotRel3f(0.132879, 0, 0, 1)
				Cylinder(3.85971, 3.80936, 4.9133)
				MovRel3f(0, 4.9133, 0)
				Cylinder(3.80936, 3.65668, 14.8985)
				MovRel3f(0, 14.8985, 0)
				RotRel3f(-0.135091, 0, 0, 1)
				Cylinder(3.65668, 3.5, 15.2883)
				MovRel3f(0, 15.2883, 0)
				SB()
					RotRel3f(0.250608, 0, 1, 0)
					RotRel3f(-0.568251, 0, 0, 1)
					Cylinder(3.5, 3.39876, 11.7403)
					MovRel3f(0, 11.7403, 0)
					Cylinder(3.39876, 3.28216, 13.5204)
					MovRel3f(0, 13.5204, 0)
					RotRel3f(-0.0597726, 0, 0, 1)
					Cylinder(3.28216, 3.00802, 31.7883)
					MovRel3f(0, 31.7883, 0)
					RotRel3f(-0.0683405, 0, 0, 1)
					Cylinder(3.00802, 2.80902, 23.0753)
					MovRel3f(0, 23.0753, 0)
					RotRel3f(-0.161898, 0, 0, 1)
					Cylinder(2.80902, 2.68879, 13.9427)
					MovRel3f(0, 13.9427, 0)
					Cylinder(2.68879, 2.63814, 5.87241)
					MovRel3f(0, 5.87241, 0)
					RotRel3f(-0.540638, 0, 0, 1)
					Cylinder(2.63814, 2.5369, 11.7403)
					MovRel3f(0, 11.7403, 0)
					RotRel3f(0.161898, 0, 0, 1)
					Cylinder(2.5369, 2.47488, 7.19176)
					MovRel3f(0, 7.19176, 0)
				EB()
				SB()
					RotRel3f(0.622545, 0, 1, 0)
					RotRel3f(0.537911, 0, 0, 1)
					Cylinder(3.5, 3.21246, 33.3386)
					MovRel3f(0, 33.3386, 0)
					RotRel3f(0.688426, 0, 0, 1)
					Cylinder(3.21246, 2.84147, 43.0124)
					MovRel3f(0, 43.0124, 0)
					RotRel3f(-0.136752, 0, 0, 1)
					Cylinder(2.84147, 2.76242, 9.16503)
					MovRel3f(0, 9.16503, 0)
					Cylinder(2.76242, 2.47488, 33.3386)
					MovRel3f(0, 33.3386, 0)
				EB()
				SB()
					RotRel3f(3.11704, 0, 1, 0)
					RotRel3f(0.288837, 0, 0, 1)
					Cylinder(3.5, 3.20387, 34.3907)
					MovRel3f(0, 34.3907, 0)
					RotRel3f(-0.372494, 0, 0, 1)
					Cylinder(3.20387, 2.99419, 24.3504)
					MovRel3f(0, 24.3504, 0)
					RotRel3f(-0.466925, 0, 0, 1)
					Cylinder(2.99419, 2.88014, 13.2453)
					MovRel3f(0, 13.2453, 0)
					RotRel3f(0.136553, 0, 0, 1)
					Cylinder(2.88014, 2.72859, 17.6)
					MovRel3f(0, 17.6, 0)
					Cylinder(2.72859, 2.70809, 2.3811)
					MovRel3f(0, 2.3811, 0)
					RotRel3f(0.460191, 0, 0, 1)
					Cylinder(2.70809, 2.48622, 25.7659)
					MovRel3f(0, 25.7659, 0)
					RotRel3f(-0.156632, 0, 0, 1)
					Cylinder(2.48622, 2.47488, 1.31762)
					MovRel3f(0, 1.31762, 0)
				EB()
			EB()
			SB()
				RotRel3f(0.622545, 0, 1, 0)
				RotRel3f(0.539074, 0, 0, 1)
				Cylinder(4.94975, 4.53534, 40.3463)
				MovRel3f(0, 40.3463, 0)
				RotRel3f(0.684675, 0, 0, 1)
				Cylinder(4.53534, 4.12869, 39.5911)
				MovRel3f(0, 39.5911, 0)
				RotRel3f(-0.136276, 0, 0, 1)
				Cylinder(4.12869, 4.11654, 1.18303)
				MovRel3f(0, 1.18303, 0)
				Cylinder(4.11654, 3.57761, 52.4688)
				MovRel3f(0, 52.4688, 0)
				RotRel3f(0.138889, 0, 0, 1)
				Cylinder(3.57761, 3.5, 7.55609)
				MovRel3f(0, 7.55609, 0)
				SB()
					RotRel3f(0.250608, 0, 1, 0)
					RotRel3f(-0.584358, 0, 0, 1)
					Cylinder(3.5, 3.25641, 28.2235)
					MovRel3f(0, 28.2235, 0)
					RotRel3f(-0.80949, 0, 0, 1)
					Cylinder(3.25641, 2.98584, 31.3499)
					MovRel3f(0, 31.3499, 0)
					RotRel3f(0.121914, 0, 0, 1)
					Cylinder(2.98584, 2.7795, 23.9088)
					MovRel3f(0, 23.9088, 0)
					Cylinder(2.7795, 2.69416, 9.88731)
					MovRel3f(0, 9.88731, 0)
					RotRel3f(-0.150971, 0, 0, 1)
					Cylinder(2.69416, 2.49265, 23.3488)
					MovRel3f(0, 23.3488, 0)
					RotRel3f(0.656313, 0, 0, 1)
					Cylinder(2.49265, 2.47488, 2.05888)
					MovRel3f(0, 2.05888, 0)
				EB()
				SB()
					RotRel3f(0.622545, 0, 1, 0)
					RotRel3f(0.536271, 0, 0, 1)
					Cylinder(3.5, 3.13446, 42.1844)
					MovRel3f(0, 42.1844, 0)
					RotRel3f(0.676543, 0, 0, 1)
					Cylinder(3.13446, 2.78015, 40.8883)
					MovRel3f(0, 40.8883, 0)
					RotRel3f(-0.134901, 0, 0, 1)
					Cylinder(2.78015, 2.76242, 2.04587)
					MovRel3f(0, 2.04587, 0)
					Cylinder(2.76242, 2.47488, 33.1837)
					MovRel3f(0, 33.1837, 0)
				EB()
				SB()
					RotRel3f(3.11704, 0, 1, 0)
					RotRel3f(0.284713, 0, 0, 1)
					Cylinder(3.5, 3.25623, 28.2254)
					MovRel3f(0, 28.2254, 0)
					RotRel3f(-0.608629, 0, 0, 1)
					Cylinder(3.25623, 3.00316, 29.3027)
					MovRel3f(0, 29.3027, 0)
					RotRel3f(-0.362819, 0, 0, 1)
					Cylinder(3.00316, 2.86388, 16.1274)
					MovRel3f(0, 16.1274, 0)
					RotRel3f(0.149733, 0, 0, 1)
					Cylinder(2.86388, 2.85249, 1.31882)
					MovRel3f(0, 1.31882, 0)
					Cylinder(2.85249, 2.60164, 29.045)
					MovRel3f(0, 29.045, 0)
					RotRel3f(0.612204, 0, 0, 1)
					Cylinder(2.60164, 2.47488, 14.6782)
					MovRel3f(0, 14.6782, 0)
				EB()
			EB()
			SB()
				RotRel3f(3.11704, 0, 1, 0)
				RotRel3f(0.285021, 0, 0, 1)
				Cylinder(4.94975, 4.61872, 32.2161)
				MovRel3f(0, 32.2161, 0)
				RotRel3f(-0.50228, 0, 0, 1)
				Cylinder(4.61872, 4.04391, 55.9408)
				MovRel3f(0, 55.9408, 0)
				RotRel3f(0.128342, 0, 0, 1)
				Cylinder(4.04391, 3.87991, 15.9613)
				MovRel3f(0, 15.9613, 0)
				Cylinder(3.87991, 3.72061, 15.5028)
				MovRel3f(0, 15.5028, 0)
				RotRel3f(-0.101663, 0, 0, 1)
				Cylinder(3.72061, 3.5, 21.4697)
				MovRel3f(0, 21.4697, 0)
				SB()
					RotRel3f(0.250608, 0, 1, 0)
					RotRel3f(-0.567364, 0, 0, 1)
					Cylinder(3.5, 3.39876, 11.7475)
					MovRel3f(0, 11.7475, 0)
					Cylinder(3.39876, 3.17019, 26.5206)
					MovRel3f(0, 26.5206, 0)
					RotRel3f(-0.132718, 0, 0, 1)
					Cylinder(3.17019, 2.93852, 26.8809)
					MovRel3f(0, 26.8809, 0)
					RotRel3f(-0.161898, 0, 0, 1)
					Cylinder(2.93852, 2.66981, 31.1775)
					MovRel3f(0, 31.1775, 0)
					RotRel3f(-0.143615, 0, 0, 1)
					Cylinder(2.66981, 2.47488, 22.6184)
					MovRel3f(0, 22.6184, 0)
				EB()
				SB()
					RotRel3f(0.622545, 0, 1, 0)
					RotRel3f(0.536312, 0, 0, 1)
					Cylinder(3.5, 3.16264, 39.1158)
					MovRel3f(0, 39.1158, 0)
					RotRel3f(0.687046, 0, 0, 1)
					Cylinder(3.16264, 2.79423, 42.7165)
					MovRel3f(0, 42.7165, 0)
					Cylinder(2.79423, 2.75273, 4.81158)
					MovRel3f(0, 4.81158, 0)
					RotRel3f(-0.674621, 0, 0, 1)
					Cylinder(2.75273, 2.47488, 32.2164)
					MovRel3f(0, 32.2164, 0)
				EB()
				SB()
					RotRel3f(3.11704, 0, 1, 0)
					RotRel3f(0.291438, 0, 0, 1)
					Cylinder(3.5, 3.1135, 44.8566)
					MovRel3f(0, 44.8566, 0)
					RotRel3f(-0.633328, 0, 0, 1)
					Cylinder(3.1135, 2.92536, 21.8359)
					MovRel3f(0, 21.8359, 0)
					Cylinder(2.92536, 2.91665, 1.01082)
					MovRel3f(0, 1.01082, 0)
					RotRel3f(0.298376, 0, 0, 1)
					Cylinder(2.91665, 2.64592, 31.4198)
					MovRel3f(0, 31.4198, 0)
					RotRel3f(-0.156632, 0, 0, 1)
					Cylinder(2.64592, 2.47488, 19.8514)
					MovRel3f(0, 19.8514, 0)
				EB()
			EB()
		EB()
	EB()
EB()
