LST 0.1

SB()
	RotRel3f(0, 0, 1, 0)
	RotRel3f(-0.321119, 0, 0, 1)
	Cylinder(9, 9, 78.2577)
	MovRel3f(0, 78.2577, 0)
	RotRel3f(0.250896, 0, 0, 1)
	Cylinder(9, 9, 60.2559)
	MovRel3f(0, 60.2559, 0)
	RotRel3f(0.237115, 0, 0, 1)
	Cylinder(9, 9, 35.2359)
	MovRel3f(0, 35.2359, 0)
	Cylinder(9, 9, 28.8895)
	MovRel3f(0, 28.8895, 0)
	RotRel3f(-0.267091, 0, 0, 1)
	Cylinder(9, 9, 30.1225)
	MovRel3f(0, 30.1225, 0)
	SB()
		RotRel3f(2.39335, 0, 1, 0)
		RotRel3f(0.570489, 0, 0, 1)
		Cylinder(9, 8.35654, 59.7424)
		MovRel3f(0, 59.7424, 0)
		RotRel3f(0.43664, 0, 0, 1)
		Cylinder(8.35654, 7.96307, 36.532)
		MovRel3f(0, 36.532, 0)
		RotRel3f(0.276413, 0, 0, 1)
		Cylinder(7.96307, 7.55819, 37.5916)
		MovRel3f(0, 37.5916, 0)
		RotRel3f(0.161064, 0, 0, 1)
		Cylinder(7.55819, 7.4452, 10.4903)
		MovRel3f(0, 10.4903, 0)
		Cylinder(7.4452, 7.16037, 26.4449)
		MovRel3f(0, 26.4449, 0)
		RotRel3f(-0.2409, 0, 0, 1)
		Cylinder(7.16037, 7, 14.89)
		MovRel3f(0, 14.89, 0)
		SB()
			RotRel3f(2.39335, 0, 1, 0)
			RotRel3f(0.583244, 0, 0, 1)
			Cylinder(7, 6.59645, 30.5887)
			MovRel3f(0, 30.5887, 0)
			RotRel3f(0.394857, 0, 0, 1)
			Cylinder(6.59645, 6.29805, 22.6187)
			MovRel3f(0, 22.6187, 0)
			Cylinder(6.29805, 6.11982, 13.5093)
			MovRel3f(0, 13.5093, 0)
			RotRel3f(-0.215925, 0, 0, 1)
			Cylinder(6.11982, 5.47589, 48.8092)
			MovRel3f(0, 48.8092, 0)
			RotRel3f(0.0622508, 0, 0, 1)
			Cylinder(5.47589, 5.17139, 23.0805)
			MovRel3f(0, 23.0805, 0)
			Cylinder(5.17139, 5.14106, 2.29916)
			MovRel3f(0, 2.29916, 0)
			RotRel3f(0.214867, 0, 0, 1)
			Cylinder(5.14106, 4.94975, 14.5012)
			MovRel3f(0, 14.5012, 0)
			SB()
				RotRel3f(2.39335, 0, 1, 0)
				RotRel3f(0.573544, 0, 0, 1)
				Cylinder(4.94975, 4.78063, 15.2475)
				MovRel3f(0, 15.2475, 0)
				RotRel3f(0.161064, 0, 0, 1)
				Cylinder(4.78063, 4.61863, 14.6061)
				MovRel3f(0, 14.6061, 0)
				Cylinder(4.61863, 4.51569, 9.2807)
				MovRel3f(0, 9.2807, 0)
				RotRel3f(0.0687409, 0, 0, 1)
				Cylinder(4.51569, 4.11008, 36.5691)
				MovRel3f(0, 36.5691, 0)
				RotRel3f(0.0544647, 0, 0, 1)
				Cylinder(4.11008, 3.98628, 11.1617)
				MovRel3f(0, 11.1617, 0)
				Cylinder(3.98628, 3.76974, 19.5229)
				MovRel3f(0, 19.5229, 0)
				Cylinder(3.76974, 3.73061, 3.52768)
				MovRel3f(0, 3.52768, 0)
				RotRel3f(-0.161064, 0, 0, 1)
				Cylinder(3.73061, 3.5, 20.7915)
				MovRel3f(0, 20.7915, 0)
				SB()
					RotRel3f(2.39335, 0, 1, 0)
					RotRel3f(0.582124, 0, 0, 1)
					Cylinder(3.5, 3.24451, 27.3062)
					MovRel3f(0, 27.3062, 0)
					RotRel3f(0.438453, 0, 0, 1)
					Cylinder(3.24451, 2.94955, 31.5235)
					MovRel3f(0, 31.5235, 0)
					RotRel3f(0.313225, 0, 0, 1)
					Cylinder(2.94955, 2.85268, 10.353)
					MovRel3f(0, 10.353, 0)
					Cylinder(2.85268, 2.76346, 9.53564)
					MovRel3f(0, 9.53564, 0)
					RotRel3f(-0.161064, 0, 0, 1)
					Cylinder(2.76346, 2.66222, 10.8207)
					MovRel3f(0, 10.8207, 0)
					RotRel3f(-0.214441, 0, 0, 1)
					Cylinder(2.66222, 2.47488, 20.0221)
					MovRel3f(0, 20.0221, 0)
				EB()
				SB()
					RotRel3f(0.250608, 0, 1, 0)
					RotRel3f(0.538401, 0, 0, 1)
					Cylinder(3.5, 3.06791, 46.1675)
					MovRel3f(0, 46.1675, 0)
					RotRel3f(0.67776, 0, 0, 1)
					Cylinder(3.06791, 2.76242, 32.6395)
					MovRel3f(0, 32.6395, 0)
					Cylinder(2.76242, 2.73542, 2.88557)
					MovRel3f(0, 2.88557, 0)
					RotRel3f(-0.668375, 0, 0, 1)
					Cylinder(2.73542, 2.47488, 27.8375)
					MovRel3f(0, 27.8375, 0)
				EB()
			EB()
			SB()
				RotRel3f(0.250608, 0, 1, 0)
				RotRel3f(0.537364, 0, 0, 1)
				Cylinder(4.94975, 4.35197, 53.9418)
				MovRel3f(0, 53.9418, 0)
				RotRel3f(0.670616, 0, 0, 1)
				Cylinder(4.35197, 4.25247, 8.97834)
				MovRel3f(0, 8.97834, 0)
				Cylinder(4.25247, 3.8634, 35.1086)
				MovRel3f(0, 35.1086, 0)
				RotRel3f(-0.67858, 0, 0, 1)
				Cylinder(3.8634, 3.55826, 27.5344)
				MovRel3f(0, 27.5344, 0)
				Cylinder(3.55826, 3.5, 5.25742)
				MovRel3f(0, 5.25742, 0)
				SB()
					RotRel3f(2.39335, 0, 1, 0)
					RotRel3f(0.580594, 0, 0, 1)
					Cylinder(3.5, 3.34222, 16.9746)
					MovRel3f(0, 16.9746, 0)
					RotRel3f(0.36741, 0, 0, 1)
					Cylinder(3.34222, 3.23007, 12.0649)
					MovRel3f(0, 12.0649, 0)
					RotRel3f(0.410692, 0, 0, 1)
					Cylinder(3.23007, 3.08912, 15.164)
					MovRel3f(0, 15.164, 0)
					RotRel3f(-0.0839325, 0, 0, 1)
					Cylinder(3.08912, 2.83055, 27.8172)
					MovRel3f(0, 27.8172, 0)
					RotRel3f(-0.0750795, 0, 0, 1)
					Cylinder(2.83055, 2.57612, 27.3722)
					MovRel3f(0, 27.3722, 0)
					Cylinder(2.57612, 2.50616, 7.52647)
					MovRel3f(0, 7.52647, 0)
					RotRel3f(-0.579096, 0, 0, 1)
					Cylinder(2.50616, 2.47488, 3.36572)
					MovRel3f(0, 3.36572, 0)
				EB()
				SB()
					RotRel3f(0.250608, 0, 1, 0)
					RotRel3f(0.537418, 0, 0, 1)
					Cylinder(3.5, 3.16147, 36.1696)
					MovRel3f(0, 36.1696, 0)
					RotRel3f(0.679309, 0, 0, 1)
					Cylinder(3.16147, 2.89516, 28.4524)
					MovRel3f(0, 28.4524, 0)
					Cylinder(2.89516, 2.87392, 2.26943)
					MovRel3f(0, 2.26943, 0)
					RotRel3f(-0.664091, 0, 0, 1)
					Cylinder(2.87392, 2.53353, 36.3672)
					MovRel3f(0, 36.3672, 0)
					Cylinder(2.53353, 2.47488, 6.26711)
					MovRel3f(0, 6.26711, 0)
				EB()
			EB()
		EB()
		SB()
			RotRel3f(0.250608, 0, 1, 0)
			RotRel3f(0.53438, 0, 0, 1)
			Cylinder(7, 6.27331, 55.3612)
			MovRel3f(0, 55.3612, 0)
			Cylinder(6.27331, 6.24029, 2.51548)
			MovRel3f(0, 2.51548, 0)
			RotRel3f(0.13726, 0, 0, 1)
			Cylinder(6.24029, 5.64158, 45.6107)
			MovRel3f(0, 45.6107, 0)
			RotRel3f(0.138274, 0, 0, 1)
			Cylinder(5.64158, 5.3163, 24.7805)
			MovRel3f(0, 24.7805, 0)
			Cylinder(5.3163, 4.96276, 26.9342)
			MovRel3f(0, 26.9342, 0)
			RotRel3f(-0.139202, 0, 0, 1)
			Cylinder(4.96276, 4.94975, 0.990875)
			MovRel3f(0, 0.990875, 0)
			SB()
				RotRel3f(2.39335, 0, 1, 0)
				RotRel3f(0.594675, 0, 0, 1)
				Cylinder(4.94975, 4.80618, 13.0619)
				MovRel3f(0, 13.0619, 0)
				RotRel3f(0.161064, 0, 0, 1)
				Cylinder(4.80618, 4.33976, 42.4368)
				MovRel3f(0, 42.4368, 0)
				RotRel3f(0.464161, 0, 0, 1)
				Cylinder(4.33976, 3.95529, 34.9799)
				MovRel3f(0, 34.9799, 0)
				RotRel3f(0.387251, 0, 0, 1)
				Cylinder(3.95529, 3.67986, 25.0594)
				MovRel3f(0, 25.0594, 0)
				RotRel3f(-0.0750968, 0, 0, 1)
				Cylinder(3.67986, 3.64318, 3.33685)
				MovRel3f(0, 3.33685, 0)
				Cylinder(3.64318, 3.5, 13.0272)
				MovRel3f(0, 13.0272, 0)
				SB()
					RotRel3f(2.39335, 0, 1, 0)
					RotRel3f(0.598136, 0, 0, 1)
					Cylinder(3.5, 3.39876, 10.9396)
					MovRel3f(0, 10.9396, 0)
					Cylinder(3.39876, 3.17019, 24.6967)
					MovRel3f(0, 24.6967, 0)
					RotRel3f(0.0341054, 0, 0, 1)
					Cylinder(3.17019, 2.8869, 30.6093)
					MovRel3f(0, 30.6093, 0)
					RotRel3f(0.0322128, 0, 0, 1)
					Cylinder(2.8869, 2.63973, 26.7062)
					MovRel3f(0, 26.7062, 0)
					RotRel3f(0.0803685, 0, 0, 1)
					Cylinder(2.63973, 2.50227, 14.8529)
					MovRel3f(0, 14.8529, 0)
					Cylinder(2.50227, 2.47488, 2.96007)
					MovRel3f(0, 2.96007, 0)
				EB()
				SB()
					RotRel3f(0.250608, 0, 1, 0)
					RotRel3f(0.535521, 0, 0, 1)
					Cylinder(3.5, 3.10542, 42.6317)
					MovRel3f(0, 42.6317, 0)
					RotRel3f(0.672254, 0, 0, 1)
					Cylinder(3.10542, 2.95187, 16.5904)
					MovRel3f(0, 16.5904, 0)
					Cylinder(2.95187, 2.81788, 14.4773)
					MovRel3f(0, 14.4773, 0)
					RotRel3f(-0.676826, 0, 0, 1)
					Cylinder(2.81788, 2.53033, 31.0676)
					MovRel3f(0, 31.0676, 0)
					RotRel3f(0.13409, 0, 0, 1)
					Cylinder(2.53033, 2.47488, 5.99154)
					MovRel3f(0, 5.99154, 0)
				EB()
			EB()
			SB()
				RotRel3f(0.250608, 0, 1, 0)
				RotRel3f(0.536021, 0, 0, 1)
				Cylinder(4.94975, 4.5431, 36.742)
				MovRel3f(0, 36.742, 0)
				RotRel3f(0.679758, 0, 0, 1)
				Cylinder(4.5431, 4.48965, 4.82928)
				MovRel3f(0, 4.82928, 0)
				Cylinder(4.48965, 3.92169, 51.3162)
				MovRel3f(0, 51.3162, 0)
				RotRel3f(-0.677451, 0, 0, 1)
				Cylinder(3.92169, 3.57804, 31.0491)
				MovRel3f(0, 31.0491, 0)
				Cylinder(3.57804, 3.5, 7.0513)
				MovRel3f(0, 7.0513, 0)
				SB()
					RotRel3f(2.39335, 0, 1, 0)
					RotRel3f(0.581869, 0, 0, 1)
					Cylinder(3.5, 3.34332, 16.837)
					MovRel3f(0, 16.837, 0)
					RotRel3f(0.378267, 0, 0, 1)
					Cylinder(3.34332, 3.24207, 10.8799)
					MovRel3f(0, 10.8799, 0)
					RotRel3f(0.42239, 0, 0, 1)
					Cylinder(3.24207, 2.91226, 35.4418)
					MovRel3f(0, 35.4418, 0)
					RotRel3f(-0.0688022, 0, 0, 1)
					Cylinder(2.91226, 2.68427, 24.5002)
					MovRel3f(0, 24.5002, 0)
					RotRel3f(-0.0650829, 0, 0, 1)
					Cylinder(2.68427, 2.63842, 4.92674)
					MovRel3f(0, 4.92674, 0)
					Cylinder(2.63842, 2.53717, 10.8799)
					MovRel3f(0, 10.8799, 0)
					Cylinder(2.53717, 2.47488, 6.6945)
					MovRel3f(0, 6.6945, 0)
				EB()
				SB()
					RotRel3f(0.250608, 0, 1, 0)
					RotRel3f(0.534041, 0, 0, 1)
					Cylinder(3.5, 3.17235, 35.1225)
					MovRel3f(0, 35.1225, 0)
					RotRel3f(0.687977, 0, 0, 1)
					Cylinder(3.17235, 2.82466, 37.2706)
					MovRel3f(0, 37.2706, 0)
					RotRel3f(-0.135598, 0, 0, 1)
					Cylinder(2.82466, 2.76242, 6.67105)
					MovRel3f(0, 6.67105, 0)
					Cylinder(2.76242, 2.53711, 24.1523)
					MovRel3f(0, 24.1523, 0)
					RotRel3f(0.132345, 0, 0, 1)
					Cylinder(2.53711, 2.47488, 6.67104)
					MovRel3f(0, 6.67104, 0)
				EB()
			EB()
		EB()
	EB()
	SB()
		RotRel3f(0.250608, 0, 1, 0)
		RotRel3f(0.535991, 0, 0, 1)
		Cylinder(9, 8.439, 48.479)
		MovRel3f(0, 48.479, 0)
		RotRel3f(0.667118, 0, 0, 1)
		Cylinder(8.439, 7.79301, 55.8236)
		MovRel3f(0, 55.8236, 0)
		RotRel3f(-0.136479, 0, 0, 1)
		Cylinder(7.79301, 7.561, 20.0498)
		MovRel3f(0, 20.0498, 0)
		Cylinder(7.561, 7.23202, 28.4293)
		MovRel3f(0, 28.4293, 0)
		RotRel3f(0.13689, 0, 0, 1)
		Cylinder(7.23202, 7, 20.0498)
		MovRel3f(0, 20.0498, 0)
		SB()
			RotRel3f(2.39335, 0, 1, 0)
			RotRel3f(0.576292, 0, 0, 1)
			Cylinder(7, 6.68674, 22.2673)
			MovRel3f(0, 22.2673, 0)
			RotRel3f(0.161064, 0, 0, 1)
			Cylinder(6.68674, 6.45098, 16.7584)
			MovRel3f(0, 16.7584, 0)
			RotRel3f(0.161064, 0, 0, 1)
			Cylinder(6.45098, 6.07665, 26.609)
			MovRel3f(0, 26.609, 0)
			RotRel3f(0.161064, 0, 0, 1)
			Cylinder(6.07665, 5.79729, 19.8575)
			MovRel3f(0, 19.8575, 0)
			Cylinder(5.79729, 5.6707, 8.99808)
			MovRel3f(0, 8.99808, 0)
			RotRel3f(-0.420253, 0, 0, 1)
			Cylinder(5.6707, 5.01108, 46.8883)
			MovRel3f(0, 46.8883, 0)
			RotRel3f(0.0481941, 0, 0, 1)
			Cylinder(5.01108, 4.94975, 4.35944)
			MovRel3f(0, 4.35944, 0)
			SB()
				RotRel3f(2.39335, 0, 1, 0)
				RotRel3f(0.584413, 0, 0, 1)
				Cylinder(4.94975, 4.80657, 12.1012)
				MovRel3f(0, 12.1012, 0)
				Cylinder(4.80657, 4.73381, 6.14925)
				MovRel3f(0, 6.14925, 0)
				RotRel3f(0.0758405, 0, 0, 1)
				Cylinder(4.73381, 4.66338, 5.95196)
				MovRel3f(0, 5.95196, 0)
				Cylinder(4.66338, 4.41633, 20.8794)
				MovRel3f(0, 20.8794, 0)
				RotRel3f(0.471413, 0, 0, 1)
				Cylinder(4.41633, 4.07075, 29.2069)
				MovRel3f(0, 29.2069, 0)
				RotRel3f(0.167018, 0, 0, 1)
				Cylinder(4.07075, 4.05163, 1.61584)
				MovRel3f(0, 1.61584, 0)
				Cylinder(4.05163, 3.7859, 22.4583)
				MovRel3f(0, 22.4583, 0)
				Cylinder(3.7859, 3.76322, 1.91677)
				MovRel3f(0, 1.91677, 0)
				RotRel3f(0.277044, 0, 0, 1)
				Cylinder(3.76322, 3.5, 22.2464)
				MovRel3f(0, 22.2464, 0)
				SB()
					RotRel3f(2.39335, 0, 1, 0)
					RotRel3f(0.577996, 0, 0, 1)
					Cylinder(3.5, 3.39876, 10.1739)
					MovRel3f(0, 10.1739, 0)
					Cylinder(3.39876, 3.24072, 15.8809)
					MovRel3f(0, 15.8809, 0)
					RotRel3f(0.0744497, 0, 0, 1)
					Cylinder(3.24072, 3.05984, 18.1758)
					MovRel3f(0, 18.1758, 0)
					Cylinder(3.05984, 3.04174, 1.81839)
					MovRel3f(0, 1.81839, 0)
					RotRel3f(0.578495, 0, 0, 1)
					Cylinder(3.04174, 2.9405, 10.1739)
					MovRel3f(0, 10.1739, 0)
					RotRel3f(0.161064, 0, 0, 1)
					Cylinder(2.9405, 2.67467, 26.712)
					MovRel3f(0, 26.712, 0)
					RotRel3f(-0.0755784, 0, 0, 1)
					Cylinder(2.67467, 2.47488, 20.0768)
					MovRel3f(0, 20.0768, 0)
				EB()
				SB()
					RotRel3f(0.250608, 0, 1, 0)
					RotRel3f(0.535557, 0, 0, 1)
					Cylinder(3.5, 3.15921, 34.1982)
					MovRel3f(0, 34.1982, 0)
					RotRel3f(0.667928, 0, 0, 1)
					Cylinder(3.15921, 3.01531, 14.4405)
					MovRel3f(0, 14.4405, 0)
					Cylinder(3.01531, 2.7126, 30.3775)
					MovRel3f(0, 30.3775, 0)
					RotRel3f(-0.679778, 0, 0, 1)
					Cylinder(2.7126, 2.47488, 23.8556)
					MovRel3f(0, 23.8556, 0)
				EB()
			EB()
			SB()
				RotRel3f(0.250608, 0, 1, 0)
				RotRel3f(0.539502, 0, 0, 1)
				Cylinder(4.94975, 4.5431, 34.4614)
				MovRel3f(0, 34.4614, 0)
				RotRel3f(0.67782, 0, 0, 1)
				Cylinder(4.5431, 4.50413, 3.30239)
				MovRel3f(0, 3.30239, 0)
				Cylinder(4.50413, 3.91149, 50.2226)
				MovRel3f(0, 50.2226, 0)
				RotRel3f(-0.686947, 0, 0, 1)
				Cylinder(3.91149, 3.50074, 34.8086)
				MovRel3f(0, 34.8086, 0)
				Cylinder(3.50074, 3.5, 0.0623932)
				MovRel3f(0, 0.0623932, 0)
				SB()
					RotRel3f(2.39335, 0, 1, 0)
					RotRel3f(0.575482, 0, 0, 1)
					Cylinder(3.5, 3.1909, 31.199)
					MovRel3f(0, 31.199, 0)
					RotRel3f(0.353846, 0, 0, 1)
					Cylinder(3.1909, 3.10662, 8.50673)
					MovRel3f(0, 8.50673, 0)
					Cylinder(3.10662, 2.86109, 24.783)
					MovRel3f(0, 24.783, 0)
					RotRel3f(-0.266285, 0, 0, 1)
					Cylinder(2.86109, 2.7616, 10.0417)
					MovRel3f(0, 10.0417, 0)
					Cylinder(2.7616, 2.62132, 14.1593)
					MovRel3f(0, 14.1593, 0)
					RotRel3f(0.418103, 0, 0, 1)
					Cylinder(2.62132, 2.47488, 14.7813)
					MovRel3f(0, 14.7813, 0)
				EB()
				SB()
					RotRel3f(0.250608, 0, 1, 0)
					RotRel3f(0.541108, 0, 0, 1)
					Cylinder(3.5, 3.21246, 29.0028)
					MovRel3f(0, 29.0028, 0)
					RotRel3f(0.693843, 0, 0, 1)
					Cylinder(3.21246, 2.92491, 29.0028)
					MovRel3f(0, 29.0028, 0)
					RotRel3f(-0.136965, 0, 0, 1)
					Cylinder(2.92491, 2.76242, 16.3887)
					MovRel3f(0, 16.3887, 0)
					Cylinder(2.76242, 2.55534, 20.8872)
					MovRel3f(0, 20.8872, 0)
					RotRel3f(0.134709, 0, 0, 1)
					Cylinder(2.55534, 2.47488, 8.1156)
					MovRel3f(0, 8.1156, 0)
				EB()
			EB()
		EB()
		SB()
			RotRel3f(0.250608, 0, 1, 0)
			RotRel3f(0.537842, 0, 0, 1)
			Cylinder(7, 6.42491, 40.9798)
			MovRel3f(0, 40.9798, 0)
			RotRel3f(0.6824, 0, 0, 1)
			Cylinder(6.42491, 5.78078, 45.8991)
			MovRel3f(0, 45.8991, 0)
			Cylinder(5.78078, 5.73561, 3.21866)
			MovRel3f(0, 3.21866, 0)
			RotRel3f(-0.688554, 0, 0, 1)
			Cylinder(5.73561, 5.16051, 40.9798)
			MovRel3f(0, 40.9798, 0)
			RotRel3f(0.136535, 0, 0, 1)
			Cylinder(5.16051, 4.94975, 15.0187)
			MovRel3f(0, 15.0187, 0)
			SB()
				RotRel3f(2.39335, 0, 1, 0)
				RotRel3f(0.591712, 0, 0, 1)
				Cylinder(4.94975, 4.54018, 34.6388)
				MovRel3f(0, 34.6388, 0)
				RotRel3f(0.290136, 0, 0, 1)
				Cylinder(4.54018, 4.10339, 36.9401)
				MovRel3f(0, 36.9401, 0)
				RotRel3f(0.419882, 0, 0, 1)
				Cylinder(4.10339, 3.77272, 27.9659)
				MovRel3f(0, 27.9659, 0)
				Cylinder(3.77272, 3.7207, 4.39937)
				MovRel3f(0, 4.39937, 0)
				RotRel3f(-0.248438, 0, 0, 1)
				Cylinder(3.7207, 3.5, 18.6651)
				MovRel3f(0, 18.6651, 0)
				SB()
					RotRel3f(2.39335, 0, 1, 0)
					RotRel3f(0.600017, 0, 0, 1)
					Cylinder(3.5, 3.39876, 10.1699)
					MovRel3f(0, 10.1699, 0)
					Cylinder(3.39876, 3.29751, 10.1699)
					MovRel3f(0, 10.1699, 0)
					Cylinder(3.29751, 3.17019, 12.7892)
					MovRel3f(0, 12.7892, 0)
					RotRel3f(0.263574, 0, 0, 1)
					Cylinder(3.17019, 3.02002, 15.0845)
					MovRel3f(0, 15.0845, 0)
					RotRel3f(0.328116, 0, 0, 1)
					Cylinder(3.02002, 2.91877, 10.1699)
					MovRel3f(0, 10.1699, 0)
					RotRel3f(0.405611, 0, 0, 1)
					Cylinder(2.91877, 2.66945, 25.0434)
					MovRel3f(0, 25.0434, 0)
					RotRel3f(-0.120334, 0, 0, 1)
					Cylinder(2.66945, 2.5974, 7.23727)
					MovRel3f(0, 7.23727, 0)
					Cylinder(2.5974, 2.47488, 12.3075)
					MovRel3f(0, 12.3075, 0)
				EB()
				SB()
					RotRel3f(0.250608, 0, 1, 0)
					RotRel3f(0.533132, 0, 0, 1)
					Cylinder(3.5, 3.21246, 28.9397)
					MovRel3f(0, 28.9397, 0)
					Cylinder(3.21246, 3.14776, 6.51114)
					MovRel3f(0, 6.51114, 0)
					RotRel3f(0.13448, 0, 0, 1)
					Cylinder(3.14776, 2.86021, 28.9397)
					MovRel3f(0, 28.9397, 0)
					RotRel3f(0.135136, 0, 0, 1)
					Cylinder(2.86021, 2.56956, 29.2522)
					MovRel3f(0, 29.2522, 0)
					Cylinder(2.56956, 2.47488, 9.52948)
					MovRel3f(0, 9.52948, 0)
				EB()
			EB()
			SB()
				RotRel3f(0.250608, 0, 1, 0)
				RotRel3f(0.536289, 0, 0, 1)
				Cylinder(4.94975, 4.43725, 43.2394)
				MovRel3f(0, 43.2394, 0)
				RotRel3f(0.691268, 0, 0, 1)
				Cylinder(4.43725, 4.3065, 11.0313)
				MovRel3f(0, 11.0313, 0)
				Cylinder(4.3065, 4.02988, 23.3386)
				MovRel3f(0, 23.3386, 0)
				RotRel3f(-0.679432, 0, 0, 1)
				Cylinder(4.02988, 3.6104, 35.3908)
				MovRel3f(0, 35.3908, 0)
				Cylinder(3.6104, 3.5, 9.31439)
				MovRel3f(0, 9.31439, 0)
				SB()
					RotRel3f(2.39335, 0, 1, 0)
					RotRel3f(0.577936, 0, 0, 1)
					Cylinder(3.5, 3.32362, 17.6135)
					MovRel3f(0, 17.6135, 0)
					RotRel3f(0.235362, 0, 0, 1)
					Cylinder(3.32362, 3.14701, 17.6357)
					MovRel3f(0, 17.6357, 0)
					RotRel3f(0.466787, 0, 0, 1)
					Cylinder(3.14701, 2.8965, 25.0146)
					MovRel3f(0, 25.0146, 0)
					RotRel3f(-0.068904, 0, 0, 1)
					Cylinder(2.8965, 2.86423, 3.22294)
					MovRel3f(0, 3.22294, 0)
					Cylinder(2.86423, 2.7442, 11.9858)
					MovRel3f(0, 11.9858, 0)
					RotRel3f(-0.318442, 0, 0, 1)
					Cylinder(2.7442, 2.53775, 20.6148)
					MovRel3f(0, 20.6148, 0)
					RotRel3f(0.074919, 0, 0, 1)
					Cylinder(2.53775, 2.47488, 6.27881)
					MovRel3f(0, 6.27881, 0)
				EB()
				SB()
					RotRel3f(0.250608, 0, 1, 0)
					RotRel3f(0.534579, 0, 0, 1)
					Cylinder(3.5, 3.21246, 28.921)
					MovRel3f(0, 28.921, 0)
					RotRel3f(0.692958, 0, 0, 1)
					Cylinder(3.21246, 3.10667, 10.6395)
					MovRel3f(0, 10.6395, 0)
					Cylinder(3.10667, 2.77521, 33.3376)
					MovRel3f(0, 33.3376, 0)
					RotRel3f(-0.696008, 0, 0, 1)
					Cylinder(2.77521, 2.49386, 28.2976)
					MovRel3f(0, 28.2976, 0)
					Cylinder(2.49386, 2.47488, 1.90974)
					MovRel3f(0, 1.90974, 0)
				EB()
			EB()
		EB()
	EB()
EB()
