LST 0.1

SB()
	RotRel3f(0, 0, 1, 0)
	RotRel3f(0.12153, 0, 0, 1)
	Cylinder(3, 3, 45.2022)
	MovRel3f(0, 45.2022, 0)
	RotRel3f(-0.480738, 0, 0, 1)
	Cylinder(3, 3, 41.619)
	MovRel3f(0, 41.619, 0)
	RotRel3f(-0.255108, 0, 0, 1)
	Cylinder(3, 3, 26.4477)
	MovRel3f(0, 26.4477, 0)
	SB()
		RotRel3f(2.44685, 0, 1, 0)
		RotRel3f(-1.08815, 0, 0, 1)
		Cylinder(3, 3, 32.6962)
		MovRel3f(0, 32.6962, 0)
		RotRel3f(-0.372512, 0, 0, 1)
		Cylinder(3, 3, 27.1416)
		MovRel3f(0, 27.1416, 0)
		SB()
			RotRel3f(2.44685, 0, 1, 0)
			RotRel3f(-1.08412, 0, 0, 1)
			Cylinder(2.12132, 1.89518, 42.1262)
			MovRel3f(0, 42.1262, 0)
			RotRel3f(-0.569145, 0, 0, 1)
			Cylinder(1.89518, 1.8849, 1.91365)
			MovRel3f(0, 1.91365, 0)
			Cylinder(1.8849, 1.87915, 1.0723)
			MovRel3f(0, 1.0723, 0)
			SB()
				RotRel3f(0.991722, 0, 1, 0)
				RotRel3f(-1.08664, 0, 0, 1)
				Cylinder(1.32876, 1.2561, 15.2621)
				MovRel3f(0, 15.2621, 0)
				RotRel3f(-0.534897, 0, 0, 1)
				Cylinder(1.2561, 1.18167, 15.6353)
				MovRel3f(0, 15.6353, 0)
				RotRel3f(-0.232861, 0, 0, 1)
				Cylinder(1.18167, 1.15717, 5.14727)
				MovRel3f(0, 5.14727, 0)
				Cylinder(1.15717, 1.15531, 0.389507)
				MovRel3f(0, 0.389507, 0)
				RotRel3f(0.114399, 0, 0, 1)
				Cylinder(1.15531, 1.12896, 5.53678)
				MovRel3f(0, 5.53678, 0)
				RotRel3f(0.12034, 0, 0, 1)
				Cylinder(1.12896, 1.07908, 10.4782)
				MovRel3f(0, 10.4782, 0)
				Cylinder(1.07908, 1.05818, 4.3888)
				MovRel3f(0, 4.3888, 0)
				Cylinder(1.05818, 0.981785, 16.0485)
				MovRel3f(0, 16.0485, 0)
				RotRel3f(0.486308, 0, 0, 1)
				Cylinder(0.981785, 0.939574, 8.867)
				MovRel3f(0, 8.867, 0)
			EB()
			Cylinder(1.87915, 1.8207, 10.8883)
			MovRel3f(0, 10.8883, 0)
			RotRel3f(0.369027, 0, 0, 1)
			Cylinder(1.8207, 1.75179, 12.8362)
			MovRel3f(0, 12.8362, 0)
			SB()
				RotRel3f(2.44685, 0, 1, 0)
				RotRel3f(-1.08473, 0, 0, 1)
				Cylinder(1.2387, 1.17759, 13.8483)
				MovRel3f(0, 13.8483, 0)
				RotRel3f(-0.760297, 0, 0, 1)
				Cylinder(1.17759, 1.12813, 11.208)
				MovRel3f(0, 11.208, 0)
				Cylinder(1.12813, 1.11249, 3.54365)
				MovRel3f(0, 3.54365, 0)
				RotRel3f(0.940253, 0, 0, 1)
				Cylinder(1.11249, 1.0981, 3.26097)
				MovRel3f(0, 3.26097, 0)
				Cylinder(1.0981, 1.0168, 18.4246)
				MovRel3f(0, 18.4246, 0)
				Cylinder(1.0168, 0.957163, 13.5136)
				MovRel3f(0, 13.5136, 0)
				Cylinder(0.957163, 0.94965, 1.70257)
				MovRel3f(0, 1.70257, 0)
				RotRel3f(-0.614292, 0, 0, 1)
				Cylinder(0.94965, 0.886376, 14.3386)
				MovRel3f(0, 14.3386, 0)
				RotRel3f(0.188051, 0, 0, 1)
				Cylinder(0.886376, 0.875894, 2.37513)
				MovRel3f(0, 2.37513, 0)
			EB()
			Cylinder(1.75179, 1.51243, 44.5878)
			MovRel3f(0, 44.5878, 0)
			Cylinder(1.51243, 1.50453, 1.47202)
			MovRel3f(0, 1.47202, 0)
			RotRel3f(-0.187154, 0, 0, 1)
			Cylinder(1.50453, 1.5, 0.84301)
			MovRel3f(0, 0.84301, 0)
		EB()
		Cylinder(3, 3, 7.34587)
		MovRel3f(0, 7.34587, 0)
		Cylinder(3, 3, 33.0557)
		MovRel3f(0, 33.0557, 0)
		RotRel3f(0.186769, 0, 0, 1)
		Cylinder(3, 3, 0.608923)
		MovRel3f(0, 0.608923, 0)
		SB()
			RotRel3f(0.991722, 0, 1, 0)
			RotRel3f(-1.08424, 0, 0, 1)
			Cylinder(2.12132, 1.9888, 24.729)
			MovRel3f(0, 24.729, 0)
			RotRel3f(-0.883142, 0, 0, 1)
			Cylinder(1.9888, 1.85539, 24.8942)
			MovRel3f(0, 24.8942, 0)
			Cylinder(1.85539, 1.84933, 1.13157)
			MovRel3f(0, 1.13157, 0)
			SB()
				RotRel3f(2.44685, 0, 1, 0)
				RotRel3f(-1.08186, 0, 0, 1)
				Cylinder(1.30767, 1.16567, 30.4532)
				MovRel3f(0, 30.4532, 0)
				RotRel3f(-0.375521, 0, 0, 1)
				Cylinder(1.16567, 1.16345, 0.477893)
				MovRel3f(0, 0.477893, 0)
				Cylinder(1.16345, 1.15089, 2.69342)
				MovRel3f(0, 2.69342, 0)
				Cylinder(1.15089, 1.13974, 2.3917)
				MovRel3f(0, 2.3917, 0)
				RotRel3f(-0.144166, 0, 0, 1)
				Cylinder(1.13974, 1.08185, 12.4152)
				MovRel3f(0, 12.4152, 0)
				Cylinder(1.08185, 1.04672, 7.53321)
				MovRel3f(0, 7.53321, 0)
				Cylinder(1.04672, 1.0362, 2.25531)
				MovRel3f(0, 2.25531, 0)
				RotRel3f(0.144226, 0, 0, 1)
				Cylinder(1.0362, 0.929992, 22.7782)
				MovRel3f(0, 22.7782, 0)
				Cylinder(0.929992, 0.924665, 1.14249)
				MovRel3f(0, 1.14249, 0)
			EB()
			Cylinder(1.84933, 1.81769, 5.90374)
			MovRel3f(0, 5.90374, 0)
			RotRel3f(0.684065, 0, 0, 1)
			Cylinder(1.81769, 1.73054, 16.2622)
			MovRel3f(0, 16.2622, 0)
			SB()
				RotRel3f(0.991722, 0, 1, 0)
				RotRel3f(-1.08883, 0, 0, 1)
				Cylinder(1.22368, 1.12816, 21.8455)
				MovRel3f(0, 21.8455, 0)
				RotRel3f(-0.910548, 0, 0, 1)
				Cylinder(1.12816, 1.07668, 11.7724)
				MovRel3f(0, 11.7724, 0)
				Cylinder(1.07668, 1.06463, 2.75722)
				MovRel3f(0, 2.75722, 0)
				Cylinder(1.06463, 0.997893, 15.2627)
				MovRel3f(0, 15.2627, 0)
				Cylinder(0.997893, 0.994737, 0.721875)
				MovRel3f(0, 0.721875, 0)
				RotRel3f(0.186769, 0, 0, 1)
				Cylinder(0.994737, 0.904919, 20.5416)
				MovRel3f(0, 20.5416, 0)
				RotRel3f(0.709775, 0, 0, 1)
				Cylinder(0.904919, 0.865272, 9.0675)
				MovRel3f(0, 9.0675, 0)
			EB()
			Cylinder(1.73054, 1.68004, 9.42468)
			MovRel3f(0, 9.42468, 0)
			RotRel3f(-0.147378, 0, 0, 1)
			Cylinder(1.68004, 1.63796, 7.85212)
			MovRel3f(0, 7.85212, 0)
			RotRel3f(-0.144912, 0, 0, 1)
			Cylinder(1.63796, 1.60066, 6.95937)
			MovRel3f(0, 6.95937, 0)
			Cylinder(1.60066, 1.5, 18.7837)
			MovRel3f(0, 18.7837, 0)
		EB()
		Cylinder(3, 3, 40.489)
		MovRel3f(0, 40.489, 0)
		RotRel3f(-0.179793, 0, 0, 1)
		Cylinder(3, 3, 22.1239)
		MovRel3f(0, 22.1239, 0)
	EB()
	Cylinder(3, 3, 5.34771)
	MovRel3f(0, 5.34771, 0)
	RotRel3f(-0.236398, 0, 0, 1)
	Cylinder(3, 3, 3.56452)
	MovRel3f(0, 3.56452, 0)
	Cylinder(3, 3, 45.1948)
	MovRel3f(0, 45.1948, 0)
	RotRel3f(0.358763, 0, 0, 1)
	Cylinder(3, 3, 2.5273)
	MovRel3f(0, 2.5273, 0)
	SB()
		RotRel3f(0.991722, 0, 1, 0)
		RotRel3f(-1.09082, 0, 0, 1)
		Cylinder(3, 3, 19.4253)
		MovRel3f(0, 19.4253, 0)
		RotRel3f(-0.622377, 0, 0, 1)
		Cylinder(3, 3, 17.7157)
		MovRel3f(0, 17.7157, 0)
		RotRel3f(0.135305, 0, 0, 1)
		Cylinder(3, 3, 11.0312)
		MovRel3f(0, 11.0312, 0)
		RotRel3f(0.159351, 0, 0, 1)
		Cylinder(3, 3, 18.582)
		MovRel3f(0, 18.582, 0)
		SB()
			RotRel3f(2.44685, 0, 1, 0)
			RotRel3f(-1.08651, 0, 0, 1)
			Cylinder(2.12132, 1.89172, 42.7291)
			MovRel3f(0, 42.7291, 0)
			SB()
				RotRel3f(0.991722, 0, 1, 0)
				RotRel3f(-1.08712, 0, 0, 1)
				Cylinder(1.33765, 1.23425, 21.5696)
				MovRel3f(0, 21.5696, 0)
				RotRel3f(-0.582507, 0, 0, 1)
				Cylinder(1.23425, 1.18737, 9.77992)
				MovRel3f(0, 9.77992, 0)
				Cylinder(1.18737, 1.1565, 6.43928)
				MovRel3f(0, 6.43928, 0)
				RotRel3f(0.113439, 0, 0, 1)
				Cylinder(1.1565, 1.12675, 6.20683)
				MovRel3f(0, 6.20683, 0)
				RotRel3f(-0.550401, 0, 0, 1)
				Cylinder(1.12675, 1.09244, 7.15603)
				MovRel3f(0, 7.15603, 0)
				Cylinder(1.09244, 1.07256, 4.14768)
				MovRel3f(0, 4.14768, 0)
				Cylinder(1.07256, 0.945861, 26.4297)
				MovRel3f(0, 26.4297, 0)
			EB()
			Cylinder(1.89172, 1.85703, 6.45611)
			MovRel3f(0, 6.45611, 0)
			Cylinder(1.85703, 1.80515, 9.65464)
			MovRel3f(0, 9.65464, 0)
			RotRel3f(-0.188051, 0, 0, 1)
			Cylinder(1.80515, 1.78624, 3.519)
			MovRel3f(0, 3.519, 0)
			SB()
				RotRel3f(2.44685, 0, 1, 0)
				RotRel3f(-1.085, 0, 0, 1)
				Cylinder(1.26306, 1.15915, 22.9557)
				MovRel3f(0, 22.9557, 0)
				RotRel3f(-0.811033, 0, 0, 1)
				Cylinder(1.15915, 1.15032, 1.95038)
				MovRel3f(0, 1.95038, 0)
				Cylinder(1.15032, 1.09574, 12.0565)
				MovRel3f(0, 12.0565, 0)
				Cylinder(1.09574, 1.02699, 15.1885)
				MovRel3f(0, 15.1885, 0)
				RotRel3f(0.186769, 0, 0, 1)
				Cylinder(1.02699, 1.01607, 2.41069)
				MovRel3f(0, 2.41069, 0)
				Cylinder(1.01607, 0.985623, 6.72672)
				MovRel3f(0, 6.72672, 0)
				Cylinder(0.985623, 0.984186, 0.317541)
				MovRel3f(0, 0.317541, 0)
				RotRel3f(0.188051, 0, 0, 1)
				Cylinder(0.984186, 0.897345, 19.1837)
				MovRel3f(0, 19.1837, 0)
				RotRel3f(0.149746, 0, 0, 1)
				Cylinder(0.897345, 0.893122, 0.932953)
				MovRel3f(0, 0.932953, 0)
			EB()
			Cylinder(1.78624, 1.76307, 4.31201)
			MovRel3f(0, 4.31201, 0)
			RotRel3f(-0.171708, 0, 0, 1)
			Cylinder(1.76307, 1.66735, 17.8142)
			MovRel3f(0, 17.8142, 0)
			Cylinder(1.66735, 1.65361, 2.55666)
			MovRel3f(0, 2.55666, 0)
			RotRel3f(0.188051, 0, 0, 1)
			Cylinder(1.65361, 1.5, 28.5873)
			MovRel3f(0, 28.5873, 0)
		EB()
		Cylinder(3, 3, 0.988873)
		MovRel3f(0, 0.988873, 0)
		RotRel3f(-0.426637, 0, 0, 1)
		Cylinder(3, 3, 7.61223)
		MovRel3f(0, 7.61223, 0)
		Cylinder(3, 3, 21.2664)
		MovRel3f(0, 21.2664, 0)
		SB()
			RotRel3f(0.991722, 0, 1, 0)
			RotRel3f(-1.08504, 0, 0, 1)
			Cylinder(2.12132, 2.07924, 7.83285)
			MovRel3f(0, 7.83285, 0)
			RotRel3f(-0.721747, 0, 0, 1)
			Cylinder(2.07924, 1.93338, 27.1519)
			MovRel3f(0, 27.1519, 0)
			RotRel3f(0.118379, 0, 0, 1)
			Cylinder(1.93338, 1.93196, 0.263114)
			MovRel3f(0, 0.263114, 0)
			Cylinder(1.93196, 1.86515, 12.4369)
			MovRel3f(0, 12.4369, 0)
			SB()
				RotRel3f(2.44685, 0, 1, 0)
				RotRel3f(-1.08811, 0, 0, 1)
				Cylinder(1.31886, 1.26855, 10.6743)
				MovRel3f(0, 10.6743, 0)
				RotRel3f(-0.89288, 0, 0, 1)
				Cylinder(1.26855, 1.17694, 19.4359)
				MovRel3f(0, 19.4359, 0)
				Cylinder(1.17694, 1.1502, 5.67353)
				MovRel3f(0, 5.67353, 0)
				Cylinder(1.1502, 1.08866, 13.0578)
				MovRel3f(0, 13.0578, 0)
				RotRel3f(0.912997, 0, 0, 1)
				Cylinder(1.08866, 1.07409, 3.09098)
				MovRel3f(0, 3.09098, 0)
				Cylinder(1.07409, 0.93727, 29.0283)
				MovRel3f(0, 29.0283, 0)
				RotRel3f(-0.11005, 0, 0, 1)
				Cylinder(0.93727, 0.932577, 0.995636)
				MovRel3f(0, 0.995636, 0)
			EB()
			Cylinder(1.86515, 1.78571, 14.7884)
			MovRel3f(0, 14.7884, 0)
			RotRel3f(0.260698, 0, 0, 1)
			Cylinder(1.78571, 1.74178, 8.17667)
			MovRel3f(0, 8.17667, 0)
			SB()
				RotRel3f(0.991722, 0, 1, 0)
				RotRel3f(-1.08187, 0, 0, 1)
				Cylinder(1.23163, 1.09388, 31.2607)
				MovRel3f(0, 31.2607, 0)
				Cylinder(1.09388, 1.08012, 3.12251)
				MovRel3f(0, 3.12251, 0)
				Cylinder(1.08012, 1.04806, 7.27555)
				MovRel3f(0, 7.27555, 0)
				RotRel3f(-0.14711, 0, 0, 1)
				Cylinder(1.04806, 0.996059, 11.8012)
				MovRel3f(0, 11.8012, 0)
				Cylinder(0.996059, 0.964967, 7.05618)
				MovRel3f(0, 7.05618, 0)
				Cylinder(0.964967, 0.954749, 2.31876)
				MovRel3f(0, 2.31876, 0)
				RotRel3f(0.188051, 0, 0, 1)
				Cylinder(0.954749, 0.920849, 7.69341)
				MovRel3f(0, 7.69341, 0)
				RotRel3f(-0.940253, 0, 0, 1)
				Cylinder(0.920849, 0.876286, 10.1132)
				MovRel3f(0, 10.1132, 0)
				RotRel3f(0.188051, 0, 0, 1)
				Cylinder(0.876286, 0.870891, 1.22423)
				MovRel3f(0, 1.22423, 0)
			EB()
			Cylinder(1.74178, 1.61197, 24.1639)
			MovRel3f(0, 24.1639, 0)
			RotRel3f(-0.188051, 0, 0, 1)
			Cylinder(1.61197, 1.5, 20.8425)
			MovRel3f(0, 20.8425, 0)
		EB()
		Cylinder(3, 3, 3.76772)
		MovRel3f(0, 3.76772, 0)
		RotRel3f(0.872773, 0, 0, 1)
		Cylinder(3, 3, 45.2751)
		MovRel3f(0, 45.2751, 0)
		RotRel3f(-0.188051, 0, 0, 1)
		Cylinder(3, 3, 17.2172)
		MovRel3f(0, 17.2172, 0)
	EB()
	Cylinder(3, 3, 29.2681)
	MovRel3f(0, 29.2681, 0)
	RotRel3f(0.252432, 0, 0, 1)
	Cylinder(3, 3, 40.6851)
	MovRel3f(0, 40.6851, 0)
	RotRel3f(-0.0690933, 0, 0, 1)
	Cylinder(3, 3, 24.6436)
	MovRel3f(0, 24.6436, 0)
	Cylinder(3, 3, 7.73703)
	MovRel3f(0, 7.73703, 0)
EB()
