LST 0.1

SB()
	RotRel3f(0, 0, 1, 0)
	RotRel3f(3.61999e-06, 0, 0, 1)
	Cylinder(6.06278, 6.06278, 201.21)
	MovRel3f(0, 201.21, 0)
	SB()
		RotRel3f(0.282555, 0, 1, 0)
		RotRel3f(-0.627613, 0, 0, 1)
		Cylinder(6.06278, 4.72963, 79.3594)
		MovRel3f(0, 79.3594, 0)
		SB()
			RotRel3f(1.44644, 0, 1, 0)
			RotRel3f(-0.633728, 0, 0, 1)
			Cylinder(4.72963, 4.57893, 65.4838)
			MovRel3f(0, 65.4838, 0)
			SB()
				RotRel3f(2.35619, 0, 1, 0)
				RotRel3f(-1.16843, 0, 0, 1)
				Cylinder(4.57893, 3.31372, 33.5158)
				MovRel3f(0, 33.5158, 0)
				SB()
					RotRel3f(2.35619, 0, 1, 0)
					RotRel3f(-1.17977, 0, 0, 1)
					Cylinder(2.34315, 2.00375, 22.4626)
					MovRel3f(0, 22.4626, 0)
					SB()
						RotRel3f(1.44644, 0, 1, 0)
						RotRel3f(-0.628493, 0, 0, 1)
						Cylinder(1.41686, 1.2055, 17.1764)
						MovRel3f(0, 17.1764, 0)
						Cylinder(1.2055, 1.00187, 16.5467)
						MovRel3f(0, 16.5467, 0)
					EB()
					Cylinder(2.00375, 1.65686, 22.958)
					MovRel3f(0, 22.958, 0)
				EB()
				Cylinder(3.31372, 2.10158, 32.1098)
				MovRel3f(0, 32.1098, 0)
				SB()
					RotRel3f(2.35619, 0, 1, 0)
					RotRel3f(1.17821, 0, 0, 1)
					Cylinder(2.10158, 1.80232, 26.2224)
					MovRel3f(0, 26.2224, 0)
					SB()
						RotRel3f(2.35619, 0, 1, 0)
						RotRel3f(-1.17731, 0, 0, 1)
						Cylinder(1.27443, 1.09302, 21.669)
						MovRel3f(0, 21.669, 0)
						Cylinder(1.09302, 0.901161, 22.9178)
						MovRel3f(0, 22.9178, 0)
					EB()
					Cylinder(1.80232, 1.48604, 27.714)
					MovRel3f(0, 27.714, 0)
				EB()
				SB()
					RotRel3f(0, 0, 1, 0)
					RotRel3f(0.576636, 0, 0, 1)
					Cylinder(2.10158, 1.79115, 27.9099)
					MovRel3f(0, 27.9099, 0)
					SB()
						RotRel3f(2.35619, 0, 1, 0)
						RotRel3f(-1.17164, 0, 0, 1)
						Cylinder(1.26653, 1.07556, 17.9677)
						MovRel3f(0, 17.9677, 0)
						Cylinder(1.07556, 0.895574, 16.9346)
						MovRel3f(0, 16.9346, 0)
					EB()
					Cylinder(1.79115, 1.48604, 27.4312)
					MovRel3f(0, 27.4312, 0)
				EB()
			EB()
			Cylinder(4.57893, 4.42624, 66.3484)
			MovRel3f(0, 66.3484, 0)
		EB()
		Cylinder(4.72963, 3.31569, 84.1691)
		MovRel3f(0, 84.1691, 0)
		SB()
			RotRel3f(2.35619, 0, 1, 0)
			RotRel3f(1.20059, 0, 0, 1)
			Cylinder(3.31569, 2.5565, 39.8799)
			MovRel3f(0, 39.8799, 0)
			SB()
				RotRel3f(2.35619, 0, 1, 0)
				RotRel3f(-1.19084, 0, 0, 1)
				Cylinder(2.5565, 2.11709, 20.6044)
				MovRel3f(0, 20.6044, 0)
				SB()
					RotRel3f(2.35619, 0, 1, 0)
					RotRel3f(-1.17892, 0, 0, 1)
					Cylinder(1.49701, 1.28501, 12.814)
					MovRel3f(0, 12.814, 0)
					SB()
						RotRel3f(2.35619, 0, 1, 0)
						RotRel3f(-1.16957, 0, 0, 1)
						Cylinder(0.908643, 0.779943, 7.30881)
						MovRel3f(0, 7.30881, 0)
						Cylinder(0.779943, 0.642508, 7.80489)
						MovRel3f(0, 7.80489, 0)
					EB()
					Cylinder(1.28501, 1.05855, 13.689)
					MovRel3f(0, 13.689, 0)
				EB()
				Cylinder(2.11709, 1.69996, 19.5596)
				MovRel3f(0, 19.5596, 0)
				SB()
					RotRel3f(2.35619, 0, 1, 0)
					RotRel3f(1.18157, 0, 0, 1)
					Cylinder(1.69996, 1.47262, 14.187)
					MovRel3f(0, 14.187, 0)
					SB()
						RotRel3f(1.44644, 0, 1, 0)
						RotRel3f(-0.629368, 0, 0, 1)
						Cylinder(1.0413, 0.876328, 11.5905)
						MovRel3f(0, 11.5905, 0)
						Cylinder(0.876328, 0.736312, 9.83707)
						MovRel3f(0, 9.83707, 0)
					EB()
					Cylinder(1.47262, 1.20205, 16.8853)
					MovRel3f(0, 16.8853, 0)
				EB()
				SB()
					RotRel3f(0, 0, 1, 0)
					RotRel3f(0.589989, 0, 0, 1)
					Cylinder(1.69996, 1.45011, 16.989)
					MovRel3f(0, 16.989, 0)
					SB()
						RotRel3f(1.44644, 0, 1, 0)
						RotRel3f(-0.631171, 0, 0, 1)
						Cylinder(1.02538, 0.879101, 12.866)
						MovRel3f(0, 12.866, 0)
						Cylinder(0.879101, 0.725056, 13.5487)
						MovRel3f(0, 13.5487, 0)
					EB()
					Cylinder(1.45011, 1.20205, 16.8677)
					MovRel3f(0, 16.8677, 0)
				EB()
			EB()
			Cylinder(2.5565, 1.90016, 34.4781)
			MovRel3f(0, 34.4781, 0)
		EB()
		SB()
			RotRel3f(0, 0, 1, 0)
			RotRel3f(0.578085, 0, 0, 1)
			Cylinder(3.31569, 3.15835, 66.0919)
			MovRel3f(0, 66.0919, 0)
			SB()
				RotRel3f(2.35619, 0, 1, 0)
				RotRel3f(-1.18772, 0, 0, 1)
				Cylinder(3.15835, 2.48934, 45.7717)
				MovRel3f(0, 45.7717, 0)
				SB()
					RotRel3f(1.44644, 0, 1, 0)
					RotRel3f(-0.634103, 0, 0, 1)
					Cylinder(1.76023, 1.53122, 28.1525)
					MovRel3f(0, 28.1525, 0)
					SB()
						RotRel3f(1.44644, 0, 1, 0)
						RotRel3f(-0.629755, 0, 0, 1)
						Cylinder(1.08274, 0.915137, 24.8595)
						MovRel3f(0, 24.8595, 0)
						Cylinder(0.915137, 0.76561, 22.1791)
						MovRel3f(0, 22.1791, 0)
					EB()
					Cylinder(1.53122, 1.24467, 35.225)
					MovRel3f(0, 35.225, 0)
				EB()
				Cylinder(2.48934, 1.87886, 41.768)
				MovRel3f(0, 41.768, 0)
			EB()
			Cylinder(3.15835, 3, 66.5144)
			MovRel3f(0, 66.5144, 0)
		EB()
	EB()
	SB()
		RotRel3f(0, 0, 1, 0)
		RotRel3f(0.706543, 0, 0, 1)
		Cylinder(6.06278, 4.03052, 88.5996)
		MovRel3f(0, 88.5996, 0)
		SB()
			RotRel3f(1.44644, 0, 1, 0)
			RotRel3f(-0.628318, 0, 0, 1)
			Cylinder(4.03052, 3.69821, 83.9741)
			MovRel3f(0, 83.9741, 0)
			SB()
				RotRel3f(2.35619, 0, 1, 0)
				RotRel3f(-1.18449, 0, 0, 1)
				Cylinder(3.69821, 2.93991, 42.0846)
				MovRel3f(0, 42.0846, 0)
				SB()
					RotRel3f(2.35619, 0, 1, 0)
					RotRel3f(-1.19389, 0, 0, 1)
					Cylinder(2.07883, 1.78723, 26.5614)
					MovRel3f(0, 26.5614, 0)
					SB()
						RotRel3f(2.35619, 0, 1, 0)
						RotRel3f(-1.18092, 0, 0, 1)
						Cylinder(1.26377, 1.07288, 18.5359)
						MovRel3f(0, 18.5359, 0)
						Cylinder(1.07288, 0.893618, 17.4068)
						MovRel3f(0, 17.4068, 0)
					EB()
					Cylinder(1.78723, 1.46996, 28.9002)
					MovRel3f(0, 28.9002, 0)
					SB()
						RotRel3f(2.35619, 0, 1, 0)
						RotRel3f(1.19756, 0, 0, 1)
						Cylinder(1.46996, 1.2593, 23.3661)
						MovRel3f(0, 23.3661, 0)
						Cylinder(1.2593, 1.03942, 24.3897)
						MovRel3f(0, 24.3897, 0)
					EB()
					SB()
						RotRel3f(0, 0, 1, 0)
						RotRel3f(0.571962, 0, 0, 1)
						Cylinder(1.46996, 1.26877, 21.781)
						MovRel3f(0, 21.781, 0)
						Cylinder(1.26877, 1.03942, 24.8302)
						MovRel3f(0, 24.8302, 0)
					EB()
				EB()
				Cylinder(2.93991, 2.27994, 36.6278)
				MovRel3f(0, 36.6278, 0)
				SB()
					RotRel3f(2.35619, 0, 1, 0)
					RotRel3f(1.18827, 0, 0, 1)
					Cylinder(2.27994, 1.94476, 37.3319)
					MovRel3f(0, 37.3319, 0)
					SB()
						RotRel3f(2.35619, 0, 1, 0)
						RotRel3f(-1.18945, 0, 0, 1)
						Cylinder(1.37515, 1.18393, 27.4607)
						MovRel3f(0, 27.4607, 0)
						Cylinder(1.18393, 0.972378, 30.3798)
						MovRel3f(0, 30.3798, 0)
					EB()
					Cylinder(1.94476, 1.61216, 37.0433)
					MovRel3f(0, 37.0433, 0)
				EB()
				SB()
					RotRel3f(0, 0, 1, 0)
					RotRel3f(0.560465, 0, 0, 1)
					Cylinder(2.27994, 1.94699, 33.0098)
					MovRel3f(0, 33.0098, 0)
					SB()
						RotRel3f(2.35619, 0, 1, 0)
						RotRel3f(-1.18248, 0, 0, 1)
						Cylinder(1.37673, 1.16613, 25.3928)
						MovRel3f(0, 25.3928, 0)
						Cylinder(1.16613, 0.973497, 23.2262)
						MovRel3f(0, 23.2262, 0)
					EB()
					Cylinder(1.94699, 1.61216, 33.1965)
					MovRel3f(0, 33.1965, 0)
				EB()
			EB()
			Cylinder(3.69821, 3.3372, 91.228)
			MovRel3f(0, 91.228, 0)
		EB()
		Cylinder(4.03052, 1.96959, 89.8493)
		MovRel3f(0, 89.8493, 0)
		SB()
			RotRel3f(2.35619, 0, 1, 0)
			RotRel3f(1.19414, 0, 0, 1)
			Cylinder(1.96959, 1.42789, 36.9793)
			MovRel3f(0, 36.9793, 0)
			SB()
				RotRel3f(2.35619, 0, 1, 0)
				RotRel3f(-1.19887, 0, 0, 1)
				Cylinder(1.42789, 1.10596, 23.1041)
				MovRel3f(0, 23.1041, 0)
				SB()
					RotRel3f(1.44644, 0, 1, 0)
					RotRel3f(-0.6298, 0, 0, 1)
					Cylinder(0.782034, 0.663588, 17.0785)
					MovRel3f(0, 17.0785, 0)
					SB()
						RotRel3f(1.44644, 0, 1, 0)
						RotRel3f(-0.635967, 0, 0, 1)
						Cylinder(0.469228, 0.398904, 13.2579)
						MovRel3f(0, 13.2579, 0)
						Cylinder(0.398904, 0.331794, 12.6519)
						MovRel3f(0, 12.6519, 0)
					EB()
					Cylinder(0.663588, 0.552982, 15.9481)
					MovRel3f(0, 15.9481, 0)
					SB()
						RotRel3f(2.35619, 0, 1, 0)
						RotRel3f(1.1911, 0, 0, 1)
						Cylinder(0.552982, 0.475178, 14.2179)
						MovRel3f(0, 14.2179, 0)
						Cylinder(0.475178, 0.391017, 15.3795)
						MovRel3f(0, 15.3795, 0)
					EB()
					SB()
						RotRel3f(0, 0, 1, 0)
						RotRel3f(0.577524, 0, 0, 1)
						Cylinder(0.552982, 0.47493, 13.3731)
						MovRel3f(0, 13.3731, 0)
						Cylinder(0.47493, 0.391017, 14.3774)
						MovRel3f(0, 14.3774, 0)
					EB()
				EB()
				Cylinder(1.10596, 0.744294, 25.9558)
				MovRel3f(0, 25.9558, 0)
				SB()
					RotRel3f(2.35619, 0, 1, 0)
					RotRel3f(1.18821, 0, 0, 1)
					Cylinder(0.744294, 0.63522, 18.2476)
					MovRel3f(0, 18.2476, 0)
					SB()
						RotRel3f(1.44644, 0, 1, 0)
						RotRel3f(-0.635967, 0, 0, 1)
						Cylinder(0.449168, 0.379892, 14.7525)
						MovRel3f(0, 14.7525, 0)
						Cylinder(0.379892, 0.31761, 13.263)
						MovRel3f(0, 13.263, 0)
					EB()
					Cylinder(0.63522, 0.526296, 18.2224)
					MovRel3f(0, 18.2224, 0)
				EB()
				SB()
					RotRel3f(0, 0, 1, 0)
					RotRel3f(0.592038, 0, 0, 1)
					Cylinder(0.744294, 0.640597, 19.5471)
					MovRel3f(0, 19.5471, 0)
					SB()
						RotRel3f(2.35619, 0, 1, 0)
						RotRel3f(-1.17635, 0, 0, 1)
						Cylinder(0.452971, 0.384635, 14.5419)
						MovRel3f(0, 14.5419, 0)
						Cylinder(0.384635, 0.320299, 13.6906)
						MovRel3f(0, 13.6906, 0)
					EB()
					Cylinder(0.640597, 0.526296, 21.5461)
					MovRel3f(0, 21.5461, 0)
				EB()
			EB()
			Cylinder(1.42789, 0.828238, 40.9358)
			MovRel3f(0, 40.9358, 0)
		EB()
		SB()
			RotRel3f(0, 0, 1, 0)
			RotRel3f(0.590179, 0, 0, 1)
			Cylinder(1.96959, 1.96959, 71.0917)
			MovRel3f(0, 71.0917, 0)
			SB()
				RotRel3f(2.35619, 0, 1, 0)
				RotRel3f(-1.18683, 0, 0, 1)
				Cylinder(1.96959, 1.68508, 36.7917)
				MovRel3f(0, 36.7917, 0)
				SB()
					RotRel3f(2.35619, 0, 1, 0)
					RotRel3f(-1.18606, 0, 0, 1)
					Cylinder(1.19153, 1.0182, 31.9125)
					MovRel3f(0, 31.9125, 0)
					SB()
						RotRel3f(1.44644, 0, 1, 0)
						RotRel3f(-0.63403, 0, 0, 1)
						Cylinder(0.719978, 0.612288, 19.5194)
						MovRel3f(0, 19.5194, 0)
						Cylinder(0.612288, 0.509101, 18.7031)
						MovRel3f(0, 18.7031, 0)
					EB()
					Cylinder(1.0182, 0.842538, 32.3429)
					MovRel3f(0, 32.3429, 0)
					SB()
						RotRel3f(2.35619, 0, 1, 0)
						RotRel3f(1.20059, 0, 0, 1)
						Cylinder(0.842538, 0.726853, 29.5659)
						MovRel3f(0, 29.5659, 0)
						Cylinder(0.726853, 0.595765, 33.5025)
						MovRel3f(0, 33.5025, 0)
					EB()
					SB()
						RotRel3f(0, 0, 1, 0)
						RotRel3f(0.570156, 0, 0, 1)
						Cylinder(0.842538, 0.723552, 26.0557)
						MovRel3f(0, 26.0557, 0)
						Cylinder(0.723552, 0.595765, 27.9831)
						MovRel3f(0, 27.9831, 0)
					EB()
				EB()
				Cylinder(1.68508, 1.35288, 42.9565)
				MovRel3f(0, 42.9565, 0)
			EB()
			Cylinder(1.96959, 1.96959, 75.5141)
			MovRel3f(0, 75.5141, 0)
		EB()
	EB()
EB()
