LST 0.1

SB()
	RotRel3f(0, 0, 1, 0)
	RotRel3f(0.00946074, 0, 0, 1)
	Cylinder(3, 3, 199.2)
	MovRel3f(0, 199.2, 0)
	SB()
		RotRel3f(0.982794, 0, 1, 0)
		RotRel3f(0.830725, 0, 0, 1)
		Cylinder(3, 3, 138.056)
		MovRel3f(0, 138.056, 0)
		SB()
			RotRel3f(0.982794, 0, 1, 0)
			RotRel3f(0.831071, 0, 0, 1)
			Cylinder(3, 2.12132, 115.836)
			MovRel3f(0, 115.836, 0)
			SB()
				RotRel3f(0.982794, 0, 1, 0)
				RotRel3f(0.831816, 0, 0, 1)
				Cylinder(2.12132, 1.5, 97.7831)
				MovRel3f(0, 97.7831, 0)
			EB()
			SB()
				RotRel3f(0.73544, 0, 1, 0)
				RotRel3f(-0.871008, 0, 0, 1)
				Cylinder(2.12132, 1.5, 97.7105)
				MovRel3f(0, 97.7105, 0)
			EB()
			SB()
				RotRel3f(2.63449, 0, 1, 0)
				RotRel3f(-0.29735, 0, 0, 1)
				Cylinder(2.12132, 1.5, 97.1659)
				MovRel3f(0, 97.1659, 0)
			EB()
			SB()
				RotRel3f(2.41495, 0, 1, 0)
				RotRel3f(0.328264, 0, 0, 1)
				Cylinder(2.12132, 1.5, 97.6001)
				MovRel3f(0, 97.6001, 0)
			EB()
			SB()
				RotRel3f(1.9513, 0, 1, 0)
				RotRel3f(-1.32976, 0, 0, 1)
				Cylinder(2.12132, 1.5, 97.448)
				MovRel3f(0, 97.448, 0)
			EB()
		EB()
		SB()
			RotRel3f(0.73544, 0, 1, 0)
			RotRel3f(-0.854187, 0, 0, 1)
			Cylinder(3, 2.12132, 116.225)
			MovRel3f(0, 116.225, 0)
			SB()
				RotRel3f(0.982794, 0, 1, 0)
				RotRel3f(0.830554, 0, 0, 1)
				Cylinder(2.12132, 1.5, 97.8343)
				MovRel3f(0, 97.8343, 0)
			EB()
			SB()
				RotRel3f(0.73544, 0, 1, 0)
				RotRel3f(-0.86636, 0, 0, 1)
				Cylinder(2.12132, 1.5, 97.701)
				MovRel3f(0, 97.701, 0)
			EB()
			SB()
				RotRel3f(2.63449, 0, 1, 0)
				RotRel3f(-0.338464, 0, 0, 1)
				Cylinder(2.12132, 1.5, 97.9603)
				MovRel3f(0, 97.9603, 0)
			EB()
			SB()
				RotRel3f(2.41495, 0, 1, 0)
				RotRel3f(0.323029, 0, 0, 1)
				Cylinder(2.12132, 1.5, 98.0768)
				MovRel3f(0, 98.0768, 0)
			EB()
			SB()
				RotRel3f(1.9513, 0, 1, 0)
				RotRel3f(-1.32875, 0, 0, 1)
				Cylinder(2.12132, 1.5, 97.6929)
				MovRel3f(0, 97.6929, 0)
			EB()
		EB()
		SB()
			RotRel3f(2.63449, 0, 1, 0)
			RotRel3f(-0.329685, 0, 0, 1)
			Cylinder(3, 2.12132, 116.566)
			MovRel3f(0, 116.566, 0)
			SB()
				RotRel3f(0.982794, 0, 1, 0)
				RotRel3f(0.831932, 0, 0, 1)
				Cylinder(2.12132, 1.5, 98.0301)
				MovRel3f(0, 98.0301, 0)
			EB()
			SB()
				RotRel3f(0.73544, 0, 1, 0)
				RotRel3f(-0.861337, 0, 0, 1)
				Cylinder(2.12132, 1.5, 98.0371)
				MovRel3f(0, 98.0371, 0)
			EB()
			SB()
				RotRel3f(2.63449, 0, 1, 0)
				RotRel3f(-0.304492, 0, 0, 1)
				Cylinder(2.12132, 1.5, 98.0038)
				MovRel3f(0, 98.0038, 0)
			EB()
			SB()
				RotRel3f(2.41495, 0, 1, 0)
				RotRel3f(0.326545, 0, 0, 1)
				Cylinder(2.12132, 1.5, 97.502)
				MovRel3f(0, 97.502, 0)
			EB()
			SB()
				RotRel3f(1.9513, 0, 1, 0)
				RotRel3f(-1.32936, 0, 0, 1)
				Cylinder(2.12132, 1.5, 97.9234)
				MovRel3f(0, 97.9234, 0)
			EB()
		EB()
		SB()
			RotRel3f(2.41495, 0, 1, 0)
			RotRel3f(0.317309, 0, 0, 1)
			Cylinder(3, 2.12132, 116.047)
			MovRel3f(0, 116.047, 0)
			SB()
				RotRel3f(0.982794, 0, 1, 0)
				RotRel3f(0.831422, 0, 0, 1)
				Cylinder(2.12132, 1.5, 97.2217)
				MovRel3f(0, 97.2217, 0)
			EB()
			SB()
				RotRel3f(0.73544, 0, 1, 0)
				RotRel3f(-0.86262, 0, 0, 1)
				Cylinder(2.12132, 1.5, 97.5617)
				MovRel3f(0, 97.5617, 0)
			EB()
			SB()
				RotRel3f(2.63449, 0, 1, 0)
				RotRel3f(-0.321816, 0, 0, 1)
				Cylinder(2.12132, 1.5, 97.3867)
				MovRel3f(0, 97.3867, 0)
			EB()
			SB()
				RotRel3f(2.41495, 0, 1, 0)
				RotRel3f(0.328541, 0, 0, 1)
				Cylinder(2.12132, 1.5, 97.1692)
				MovRel3f(0, 97.1692, 0)
			EB()
			SB()
				RotRel3f(1.9513, 0, 1, 0)
				RotRel3f(-1.32787, 0, 0, 1)
				Cylinder(2.12132, 1.5, 97.4907)
				MovRel3f(0, 97.4907, 0)
			EB()
		EB()
		SB()
			RotRel3f(1.9513, 0, 1, 0)
			RotRel3f(-1.32613, 0, 0, 1)
			Cylinder(3, 2.12132, 115.629)
			MovRel3f(0, 115.629, 0)
			SB()
				RotRel3f(0.982794, 0, 1, 0)
				RotRel3f(0.832392, 0, 0, 1)
				Cylinder(2.12132, 1.5, 97.5593)
				MovRel3f(0, 97.5593, 0)
			EB()
			SB()
				RotRel3f(0.73544, 0, 1, 0)
				RotRel3f(-0.861733, 0, 0, 1)
				Cylinder(2.12132, 1.5, 97.4115)
				MovRel3f(0, 97.4115, 0)
			EB()
			SB()
				RotRel3f(2.63449, 0, 1, 0)
				RotRel3f(-0.334345, 0, 0, 1)
				Cylinder(2.12132, 1.5, 96.9062)
				MovRel3f(0, 96.9062, 0)
			EB()
			SB()
				RotRel3f(2.41495, 0, 1, 0)
				RotRel3f(0.322142, 0, 0, 1)
				Cylinder(2.12132, 1.5, 97.3039)
				MovRel3f(0, 97.3039, 0)
			EB()
			SB()
				RotRel3f(1.9513, 0, 1, 0)
				RotRel3f(-1.32901, 0, 0, 1)
				Cylinder(2.12132, 1.5, 96.9267)
				MovRel3f(0, 96.9267, 0)
			EB()
		EB()
	EB()
	SB()
		RotRel3f(0.73544, 0, 1, 0)
		RotRel3f(-0.856373, 0, 0, 1)
		Cylinder(3, 3, 150.817)
		MovRel3f(0, 150.817, 0)
		SB()
			RotRel3f(0.982794, 0, 1, 0)
			RotRel3f(0.826738, 0, 0, 1)
			Cylinder(3, 2.12132, 127.268)
			MovRel3f(0, 127.268, 0)
			SB()
				RotRel3f(0.982794, 0, 1, 0)
				RotRel3f(0.831154, 0, 0, 1)
				Cylinder(2.12132, 1.5, 106.745)
				MovRel3f(0, 106.745, 0)
			EB()
			SB()
				RotRel3f(0.73544, 0, 1, 0)
				RotRel3f(-0.85609, 0, 0, 1)
				Cylinder(2.12132, 1.5, 106.816)
				MovRel3f(0, 106.816, 0)
			EB()
			SB()
				RotRel3f(2.63449, 0, 1, 0)
				RotRel3f(-0.337447, 0, 0, 1)
				Cylinder(2.12132, 1.5, 107.236)
				MovRel3f(0, 107.236, 0)
			EB()
			SB()
				RotRel3f(2.41495, 0, 1, 0)
				RotRel3f(0.323892, 0, 0, 1)
				Cylinder(2.12132, 1.5, 107.102)
				MovRel3f(0, 107.102, 0)
			EB()
			SB()
				RotRel3f(1.9513, 0, 1, 0)
				RotRel3f(-1.33151, 0, 0, 1)
				Cylinder(2.12132, 1.5, 107.097)
				MovRel3f(0, 107.097, 0)
			EB()
		EB()
		SB()
			RotRel3f(0.73544, 0, 1, 0)
			RotRel3f(-0.860712, 0, 0, 1)
			Cylinder(3, 2.12132, 126.2)
			MovRel3f(0, 126.2, 0)
			SB()
				RotRel3f(0.982794, 0, 1, 0)
				RotRel3f(0.826878, 0, 0, 1)
				Cylinder(2.12132, 1.5, 105.957)
				MovRel3f(0, 105.957, 0)
			EB()
			SB()
				RotRel3f(0.73544, 0, 1, 0)
				RotRel3f(-0.857192, 0, 0, 1)
				Cylinder(2.12132, 1.5, 106.157)
				MovRel3f(0, 106.157, 0)
			EB()
			SB()
				RotRel3f(2.63449, 0, 1, 0)
				RotRel3f(-0.326962, 0, 0, 1)
				Cylinder(2.12132, 1.5, 105.842)
				MovRel3f(0, 105.842, 0)
			EB()
			SB()
				RotRel3f(2.41495, 0, 1, 0)
				RotRel3f(0.323586, 0, 0, 1)
				Cylinder(2.12132, 1.5, 106.238)
				MovRel3f(0, 106.238, 0)
			EB()
			SB()
				RotRel3f(1.9513, 0, 1, 0)
				RotRel3f(-1.32232, 0, 0, 1)
				Cylinder(2.12132, 1.5, 106.213)
				MovRel3f(0, 106.213, 0)
			EB()
		EB()
		SB()
			RotRel3f(2.63449, 0, 1, 0)
			RotRel3f(-0.32532, 0, 0, 1)
			Cylinder(3, 2.12132, 126.823)
			MovRel3f(0, 126.823, 0)
			SB()
				RotRel3f(0.982794, 0, 1, 0)
				RotRel3f(0.834911, 0, 0, 1)
				Cylinder(2.12132, 1.5, 106.759)
				MovRel3f(0, 106.759, 0)
			EB()
			SB()
				RotRel3f(0.73544, 0, 1, 0)
				RotRel3f(-0.867375, 0, 0, 1)
				Cylinder(2.12132, 1.5, 106.66)
				MovRel3f(0, 106.66, 0)
			EB()
			SB()
				RotRel3f(2.63449, 0, 1, 0)
				RotRel3f(-0.325119, 0, 0, 1)
				Cylinder(2.12132, 1.5, 106.621)
				MovRel3f(0, 106.621, 0)
			EB()
			SB()
				RotRel3f(2.41495, 0, 1, 0)
				RotRel3f(0.321673, 0, 0, 1)
				Cylinder(2.12132, 1.5, 106.746)
				MovRel3f(0, 106.746, 0)
			EB()
			SB()
				RotRel3f(1.9513, 0, 1, 0)
				RotRel3f(-1.32881, 0, 0, 1)
				Cylinder(2.12132, 1.5, 106.556)
				MovRel3f(0, 106.556, 0)
			EB()
		EB()
		SB()
			RotRel3f(2.41495, 0, 1, 0)
			RotRel3f(0.332827, 0, 0, 1)
			Cylinder(3, 2.12132, 126.987)
			MovRel3f(0, 126.987, 0)
			SB()
				RotRel3f(0.982794, 0, 1, 0)
				RotRel3f(0.833476, 0, 0, 1)
				Cylinder(2.12132, 1.5, 107.233)
				MovRel3f(0, 107.233, 0)
			EB()
			SB()
				RotRel3f(0.73544, 0, 1, 0)
				RotRel3f(-0.865523, 0, 0, 1)
				Cylinder(2.12132, 1.5, 106.47)
				MovRel3f(0, 106.47, 0)
			EB()
			SB()
				RotRel3f(2.63449, 0, 1, 0)
				RotRel3f(-0.286822, 0, 0, 1)
				Cylinder(2.12132, 1.5, 106.763)
				MovRel3f(0, 106.763, 0)
			EB()
			SB()
				RotRel3f(2.41495, 0, 1, 0)
				RotRel3f(0.324615, 0, 0, 1)
				Cylinder(2.12132, 1.5, 106.998)
				MovRel3f(0, 106.998, 0)
			EB()
			SB()
				RotRel3f(1.9513, 0, 1, 0)
				RotRel3f(-1.32518, 0, 0, 1)
				Cylinder(2.12132, 1.5, 106.868)
				MovRel3f(0, 106.868, 0)
			EB()
		EB()
		SB()
			RotRel3f(1.9513, 0, 1, 0)
			RotRel3f(-1.32626, 0, 0, 1)
			Cylinder(3, 2.12132, 127.48)
			MovRel3f(0, 127.48, 0)
			SB()
				RotRel3f(0.982794, 0, 1, 0)
				RotRel3f(0.830786, 0, 0, 1)
				Cylinder(2.12132, 1.5, 107.548)
				MovRel3f(0, 107.548, 0)
			EB()
			SB()
				RotRel3f(0.73544, 0, 1, 0)
				RotRel3f(-0.857123, 0, 0, 1)
				Cylinder(2.12132, 1.5, 107.103)
				MovRel3f(0, 107.103, 0)
			EB()
			SB()
				RotRel3f(2.63449, 0, 1, 0)
				RotRel3f(-0.298721, 0, 0, 1)
				Cylinder(2.12132, 1.5, 107.234)
				MovRel3f(0, 107.234, 0)
			EB()
			SB()
				RotRel3f(2.41495, 0, 1, 0)
				RotRel3f(0.319442, 0, 0, 1)
				Cylinder(2.12132, 1.5, 107.179)
				MovRel3f(0, 107.179, 0)
			EB()
			SB()
				RotRel3f(1.9513, 0, 1, 0)
				RotRel3f(-1.32982, 0, 0, 1)
				Cylinder(2.12132, 1.5, 107.12)
				MovRel3f(0, 107.12, 0)
			EB()
		EB()
	EB()
	SB()
		RotRel3f(2.63449, 0, 1, 0)
		RotRel3f(-0.321241, 0, 0, 1)
		Cylinder(3, 3, 141.306)
		MovRel3f(0, 141.306, 0)
		SB()
			RotRel3f(0.982794, 0, 1, 0)
			RotRel3f(0.83487, 0, 0, 1)
			Cylinder(3, 2.12132, 118.878)
			MovRel3f(0, 118.878, 0)
			SB()
				RotRel3f(0.982794, 0, 1, 0)
				RotRel3f(0.826148, 0, 0, 1)
				Cylinder(2.12132, 1.5, 100.203)
				MovRel3f(0, 100.203, 0)
			EB()
			SB()
				RotRel3f(0.73544, 0, 1, 0)
				RotRel3f(-0.863189, 0, 0, 1)
				Cylinder(2.12132, 1.5, 100.122)
				MovRel3f(0, 100.122, 0)
			EB()
			SB()
				RotRel3f(2.63449, 0, 1, 0)
				RotRel3f(-0.305827, 0, 0, 1)
				Cylinder(2.12132, 1.5, 99.6941)
				MovRel3f(0, 99.6941, 0)
			EB()
			SB()
				RotRel3f(2.41495, 0, 1, 0)
				RotRel3f(0.325307, 0, 0, 1)
				Cylinder(2.12132, 1.5, 100.219)
				MovRel3f(0, 100.219, 0)
			EB()
			SB()
				RotRel3f(1.9513, 0, 1, 0)
				RotRel3f(-1.32181, 0, 0, 1)
				Cylinder(2.12132, 1.5, 99.6104)
				MovRel3f(0, 99.6104, 0)
			EB()
		EB()
		SB()
			RotRel3f(0.73544, 0, 1, 0)
			RotRel3f(-0.856914, 0, 0, 1)
			Cylinder(3, 2.12132, 119.001)
			MovRel3f(0, 119.001, 0)
			SB()
				RotRel3f(0.982794, 0, 1, 0)
				RotRel3f(0.826148, 0, 0, 1)
				Cylinder(2.12132, 1.5, 100.164)
				MovRel3f(0, 100.164, 0)
			EB()
			SB()
				RotRel3f(0.73544, 0, 1, 0)
				RotRel3f(-0.862377, 0, 0, 1)
				Cylinder(2.12132, 1.5, 100.553)
				MovRel3f(0, 100.553, 0)
			EB()
			SB()
				RotRel3f(2.63449, 0, 1, 0)
				RotRel3f(-0.306487, 0, 0, 1)
				Cylinder(2.12132, 1.5, 100.487)
				MovRel3f(0, 100.487, 0)
			EB()
			SB()
				RotRel3f(2.41495, 0, 1, 0)
				RotRel3f(0.3248, 0, 0, 1)
				Cylinder(2.12132, 1.5, 99.7264)
				MovRel3f(0, 99.7264, 0)
			EB()
			SB()
				RotRel3f(1.9513, 0, 1, 0)
				RotRel3f(-1.33493, 0, 0, 1)
				Cylinder(2.12132, 1.5, 99.7829)
				MovRel3f(0, 99.7829, 0)
			EB()
		EB()
		SB()
			RotRel3f(2.63449, 0, 1, 0)
			RotRel3f(-0.312948, 0, 0, 1)
			Cylinder(3, 2.12132, 118.392)
			MovRel3f(0, 118.392, 0)
			SB()
				RotRel3f(0.982794, 0, 1, 0)
				RotRel3f(0.835669, 0, 0, 1)
				Cylinder(2.12132, 1.5, 99.5821)
				MovRel3f(0, 99.5821, 0)
			EB()
			SB()
				RotRel3f(0.73544, 0, 1, 0)
				RotRel3f(-0.858817, 0, 0, 1)
				Cylinder(2.12132, 1.5, 99.5619)
				MovRel3f(0, 99.5619, 0)
			EB()
			SB()
				RotRel3f(2.63449, 0, 1, 0)
				RotRel3f(-0.319669, 0, 0, 1)
				Cylinder(2.12132, 1.5, 99.7864)
				MovRel3f(0, 99.7864, 0)
			EB()
			SB()
				RotRel3f(2.41495, 0, 1, 0)
				RotRel3f(0.324364, 0, 0, 1)
				Cylinder(2.12132, 1.5, 99.8859)
				MovRel3f(0, 99.8859, 0)
			EB()
			SB()
				RotRel3f(1.9513, 0, 1, 0)
				RotRel3f(-1.32333, 0, 0, 1)
				Cylinder(2.12132, 1.5, 100.075)
				MovRel3f(0, 100.075, 0)
			EB()
		EB()
		SB()
			RotRel3f(2.41495, 0, 1, 0)
			RotRel3f(0.329883, 0, 0, 1)
			Cylinder(3, 2.12132, 119.002)
			MovRel3f(0, 119.002, 0)
			SB()
				RotRel3f(0.982794, 0, 1, 0)
				RotRel3f(0.837177, 0, 0, 1)
				Cylinder(2.12132, 1.5, 100.281)
				MovRel3f(0, 100.281, 0)
			EB()
			SB()
				RotRel3f(0.73544, 0, 1, 0)
				RotRel3f(-0.867525, 0, 0, 1)
				Cylinder(2.12132, 1.5, 99.8714)
				MovRel3f(0, 99.8714, 0)
			EB()
			SB()
				RotRel3f(2.63449, 0, 1, 0)
				RotRel3f(-0.327502, 0, 0, 1)
				Cylinder(2.12132, 1.5, 100.588)
				MovRel3f(0, 100.588, 0)
			EB()
			SB()
				RotRel3f(2.41495, 0, 1, 0)
				RotRel3f(0.321169, 0, 0, 1)
				Cylinder(2.12132, 1.5, 99.5395)
				MovRel3f(0, 99.5395, 0)
			EB()
			SB()
				RotRel3f(1.9513, 0, 1, 0)
				RotRel3f(-1.33021, 0, 0, 1)
				Cylinder(2.12132, 1.5, 100.162)
				MovRel3f(0, 100.162, 0)
			EB()
		EB()
		SB()
			RotRel3f(1.9513, 0, 1, 0)
			RotRel3f(-1.3246, 0, 0, 1)
			Cylinder(3, 2.12132, 118.86)
			MovRel3f(0, 118.86, 0)
			SB()
				RotRel3f(0.982794, 0, 1, 0)
				RotRel3f(0.83121, 0, 0, 1)
				Cylinder(2.12132, 1.5, 99.4856)
				MovRel3f(0, 99.4856, 0)
			EB()
			SB()
				RotRel3f(0.73544, 0, 1, 0)
				RotRel3f(-0.859254, 0, 0, 1)
				Cylinder(2.12132, 1.5, 99.8723)
				MovRel3f(0, 99.8723, 0)
			EB()
			SB()
				RotRel3f(2.63449, 0, 1, 0)
				RotRel3f(-0.300775, 0, 0, 1)
				Cylinder(2.12132, 1.5, 99.8289)
				MovRel3f(0, 99.8289, 0)
			EB()
			SB()
				RotRel3f(2.41495, 0, 1, 0)
				RotRel3f(0.321799, 0, 0, 1)
				Cylinder(2.12132, 1.5, 100.177)
				MovRel3f(0, 100.177, 0)
			EB()
			SB()
				RotRel3f(1.9513, 0, 1, 0)
				RotRel3f(-1.32874, 0, 0, 1)
				Cylinder(2.12132, 1.5, 99.7039)
				MovRel3f(0, 99.7039, 0)
			EB()
		EB()
	EB()
	SB()
		RotRel3f(2.41495, 0, 1, 0)
		RotRel3f(0.322781, 0, 0, 1)
		Cylinder(3, 3, 151.261)
		MovRel3f(0, 151.261, 0)
		SB()
			RotRel3f(0.982794, 0, 1, 0)
			RotRel3f(0.827799, 0, 0, 1)
			Cylinder(3, 2.12132, 126.901)
			MovRel3f(0, 126.901, 0)
			SB()
				RotRel3f(0.982794, 0, 1, 0)
				RotRel3f(0.833599, 0, 0, 1)
				Cylinder(2.12132, 1.5, 106.476)
				MovRel3f(0, 106.476, 0)
			EB()
			SB()
				RotRel3f(0.73544, 0, 1, 0)
				RotRel3f(-0.864075, 0, 0, 1)
				Cylinder(2.12132, 1.5, 106.718)
				MovRel3f(0, 106.718, 0)
			EB()
			SB()
				RotRel3f(2.63449, 0, 1, 0)
				RotRel3f(-0.314504, 0, 0, 1)
				Cylinder(2.12132, 1.5, 106.745)
				MovRel3f(0, 106.745, 0)
			EB()
			SB()
				RotRel3f(2.41495, 0, 1, 0)
				RotRel3f(0.321664, 0, 0, 1)
				Cylinder(2.12132, 1.5, 106.567)
				MovRel3f(0, 106.567, 0)
			EB()
			SB()
				RotRel3f(1.9513, 0, 1, 0)
				RotRel3f(-1.32729, 0, 0, 1)
				Cylinder(2.12132, 1.5, 107.268)
				MovRel3f(0, 107.268, 0)
			EB()
		EB()
		SB()
			RotRel3f(0.73544, 0, 1, 0)
			RotRel3f(-0.868878, 0, 0, 1)
			Cylinder(3, 2.12132, 127.045)
			MovRel3f(0, 127.045, 0)
			SB()
				RotRel3f(0.982794, 0, 1, 0)
				RotRel3f(0.832519, 0, 0, 1)
				Cylinder(2.12132, 1.5, 106.812)
				MovRel3f(0, 106.812, 0)
			EB()
			SB()
				RotRel3f(0.73544, 0, 1, 0)
				RotRel3f(-0.855196, 0, 0, 1)
				Cylinder(2.12132, 1.5, 106.672)
				MovRel3f(0, 106.672, 0)
			EB()
			SB()
				RotRel3f(2.63449, 0, 1, 0)
				RotRel3f(-0.317066, 0, 0, 1)
				Cylinder(2.12132, 1.5, 106.447)
				MovRel3f(0, 106.447, 0)
			EB()
			SB()
				RotRel3f(2.41495, 0, 1, 0)
				RotRel3f(0.323255, 0, 0, 1)
				Cylinder(2.12132, 1.5, 107.042)
				MovRel3f(0, 107.042, 0)
			EB()
			SB()
				RotRel3f(1.9513, 0, 1, 0)
				RotRel3f(-1.3308, 0, 0, 1)
				Cylinder(2.12132, 1.5, 106.644)
				MovRel3f(0, 106.644, 0)
			EB()
		EB()
		SB()
			RotRel3f(2.63449, 0, 1, 0)
			RotRel3f(-0.344309, 0, 0, 1)
			Cylinder(3, 2.12132, 126.955)
			MovRel3f(0, 126.955, 0)
			SB()
				RotRel3f(0.982794, 0, 1, 0)
				RotRel3f(0.835731, 0, 0, 1)
				Cylinder(2.12132, 1.5, 106.363)
				MovRel3f(0, 106.363, 0)
			EB()
			SB()
				RotRel3f(0.73544, 0, 1, 0)
				RotRel3f(-0.862497, 0, 0, 1)
				Cylinder(2.12132, 1.5, 106.62)
				MovRel3f(0, 106.62, 0)
			EB()
			SB()
				RotRel3f(2.63449, 0, 1, 0)
				RotRel3f(-0.327761, 0, 0, 1)
				Cylinder(2.12132, 1.5, 106.987)
				MovRel3f(0, 106.987, 0)
			EB()
			SB()
				RotRel3f(2.41495, 0, 1, 0)
				RotRel3f(0.322295, 0, 0, 1)
				Cylinder(2.12132, 1.5, 106.9)
				MovRel3f(0, 106.9, 0)
			EB()
			SB()
				RotRel3f(1.9513, 0, 1, 0)
				RotRel3f(-1.33262, 0, 0, 1)
				Cylinder(2.12132, 1.5, 106.557)
				MovRel3f(0, 106.557, 0)
			EB()
		EB()
		SB()
			RotRel3f(2.41495, 0, 1, 0)
			RotRel3f(0.322713, 0, 0, 1)
			Cylinder(3, 2.12132, 127.38)
			MovRel3f(0, 127.38, 0)
			SB()
				RotRel3f(0.982794, 0, 1, 0)
				RotRel3f(0.835818, 0, 0, 1)
				Cylinder(2.12132, 1.5, 106.82)
				MovRel3f(0, 106.82, 0)
			EB()
			SB()
				RotRel3f(0.73544, 0, 1, 0)
				RotRel3f(-0.85424, 0, 0, 1)
				Cylinder(2.12132, 1.5, 107.094)
				MovRel3f(0, 107.094, 0)
			EB()
			SB()
				RotRel3f(2.63449, 0, 1, 0)
				RotRel3f(-0.326017, 0, 0, 1)
				Cylinder(2.12132, 1.5, 107.669)
				MovRel3f(0, 107.669, 0)
			EB()
			SB()
				RotRel3f(2.41495, 0, 1, 0)
				RotRel3f(0.32079, 0, 0, 1)
				Cylinder(2.12132, 1.5, 107.507)
				MovRel3f(0, 107.507, 0)
			EB()
			SB()
				RotRel3f(1.9513, 0, 1, 0)
				RotRel3f(-1.32748, 0, 0, 1)
				Cylinder(2.12132, 1.5, 107.511)
				MovRel3f(0, 107.511, 0)
			EB()
		EB()
		SB()
			RotRel3f(1.9513, 0, 1, 0)
			RotRel3f(-1.32968, 0, 0, 1)
			Cylinder(3, 2.12132, 127.022)
			MovRel3f(0, 127.022, 0)
			SB()
				RotRel3f(0.982794, 0, 1, 0)
				RotRel3f(0.829424, 0, 0, 1)
				Cylinder(2.12132, 1.5, 106.828)
				MovRel3f(0, 106.828, 0)
			EB()
			SB()
				RotRel3f(0.73544, 0, 1, 0)
				RotRel3f(-0.8607, 0, 0, 1)
				Cylinder(2.12132, 1.5, 107.096)
				MovRel3f(0, 107.096, 0)
			EB()
			SB()
				RotRel3f(2.63449, 0, 1, 0)
				RotRel3f(-0.290614, 0, 0, 1)
				Cylinder(2.12132, 1.5, 106.355)
				MovRel3f(0, 106.355, 0)
			EB()
			SB()
				RotRel3f(2.41495, 0, 1, 0)
				RotRel3f(0.323091, 0, 0, 1)
				Cylinder(2.12132, 1.5, 106.646)
				MovRel3f(0, 106.646, 0)
			EB()
			SB()
				RotRel3f(1.9513, 0, 1, 0)
				RotRel3f(-1.33551, 0, 0, 1)
				Cylinder(2.12132, 1.5, 106.648)
				MovRel3f(0, 106.648, 0)
			EB()
		EB()
	EB()
	SB()
		RotRel3f(1.9513, 0, 1, 0)
		RotRel3f(-1.3224, 0, 0, 1)
		Cylinder(3, 3, 131.304)
		MovRel3f(0, 131.304, 0)
		SB()
			RotRel3f(0.982794, 0, 1, 0)
			RotRel3f(0.831184, 0, 0, 1)
			Cylinder(3, 2.12132, 109.851)
			MovRel3f(0, 109.851, 0)
			SB()
				RotRel3f(0.982794, 0, 1, 0)
				RotRel3f(0.835958, 0, 0, 1)
				Cylinder(2.12132, 1.5, 92.2296)
				MovRel3f(0, 92.2296, 0)
			EB()
			SB()
				RotRel3f(0.73544, 0, 1, 0)
				RotRel3f(-0.854019, 0, 0, 1)
				Cylinder(2.12132, 1.5, 92.4078)
				MovRel3f(0, 92.4078, 0)
			EB()
			SB()
				RotRel3f(2.63449, 0, 1, 0)
				RotRel3f(-0.304914, 0, 0, 1)
				Cylinder(2.12132, 1.5, 92.3404)
				MovRel3f(0, 92.3404, 0)
			EB()
			SB()
				RotRel3f(2.41495, 0, 1, 0)
				RotRel3f(0.323423, 0, 0, 1)
				Cylinder(2.12132, 1.5, 92.5077)
				MovRel3f(0, 92.5077, 0)
			EB()
			SB()
				RotRel3f(1.9513, 0, 1, 0)
				RotRel3f(-1.33021, 0, 0, 1)
				Cylinder(2.12132, 1.5, 92.0587)
				MovRel3f(0, 92.0587, 0)
			EB()
		EB()
		SB()
			RotRel3f(0.73544, 0, 1, 0)
			RotRel3f(-0.853862, 0, 0, 1)
			Cylinder(3, 2.12132, 110.294)
			MovRel3f(0, 110.294, 0)
			SB()
				RotRel3f(0.982794, 0, 1, 0)
				RotRel3f(0.835969, 0, 0, 1)
				Cylinder(2.12132, 1.5, 92.8477)
				MovRel3f(0, 92.8477, 0)
			EB()
			SB()
				RotRel3f(0.73544, 0, 1, 0)
				RotRel3f(-0.854099, 0, 0, 1)
				Cylinder(2.12132, 1.5, 92.376)
				MovRel3f(0, 92.376, 0)
			EB()
			SB()
				RotRel3f(2.63449, 0, 1, 0)
				RotRel3f(-0.34093, 0, 0, 1)
				Cylinder(2.12132, 1.5, 93.0823)
				MovRel3f(0, 93.0823, 0)
			EB()
			SB()
				RotRel3f(2.41495, 0, 1, 0)
				RotRel3f(0.328799, 0, 0, 1)
				Cylinder(2.12132, 1.5, 93.1548)
				MovRel3f(0, 93.1548, 0)
			EB()
			SB()
				RotRel3f(1.9513, 0, 1, 0)
				RotRel3f(-1.32897, 0, 0, 1)
				Cylinder(2.12132, 1.5, 92.7311)
				MovRel3f(0, 92.7311, 0)
			EB()
		EB()
		SB()
			RotRel3f(2.63449, 0, 1, 0)
			RotRel3f(-0.312884, 0, 0, 1)
			Cylinder(3, 2.12132, 110.058)
			MovRel3f(0, 110.058, 0)
			SB()
				RotRel3f(0.982794, 0, 1, 0)
				RotRel3f(0.831511, 0, 0, 1)
				Cylinder(2.12132, 1.5, 92.9975)
				MovRel3f(0, 92.9975, 0)
			EB()
			SB()
				RotRel3f(0.73544, 0, 1, 0)
				RotRel3f(-0.859447, 0, 0, 1)
				Cylinder(2.12132, 1.5, 92.7532)
				MovRel3f(0, 92.7532, 0)
			EB()
			SB()
				RotRel3f(2.63449, 0, 1, 0)
				RotRel3f(-0.332025, 0, 0, 1)
				Cylinder(2.12132, 1.5, 92.8135)
				MovRel3f(0, 92.8135, 0)
			EB()
			SB()
				RotRel3f(2.41495, 0, 1, 0)
				RotRel3f(0.32917, 0, 0, 1)
				Cylinder(2.12132, 1.5, 92.2725)
				MovRel3f(0, 92.2725, 0)
			EB()
			SB()
				RotRel3f(1.9513, 0, 1, 0)
				RotRel3f(-1.33355, 0, 0, 1)
				Cylinder(2.12132, 1.5, 92.5591)
				MovRel3f(0, 92.5591, 0)
			EB()
		EB()
		SB()
			RotRel3f(2.41495, 0, 1, 0)
			RotRel3f(0.329659, 0, 0, 1)
			Cylinder(3, 2.12132, 110.428)
			MovRel3f(0, 110.428, 0)
			SB()
				RotRel3f(0.982794, 0, 1, 0)
				RotRel3f(0.833113, 0, 0, 1)
				Cylinder(2.12132, 1.5, 92.6535)
				MovRel3f(0, 92.6535, 0)
			EB()
			SB()
				RotRel3f(0.73544, 0, 1, 0)
				RotRel3f(-0.864922, 0, 0, 1)
				Cylinder(2.12132, 1.5, 92.7595)
				MovRel3f(0, 92.7595, 0)
			EB()
			SB()
				RotRel3f(2.63449, 0, 1, 0)
				RotRel3f(-0.333184, 0, 0, 1)
				Cylinder(2.12132, 1.5, 92.5741)
				MovRel3f(0, 92.5741, 0)
			EB()
			SB()
				RotRel3f(2.41495, 0, 1, 0)
				RotRel3f(0.326897, 0, 0, 1)
				Cylinder(2.12132, 1.5, 92.9545)
				MovRel3f(0, 92.9545, 0)
			EB()
			SB()
				RotRel3f(1.9513, 0, 1, 0)
				RotRel3f(-1.33142, 0, 0, 1)
				Cylinder(2.12132, 1.5, 93.0893)
				MovRel3f(0, 93.0893, 0)
			EB()
		EB()
		SB()
			RotRel3f(1.9513, 0, 1, 0)
			RotRel3f(-1.3218, 0, 0, 1)
			Cylinder(3, 2.12132, 110.108)
			MovRel3f(0, 110.108, 0)
			SB()
				RotRel3f(0.982794, 0, 1, 0)
				RotRel3f(0.829797, 0, 0, 1)
				Cylinder(2.12132, 1.5, 92.3215)
				MovRel3f(0, 92.3215, 0)
			EB()
			SB()
				RotRel3f(0.73544, 0, 1, 0)
				RotRel3f(-0.85846, 0, 0, 1)
				Cylinder(2.12132, 1.5, 92.3742)
				MovRel3f(0, 92.3742, 0)
			EB()
			SB()
				RotRel3f(2.63449, 0, 1, 0)
				RotRel3f(-0.313999, 0, 0, 1)
				Cylinder(2.12132, 1.5, 92.8318)
				MovRel3f(0, 92.8318, 0)
			EB()
			SB()
				RotRel3f(2.41495, 0, 1, 0)
				RotRel3f(0.329566, 0, 0, 1)
				Cylinder(2.12132, 1.5, 92.6465)
				MovRel3f(0, 92.6465, 0)
			EB()
			SB()
				RotRel3f(1.9513, 0, 1, 0)
				RotRel3f(-1.33673, 0, 0, 1)
				Cylinder(2.12132, 1.5, 92.2518)
				MovRel3f(0, 92.2518, 0)
			EB()
		EB()
	EB()
EB()
