LST 0.1

SB()
	RotRel3f(0, 0, 1, 0)
	RotRel3f(-0.668312, 0, 0, 1)
	Cylinder(3, 3, 127.066)
	MovRel3f(0, 127.066, 0)
	SB()
		RotRel3f(2.44685, 0, 1, 0)
		RotRel3f(-2.38605, 0, 0, 1)
		Cylinder(3, 3, 47.6616)
		MovRel3f(0, 47.6616, 0)
		SB()
			RotRel3f(1.73071, 0, 1, 0)
			RotRel3f(2.3901, 0, 0, 1)
			Cylinder(2.12132, 1.81037, 31.4347)
			MovRel3f(0, 31.4347, 0)
			SB()
				RotRel3f(1.73071, 0, 1, 0)
				RotRel3f(2.38912, 0, 0, 1)
				Cylinder(1.28012, 1.09416, 22.0061)
				MovRel3f(0, 22.0061, 0)
				Cylinder(1.09416, 1.01966, 8.81552)
				MovRel3f(0, 8.81552, 0)
				Cylinder(1.01966, 0.905185, 13.5466)
				MovRel3f(0, 13.5466, 0)
			EB()
			Cylinder(1.81037, 1.65016, 16.1957)
			MovRel3f(0, 16.1957, 0)
			SB()
				RotRel3f(2.44685, 0, 1, 0)
				RotRel3f(-2.39652, 0, 0, 1)
				Cylinder(1.16684, 0.996437, 22.1234)
				MovRel3f(0, 22.1234, 0)
				Cylinder(0.996437, 0.900665, 12.434)
				MovRel3f(0, 12.434, 0)
				Cylinder(0.900665, 0.825081, 9.813)
				MovRel3f(0, 9.813, 0)
			EB()
			Cylinder(1.65016, 1.5, 15.18)
			MovRel3f(0, 15.18, 0)
		EB()
		Cylinder(3, 3, 24.2384)
		MovRel3f(0, 24.2384, 0)
		SB()
			RotRel3f(2.44685, 0, 1, 0)
			RotRel3f(-2.39336, 0, 0, 1)
			Cylinder(2.12132, 1.79263, 33.1389)
			MovRel3f(0, 33.1389, 0)
			SB()
				RotRel3f(2.44685, 0, 1, 0)
				RotRel3f(-2.38904, 0, 0, 1)
				Cylinder(1.26758, 1.08126, 22.1767)
				MovRel3f(0, 22.1767, 0)
				Cylinder(1.08126, 0.97759, 12.3395)
				MovRel3f(0, 12.3395, 0)
				Cylinder(0.97759, 0.896313, 9.67408)
				MovRel3f(0, 9.67408, 0)
			EB()
			Cylinder(1.79263, 1.63365, 16.0281)
			MovRel3f(0, 16.0281, 0)
			SB()
				RotRel3f(1.73071, 0, 1, 0)
				RotRel3f(2.39564, 0, 0, 1)
				Cylinder(1.15516, 0.974898, 23.6371)
				MovRel3f(0, 23.6371, 0)
				Cylinder(0.974898, 0.885856, 11.6756)
				MovRel3f(0, 11.6756, 0)
				Cylinder(0.885856, 0.816824, 9.05172)
				MovRel3f(0, 9.05172, 0)
			EB()
			Cylinder(1.63365, 1.5, 13.4742)
			MovRel3f(0, 13.4742, 0)
		EB()
		Cylinder(3, 3, 16.8533)
		MovRel3f(0, 16.8533, 0)
	EB()
	Cylinder(3, 3, 63.533)
	MovRel3f(0, 63.533, 0)
	SB()
		RotRel3f(1.73071, 0, 1, 0)
		RotRel3f(2.39513, 0, 0, 1)
		Cylinder(3, 3, 48.2368)
		MovRel3f(0, 48.2368, 0)
		SB()
			RotRel3f(1.73071, 0, 1, 0)
			RotRel3f(2.38908, 0, 0, 1)
			Cylinder(2.12132, 1.80933, 31.4985)
			MovRel3f(0, 31.4985, 0)
			SB()
				RotRel3f(2.44685, 0, 1, 0)
				RotRel3f(-2.39451, 0, 0, 1)
				Cylinder(1.27939, 1.09597, 21.7812)
				MovRel3f(0, 21.7812, 0)
				Cylinder(1.09597, 1.00458, 10.8528)
				MovRel3f(0, 10.8528, 0)
				Cylinder(1.00458, 0.904666, 11.8651)
				MovRel3f(0, 11.8651, 0)
			EB()
			Cylinder(1.80933, 1.66548, 14.5236)
			MovRel3f(0, 14.5236, 0)
			SB()
				RotRel3f(1.73071, 0, 1, 0)
				RotRel3f(2.39446, 0, 0, 1)
				Cylinder(1.17767, 1.02335, 19.8675)
				MovRel3f(0, 19.8675, 0)
				Cylinder(1.02335, 0.938434, 10.9333)
				MovRel3f(0, 10.9333, 0)
				Cylinder(0.938434, 0.832739, 13.6078)
				MovRel3f(0, 13.6078, 0)
			EB()
			Cylinder(1.66548, 1.5, 16.7064)
			MovRel3f(0, 16.7064, 0)
		EB()
		Cylinder(3, 3, 23.1815)
		MovRel3f(0, 23.1815, 0)
		SB()
			RotRel3f(2.44685, 0, 1, 0)
			RotRel3f(-2.39022, 0, 0, 1)
			Cylinder(2.12132, 1.79378, 33.1632)
			MovRel3f(0, 33.1632, 0)
			SB()
				RotRel3f(1.73071, 0, 1, 0)
				RotRel3f(2.39203, 0, 0, 1)
				Cylinder(1.2684, 1.08915, 21.4264)
				MovRel3f(0, 21.4264, 0)
				Cylinder(1.08915, 0.986406, 12.281)
				MovRel3f(0, 12.281, 0)
				Cylinder(0.986406, 0.896892, 10.6999)
				MovRel3f(0, 10.6999, 0)
			EB()
			Cylinder(1.79378, 1.63231, 16.349)
			MovRel3f(0, 16.349, 0)
			SB()
				RotRel3f(2.44685, 0, 1, 0)
				RotRel3f(-2.3961, 0, 0, 1)
				Cylinder(1.15422, 0.997119, 20.7733)
				MovRel3f(0, 20.7733, 0)
				Cylinder(0.997119, 0.916629, 10.6432)
				MovRel3f(0, 10.6432, 0)
				Cylinder(0.916629, 0.816156, 13.2857)
				MovRel3f(0, 13.2857, 0)
			EB()
			Cylinder(1.63231, 1.5, 13.3963)
			MovRel3f(0, 13.3963, 0)
		EB()
		Cylinder(3, 3, 17.3817)
		MovRel3f(0, 17.3817, 0)
	EB()
	Cylinder(3, 3, 64.8717)
	MovRel3f(0, 64.8717, 0)
EB()
