LST 0.1

SB()
	RotRel3f(0, 0, 1, 0)
	RotRel3f(-0.308768, 0, 0, 1)
	Cylinder(9, 9, 61.9706)
	MovRel3f(0, 61.9706, 0)
	RotRel3f(0.26613, 0, 0, 1)
	Cylinder(9, 9, 72.6543)
	MovRel3f(0, 72.6543, 0)
	RotRel3f(0.201756, 0, 0, 1)
	Cylinder(9, 9, 46.2821)
	MovRel3f(0, 46.2821, 0)
	Cylinder(9, 9, 7.35469)
	MovRel3f(0, 7.35469, 0)
	RotRel3f(-0.321751, 0, 0, 1)
	Cylinder(9, 9, 45.6517)
	MovRel3f(0, 45.6517, 0)
	SB()
		RotRel3f(2.39335, 0, 1, 0)
		RotRel3f(0.600017, 0, 0, 1)
		Cylinder(9, 8.73665, 24.7016)
		MovRel3f(0, 24.7016, 0)
		Cylinder(8.73665, 8.46088, 25.8666)
		MovRel3f(0, 25.8666, 0)
		RotRel3f(0.0903937, 0, 0, 1)
		Cylinder(8.46088, 8.03953, 39.521)
		MovRel3f(0, 39.521, 0)
		RotRel3f(0.0498611, 0, 0, 1)
		Cylinder(8.03953, 7.81836, 20.7458)
		MovRel3f(0, 20.7458, 0)
		RotRel3f(0.0460046, 0, 0, 1)
		Cylinder(7.81836, 7.35322, 43.6283)
		MovRel3f(0, 43.6283, 0)
		RotRel3f(0.0554513, 0, 0, 1)
		Cylinder(7.35322, 7.15569, 18.5277)
		MovRel3f(0, 18.5277, 0)
		RotRel3f(0.0921644, 0, 0, 1)
		Cylinder(7.15569, 7, 14.6035)
		MovRel3f(0, 14.6035, 0)
		SB()
			RotRel3f(2.39335, 0, 1, 0)
			RotRel3f(0.583012, 0, 0, 1)
			Cylinder(7, 6.79751, 15.5805)
			MovRel3f(0, 15.5805, 0)
			RotRel3f(0.290109, 0, 0, 1)
			Cylinder(6.79751, 6.50278, 22.6776)
			MovRel3f(0, 22.6776, 0)
			RotRel3f(0.432795, 0, 0, 1)
			Cylinder(6.50278, 6.31153, 14.7151)
			MovRel3f(0, 14.7151, 0)
			Cylinder(6.31153, 6.10904, 15.5805)
			MovRel3f(0, 15.5805, 0)
			Cylinder(6.10904, 5.9463, 12.5221)
			MovRel3f(0, 12.5221, 0)
			RotRel3f(0.183303, 0, 0, 1)
			Cylinder(5.9463, 5.74381, 15.5805)
			MovRel3f(0, 15.5805, 0)
			RotRel3f(-0.0800688, 0, 0, 1)
			Cylinder(5.74381, 5.22495, 39.9232)
			MovRel3f(0, 39.9232, 0)
			RotRel3f(-0.0439699, 0, 0, 1)
			Cylinder(5.22495, 4.94975, 21.1747)
			MovRel3f(0, 21.1747, 0)
			SB()
				RotRel3f(2.39335, 0, 1, 0)
				RotRel3f(0.598577, 0, 0, 1)
				Cylinder(4.94975, 4.51181, 40.0811)
				MovRel3f(0, 40.0811, 0)
				RotRel3f(0.291305, 0, 0, 1)
				Cylinder(4.51181, 4.15178, 32.951)
				MovRel3f(0, 32.951, 0)
				RotRel3f(0.161064, 0, 0, 1)
				Cylinder(4.15178, 3.93328, 19.9985)
				MovRel3f(0, 19.9985, 0)
				RotRel3f(0.297823, 0, 0, 1)
				Cylinder(3.93328, 3.82382, 10.0175)
				MovRel3f(0, 10.0175, 0)
				Cylinder(3.82382, 3.73509, 8.12075)
				MovRel3f(0, 8.12075, 0)
				RotRel3f(-0.347842, 0, 0, 1)
				Cylinder(3.73509, 3.5, 21.5164)
				MovRel3f(0, 21.5164, 0)
			EB()
			SB()
				RotRel3f(0.250608, 0, 1, 0)
				RotRel3f(0.531724, 0, 0, 1)
				Cylinder(4.94975, 4.47546, 43.2164)
				MovRel3f(0, 43.2164, 0)
				RotRel3f(0.684115, 0, 0, 1)
				Cylinder(4.47546, 4.13963, 30.6007)
				MovRel3f(0, 30.6007, 0)
				Cylinder(4.13963, 4.01696, 11.1775)
				MovRel3f(0, 11.1775, 0)
				RotRel3f(-0.676261, 0, 0, 1)
				Cylinder(4.01696, 3.64578, 33.8216)
				MovRel3f(0, 33.8216, 0)
				Cylinder(3.64578, 3.5, 13.2827)
				MovRel3f(0, 13.2827, 0)
			EB()
		EB()
		SB()
			RotRel3f(0.250608, 0, 1, 0)
			RotRel3f(0.531724, 0, 0, 1)
			Cylinder(7, 6.33665, 50.9032)
			MovRel3f(0, 50.9032, 0)
			RotRel3f(0.674661, 0, 0, 1)
			Cylinder(6.33665, 6.2333, 7.93037)
			MovRel3f(0, 7.93037, 0)
			Cylinder(6.2333, 5.7353, 38.2146)
			MovRel3f(0, 38.2146, 0)
			RotRel3f(-0.685956, 0, 0, 1)
			Cylinder(5.7353, 5.13099, 46.3729)
			MovRel3f(0, 46.3729, 0)
			RotRel3f(0.136235, 0, 0, 1)
			Cylinder(5.13099, 4.99286, 10.5991)
			MovRel3f(0, 10.5991, 0)
			Cylinder(4.99286, 4.94975, 3.30843)
			MovRel3f(0, 3.30843, 0)
			SB()
				RotRel3f(2.39335, 0, 1, 0)
				RotRel3f(0.574513, 0, 0, 1)
				Cylinder(4.94975, 4.60877, 31.2498)
				MovRel3f(0, 31.2498, 0)
				RotRel3f(0.262675, 0, 0, 1)
				Cylinder(4.60877, 4.39283, 19.7913)
				MovRel3f(0, 19.7913, 0)
				RotRel3f(0.161064, 0, 0, 1)
				Cylinder(4.39283, 4.1569, 21.6223)
				MovRel3f(0, 21.6223, 0)
				RotRel3f(0.368062, 0, 0, 1)
				Cylinder(4.1569, 4.15554, 0.124762)
				MovRel3f(0, 0.124762, 0)
				Cylinder(4.15554, 4.01236, 13.1225)
				MovRel3f(0, 13.1225, 0)
				Cylinder(4.01236, 3.86917, 13.1225)
				MovRel3f(0, 13.1225, 0)
				Cylinder(3.86917, 3.69047, 16.3775)
				MovRel3f(0, 16.3775, 0)
				RotRel3f(-0.228602, 0, 0, 1)
				Cylinder(3.69047, 3.57412, 10.6635)
				MovRel3f(0, 10.6635, 0)
				Cylinder(3.57412, 3.5, 6.79301)
				MovRel3f(0, 6.79301, 0)
			EB()
			SB()
				RotRel3f(0.250608, 0, 1, 0)
				RotRel3f(0.536363, 0, 0, 1)
				Cylinder(4.94975, 4.41968, 48.4661)
				MovRel3f(0, 48.4661, 0)
				RotRel3f(0.682664, 0, 0, 1)
				Cylinder(4.41968, 4.07703, 31.3298)
				MovRel3f(0, 31.3298, 0)
				Cylinder(4.07703, 4.01303, 5.85178)
				MovRel3f(0, 5.85178, 0)
				RotRel3f(-0.671233, 0, 0, 1)
				Cylinder(4.01303, 3.5, 46.9074)
				MovRel3f(0, 46.9074, 0)
			EB()
		EB()
	EB()
	SB()
		RotRel3f(0.250608, 0, 1, 0)
		RotRel3f(0.536356, 0, 0, 1)
		Cylinder(9, 8.32579, 58.2945)
		MovRel3f(0, 58.2945, 0)
		Cylinder(8.32579, 8.12866, 17.0446)
		MovRel3f(0, 17.0446, 0)
		RotRel3f(0.136793, 0, 0, 1)
		Cylinder(8.12866, 7.56767, 48.5061)
		MovRel3f(0, 48.5061, 0)
		RotRel3f(0.137044, 0, 0, 1)
		Cylinder(7.56767, 7.1531, 35.8452)
		MovRel3f(0, 35.8452, 0)
		Cylinder(7.1531, 7, 13.2374)
		MovRel3f(0, 13.2374, 0)
		SB()
			RotRel3f(2.39335, 0, 1, 0)
			RotRel3f(0.583157, 0, 0, 1)
			Cylinder(7, 6.58737, 29.1512)
			MovRel3f(0, 29.1512, 0)
			RotRel3f(0.203841, 0, 0, 1)
			Cylinder(6.58737, 5.92774, 46.6011)
			MovRel3f(0, 46.6011, 0)
			RotRel3f(0.253178, 0, 0, 1)
			Cylinder(5.92774, 5.54926, 26.7391)
			MovRel3f(0, 26.7391, 0)
			RotRel3f(0.230544, 0, 0, 1)
			Cylinder(5.54926, 5.4135, 9.59141)
			MovRel3f(0, 9.59141, 0)
			Cylinder(5.4135, 5.02849, 27.1994)
			MovRel3f(0, 27.1994, 0)
			RotRel3f(-0.276291, 0, 0, 1)
			Cylinder(5.02849, 4.94975, 5.56319)
			MovRel3f(0, 5.56319, 0)
			SB()
				RotRel3f(2.39335, 0, 1, 0)
				RotRel3f(0.572216, 0, 0, 1)
				Cylinder(4.94975, 4.50405, 37.4812)
				MovRel3f(0, 37.4812, 0)
				RotRel3f(0.310566, 0, 0, 1)
				Cylinder(4.50405, 4.11877, 32.3995)
				MovRel3f(0, 32.3995, 0)
				RotRel3f(0.163564, 0, 0, 1)
				Cylinder(4.11877, 3.85627, 22.0749)
				MovRel3f(0, 22.0749, 0)
				Cylinder(3.85627, 3.78058, 6.36496)
				MovRel3f(0, 6.36496, 0)
				RotRel3f(-0.228137, 0, 0, 1)
				Cylinder(3.78058, 3.5, 23.5948)
				MovRel3f(0, 23.5948, 0)
			EB()
			SB()
				RotRel3f(0.250608, 0, 1, 0)
				RotRel3f(0.539472, 0, 0, 1)
				Cylinder(4.94975, 4.52983, 35.279)
				MovRel3f(0, 35.279, 0)
				RotRel3f(0.683945, 0, 0, 1)
				Cylinder(4.52983, 4.34234, 15.7524)
				MovRel3f(0, 15.7524, 0)
				Cylinder(4.34234, 3.93452, 34.2619)
				MovRel3f(0, 34.2619, 0)
				RotRel3f(-0.673823, 0, 0, 1)
				Cylinder(3.93452, 3.88994, 3.74543)
				MovRel3f(0, 3.74543, 0)
				Cylinder(3.88994, 3.5, 32.7607)
				MovRel3f(0, 32.7607, 0)
			EB()
		EB()
		SB()
			RotRel3f(0.250608, 0, 1, 0)
			RotRel3f(0.533764, 0, 0, 1)
			Cylinder(7, 6.37623, 44.4475)
			MovRel3f(0, 44.4475, 0)
			RotRel3f(0.678099, 0, 0, 1)
			Cylinder(6.37623, 6.15805, 15.5468)
			MovRel3f(0, 15.5468, 0)
			Cylinder(6.15805, 5.80114, 25.4322)
			MovRel3f(0, 25.4322, 0)
			RotRel3f(-0.666162, 0, 0, 1)
			Cylinder(5.80114, 5.30653, 35.2437)
			MovRel3f(0, 35.2437, 0)
			Cylinder(5.30653, 5.22604, 5.73536)
			MovRel3f(0, 5.73536, 0)
			RotRel3f(0.67386, 0, 0, 1)
			Cylinder(5.22604, 4.94975, 19.6878)
			MovRel3f(0, 19.6878, 0)
			SB()
				RotRel3f(2.39335, 0, 1, 0)
				RotRel3f(0.581695, 0, 0, 1)
				Cylinder(4.94975, 4.80657, 12.1594)
				MovRel3f(0, 12.1594, 0)
				RotRel3f(0.161064, 0, 0, 1)
				Cylinder(4.80657, 4.34014, 39.6099)
				MovRel3f(0, 39.6099, 0)
				RotRel3f(0.498258, 0, 0, 1)
				Cylinder(4.34014, 4.19696, 12.1594)
				MovRel3f(0, 12.1594, 0)
				RotRel3f(-0.0962236, 0, 0, 1)
				Cylinder(4.19696, 3.8447, 29.9143)
				MovRel3f(0, 29.9143, 0)
				RotRel3f(-0.102523, 0, 0, 1)
				Cylinder(3.8447, 3.64318, 17.1129)
				MovRel3f(0, 17.1129, 0)
				Cylinder(3.64318, 3.5, 12.1594)
				MovRel3f(0, 12.1594, 0)
			EB()
			SB()
				RotRel3f(0.250608, 0, 1, 0)
				RotRel3f(0.537182, 0, 0, 1)
				Cylinder(4.94975, 4.5431, 34.419)
				MovRel3f(0, 34.419, 0)
				RotRel3f(0.679466, 0, 0, 1)
				Cylinder(4.5431, 4.5431, -1.82324e-06)
				MovRel3f(0, -1.82324e-06, 0)
				Cylinder(4.5431, 3.91149, 53.4592)
				MovRel3f(0, 53.4592, 0)
				RotRel3f(-0.664873, 0, 0, 1)
				Cylinder(3.91149, 3.76085, 12.7504)
				MovRel3f(0, 12.7504, 0)
				Cylinder(3.76085, 3.5, 22.0777)
				MovRel3f(0, 22.0777, 0)
			EB()
		EB()
	EB()
EB()
