LST 0.1

SB()
	RotRel3f(0, 0, 1, 0)
	RotRel3f(-0.0239572, 0, 0, 1)
	Cylinder(3, 3, 211.257)
	MovRel3f(0, 211.257, 0)
	SB()
		RotRel3f(1.32582, 0, 1, 0)
		RotRel3f(0.39784, 0, 0, 1)
		Cylinder(3, 3, 115.358)
		MovRel3f(0, 115.358, 0)
		SB()
			RotRel3f(1.32582, 0, 1, 0)
			RotRel3f(0.390042, 0, 0, 1)
			Cylinder(3, 2.12132, 96.7388)
			MovRel3f(0, 96.7388, 0)
		EB()
		SB()
			RotRel3f(0.756835, 0, 1, 0)
			RotRel3f(1.07507, 0, 0, 1)
			Cylinder(3, 2.12132, 96.8317)
			MovRel3f(0, 96.8317, 0)
		EB()
		SB()
			RotRel3f(2.79282, 0, 1, 0)
			RotRel3f(0.613165, 0, 0, 1)
			Cylinder(3, 2.12132, 96.6477)
			MovRel3f(0, 96.6477, 0)
		EB()
		SB()
			RotRel3f(2.98168, 0, 1, 0)
			RotRel3f(-1.39777, 0, 0, 1)
			Cylinder(3, 2.12132, 97.3698)
			MovRel3f(0, 97.3698, 0)
		EB()
		SB()
			RotRel3f(1.38769, 0, 1, 0)
			RotRel3f(1.86274, 0, 0, 1)
			Cylinder(3, 2.12132, 96.9239)
			MovRel3f(0, 96.9239, 0)
		EB()
		SB()
			RotRel3f(1.13839, 0, 1, 0)
			RotRel3f(-0.858204, 0, 0, 1)
			Cylinder(3, 2.12132, 96.8452)
			MovRel3f(0, 96.8452, 0)
		EB()
		SB()
			RotRel3f(2.67794, 0, 1, 0)
			RotRel3f(-0.134588, 0, 0, 1)
			Cylinder(3, 2.12132, 97.3191)
			MovRel3f(0, 97.3191, 0)
		EB()
	EB()
	SB()
		RotRel3f(0.756835, 0, 1, 0)
		RotRel3f(1.07171, 0, 0, 1)
		Cylinder(3, 3, 140.763)
		MovRel3f(0, 140.763, 0)
		SB()
			RotRel3f(1.32582, 0, 1, 0)
			RotRel3f(0.385919, 0, 0, 1)
			Cylinder(3, 2.12132, 117.81)
			MovRel3f(0, 117.81, 0)
		EB()
		SB()
			RotRel3f(0.756835, 0, 1, 0)
			RotRel3f(1.0873, 0, 0, 1)
			Cylinder(3, 2.12132, 118.098)
			MovRel3f(0, 118.098, 0)
		EB()
		SB()
			RotRel3f(2.79282, 0, 1, 0)
			RotRel3f(0.609447, 0, 0, 1)
			Cylinder(3, 2.12132, 118.815)
			MovRel3f(0, 118.815, 0)
		EB()
		SB()
			RotRel3f(2.98168, 0, 1, 0)
			RotRel3f(-1.40359, 0, 0, 1)
			Cylinder(3, 2.12132, 118.393)
			MovRel3f(0, 118.393, 0)
		EB()
		SB()
			RotRel3f(1.38769, 0, 1, 0)
			RotRel3f(1.88086, 0, 0, 1)
			Cylinder(3, 2.12132, 118.531)
			MovRel3f(0, 118.531, 0)
		EB()
		SB()
			RotRel3f(1.13839, 0, 1, 0)
			RotRel3f(-0.858242, 0, 0, 1)
			Cylinder(3, 2.12132, 118.417)
			MovRel3f(0, 118.417, 0)
		EB()
		SB()
			RotRel3f(2.67794, 0, 1, 0)
			RotRel3f(-0.137115, 0, 0, 1)
			Cylinder(3, 2.12132, 118.689)
			MovRel3f(0, 118.689, 0)
		EB()
	EB()
	SB()
		RotRel3f(2.79282, 0, 1, 0)
		RotRel3f(0.614527, 0, 0, 1)
		Cylinder(3, 3, 110.453)
		MovRel3f(0, 110.453, 0)
		SB()
			RotRel3f(1.32582, 0, 1, 0)
			RotRel3f(0.395537, 0, 0, 1)
			Cylinder(3, 2.12132, 93.0637)
			MovRel3f(0, 93.0637, 0)
		EB()
		SB()
			RotRel3f(0.756835, 0, 1, 0)
			RotRel3f(1.09567, 0, 0, 1)
			Cylinder(3, 2.12132, 93.0674)
			MovRel3f(0, 93.0674, 0)
		EB()
		SB()
			RotRel3f(2.79282, 0, 1, 0)
			RotRel3f(0.611478, 0, 0, 1)
			Cylinder(3, 2.12132, 92.8421)
			MovRel3f(0, 92.8421, 0)
		EB()
		SB()
			RotRel3f(2.98168, 0, 1, 0)
			RotRel3f(-1.39718, 0, 0, 1)
			Cylinder(3, 2.12132, 92.9356)
			MovRel3f(0, 92.9356, 0)
		EB()
		SB()
			RotRel3f(1.38769, 0, 1, 0)
			RotRel3f(1.86307, 0, 0, 1)
			Cylinder(3, 2.12132, 92.5297)
			MovRel3f(0, 92.5297, 0)
		EB()
		SB()
			RotRel3f(1.13839, 0, 1, 0)
			RotRel3f(-0.861704, 0, 0, 1)
			Cylinder(3, 2.12132, 92.4405)
			MovRel3f(0, 92.4405, 0)
		EB()
		SB()
			RotRel3f(2.67794, 0, 1, 0)
			RotRel3f(-0.132245, 0, 0, 1)
			Cylinder(3, 2.12132, 93.1247)
			MovRel3f(0, 93.1247, 0)
		EB()
	EB()
	SB()
		RotRel3f(2.98168, 0, 1, 0)
		RotRel3f(-1.3916, 0, 0, 1)
		Cylinder(3, 3, 160.372)
		MovRel3f(0, 160.372, 0)
		SB()
			RotRel3f(1.32582, 0, 1, 0)
			RotRel3f(0.369046, 0, 0, 1)
			Cylinder(3, 2.12132, 135.368)
			MovRel3f(0, 135.368, 0)
		EB()
		SB()
			RotRel3f(0.756835, 0, 1, 0)
			RotRel3f(1.07684, 0, 0, 1)
			Cylinder(3, 2.12132, 134.789)
			MovRel3f(0, 134.789, 0)
		EB()
		SB()
			RotRel3f(2.79282, 0, 1, 0)
			RotRel3f(0.616083, 0, 0, 1)
			Cylinder(3, 2.12132, 135.117)
			MovRel3f(0, 135.117, 0)
		EB()
		SB()
			RotRel3f(2.98168, 0, 1, 0)
			RotRel3f(-1.40197, 0, 0, 1)
			Cylinder(3, 2.12132, 134.804)
			MovRel3f(0, 134.804, 0)
		EB()
		SB()
			RotRel3f(1.38769, 0, 1, 0)
			RotRel3f(1.84493, 0, 0, 1)
			Cylinder(3, 2.12132, 135.11)
			MovRel3f(0, 135.11, 0)
		EB()
		SB()
			RotRel3f(1.13839, 0, 1, 0)
			RotRel3f(-0.857956, 0, 0, 1)
			Cylinder(3, 2.12132, 134.871)
			MovRel3f(0, 134.871, 0)
		EB()
		SB()
			RotRel3f(2.67794, 0, 1, 0)
			RotRel3f(-0.134473, 0, 0, 1)
			Cylinder(3, 2.12132, 135.309)
			MovRel3f(0, 135.309, 0)
		EB()
	EB()
	SB()
		RotRel3f(1.38769, 0, 1, 0)
		RotRel3f(1.88544, 0, 0, 1)
		Cylinder(3, 3, 142.742)
		MovRel3f(0, 142.742, 0)
		SB()
			RotRel3f(1.32582, 0, 1, 0)
			RotRel3f(0.388192, 0, 0, 1)
			Cylinder(3, 2.12132, 119.466)
			MovRel3f(0, 119.466, 0)
		EB()
		SB()
			RotRel3f(0.756835, 0, 1, 0)
			RotRel3f(1.09222, 0, 0, 1)
			Cylinder(3, 2.12132, 119.938)
			MovRel3f(0, 119.938, 0)
		EB()
		SB()
			RotRel3f(2.79282, 0, 1, 0)
			RotRel3f(0.610431, 0, 0, 1)
			Cylinder(3, 2.12132, 120.092)
			MovRel3f(0, 120.092, 0)
		EB()
		SB()
			RotRel3f(2.98168, 0, 1, 0)
			RotRel3f(-1.39732, 0, 0, 1)
			Cylinder(3, 2.12132, 120.218)
			MovRel3f(0, 120.218, 0)
		EB()
		SB()
			RotRel3f(1.38769, 0, 1, 0)
			RotRel3f(1.87492, 0, 0, 1)
			Cylinder(3, 2.12132, 120.086)
			MovRel3f(0, 120.086, 0)
		EB()
		SB()
			RotRel3f(1.13839, 0, 1, 0)
			RotRel3f(-0.860142, 0, 0, 1)
			Cylinder(3, 2.12132, 120.089)
			MovRel3f(0, 120.089, 0)
		EB()
		SB()
			RotRel3f(2.67794, 0, 1, 0)
			RotRel3f(-0.134817, 0, 0, 1)
			Cylinder(3, 2.12132, 120.518)
			MovRel3f(0, 120.518, 0)
		EB()
	EB()
	SB()
		RotRel3f(1.13839, 0, 1, 0)
		RotRel3f(-0.858537, 0, 0, 1)
		Cylinder(3, 3, 96.8536)
		MovRel3f(0, 96.8536, 0)
		SB()
			RotRel3f(1.32582, 0, 1, 0)
			RotRel3f(0.392145, 0, 0, 1)
			Cylinder(3, 2.12132, 81.5366)
			MovRel3f(0, 81.5366, 0)
		EB()
		SB()
			RotRel3f(0.756835, 0, 1, 0)
			RotRel3f(1.09015, 0, 0, 1)
			Cylinder(3, 2.12132, 81.6666)
			MovRel3f(0, 81.6666, 0)
		EB()
		SB()
			RotRel3f(2.79282, 0, 1, 0)
			RotRel3f(0.612034, 0, 0, 1)
			Cylinder(3, 2.12132, 81.4297)
			MovRel3f(0, 81.4297, 0)
		EB()
		SB()
			RotRel3f(2.98168, 0, 1, 0)
			RotRel3f(-1.3944, 0, 0, 1)
			Cylinder(3, 2.12132, 81.6191)
			MovRel3f(0, 81.6191, 0)
		EB()
		SB()
			RotRel3f(1.38769, 0, 1, 0)
			RotRel3f(1.85637, 0, 0, 1)
			Cylinder(3, 2.12132, 81.3815)
			MovRel3f(0, 81.3815, 0)
		EB()
		SB()
			RotRel3f(1.13839, 0, 1, 0)
			RotRel3f(-0.859128, 0, 0, 1)
			Cylinder(3, 2.12132, 81.7166)
			MovRel3f(0, 81.7166, 0)
		EB()
		SB()
			RotRel3f(2.67794, 0, 1, 0)
			RotRel3f(-0.132798, 0, 0, 1)
			Cylinder(3, 2.12132, 81.5763)
			MovRel3f(0, 81.5763, 0)
		EB()
	EB()
	SB()
		RotRel3f(2.67794, 0, 1, 0)
		RotRel3f(-0.135638, 0, 0, 1)
		Cylinder(3, 3, 83.658)
		MovRel3f(0, 83.658, 0)
		SB()
			RotRel3f(1.32582, 0, 1, 0)
			RotRel3f(0.381682, 0, 0, 1)
			Cylinder(3, 2.12132, 70.131)
			MovRel3f(0, 70.131, 0)
		EB()
		SB()
			RotRel3f(0.756835, 0, 1, 0)
			RotRel3f(1.07671, 0, 0, 1)
			Cylinder(3, 2.12132, 70.0219)
			MovRel3f(0, 70.0219, 0)
		EB()
		SB()
			RotRel3f(2.79282, 0, 1, 0)
			RotRel3f(0.614392, 0, 0, 1)
			Cylinder(3, 2.12132, 70.2276)
			MovRel3f(0, 70.2276, 0)
		EB()
		SB()
			RotRel3f(2.98168, 0, 1, 0)
			RotRel3f(-1.40056, 0, 0, 1)
			Cylinder(3, 2.12132, 69.9962)
			MovRel3f(0, 69.9962, 0)
		EB()
		SB()
			RotRel3f(1.38769, 0, 1, 0)
			RotRel3f(1.8581, 0, 0, 1)
			Cylinder(3, 2.12132, 70.3011)
			MovRel3f(0, 70.3011, 0)
		EB()
		SB()
			RotRel3f(1.13839, 0, 1, 0)
			RotRel3f(-0.858099, 0, 0, 1)
			Cylinder(3, 2.12132, 70.3705)
			MovRel3f(0, 70.3705, 0)
		EB()
		SB()
			RotRel3f(2.67794, 0, 1, 0)
			RotRel3f(-0.134502, 0, 0, 1)
			Cylinder(3, 2.12132, 70.5188)
			MovRel3f(0, 70.5188, 0)
		EB()
	EB()
EB()
