LST 0.1

SB()
	RotRel3f(0, 0, 1, 0)
	RotRel3f(0.0179176, 0, 0, 1)
	Cylinder(12.6133, 7.39627, 190.453)
	MovRel3f(0, 190.453, 0)
	SB()
		RotRel3f(2.35619, 0, 1, 0)
		RotRel3f(0.715999, 0, 0, 1)
		Cylinder(4.70737, 3.66168, 90.7523)
		MovRel3f(0, 90.7523, 0)
		SB()
			RotRel3f(2.35619, 0, 1, 0)
			RotRel3f(0.716, 0, 0, 1)
			Cylinder(2.5892, 2.16065, 72.3498)
			MovRel3f(0, 72.3498, 0)
			SB()
				RotRel3f(1.03584, 0, 1, 0)
				RotRel3f(-0.71615, 0, 0, 1)
				Cylinder(1.52781, 1.29069, 47.8558)
				MovRel3f(0, 47.8558, 0)
				Cylinder(1.29069, 1.19841, 18.6232)
				MovRel3f(0, 18.6232, 0)
				Cylinder(1.19841, 1.08033, 23.8319)
				MovRel3f(0, 23.8319, 0)
			EB()
			Cylinder(2.16065, 1.98093, 30.3413)
			MovRel3f(0, 30.3413, 0)
			SB()
				RotRel3f(2.35619, 0, 1, 0)
				RotRel3f(0.715685, 0, 0, 1)
				Cylinder(1.40073, 1.15757, 53.66)
				MovRel3f(0, 53.66, 0)
				Cylinder(1.15757, 1.06488, 20.4559)
				MovRel3f(0, 20.4559, 0)
				Cylinder(1.06488, 0.990466, 16.4208)
				MovRel3f(0, 16.4208, 0)
			EB()
			Cylinder(1.98093, 1.83084, 25.339)
			MovRel3f(0, 25.339, 0)
		EB()
		Cylinder(3.66168, 3.0806, 50.4297)
		MovRel3f(0, 50.4297, 0)
		SB()
			RotRel3f(1.03584, 0, 1, 0)
			RotRel3f(-0.715772, 0, 0, 1)
			Cylinder(2.17831, 1.8263, 70.7948)
			MovRel3f(0, 70.7948, 0)
			SB()
				RotRel3f(1.03584, 0, 1, 0)
				RotRel3f(-0.715262, 0, 0, 1)
				Cylinder(1.29139, 1.08677, 49.2474)
				MovRel3f(0, 49.2474, 0)
				Cylinder(1.08677, 1.00222, 20.3488)
				MovRel3f(0, 20.3488, 0)
				Cylinder(1.00222, 0.913151, 21.4369)
				MovRel3f(0, 21.4369, 0)
			EB()
			Cylinder(1.8263, 1.69011, 27.3902)
			MovRel3f(0, 27.3902, 0)
			SB()
				RotRel3f(2.35619, 0, 1, 0)
				RotRel3f(0.715711, 0, 0, 1)
				Cylinder(1.19509, 1.00357, 49.642)
				MovRel3f(0, 49.642, 0)
				Cylinder(1.00357, 0.910198, 24.2009)
				MovRel3f(0, 24.2009, 0)
				Cylinder(0.910198, 0.845055, 16.8849)
				MovRel3f(0, 16.8849, 0)
			EB()
			Cylinder(1.69011, 1.5403, 30.1285)
			MovRel3f(0, 30.1285, 0)
		EB()
		Cylinder(3.0806, 2.62209, 39.7928)
		MovRel3f(0, 39.7928, 0)
	EB()
	Cylinder(7.39627, 5.19814, 80.2454)
	MovRel3f(0, 80.2454, 0)
	SB()
		RotRel3f(1.03584, 0, 1, 0)
		RotRel3f(-0.715902, 0, 0, 1)
		Cylinder(5.19814, 3.61029, 91.8778)
		MovRel3f(0, 91.8778, 0)
		SB()
			RotRel3f(2.35619, 0, 1, 0)
			RotRel3f(0.715473, 0, 0, 1)
			Cylinder(2.55286, 2.15035, 69.2165)
			MovRel3f(0, 69.2165, 0)
			SB()
				RotRel3f(2.35619, 0, 1, 0)
				RotRel3f(0.715711, 0, 0, 1)
				Cylinder(1.52053, 1.29723, 45.5165)
				MovRel3f(0, 45.5165, 0)
				Cylinder(1.29723, 1.18235, 23.417)
				MovRel3f(0, 23.417, 0)
				Cylinder(1.18235, 1.07518, 21.8456)
				MovRel3f(0, 21.8456, 0)
			EB()
			Cylinder(2.15035, 1.9733, 30.4466)
			MovRel3f(0, 30.4466, 0)
			SB()
				RotRel3f(1.03584, 0, 1, 0)
				RotRel3f(-0.715207, 0, 0, 1)
				Cylinder(1.39533, 1.16025, 52.2402)
				MovRel3f(0, 52.2402, 0)
				Cylinder(1.16025, 1.07572, 18.7836)
				MovRel3f(0, 18.7836, 0)
				Cylinder(1.07572, 0.986649, 19.7946)
				MovRel3f(0, 19.7946, 0)
			EB()
			Cylinder(1.9733, 1.80515, 28.9154)
			MovRel3f(0, 28.9154, 0)
		EB()
		Cylinder(3.61029, 2.90429, 40.8515)
		MovRel3f(0, 40.8515, 0)
		SB()
			RotRel3f(1.03584, 0, 1, 0)
			RotRel3f(-0.71566, 0, 0, 1)
			Cylinder(2.05364, 1.73031, 69.0817)
			MovRel3f(0, 69.0817, 0)
			SB()
				RotRel3f(2.35619, 0, 1, 0)
				RotRel3f(0.71524, 0, 0, 1)
				Cylinder(1.22351, 1.02741, 49.8816)
				MovRel3f(0, 49.8816, 0)
				Cylinder(1.02741, 0.942598, 21.5732)
				MovRel3f(0, 21.5732, 0)
				Cylinder(0.942598, 0.865155, 19.6988)
				MovRel3f(0, 19.6988, 0)
			EB()
			Cylinder(1.73031, 1.60467, 26.8437)
			MovRel3f(0, 26.8437, 0)
			SB()
				RotRel3f(1.03584, 0, 1, 0)
				RotRel3f(-0.715259, 0, 0, 1)
				Cylinder(1.13467, 0.958853, 48.0364)
				MovRel3f(0, 48.0364, 0)
				Cylinder(0.958853, 0.879354, 21.7202)
				MovRel3f(0, 21.7202, 0)
				Cylinder(0.879354, 0.802334, 21.0432)
				MovRel3f(0, 21.0432, 0)
			EB()
			Cylinder(1.60467, 1.45214, 32.5871)
			MovRel3f(0, 32.5871, 0)
		EB()
		Cylinder(2.90429, 2.07038, 48.2527)
		MovRel3f(0, 48.2527, 0)
	EB()
	Cylinder(5.19814, 3, 80.2454)
	MovRel3f(0, 80.2454, 0)
EB()
