LST 0.1

SB()
	RotRel3f(0, 0, 1, 0)
	RotRel3f(0.0147971, 0, 0, 1)
	Cylinder(3, 3, 101.582)
	MovRel3f(0, 101.582, 0)
	SB()
		RotRel3f(0.76318, 0, 1, 0)
		RotRel3f(-0.834499, 0, 0, 1)
		Cylinder(3, 3, 65.8273)
		MovRel3f(0, 65.8273, 0)
		SB()
			RotRel3f(2.1451, 0, 1, 0)
			RotRel3f(0.759451, 0, 0, 1)
			Cylinder(2.12132, 1.87527, 42.8847)
			MovRel3f(0, 42.8847, 0)
			Cylinder(1.87527, 1.75685, 20.641)
			MovRel3f(0, 20.641, 0)
			Cylinder(1.75685, 1.66172, 16.5798)
			MovRel3f(0, 16.5798, 0)
			Cylinder(1.66172, 1.56163, 17.4447)
			MovRel3f(0, 17.4447, 0)
			Cylinder(1.56163, 1.5, 10.7421)
			MovRel3f(0, 10.7421, 0)
		EB()
		Cylinder(3, 3, 20.5049)
		MovRel3f(0, 20.5049, 0)
		SB()
			RotRel3f(2.17634, 0, 1, 0)
			RotRel3f(-0.838544, 0, 0, 1)
			Cylinder(2.12132, 1.875, 42.7992)
			MovRel3f(0, 42.7992, 0)
			Cylinder(1.875, 1.76799, 18.594)
			MovRel3f(0, 18.594, 0)
			Cylinder(1.76799, 1.65549, 19.5474)
			MovRel3f(0, 19.5474, 0)
			Cylinder(1.65549, 1.56303, 16.065)
			MovRel3f(0, 16.065, 0)
			Cylinder(1.56303, 1.5, 10.951)
			MovRel3f(0, 10.951, 0)
		EB()
		Cylinder(3, 3, 21.615)
		MovRel3f(0, 21.615, 0)
		SB()
			RotRel3f(0.463648, 0, 1, 0)
			RotRel3f(0.760471, 0, 0, 1)
			Cylinder(2.12132, 1.89883, 38.7494)
			MovRel3f(0, 38.7494, 0)
			Cylinder(1.89883, 1.79787, 17.5832)
			MovRel3f(0, 17.5832, 0)
			Cylinder(1.79787, 1.71437, 14.5419)
			MovRel3f(0, 14.5419, 0)
			Cylinder(1.71437, 1.5985, 20.1803)
			MovRel3f(0, 20.1803, 0)
			Cylinder(1.5985, 1.5, 17.1538)
			MovRel3f(0, 17.1538, 0)
		EB()
		Cylinder(3, 3, 27.4357)
		MovRel3f(0, 27.4357, 0)
		SB()
			RotRel3f(0.76318, 0, 1, 0)
			RotRel3f(-0.828767, 0, 0, 1)
			Cylinder(2.12132, 1.8509, 46.8442)
			MovRel3f(0, 46.8442, 0)
			Cylinder(1.8509, 1.78657, 11.1446)
			MovRel3f(0, 11.1446, 0)
			Cylinder(1.78657, 1.70944, 13.3611)
			MovRel3f(0, 13.3611, 0)
			Cylinder(1.70944, 1.61816, 15.8118)
			MovRel3f(0, 15.8118, 0)
			Cylinder(1.61816, 1.5, 20.469)
			MovRel3f(0, 20.469, 0)
		EB()
		Cylinder(3, 3, 17.509)
		MovRel3f(0, 17.509, 0)
	EB()
	Cylinder(3, 3, 40.3578)
	MovRel3f(0, 40.3578, 0)
	SB()
		RotRel3f(2.17634, 0, 1, 0)
		RotRel3f(-0.827201, 0, 0, 1)
		Cylinder(3, 3, 56.255)
		MovRel3f(0, 56.255, 0)
		SB()
			RotRel3f(2.1451, 0, 1, 0)
			RotRel3f(0.770132, 0, 0, 1)
			Cylinder(2.12132, 1.88491, 40.8257)
			MovRel3f(0, 40.8257, 0)
			Cylinder(1.88491, 1.79265, 15.9312)
			MovRel3f(0, 15.9312, 0)
			Cylinder(1.79265, 1.68286, 18.9588)
			MovRel3f(0, 18.9588, 0)
			Cylinder(1.68286, 1.59182, 15.7226)
			MovRel3f(0, 15.7226, 0)
			Cylinder(1.59182, 1.5, 15.8553)
			MovRel3f(0, 15.8553, 0)
		EB()
		Cylinder(3, 3, 27.3112)
		MovRel3f(0, 27.3112, 0)
		SB()
			RotRel3f(2.17634, 0, 1, 0)
			RotRel3f(-0.819322, 0, 0, 1)
			Cylinder(2.12132, 1.91304, 35.9357)
			MovRel3f(0, 35.9357, 0)
			Cylinder(1.91304, 1.82962, 14.3921)
			MovRel3f(0, 14.3921, 0)
			Cylinder(1.82962, 1.70346, 21.7662)
			MovRel3f(0, 21.7662, 0)
			Cylinder(1.70346, 1.60242, 17.4329)
			MovRel3f(0, 17.4329, 0)
			Cylinder(1.60242, 1.5, 17.6699)
			MovRel3f(0, 17.6699, 0)
		EB()
		Cylinder(3, 3, 25.2738)
		MovRel3f(0, 25.2738, 0)
		SB()
			RotRel3f(0.463648, 0, 1, 0)
			RotRel3f(0.752091, 0, 0, 1)
			Cylinder(2.12132, 1.9048, 37.5924)
			MovRel3f(0, 37.5924, 0)
			Cylinder(1.9048, 1.80852, 16.7157)
			MovRel3f(0, 16.7157, 0)
			Cylinder(1.80852, 1.72043, 15.2942)
			MovRel3f(0, 15.2942, 0)
			Cylinder(1.72043, 1.63294, 15.1907)
			MovRel3f(0, 15.1907, 0)
			Cylinder(1.63294, 1.5, 23.0805)
			MovRel3f(0, 23.0805, 0)
		EB()
		Cylinder(3, 3, 23.5077)
		MovRel3f(0, 23.5077, 0)
		SB()
			RotRel3f(0.76318, 0, 1, 0)
			RotRel3f(-0.820603, 0, 0, 1)
			Cylinder(2.12132, 1.89935, 38.4561)
			MovRel3f(0, 38.4561, 0)
			Cylinder(1.89935, 1.79521, 18.0424)
			MovRel3f(0, 18.0424, 0)
			Cylinder(1.79521, 1.70658, 15.3557)
			MovRel3f(0, 15.3557, 0)
			Cylinder(1.70658, 1.61301, 16.2097)
			MovRel3f(0, 16.2097, 0)
			Cylinder(1.61301, 1.5, 19.5793)
			MovRel3f(0, 19.5793, 0)
		EB()
		Cylinder(3, 3, 19.7374)
		MovRel3f(0, 19.7374, 0)
	EB()
	Cylinder(3, 3, 40.3575)
	MovRel3f(0, 40.3575, 0)
	SB()
		RotRel3f(0.463648, 0, 1, 0)
		RotRel3f(0.762322, 0, 0, 1)
		Cylinder(3, 3, 36.8472)
		MovRel3f(0, 36.8472, 0)
		SB()
			RotRel3f(0.76318, 0, 1, 0)
			RotRel3f(-0.828999, 0, 0, 1)
			Cylinder(2.12132, 1.91304, 24.8094)
			MovRel3f(0, 24.8094, 0)
			Cylinder(1.91304, 1.8095, 12.3326)
			MovRel3f(0, 12.3326, 0)
			Cylinder(1.8095, 1.7393, 8.36113)
			MovRel3f(0, 8.36113, 0)
			Cylinder(1.7393, 1.63914, 11.9303)
			MovRel3f(0, 11.9303, 0)
			Cylinder(1.63914, 1.5, 16.5734)
			MovRel3f(0, 16.5734, 0)
		EB()
		Cylinder(3, 3, 16.7641)
		MovRel3f(0, 16.7641, 0)
		SB()
			RotRel3f(2.17634, 0, 1, 0)
			RotRel3f(-0.820503, 0, 0, 1)
			Cylinder(2.12132, 1.85911, 31.3268)
			MovRel3f(0, 31.3268, 0)
			Cylinder(1.85911, 1.76763, 10.9296)
			MovRel3f(0, 10.9296, 0)
			Cylinder(1.76763, 1.67374, 11.2174)
			MovRel3f(0, 11.2174, 0)
			Cylinder(1.67374, 1.55544, 14.1327)
			MovRel3f(0, 14.1327, 0)
			Cylinder(1.55544, 1.5, 6.62374)
			MovRel3f(0, 6.62374, 0)
		EB()
		Cylinder(3, 3, 17.8824)
		MovRel3f(0, 17.8824, 0)
		SB()
			RotRel3f(0.463648, 0, 1, 0)
			RotRel3f(0.753431, 0, 0, 1)
			Cylinder(2.12132, 1.8509, 32.407)
			MovRel3f(0, 32.407, 0)
			Cylinder(1.8509, 1.76147, 10.7175)
			MovRel3f(0, 10.7175, 0)
			Cylinder(1.76147, 1.64841, 13.5492)
			MovRel3f(0, 13.5492, 0)
			Cylinder(1.64841, 1.5576, 10.8827)
			MovRel3f(0, 10.8827, 0)
			Cylinder(1.5576, 1.5, 6.90294)
			MovRel3f(0, 6.90294, 0)
		EB()
		Cylinder(3, 3, 17.4774)
		MovRel3f(0, 17.4774, 0)
		SB()
			RotRel3f(2.1451, 0, 1, 0)
			RotRel3f(0.760221, 0, 0, 1)
			Cylinder(2.12132, 1.88406, 28.445)
			MovRel3f(0, 28.445, 0)
			Cylinder(1.88406, 1.79525, 10.6485)
			MovRel3f(0, 10.6485, 0)
			Cylinder(1.79525, 1.70733, 10.5398)
			MovRel3f(0, 10.5398, 0)
			Cylinder(1.70733, 1.61353, 11.2463)
			MovRel3f(0, 11.2463, 0)
			Cylinder(1.61353, 1.5, 13.6112)
			MovRel3f(0, 13.6112, 0)
		EB()
		Cylinder(3, 3, 16.097)
		MovRel3f(0, 16.097, 0)
	EB()
	Cylinder(3, 3, 40.3578)
	MovRel3f(0, 40.3578, 0)
	SB()
		RotRel3f(2.1451, 0, 1, 0)
		RotRel3f(0.756009, 0, 0, 1)
		Cylinder(3, 3, 45.3776)
		MovRel3f(0, 45.3776, 0)
		SB()
			RotRel3f(2.1451, 0, 1, 0)
			RotRel3f(0.751246, 0, 0, 1)
			Cylinder(2.12132, 1.88483, 28.2145)
			MovRel3f(0, 28.2145, 0)
			Cylinder(1.88483, 1.78244, 12.2151)
			MovRel3f(0, 12.2151, 0)
			Cylinder(1.78244, 1.7137, 8.20112)
			MovRel3f(0, 8.20112, 0)
			Cylinder(1.7137, 1.61371, 11.9292)
			MovRel3f(0, 11.9292, 0)
			Cylinder(1.61371, 1.5, 13.5653)
			MovRel3f(0, 13.5653, 0)
		EB()
		Cylinder(3, 3, 21.1135)
		MovRel3f(0, 21.1135, 0)
		SB()
			RotRel3f(0.463648, 0, 1, 0)
			RotRel3f(0.755349, 0, 0, 1)
			Cylinder(2.12132, 1.88181, 28.6233)
			MovRel3f(0, 28.6233, 0)
			Cylinder(1.88181, 1.78909, 11.0814)
			MovRel3f(0, 11.0814, 0)
			Cylinder(1.78909, 1.72506, 7.65158)
			MovRel3f(0, 7.65158, 0)
			Cylinder(1.72506, 1.62661, 11.7651)
			MovRel3f(0, 11.7651, 0)
			Cylinder(1.62661, 1.5, 15.1312)
			MovRel3f(0, 15.1312, 0)
		EB()
		Cylinder(3, 3, 16.1645)
		MovRel3f(0, 16.1645, 0)
		SB()
			RotRel3f(0.76318, 0, 1, 0)
			RotRel3f(-0.829007, 0, 0, 1)
			Cylinder(2.12132, 1.87163, 29.7158)
			MovRel3f(0, 29.7158, 0)
			Cylinder(1.87163, 1.78336, 10.5048)
			MovRel3f(0, 10.5048, 0)
			Cylinder(1.78336, 1.68855, 11.2827)
			MovRel3f(0, 11.2827, 0)
			Cylinder(1.68855, 1.57527, 13.4817)
			MovRel3f(0, 13.4817, 0)
			Cylinder(1.57527, 1.5, 8.95774)
			MovRel3f(0, 8.95774, 0)
		EB()
		Cylinder(3, 3, 15.4534)
		MovRel3f(0, 15.4534, 0)
		SB()
			RotRel3f(2.17634, 0, 1, 0)
			RotRel3f(-0.831847, 0, 0, 1)
			Cylinder(2.12132, 1.90513, 25.8913)
			MovRel3f(0, 25.8913, 0)
			Cylinder(1.90513, 1.79297, 13.4319)
			MovRel3f(0, 13.4319, 0)
			Cylinder(1.79297, 1.72853, 7.71777)
			MovRel3f(0, 7.71777, 0)
			Cylinder(1.72853, 1.62806, 12.0316)
			MovRel3f(0, 12.0316, 0)
			Cylinder(1.62806, 1.5, 15.3367)
			MovRel3f(0, 15.3367, 0)
		EB()
		Cylinder(3, 3, 6.83619)
		MovRel3f(0, 6.83619, 0)
	EB()
	Cylinder(3, 3, 41.0365)
	MovRel3f(0, 41.0365, 0)
EB()
