LST 0.1

SB()
	RotRel3f(0, 0, 1, 0)
	RotRel3f(-0.00963978, 0, 0, 1)
	Cylinder(3, 3, 78.5059)
	MovRel3f(0, 78.5059, 0)
	SB()
		RotRel3f(0.110657, 0, 1, 0)
		RotRel3f(0.619429, 0, 0, 1)
		Cylinder(3, 3, 32.3662)
		MovRel3f(0, 32.3662, 0)
		SB()
			RotRel3f(0.110657, 0, 1, 0)
			RotRel3f(0.604052, 0, 0, 1)
			Cylinder(2.12132, 1.95777, 21.2312)
			MovRel3f(0, 21.2312, 0)
			Cylinder(1.95777, 1.84426, 14.7343)
			MovRel3f(0, 14.7343, 0)
			Cylinder(1.84426, 1.76468, 10.3304)
			MovRel3f(0, 10.3304, 0)
			Cylinder(1.76468, 1.67724, 11.3513)
			MovRel3f(0, 11.3513, 0)
			Cylinder(1.67724, 1.5, 23.007)
			MovRel3f(0, 23.007, 0)
		EB()
		Cylinder(3, 3, 16.918)
		MovRel3f(0, 16.918, 0)
		SB()
			RotRel3f(2.53605, 0, 1, 0)
			RotRel3f(-0.64745, 0, 0, 1)
			Cylinder(2.12132, 1.95779, 21.3068)
			MovRel3f(0, 21.3068, 0)
			Cylinder(1.95779, 1.84749, 14.3706)
			MovRel3f(0, 14.3706, 0)
			Cylinder(1.84749, 1.73934, 14.0914)
			MovRel3f(0, 14.0914, 0)
			Cylinder(1.73934, 1.62328, 15.121)
			MovRel3f(0, 15.121, 0)
			Cylinder(1.62328, 1.5, 16.0625)
			MovRel3f(0, 16.0625, 0)
		EB()
		Cylinder(3, 3, 19.8557)
		MovRel3f(0, 19.8557, 0)
		SB()
			RotRel3f(1.76198, 0, 1, 0)
			RotRel3f(0.647306, 0, 0, 1)
			Cylinder(2.12132, 1.93713, 23.8971)
			MovRel3f(0, 23.8971, 0)
			Cylinder(1.93713, 1.83278, 13.5394)
			MovRel3f(0, 13.5394, 0)
			Cylinder(1.83278, 1.74211, 11.7639)
			MovRel3f(0, 11.7639, 0)
			Cylinder(1.74211, 1.64008, 13.2371)
			MovRel3f(0, 13.2371, 0)
			Cylinder(1.64008, 1.5, 18.1745)
			MovRel3f(0, 18.1745, 0)
		EB()
		Cylinder(3, 3, 23.8927)
		MovRel3f(0, 23.8927, 0)
		SB()
			RotRel3f(0.785398, 0, 1, 0)
			RotRel3f(0.630168, 0, 0, 1)
			Cylinder(2.12132, 1.93489, 24.251)
			MovRel3f(0, 24.251, 0)
			Cylinder(1.93489, 1.8356, 12.9161)
			MovRel3f(0, 12.9161, 0)
			Cylinder(1.8356, 1.7638, 9.34056)
			MovRel3f(0, 9.34056, 0)
			Cylinder(1.7638, 1.67319, 11.7861)
			MovRel3f(0, 11.7861, 0)
			Cylinder(1.67319, 1.5, 22.5294)
			MovRel3f(0, 22.5294, 0)
		EB()
		Cylinder(3, 3, 20.9151)
		MovRel3f(0, 20.9151, 0)
	EB()
	Cylinder(3, 3, 46.7708)
	MovRel3f(0, 46.7708, 0)
	SB()
		RotRel3f(0.785398, 0, 1, 0)
		RotRel3f(0.60885, 0, 0, 1)
		Cylinder(3, 3, 26.5441)
		MovRel3f(0, 26.5441, 0)
		SB()
			RotRel3f(2.53605, 0, 1, 0)
			RotRel3f(-0.658737, 0, 0, 1)
			Cylinder(2.12132, 1.94113, 23.4232)
			MovRel3f(0, 23.4232, 0)
			Cylinder(1.94113, 1.81445, 16.4682)
			MovRel3f(0, 16.4682, 0)
			Cylinder(1.81445, 1.71674, 12.7022)
			MovRel3f(0, 12.7022, 0)
			Cylinder(1.71674, 1.58622, 16.966)
			MovRel3f(0, 16.966, 0)
			Cylinder(1.58622, 1.5, 11.2086)
			MovRel3f(0, 11.2086, 0)
		EB()
		Cylinder(3, 3, 17.1255)
		MovRel3f(0, 17.1255, 0)
		SB()
			RotRel3f(0.110657, 0, 1, 0)
			RotRel3f(0.623255, 0, 0, 1)
			Cylinder(2.12132, 1.92105, 26.0765)
			MovRel3f(0, 26.0765, 0)
			Cylinder(1.92105, 1.82826, 12.0817)
			MovRel3f(0, 12.0817, 0)
			Cylinder(1.82826, 1.74029, 11.4542)
			MovRel3f(0, 11.4542, 0)
			Cylinder(1.74029, 1.63168, 14.141)
			MovRel3f(0, 14.141, 0)
			Cylinder(1.63168, 1.5, 17.1456)
			MovRel3f(0, 17.1456, 0)
		EB()
		Cylinder(3, 3, 16.4274)
		MovRel3f(0, 16.4274, 0)
		SB()
			RotRel3f(0.785398, 0, 1, 0)
			RotRel3f(0.612588, 0, 0, 1)
			Cylinder(2.12132, 1.95033, 22.1524)
			MovRel3f(0, 22.1524, 0)
			Cylinder(1.95033, 1.85358, 12.5343)
			MovRel3f(0, 12.5343, 0)
			Cylinder(1.85358, 1.75996, 12.1288)
			MovRel3f(0, 12.1288, 0)
			Cylinder(1.75996, 1.66561, 12.2225)
			MovRel3f(0, 12.2225, 0)
			Cylinder(1.66561, 1.5, 21.455)
			MovRel3f(0, 21.455, 0)
		EB()
		Cylinder(3, 3, 22.2189)
		MovRel3f(0, 22.2189, 0)
		SB()
			RotRel3f(1.76198, 0, 1, 0)
			RotRel3f(0.654739, 0, 0, 1)
			Cylinder(2.12132, 1.9494, 22.1949)
			MovRel3f(0, 22.1949, 0)
			Cylinder(1.9494, 1.83303, 15.0233)
			MovRel3f(0, 15.0233, 0)
			Cylinder(1.83303, 1.71983, 14.6153)
			MovRel3f(0, 14.6153, 0)
			Cylinder(1.71983, 1.61007, 14.169)
			MovRel3f(0, 14.169, 0)
			Cylinder(1.61007, 1.5, 14.2105)
			MovRel3f(0, 14.2105, 0)
		EB()
		Cylinder(3, 3, 31.6057)
		MovRel3f(0, 31.6057, 0)
	EB()
	Cylinder(3, 3, 46.7711)
	MovRel3f(0, 46.7711, 0)
	SB()
		RotRel3f(2.53605, 0, 1, 0)
		RotRel3f(-0.650736, 0, 0, 1)
		Cylinder(3, 3, 33.8378)
		MovRel3f(0, 33.8378, 0)
		SB()
			RotRel3f(0.110657, 0, 1, 0)
			RotRel3f(0.610244, 0, 0, 1)
			Cylinder(2.12132, 1.94564, 25.4846)
			MovRel3f(0, 25.4846, 0)
			Cylinder(1.94564, 1.85715, 12.836)
			MovRel3f(0, 12.836, 0)
			Cylinder(1.85715, 1.73924, 17.1037)
			MovRel3f(0, 17.1037, 0)
			Cylinder(1.73924, 1.61824, 17.5522)
			MovRel3f(0, 17.5522, 0)
			Cylinder(1.61824, 1.5, 17.1523)
			MovRel3f(0, 17.1523, 0)
		EB()
		Cylinder(3, 3, 22.0162)
		MovRel3f(0, 22.0162, 0)
		SB()
			RotRel3f(1.76198, 0, 1, 0)
			RotRel3f(0.649292, 0, 0, 1)
			Cylinder(2.12132, 1.9753, 21.3021)
			MovRel3f(0, 21.3021, 0)
			Cylinder(1.9753, 1.87097, 15.2199)
			MovRel3f(0, 15.2199, 0)
			Cylinder(1.87097, 1.78189, 12.9958)
			MovRel3f(0, 12.9958, 0)
			Cylinder(1.78189, 1.67251, 15.9571)
			MovRel3f(0, 15.9571, 0)
			Cylinder(1.67251, 1.5, 25.1667)
			MovRel3f(0, 25.1667, 0)
		EB()
		Cylinder(3, 3, 18.3938)
		MovRel3f(0, 18.3938, 0)
		SB()
			RotRel3f(2.53605, 0, 1, 0)
			RotRel3f(-0.653821, 0, 0, 1)
			Cylinder(2.12132, 1.93551, 27.0359)
			MovRel3f(0, 27.0359, 0)
			Cylinder(1.93551, 1.84239, 13.5476)
			MovRel3f(0, 13.5476, 0)
			Cylinder(1.84239, 1.72341, 17.312)
			MovRel3f(0, 17.312, 0)
			Cylinder(1.72341, 1.62329, 14.568)
			MovRel3f(0, 14.568, 0)
			Cylinder(1.62329, 1.5, 17.9378)
			MovRel3f(0, 17.9378, 0)
		EB()
		Cylinder(3, 3, 26.2478)
		MovRel3f(0, 26.2478, 0)
		SB()
			RotRel3f(0.785398, 0, 1, 0)
			RotRel3f(0.621019, 0, 0, 1)
			Cylinder(2.12132, 1.92727, 28.1986)
			MovRel3f(0, 28.1986, 0)
			Cylinder(1.92727, 1.84481, 11.9829)
			MovRel3f(0, 11.9829, 0)
			Cylinder(1.84481, 1.74294, 14.8044)
			MovRel3f(0, 14.8044, 0)
			Cylinder(1.74294, 1.63542, 15.6244)
			MovRel3f(0, 15.6244, 0)
			Cylinder(1.63542, 1.5, 19.6787)
			MovRel3f(0, 19.6787, 0)
		EB()
		Cylinder(3, 3, 27.6197)
		MovRel3f(0, 27.6197, 0)
	EB()
	Cylinder(3, 3, 46.7708)
	MovRel3f(0, 46.7708, 0)
	SB()
		RotRel3f(1.76198, 0, 1, 0)
		RotRel3f(0.652394, 0, 0, 1)
		Cylinder(3, 3, 31.207)
		MovRel3f(0, 31.207, 0)
		SB()
			RotRel3f(0.785398, 0, 1, 0)
			RotRel3f(0.622575, 0, 0, 1)
			Cylinder(2.12132, 1.98318, 20.2756)
			MovRel3f(0, 20.2756, 0)
			Cylinder(1.98318, 1.91344, 10.2362)
			MovRel3f(0, 10.2362, 0)
			Cylinder(1.91344, 1.81192, 14.8999)
			MovRel3f(0, 14.8999, 0)
			Cylinder(1.81192, 1.72378, 12.9377)
			MovRel3f(0, 12.9377, 0)
			Cylinder(1.72378, 1.5, 32.8449)
			MovRel3f(0, 32.8449, 0)
		EB()
		Cylinder(3, 3, 18.336)
		MovRel3f(0, 18.336, 0)
		SB()
			RotRel3f(1.76198, 0, 1, 0)
			RotRel3f(0.652338, 0, 0, 1)
			Cylinder(2.12132, 1.96069, 23.5822)
			MovRel3f(0, 23.5822, 0)
			Cylinder(1.96069, 1.86042, 14.7206)
			MovRel3f(0, 14.7206, 0)
			Cylinder(1.86042, 1.75506, 15.4683)
			MovRel3f(0, 15.4683, 0)
			Cylinder(1.75506, 1.66546, 13.1545)
			MovRel3f(0, 13.1545, 0)
			Cylinder(1.66546, 1.5, 24.2917)
			MovRel3f(0, 24.2917, 0)
		EB()
		Cylinder(3, 3, 23.6415)
		MovRel3f(0, 23.6415, 0)
		SB()
			RotRel3f(2.53605, 0, 1, 0)
			RotRel3f(-0.665775, 0, 0, 1)
			Cylinder(2.12132, 1.94508, 25.8696)
			MovRel3f(0, 25.8696, 0)
			Cylinder(1.94508, 1.85159, 13.7238)
			MovRel3f(0, 13.7238, 0)
			Cylinder(1.85159, 1.74681, 15.3803)
			MovRel3f(0, 15.3803, 0)
			Cylinder(1.74681, 1.63943, 15.7628)
			MovRel3f(0, 15.7628, 0)
			Cylinder(1.63943, 1.5, 20.4666)
			MovRel3f(0, 20.4666, 0)
		EB()
		Cylinder(3, 3, 19.8338)
		MovRel3f(0, 19.8338, 0)
		SB()
			RotRel3f(0.110657, 0, 1, 0)
			RotRel3f(0.618608, 0, 0, 1)
			Cylinder(2.12132, 1.95928, 23.791)
			MovRel3f(0, 23.791, 0)
			Cylinder(1.95928, 1.87695, 12.0878)
			MovRel3f(0, 12.0878, 0)
			Cylinder(1.87695, 1.74507, 19.3615)
			MovRel3f(0, 19.3615, 0)
			Cylinder(1.74507, 1.65362, 13.4268)
			MovRel3f(0, 13.4268, 0)
			Cylinder(1.65362, 1.5, 22.5544)
			MovRel3f(0, 22.5544, 0)
		EB()
		Cylinder(3, 3, 35.9201)
		MovRel3f(0, 35.9201, 0)
	EB()
	Cylinder(3, 3, 69.4522)
	MovRel3f(0, 69.4522, 0)
EB()
