LST 0.1

SB()
	RotRel3f(0, 0, 1, 0)
	RotRel3f(-0.320133, 0, 0, 1)
	Cylinder(9, 9, 78.9804)
	MovRel3f(0, 78.9804, 0)
	RotRel3f(0.256404, 0, 0, 1)
	Cylinder(9, 9, 78.9804)
	MovRel3f(0, 78.9804, 0)
	RotRel3f(0.259035, 0, 0, 1)
	Cylinder(9, 9, 39.6967)
	MovRel3f(0, 39.6967, 0)
	RotRel3f(-0.054056, 0, 0, 1)
	Cylinder(9, 9, 4.94246)
	MovRel3f(0, 4.94246, 0)
	Cylinder(9, 9, 32.3111)
	MovRel3f(0, 32.3111, 0)
	SB()
		RotRel3f(2.39335, 0, 1, 0)
		RotRel3f(0.58761, 0, 0, 1)
		Cylinder(9, 8.55632, 41.467)
		MovRel3f(0, 41.467, 0)
		RotRel3f(0.340852, 0, 0, 1)
		Cylinder(8.55632, 8.14646, 38.3063)
		MovRel3f(0, 38.3063, 0)
		RotRel3f(0.525278, 0, 0, 1)
		Cylinder(8.14646, 7.80863, 31.5743)
		MovRel3f(0, 31.5743, 0)
		RotRel3f(-0.0661619, 0, 0, 1)
		Cylinder(7.80863, 7.36432, 41.5267)
		MovRel3f(0, 41.5267, 0)
		RotRel3f(-0.0513971, 0, 0, 1)
		Cylinder(7.36432, 7.19753, 15.5887)
		MovRel3f(0, 15.5887, 0)
		Cylinder(7.19753, 7, 18.4614)
		MovRel3f(0, 18.4614, 0)
		SB()
			RotRel3f(2.39335, 0, 1, 0)
			RotRel3f(0.579602, 0, 0, 1)
			Cylinder(7, 6.43788, 43.1121)
			MovRel3f(0, 43.1121, 0)
			RotRel3f(0.489002, 0, 0, 1)
			Cylinder(6.43788, 6.12573, 23.9406)
			MovRel3f(0, 23.9406, 0)
			RotRel3f(0.399621, 0, 0, 1)
			Cylinder(6.12573, 5.92323, 15.5302)
			MovRel3f(0, 15.5302, 0)
			RotRel3f(-0.0323927, 0, 0, 1)
			Cylinder(5.92323, 5.47981, 34.0086)
			MovRel3f(0, 34.0086, 0)
			RotRel3f(-0.0583849, 0, 0, 1)
			Cylinder(5.47981, 5.43034, 3.7936)
			MovRel3f(0, 3.7936, 0)
			Cylinder(5.43034, 5.08864, 26.207)
			MovRel3f(0, 26.207, 0)
			RotRel3f(-0.327691, 0, 0, 1)
			Cylinder(5.08864, 5.01718, 5.48045)
			MovRel3f(0, 5.48045, 0)
			Cylinder(5.01718, 4.94975, 5.17197)
			MovRel3f(0, 5.17197, 0)
		EB()
		SB()
			RotRel3f(0.250608, 0, 1, 0)
			RotRel3f(0.53999, 0, 0, 1)
			Cylinder(7, 6.24511, 57.8931)
			MovRel3f(0, 57.8931, 0)
			Cylinder(6.24511, 6.10756, 10.5484)
			MovRel3f(0, 10.5484, 0)
			RotRel3f(0.133922, 0, 0, 1)
			Cylinder(6.10756, 5.30613, 61.4629)
			MovRel3f(0, 61.4629, 0)
			RotRel3f(0.134568, 0, 0, 1)
			Cylinder(5.30613, 5.02267, 21.7384)
			MovRel3f(0, 21.7384, 0)
			Cylinder(5.02267, 4.94975, 5.59245)
			MovRel3f(0, 5.59245, 0)
		EB()
	EB()
	SB()
		RotRel3f(0.250608, 0, 1, 0)
		RotRel3f(0.540767, 0, 0, 1)
		Cylinder(9, 8.439, 48.6015)
		MovRel3f(0, 48.6015, 0)
		RotRel3f(0.696008, 0, 0, 1)
		Cylinder(8.439, 8.36778, 6.17054)
		MovRel3f(0, 6.17054, 0)
		Cylinder(8.36778, 7.63402, 63.5683)
		MovRel3f(0, 63.5683, 0)
		Cylinder(7.63402, 7.63288, 0.0985148)
		MovRel3f(0, 0.0985148, 0)
		RotRel3f(-0.136218, 0, 0, 1)
		Cylinder(7.63288, 7.05298, 50.2391)
		MovRel3f(0, 50.2391, 0)
		RotRel3f(-0.134639, 0, 0, 1)
		Cylinder(7.05298, 7, 4.59009)
		MovRel3f(0, 4.59009, 0)
		SB()
			RotRel3f(2.39335, 0, 1, 0)
			RotRel3f(0.577713, 0, 0, 1)
			Cylinder(7, 6.54388, 32.3714)
			MovRel3f(0, 32.3714, 0)
			RotRel3f(0.246837, 0, 0, 1)
			Cylinder(6.54388, 5.88425, 46.8144)
			MovRel3f(0, 46.8144, 0)
			RotRel3f(0.188125, 0, 0, 1)
			Cylinder(5.88425, 5.73165, 10.8303)
			MovRel3f(0, 10.8303, 0)
			Cylinder(5.73165, 5.3578, 26.5324)
			MovRel3f(0, 26.5324, 0)
			RotRel3f(0.0997602, 0, 0, 1)
			Cylinder(5.3578, 5.2806, 5.47874)
			MovRel3f(0, 5.47874, 0)
			Cylinder(5.2806, 4.96859, 22.1441)
			MovRel3f(0, 22.1441, 0)
			RotRel3f(0.171705, 0, 0, 1)
			Cylinder(4.96859, 4.94975, 1.33701)
			MovRel3f(0, 1.33701, 0)
		EB()
		SB()
			RotRel3f(0.250608, 0, 1, 0)
			RotRel3f(0.537406, 0, 0, 1)
			Cylinder(7, 6.42491, 40.8816)
			MovRel3f(0, 40.8816, 0)
			Cylinder(6.42491, 6.24094, 13.0779)
			MovRel3f(0, 13.0779, 0)
			RotRel3f(0.136894, 0, 0, 1)
			Cylinder(6.24094, 5.7645, 33.868)
			MovRel3f(0, 33.868, 0)
			Cylinder(5.7645, 5.48362, 19.9671)
			MovRel3f(0, 19.9671, 0)
			RotRel3f(-0.137322, 0, 0, 1)
			Cylinder(5.48362, 4.94975, 37.9513)
			MovRel3f(0, 37.9513, 0)
		EB()
	EB()
EB()
