LST 0.1

SB()
	RotRel3f(0, 0, 1, 0)
	RotRel3f(0.096848, 0, 0, 1)
	Cylinder(3, 3, 152.817)
	MovRel3f(0, 152.817, 0)
	SB()
		RotRel3f(1.24905, 0, 1, 0)
		RotRel3f(0.445576, 0, 0, 1)
		Cylinder(3, 3, 247.896)
		MovRel3f(0, 247.896, 0)
		SB()
			RotRel3f(1.24905, 0, 1, 0)
			RotRel3f(0.442606, 0, 0, 1)
			Cylinder(3, 2.12132, 208.77)
			MovRel3f(0, 208.77, 0)
		EB()
		SB()
			RotRel3f(1.10715, 0, 1, 0)
			RotRel3f(-1.00373, 0, 0, 1)
			Cylinder(3, 2.12132, 208.811)
			MovRel3f(0, 208.811, 0)
		EB()
		SB()
			RotRel3f(2.79282, 0, 1, 0)
			RotRel3f(2.32569, 0, 0, 1)
			Cylinder(3, 2.12132, 207.984)
			MovRel3f(0, 207.984, 0)
		EB()
		SB()
			RotRel3f(2.7468, 0, 1, 0)
			RotRel3f(-2.67426, 0, 0, 1)
			Cylinder(3, 2.12132, 208.455)
			MovRel3f(0, 208.455, 0)
		EB()
	EB()
	SB()
		RotRel3f(1.10715, 0, 1, 0)
		RotRel3f(-1.00408, 0, 0, 1)
		Cylinder(3, 3, 146.833)
		MovRel3f(0, 146.833, 0)
		SB()
			RotRel3f(1.24905, 0, 1, 0)
			RotRel3f(0.475437, 0, 0, 1)
			Cylinder(3, 2.12132, 123.297)
			MovRel3f(0, 123.297, 0)
		EB()
		SB()
			RotRel3f(1.10715, 0, 1, 0)
			RotRel3f(-1.01355, 0, 0, 1)
			Cylinder(3, 2.12132, 123.79)
			MovRel3f(0, 123.79, 0)
		EB()
		SB()
			RotRel3f(2.79282, 0, 1, 0)
			RotRel3f(2.32774, 0, 0, 1)
			Cylinder(3, 2.12132, 123.096)
			MovRel3f(0, 123.096, 0)
		EB()
		SB()
			RotRel3f(2.7468, 0, 1, 0)
			RotRel3f(-2.63007, 0, 0, 1)
			Cylinder(3, 2.12132, 123.631)
			MovRel3f(0, 123.631, 0)
		EB()
	EB()
	SB()
		RotRel3f(2.79282, 0, 1, 0)
		RotRel3f(2.32303, 0, 0, 1)
		Cylinder(3, 3, 125.635)
		MovRel3f(0, 125.635, 0)
		SB()
			RotRel3f(1.24905, 0, 1, 0)
			RotRel3f(0.47184, 0, 0, 1)
			Cylinder(3, 2.12132, 106.033)
			MovRel3f(0, 106.033, 0)
		EB()
		SB()
			RotRel3f(1.10715, 0, 1, 0)
			RotRel3f(-1.00907, 0, 0, 1)
			Cylinder(3, 2.12132, 106.156)
			MovRel3f(0, 106.156, 0)
		EB()
		SB()
			RotRel3f(2.79282, 0, 1, 0)
			RotRel3f(2.32233, 0, 0, 1)
			Cylinder(3, 2.12132, 105.81)
			MovRel3f(0, 105.81, 0)
		EB()
		SB()
			RotRel3f(2.7468, 0, 1, 0)
			RotRel3f(-2.64795, 0, 0, 1)
			Cylinder(3, 2.12132, 105.408)
			MovRel3f(0, 105.408, 0)
		EB()
	EB()
	SB()
		RotRel3f(2.7468, 0, 1, 0)
		RotRel3f(-2.65811, 0, 0, 1)
		Cylinder(3, 3, 113.784)
		MovRel3f(0, 113.784, 0)
		SB()
			RotRel3f(1.24905, 0, 1, 0)
			RotRel3f(0.470103, 0, 0, 1)
			Cylinder(3, 2.12132, 95.4058)
			MovRel3f(0, 95.4058, 0)
		EB()
		SB()
			RotRel3f(1.10715, 0, 1, 0)
			RotRel3f(-1.01241, 0, 0, 1)
			Cylinder(3, 2.12132, 95.6774)
			MovRel3f(0, 95.6774, 0)
		EB()
		SB()
			RotRel3f(2.79282, 0, 1, 0)
			RotRel3f(2.32044, 0, 0, 1)
			Cylinder(3, 2.12132, 95.4595)
			MovRel3f(0, 95.4595, 0)
		EB()
		SB()
			RotRel3f(2.7468, 0, 1, 0)
			RotRel3f(-2.67162, 0, 0, 1)
			Cylinder(3, 2.12132, 95.3502)
			MovRel3f(0, 95.3502, 0)
		EB()
	EB()
EB()
