LST 0.1

SB()
	RotRel3f(0, 0, 1, 0)
	RotRel3f(-0.0212178, 0, 0, 1)
	Cylinder(3, 3, 228.232)
	MovRel3f(0, 228.232, 0)
	SB()
		RotRel3f(0, 0, 1, 0)
		RotRel3f(0.017619, 0, 0, 1)
		Cylinder(3, 3, 137.613)
		MovRel3f(0, 137.613, 0)
		SB()
			RotRel3f(0, 0, 1, 0)
			RotRel3f(0.017619, 0, 0, 1)
			Cylinder(3, 2.12132, 115.845)
			MovRel3f(0, 115.845, 0)
		EB()
		SB()
			RotRel3f(1.13839, 0, 1, 0)
			RotRel3f(0.843327, 0, 0, 1)
			Cylinder(3, 2.12132, 115.935)
			MovRel3f(0, 115.935, 0)
		EB()
		SB()
			RotRel3f(2.9866, 0, 1, 0)
			RotRel3f(-1.30197, 0, 0, 1)
			Cylinder(3, 2.12132, 115.849)
			MovRel3f(0, 115.849, 0)
		EB()
		SB()
			RotRel3f(1.5708, 0, 1, 0)
			RotRel3f(-1.8762, 0, 0, 1)
			Cylinder(3, 2.12132, 115.839)
			MovRel3f(0, 115.839, 0)
		EB()
		SB()
			RotRel3f(0.321751, 0, 1, 0)
			RotRel3f(-0.392015, 0, 0, 1)
			Cylinder(3, 2.12132, 115.351)
			MovRel3f(0, 115.351, 0)
		EB()
	EB()
	SB()
		RotRel3f(1.13839, 0, 1, 0)
		RotRel3f(0.841266, 0, 0, 1)
		Cylinder(3, 3, 136.012)
		MovRel3f(0, 136.012, 0)
		SB()
			RotRel3f(0, 0, 1, 0)
			RotRel3f(0.017619, 0, 0, 1)
			Cylinder(3, 2.12132, 114.775)
			MovRel3f(0, 114.775, 0)
		EB()
		SB()
			RotRel3f(1.13839, 0, 1, 0)
			RotRel3f(0.840922, 0, 0, 1)
			Cylinder(3, 2.12132, 113.92)
			MovRel3f(0, 113.92, 0)
		EB()
		SB()
			RotRel3f(2.9866, 0, 1, 0)
			RotRel3f(-1.30075, 0, 0, 1)
			Cylinder(3, 2.12132, 113.837)
			MovRel3f(0, 113.837, 0)
		EB()
		SB()
			RotRel3f(1.5708, 0, 1, 0)
			RotRel3f(-1.86564, 0, 0, 1)
			Cylinder(3, 2.12132, 114.341)
			MovRel3f(0, 114.341, 0)
		EB()
		SB()
			RotRel3f(0.321751, 0, 1, 0)
			RotRel3f(-0.390617, 0, 0, 1)
			Cylinder(3, 2.12132, 114.537)
			MovRel3f(0, 114.537, 0)
		EB()
	EB()
	SB()
		RotRel3f(2.9866, 0, 1, 0)
		RotRel3f(-1.30286, 0, 0, 1)
		Cylinder(3, 3, 231.723)
		MovRel3f(0, 231.723, 0)
		SB()
			RotRel3f(0, 0, 1, 0)
			RotRel3f(0.017619, 0, 0, 1)
			Cylinder(3, 2.12132, 195.138)
			MovRel3f(0, 195.138, 0)
		EB()
		SB()
			RotRel3f(1.13839, 0, 1, 0)
			RotRel3f(0.840948, 0, 0, 1)
			Cylinder(3, 2.12132, 194.417)
			MovRel3f(0, 194.417, 0)
		EB()
		SB()
			RotRel3f(2.9866, 0, 1, 0)
			RotRel3f(-1.30745, 0, 0, 1)
			Cylinder(3, 2.12132, 194.853)
			MovRel3f(0, 194.853, 0)
		EB()
		SB()
			RotRel3f(1.5708, 0, 1, 0)
			RotRel3f(-1.87841, 0, 0, 1)
			Cylinder(3, 2.12132, 194.74)
			MovRel3f(0, 194.74, 0)
		EB()
		SB()
			RotRel3f(0.321751, 0, 1, 0)
			RotRel3f(-0.385367, 0, 0, 1)
			Cylinder(3, 2.12132, 195.215)
			MovRel3f(0, 195.215, 0)
		EB()
	EB()
	SB()
		RotRel3f(1.5708, 0, 1, 0)
		RotRel3f(-1.87996, 0, 0, 1)
		Cylinder(3, 3, 199.852)
		MovRel3f(0, 199.852, 0)
		SB()
			RotRel3f(0, 0, 1, 0)
			RotRel3f(0.017619, 0, 0, 1)
			Cylinder(3, 2.12132, 167.915)
			MovRel3f(0, 167.915, 0)
		EB()
		SB()
			RotRel3f(1.13839, 0, 1, 0)
			RotRel3f(0.839086, 0, 0, 1)
			Cylinder(3, 2.12132, 168)
			MovRel3f(0, 168, 0)
		EB()
		SB()
			RotRel3f(2.9866, 0, 1, 0)
			RotRel3f(-1.30777, 0, 0, 1)
			Cylinder(3, 2.12132, 167.998)
			MovRel3f(0, 167.998, 0)
		EB()
		SB()
			RotRel3f(1.5708, 0, 1, 0)
			RotRel3f(-1.86443, 0, 0, 1)
			Cylinder(3, 2.12132, 167.622)
			MovRel3f(0, 167.622, 0)
		EB()
		SB()
			RotRel3f(0.321751, 0, 1, 0)
			RotRel3f(-0.386157, 0, 0, 1)
			Cylinder(3, 2.12132, 167.693)
			MovRel3f(0, 167.693, 0)
		EB()
	EB()
	SB()
		RotRel3f(0.321751, 0, 1, 0)
		RotRel3f(-0.377172, 0, 0, 1)
		Cylinder(3, 3, 112.612)
		MovRel3f(0, 112.612, 0)
		SB()
			RotRel3f(0, 0, 1, 0)
			RotRel3f(0.017619, 0, 0, 1)
			Cylinder(3, 2.12132, 94.7342)
			MovRel3f(0, 94.7342, 0)
		EB()
		SB()
			RotRel3f(1.13839, 0, 1, 0)
			RotRel3f(0.841904, 0, 0, 1)
			Cylinder(3, 2.12132, 94.7229)
			MovRel3f(0, 94.7229, 0)
		EB()
		SB()
			RotRel3f(2.9866, 0, 1, 0)
			RotRel3f(-1.30482, 0, 0, 1)
			Cylinder(3, 2.12132, 94.9792)
			MovRel3f(0, 94.9792, 0)
		EB()
		SB()
			RotRel3f(1.5708, 0, 1, 0)
			RotRel3f(-1.87258, 0, 0, 1)
			Cylinder(3, 2.12132, 94.988)
			MovRel3f(0, 94.988, 0)
		EB()
		SB()
			RotRel3f(0.321751, 0, 1, 0)
			RotRel3f(-0.387606, 0, 0, 1)
			Cylinder(3, 2.12132, 94.8746)
			MovRel3f(0, 94.8746, 0)
		EB()
	EB()
EB()
