LST 0.1

SB()
	RotRel3f(0, 0, 1, 0)
	RotRel3f(-0.334521, 0, 0, 1)
	Cylinder(9, 9, 68.0348)
	MovRel3f(0, 68.0348, 0)
	RotRel3f(0.248955, 0, 0, 1)
	Cylinder(9, 9, 55.4426)
	MovRel3f(0, 55.4426, 0)
	RotRel3f(0.264989, 0, 0, 1)
	Cylinder(9, 9, 40.1642)
	MovRel3f(0, 40.1642, 0)
	RotRel3f(-0.0577129, 0, 0, 1)
	Cylinder(9, 9, 38.3812)
	MovRel3f(0, 38.3812, 0)
	Cylinder(9, 9, 32.219)
	MovRel3f(0, 32.219, 0)
	SB()
		RotRel3f(2.39335, 0, 1, 0)
		RotRel3f(0.567576, 0, 0, 1)
		Cylinder(9, 8.73038, 25.1586)
		MovRel3f(0, 25.1586, 0)
		RotRel3f(0.161064, 0, 0, 1)
		Cylinder(8.73038, 8.47665, 23.6761)
		MovRel3f(0, 23.6761, 0)
		Cylinder(8.47665, 8.27912, 18.4317)
		MovRel3f(0, 18.4317, 0)
		Cylinder(8.27912, 8.09591, 17.0956)
		MovRel3f(0, 17.0956, 0)
		RotRel3f(0.223085, 0, 0, 1)
		Cylinder(8.09591, 7.97244, 11.521)
		MovRel3f(0, 11.521, 0)
		Cylinder(7.97244, 7.72467, 23.1202)
		MovRel3f(0, 23.1202, 0)
		RotRel3f(-0.314598, 0, 0, 1)
		Cylinder(7.72467, 7.27843, 41.6393)
		MovRel3f(0, 41.6393, 0)
		RotRel3f(0.0375811, 0, 0, 1)
		Cylinder(7.27843, 7, 25.9808)
		MovRel3f(0, 25.9808, 0)
		SB()
			RotRel3f(2.39335, 0, 1, 0)
			RotRel3f(0.576199, 0, 0, 1)
			Cylinder(7, 6.34037, 50.3544)
			MovRel3f(0, 50.3544, 0)
			RotRel3f(0.161064, 0, 0, 1)
			Cylinder(6.34037, 6.18173, 12.1105)
			MovRel3f(0, 12.1105, 0)
			Cylinder(6.18173, 6.11082, 5.41261)
			MovRel3f(0, 5.41261, 0)
			RotRel3f(0.0713499, 0, 0, 1)
			Cylinder(6.11082, 5.86508, 18.7594)
			MovRel3f(0, 18.7594, 0)
			Cylinder(5.86508, 5.52445, 26.003)
			MovRel3f(0, 26.003, 0)
			RotRel3f(0.179637, 0, 0, 1)
			Cylinder(5.52445, 5.01483, 38.9028)
			MovRel3f(0, 38.9028, 0)
			RotRel3f(0.161064, 0, 0, 1)
			Cylinder(5.01483, 4.94975, 4.96844)
			MovRel3f(0, 4.96844, 0)
			SB()
				RotRel3f(2.39335, 0, 1, 0)
				RotRel3f(0.577536, 0, 0, 1)
				Cylinder(4.94975, 4.69606, 23.0905)
				MovRel3f(0, 23.0905, 0)
				RotRel3f(0.20272, 0, 0, 1)
				Cylinder(4.69606, 4.29792, 36.2391)
				MovRel3f(0, 36.2391, 0)
				RotRel3f(0.497893, 0, 0, 1)
				Cylinder(4.29792, 4.05497, 22.1133)
				MovRel3f(0, 22.1133, 0)
				RotRel3f(0.199679, 0, 0, 1)
				Cylinder(4.05497, 3.80608, 22.6544)
				MovRel3f(0, 22.6544, 0)
				RotRel3f(-0.0870176, 0, 0, 1)
				Cylinder(3.80608, 3.64318, 14.8266)
				MovRel3f(0, 14.8266, 0)
				Cylinder(3.64318, 3.5, 13.0325)
				MovRel3f(0, 13.0325, 0)
			EB()
			SB()
				RotRel3f(0.250608, 0, 1, 0)
				RotRel3f(0.539069, 0, 0, 1)
				Cylinder(4.94975, 4.41702, 48.5771)
				MovRel3f(0, 48.5771, 0)
				RotRel3f(0.668927, 0, 0, 1)
				Cylinder(4.41702, 3.90665, 46.5382)
				MovRel3f(0, 46.5382, 0)
				Cylinder(3.90665, 3.82069, 7.83844)
				MovRel3f(0, 7.83844, 0)
				RotRel3f(-0.688741, 0, 0, 1)
				Cylinder(3.82069, 3.5, 29.2425)
				MovRel3f(0, 29.2425, 0)
			EB()
		EB()
		SB()
			RotRel3f(0.250608, 0, 1, 0)
			RotRel3f(0.541729, 0, 0, 1)
			Cylinder(7, 6.25564, 57.282)
			MovRel3f(0, 57.282, 0)
			Cylinder(6.25564, 6.10677, 11.4565)
			MovRel3f(0, 11.4565, 0)
			RotRel3f(0.133506, 0, 0, 1)
			Cylinder(6.10677, 5.53168, 44.2564)
			MovRel3f(0, 44.2564, 0)
			RotRel3f(0.137408, 0, 0, 1)
			Cylinder(5.53168, 4.95658, 44.2564)
			MovRel3f(0, 44.2564, 0)
			RotRel3f(0.138493, 0, 0, 1)
			Cylinder(4.95658, 4.94975, 0.526031)
			MovRel3f(0, 0.526031, 0)
			SB()
				RotRel3f(2.39335, 0, 1, 0)
				RotRel3f(0.584414, 0, 0, 1)
				Cylinder(4.94975, 4.80657, 13.0479)
				MovRel3f(0, 13.0479, 0)
				RotRel3f(0.309132, 0, 0, 1)
				Cylinder(4.80657, 4.80657, 2.19046e-07)
				MovRel3f(0, 2.19046e-07, 0)
				Cylinder(4.80657, 4.63608, 15.5364)
				MovRel3f(0, 15.5364, 0)
				Cylinder(4.63608, 4.44851, 17.0923)
				MovRel3f(0, 17.0923, 0)
				RotRel3f(0.345685, 0, 0, 1)
				Cylinder(4.44851, 4.19983, 22.6616)
				MovRel3f(0, 22.6616, 0)
				Cylinder(4.19983, 4.15442, 4.13825)
				MovRel3f(0, 4.13825, 0)
				RotRel3f(-0.161064, 0, 0, 1)
				Cylinder(4.15442, 3.80795, 31.5728)
				MovRel3f(0, 31.5728, 0)
				RotRel3f(0.104743, 0, 0, 1)
				Cylinder(3.80795, 3.5, 28.0623)
				MovRel3f(0, 28.0623, 0)
			EB()
			SB()
				RotRel3f(0.250608, 0, 1, 0)
				RotRel3f(0.538365, 0, 0, 1)
				Cylinder(4.94975, 4.47644, 43.3726)
				MovRel3f(0, 43.3726, 0)
				RotRel3f(0.675044, 0, 0, 1)
				Cylinder(4.47644, 4.45247, 2.19652)
				MovRel3f(0, 2.19652, 0)
				Cylinder(4.45247, 3.96191, 44.9538)
				MovRel3f(0, 44.9538, 0)
				RotRel3f(-0.688611, 0, 0, 1)
				Cylinder(3.96191, 3.73684, 20.6251)
				MovRel3f(0, 20.6251, 0)
				Cylinder(3.73684, 3.5, 21.7036)
				MovRel3f(0, 21.7036, 0)
			EB()
		EB()
	EB()
	SB()
		RotRel3f(0.250608, 0, 1, 0)
		RotRel3f(0.536748, 0, 0, 1)
		Cylinder(9, 8.439, 48.6111)
		MovRel3f(0, 48.6111, 0)
		RotRel3f(0.677097, 0, 0, 1)
		Cylinder(8.439, 8.14888, 25.1397)
		MovRel3f(0, 25.1397, 0)
		Cylinder(8.14888, 7.81913, 28.5731)
		MovRel3f(0, 28.5731, 0)
		RotRel3f(-0.675063, 0, 0, 1)
		Cylinder(7.81913, 7.22989, 51.0583)
		MovRel3f(0, 51.0583, 0)
		RotRel3f(0.135139, 0, 0, 1)
		Cylinder(7.22989, 7, 19.9201)
		MovRel3f(0, 19.9201, 0)
		SB()
			RotRel3f(2.39335, 0, 1, 0)
			RotRel3f(0.585468, 0, 0, 1)
			Cylinder(7, 6.77898, 15.7423)
			MovRel3f(0, 15.7423, 0)
			RotRel3f(0.696021, 0, 0, 1)
			Cylinder(6.77898, 6.50784, 19.3124)
			MovRel3f(0, 19.3124, 0)
			RotRel3f(0.318925, 0, 0, 1)
			Cylinder(6.50784, 6.12787, 27.0643)
			MovRel3f(0, 27.0643, 0)
			RotRel3f(-0.036103, 0, 0, 1)
			Cylinder(6.12787, 5.66612, 32.8895)
			MovRel3f(0, 32.8895, 0)
			RotRel3f(-0.0664228, 0, 0, 1)
			Cylinder(5.66612, 5.15224, 36.6018)
			MovRel3f(0, 36.6018, 0)
			Cylinder(5.15224, 5.09212, 4.28191)
			MovRel3f(0, 4.28191, 0)
			RotRel3f(-0.232176, 0, 0, 1)
			Cylinder(5.09212, 4.94975, 10.1409)
			MovRel3f(0, 10.1409, 0)
			SB()
				RotRel3f(2.39335, 0, 1, 0)
				RotRel3f(0.578358, 0, 0, 1)
				Cylinder(4.94975, 4.62854, 27.0793)
				MovRel3f(0, 27.0793, 0)
				RotRel3f(0.416367, 0, 0, 1)
				Cylinder(4.62854, 4.3267, 25.4454)
				MovRel3f(0, 25.4454, 0)
				RotRel3f(0.161064, 0, 0, 1)
				Cylinder(4.3267, 3.92032, 34.2593)
				MovRel3f(0, 34.2593, 0)
				RotRel3f(-0.123409, 0, 0, 1)
				Cylinder(3.92032, 3.64318, 23.3637)
				MovRel3f(0, 23.3637, 0)
				Cylinder(3.64318, 3.5476, 8.05832)
				MovRel3f(0, 8.05832, 0)
				RotRel3f(-0.161064, 0, 0, 1)
				Cylinder(3.5476, 3.5, 4.01246)
				MovRel3f(0, 4.01246, 0)
			EB()
			SB()
				RotRel3f(0.250608, 0, 1, 0)
				RotRel3f(0.535484, 0, 0, 1)
				Cylinder(4.94975, 4.42272, 44.5994)
				MovRel3f(0, 44.5994, 0)
				Cylinder(4.42272, 4.31814, 8.8502)
				MovRel3f(0, 8.8502, 0)
				RotRel3f(0.135444, 0, 0, 1)
				Cylinder(4.31814, 3.78988, 44.7041)
				MovRel3f(0, 44.7041, 0)
				RotRel3f(0.133894, 0, 0, 1)
				Cylinder(3.78988, 3.5, 24.5306)
				MovRel3f(0, 24.5306, 0)
			EB()
		EB()
		SB()
			RotRel3f(0.250608, 0, 1, 0)
			RotRel3f(0.540476, 0, 0, 1)
			Cylinder(7, 6.14525, 60.6301)
			MovRel3f(0, 60.6301, 0)
			RotRel3f(0.681633, 0, 0, 1)
			Cylinder(6.14525, 5.78165, 25.7917)
			MovRel3f(0, 25.7917, 0)
			Cylinder(5.78165, 5.25202, 37.568)
			MovRel3f(0, 37.568, 0)
			RotRel3f(-0.679171, 0, 0, 1)
			Cylinder(5.25202, 4.94975, 21.4413)
			MovRel3f(0, 21.4413, 0)
			SB()
				RotRel3f(2.39335, 0, 1, 0)
				RotRel3f(0.571856, 0, 0, 1)
				Cylinder(4.94975, 4.73131, 18.4579)
				MovRel3f(0, 18.4579, 0)
				RotRel3f(0.201506, 0, 0, 1)
				Cylinder(4.73131, 4.373, 30.2777)
				MovRel3f(0, 30.2777, 0)
				RotRel3f(0.512329, 0, 0, 1)
				Cylinder(4.373, 4.05717, 26.6875)
				MovRel3f(0, 26.6875, 0)
				RotRel3f(-0.0924545, 0, 0, 1)
				Cylinder(4.05717, 3.80749, 21.0981)
				MovRel3f(0, 21.0981, 0)
				RotRel3f(-0.094605, 0, 0, 1)
				Cylinder(3.80749, 3.64318, 13.8838)
				MovRel3f(0, 13.8838, 0)
				Cylinder(3.64318, 3.5, 12.099)
				MovRel3f(0, 12.099, 0)
			EB()
			SB()
				RotRel3f(0.250608, 0, 1, 0)
				RotRel3f(0.532977, 0, 0, 1)
				Cylinder(4.94975, 4.5431, 34.1936)
				MovRel3f(0, 34.1936, 0)
				RotRel3f(0.671349, 0, 0, 1)
				Cylinder(4.5431, 4.5431, 3.36905e-07)
				MovRel3f(0, 3.36905e-07, 0)
				Cylinder(4.5431, 4.06136, 40.5067)
				MovRel3f(0, 40.5067, 0)
				RotRel3f(-0.670011, 0, 0, 1)
				Cylinder(4.06136, 3.81483, 20.7299)
				MovRel3f(0, 20.7299, 0)
				Cylinder(3.81483, 3.65471, 13.4637)
				MovRel3f(0, 13.4637, 0)
				RotRel3f(0.689429, 0, 0, 1)
				Cylinder(3.65471, 3.5, 13.0088)
				MovRel3f(0, 13.0088, 0)
			EB()
		EB()
	EB()
EB()
