LST 0.1

SB()
	RotRel3f(0, 0, 1, 0)
	RotRel3f(0.0184702, 0, 0, 1)
	Cylinder(3, 3, 150.876)
	MovRel3f(0, 150.876, 0)
	SB()
		RotRel3f(2.46685, 0, 1, 0)
		RotRel3f(0.755935, 0, 0, 1)
		Cylinder(3, 3, 123.297)
		MovRel3f(0, 123.297, 0)
		SB()
			RotRel3f(2.46685, 0, 1, 0)
			RotRel3f(0.753016, 0, 0, 1)
			Cylinder(3, 2.12132, 103.32)
			MovRel3f(0, 103.32, 0)
			SB()
				RotRel3f(2.46685, 0, 1, 0)
				RotRel3f(0.752152, 0, 0, 1)
				Cylinder(2.12132, 1.5, 86.7311)
				MovRel3f(0, 86.7311, 0)
				SB()
					RotRel3f(2.46685, 0, 1, 0)
					RotRel3f(0.754805, 0, 0, 1)
					Cylinder(1.5, 1.06066, 72.7512)
					MovRel3f(0, 72.7512, 0)
				EB()
				SB()
					RotRel3f(1.39094, 0, 1, 0)
					RotRel3f(-0.564385, 0, 0, 1)
					Cylinder(1.5, 1.06066, 73.1002)
					MovRel3f(0, 73.1002, 0)
				EB()
			EB()
			SB()
				RotRel3f(1.39094, 0, 1, 0)
				RotRel3f(-0.567836, 0, 0, 1)
				Cylinder(2.12132, 1.5, 86.8818)
				MovRel3f(0, 86.8818, 0)
				SB()
					RotRel3f(2.46685, 0, 1, 0)
					RotRel3f(0.751404, 0, 0, 1)
					Cylinder(1.5, 1.06066, 72.8479)
					MovRel3f(0, 72.8479, 0)
				EB()
				SB()
					RotRel3f(1.39094, 0, 1, 0)
					RotRel3f(-0.560339, 0, 0, 1)
					Cylinder(1.5, 1.06066, 73.0023)
					MovRel3f(0, 73.0023, 0)
				EB()
			EB()
		EB()
		SB()
			RotRel3f(1.39094, 0, 1, 0)
			RotRel3f(-0.559593, 0, 0, 1)
			Cylinder(3, 2.12132, 103.822)
			MovRel3f(0, 103.822, 0)
			SB()
				RotRel3f(2.46685, 0, 1, 0)
				RotRel3f(0.752484, 0, 0, 1)
				Cylinder(2.12132, 1.5, 87.4772)
				MovRel3f(0, 87.4772, 0)
				SB()
					RotRel3f(2.46685, 0, 1, 0)
					RotRel3f(0.752885, 0, 0, 1)
					Cylinder(1.5, 1.06066, 73.6012)
					MovRel3f(0, 73.6012, 0)
				EB()
				SB()
					RotRel3f(1.39094, 0, 1, 0)
					RotRel3f(-0.558821, 0, 0, 1)
					Cylinder(1.5, 1.06066, 73.5733)
					MovRel3f(0, 73.5733, 0)
				EB()
			EB()
			SB()
				RotRel3f(1.39094, 0, 1, 0)
				RotRel3f(-0.562256, 0, 0, 1)
				Cylinder(2.12132, 1.5, 87.1918)
				MovRel3f(0, 87.1918, 0)
				SB()
					RotRel3f(2.46685, 0, 1, 0)
					RotRel3f(0.754811, 0, 0, 1)
					Cylinder(1.5, 1.06066, 73.2532)
					MovRel3f(0, 73.2532, 0)
				EB()
				SB()
					RotRel3f(1.39094, 0, 1, 0)
					RotRel3f(-0.555549, 0, 0, 1)
					Cylinder(1.5, 1.06066, 73.2503)
					MovRel3f(0, 73.2503, 0)
				EB()
			EB()
		EB()
	EB()
	SB()
		RotRel3f(1.39094, 0, 1, 0)
		RotRel3f(-0.553042, 0, 0, 1)
		Cylinder(3, 3, 111.471)
		MovRel3f(0, 111.471, 0)
		SB()
			RotRel3f(2.46685, 0, 1, 0)
			RotRel3f(0.751703, 0, 0, 1)
			Cylinder(3, 2.12132, 93.4608)
			MovRel3f(0, 93.4608, 0)
			SB()
				RotRel3f(2.46685, 0, 1, 0)
				RotRel3f(0.752425, 0, 0, 1)
				Cylinder(2.12132, 1.5, 78.6316)
				MovRel3f(0, 78.6316, 0)
				SB()
					RotRel3f(2.46685, 0, 1, 0)
					RotRel3f(0.750904, 0, 0, 1)
					Cylinder(1.5, 1.06066, 66.2758)
					MovRel3f(0, 66.2758, 0)
				EB()
				SB()
					RotRel3f(1.39094, 0, 1, 0)
					RotRel3f(-0.553042, 0, 0, 1)
					Cylinder(1.5, 1.06066, 66.2596)
					MovRel3f(0, 66.2596, 0)
				EB()
			EB()
			SB()
				RotRel3f(1.39094, 0, 1, 0)
				RotRel3f(-0.557137, 0, 0, 1)
				Cylinder(2.12132, 1.5, 78.4462)
				MovRel3f(0, 78.4462, 0)
				SB()
					RotRel3f(2.46685, 0, 1, 0)
					RotRel3f(0.7533, 0, 0, 1)
					Cylinder(1.5, 1.06066, 65.8977)
					MovRel3f(0, 65.8977, 0)
				EB()
				SB()
					RotRel3f(1.39094, 0, 1, 0)
					RotRel3f(-0.563368, 0, 0, 1)
					Cylinder(1.5, 1.06066, 65.8186)
					MovRel3f(0, 65.8186, 0)
				EB()
			EB()
		EB()
		SB()
			RotRel3f(1.39094, 0, 1, 0)
			RotRel3f(-0.562488, 0, 0, 1)
			Cylinder(3, 2.12132, 93.6403)
			MovRel3f(0, 93.6403, 0)
			SB()
				RotRel3f(2.46685, 0, 1, 0)
				RotRel3f(0.754092, 0, 0, 1)
				Cylinder(2.12132, 1.5, 78.6639)
				MovRel3f(0, 78.6639, 0)
				SB()
					RotRel3f(2.46685, 0, 1, 0)
					RotRel3f(0.752852, 0, 0, 1)
					Cylinder(1.5, 1.06066, 65.9239)
					MovRel3f(0, 65.9239, 0)
				EB()
				SB()
					RotRel3f(1.39094, 0, 1, 0)
					RotRel3f(-0.565247, 0, 0, 1)
					Cylinder(1.5, 1.06066, 66.3515)
					MovRel3f(0, 66.3515, 0)
				EB()
			EB()
			SB()
				RotRel3f(1.39094, 0, 1, 0)
				RotRel3f(-0.557687, 0, 0, 1)
				Cylinder(2.12132, 1.5, 78.9772)
				MovRel3f(0, 78.9772, 0)
				SB()
					RotRel3f(2.46685, 0, 1, 0)
					RotRel3f(0.755316, 0, 0, 1)
					Cylinder(1.5, 1.06066, 66.6106)
					MovRel3f(0, 66.6106, 0)
				EB()
				SB()
					RotRel3f(1.39094, 0, 1, 0)
					RotRel3f(-0.562964, 0, 0, 1)
					Cylinder(1.5, 1.06066, 66.551)
					MovRel3f(0, 66.551, 0)
				EB()
			EB()
		EB()
	EB()
EB()
