LST 0.1

SB()
	RotRel3f(0, 0, 1, 0)
	RotRel3f(0.0405751, 0, 0, 1)
	Cylinder(3, 3, 205.547)
	MovRel3f(0, 205.547, 0)
	SB()
		RotRel3f(2.89661, 0, 1, 0)
		RotRel3f(-0.61824, 0, 0, 1)
		Cylinder(3, 3, 7.63471)
		MovRel3f(0, 7.63471, 0)
		SB()
			RotRel3f(1.05165, 0, 1, 0)
			RotRel3f(0.90681, 0, 0, 1)
			Cylinder(3, 3, 3.86839)
			MovRel3f(0, 3.86839, 0)
			SB()
				RotRel3f(1.05165, 0, 1, 0)
				RotRel3f(0.901378, 0, 0, 1)
				Cylinder(2.12132, 2.06499, 3.83995)
				MovRel3f(0, 3.83995, 0)
				Cylinder(2.06499, 1.5, 38.515)
				MovRel3f(0, 38.515, 0)
			EB()
			SB()
				RotRel3f(2.37841, 0, 1, 0)
				RotRel3f(-0.908364, 0, 0, 1)
				Cylinder(2.12132, 2.07518, 3.14637)
				MovRel3f(0, 3.14637, 0)
				Cylinder(2.07518, 1.5, 39.2228)
				MovRel3f(0, 39.2228, 0)
			EB()
			Cylinder(3, 3, 55.962)
			MovRel3f(0, 55.962, 0)
		EB()
		SB()
			RotRel3f(2.37841, 0, 1, 0)
			RotRel3f(-0.89985, 0, 0, 1)
			Cylinder(3, 3, 6.71854)
			MovRel3f(0, 6.71854, 0)
			SB()
				RotRel3f(1.05165, 0, 1, 0)
				RotRel3f(0.902494, 0, 0, 1)
				Cylinder(2.12132, 2.05807, 4.27551)
				MovRel3f(0, 4.27551, 0)
				Cylinder(2.05807, 1.5, 37.7226)
				MovRel3f(0, 37.7226, 0)
			EB()
			SB()
				RotRel3f(2.37841, 0, 1, 0)
				RotRel3f(-0.906039, 0, 0, 1)
				Cylinder(2.12132, 2.04153, 5.37738)
				MovRel3f(0, 5.37738, 0)
				Cylinder(2.04153, 1.5, 36.497)
				MovRel3f(0, 36.497, 0)
			EB()
			Cylinder(3, 3, 52.6386)
			MovRel3f(0, 52.6386, 0)
		EB()
		Cylinder(3, 3, 67.8625)
		MovRel3f(0, 67.8625, 0)
	EB()
	SB()
		RotRel3f(1.9614, 0, 1, 0)
		RotRel3f(-0.929655, 0, 0, 1)
		Cylinder(3, 3, 5.62004)
		MovRel3f(0, 5.62004, 0)
		SB()
			RotRel3f(1.05165, 0, 1, 0)
			RotRel3f(0.909301, 0, 0, 1)
			Cylinder(3, 3, 6.78474)
			MovRel3f(0, 6.78474, 0)
			SB()
				RotRel3f(1.05165, 0, 1, 0)
				RotRel3f(0.90694, 0, 0, 1)
				Cylinder(2.12132, 2.08139, 2.81457)
				MovRel3f(0, 2.81457, 0)
				Cylinder(2.08139, 1.5, 40.9825)
				MovRel3f(0, 40.9825, 0)
			EB()
			SB()
				RotRel3f(2.37841, 0, 1, 0)
				RotRel3f(-0.897819, 0, 0, 1)
				Cylinder(2.12132, 2.04364, 5.48818)
				MovRel3f(0, 5.48818, 0)
				Cylinder(2.04364, 1.5, 38.4079)
				MovRel3f(0, 38.4079, 0)
			EB()
			Cylinder(3, 3, 55.442)
			MovRel3f(0, 55.442, 0)
		EB()
		SB()
			RotRel3f(2.37841, 0, 1, 0)
			RotRel3f(-0.8973, 0, 0, 1)
			Cylinder(3, 3, 5.70803)
			MovRel3f(0, 5.70803, 0)
			SB()
				RotRel3f(1.05165, 0, 1, 0)
				RotRel3f(0.893563, 0, 0, 1)
				Cylinder(2.12132, 2.08214, 2.74904)
				MovRel3f(0, 2.74904, 0)
				Cylinder(2.08214, 1.5, 40.8446)
				MovRel3f(0, 40.8446, 0)
			EB()
			SB()
				RotRel3f(2.37841, 0, 1, 0)
				RotRel3f(-0.902979, 0, 0, 1)
				Cylinder(2.12132, 2.06721, 3.82737)
				MovRel3f(0, 3.82737, 0)
				Cylinder(2.06721, 1.5, 40.1184)
				MovRel3f(0, 40.1184, 0)
			EB()
			Cylinder(3, 3, 56.2753)
			MovRel3f(0, 56.2753, 0)
		EB()
		Cylinder(3, 3, 73.0772)
		MovRel3f(0, 73.0772, 0)
	EB()
	SB()
		RotRel3f(0, 0, 1, 0)
		RotRel3f(-0.0489637, 0, 0, 1)
		Cylinder(3, 3, 3.38996)
		MovRel3f(0, 3.38996, 0)
		SB()
			RotRel3f(1.05165, 0, 1, 0)
			RotRel3f(0.901122, 0, 0, 1)
			Cylinder(3, 3, 6.71712)
			MovRel3f(0, 6.71712, 0)
			SB()
				RotRel3f(1.05165, 0, 1, 0)
				RotRel3f(0.896385, 0, 0, 1)
				Cylinder(2.12132, 2.06332, 4.12256)
				MovRel3f(0, 4.12256, 0)
				Cylinder(2.06332, 1.5, 40.0428)
				MovRel3f(0, 40.0428, 0)
			EB()
			SB()
				RotRel3f(2.37841, 0, 1, 0)
				RotRel3f(-0.910909, 0, 0, 1)
				Cylinder(2.12132, 2.05291, 4.84318)
				MovRel3f(0, 4.84318, 0)
				Cylinder(2.05291, 1.5, 39.1409)
				MovRel3f(0, 39.1409, 0)
			EB()
			Cylinder(3, 3, 55.5932)
			MovRel3f(0, 55.5932, 0)
		EB()
		SB()
			RotRel3f(2.37841, 0, 1, 0)
			RotRel3f(-0.899398, 0, 0, 1)
			Cylinder(3, 3, 5.44183)
			MovRel3f(0, 5.44183, 0)
			SB()
				RotRel3f(1.05165, 0, 1, 0)
				RotRel3f(0.907421, 0, 0, 1)
				Cylinder(2.12132, 2.05184, 4.92696)
				MovRel3f(0, 4.92696, 0)
				Cylinder(2.05184, 1.5, 39.1292)
				MovRel3f(0, 39.1292, 0)
			EB()
			SB()
				RotRel3f(2.37841, 0, 1, 0)
				RotRel3f(-0.896664, 0, 0, 1)
				Cylinder(2.12132, 2.06849, 3.74909)
				MovRel3f(0, 3.74909, 0)
				Cylinder(2.06849, 1.5, 40.3454)
				MovRel3f(0, 40.3454, 0)
			EB()
			Cylinder(3, 3, 56.7647)
			MovRel3f(0, 56.7647, 0)
		EB()
		Cylinder(3, 3, 75.8714)
		MovRel3f(0, 75.8714, 0)
	EB()
	SB()
		RotRel3f(3.04512, 0, 1, 0)
		RotRel3f(1.38586, 0, 0, 1)
		Cylinder(3, 3, 6.62587)
		MovRel3f(0, 6.62587, 0)
		SB()
			RotRel3f(1.05165, 0, 1, 0)
			RotRel3f(0.90119, 0, 0, 1)
			Cylinder(3, 3, 8.44749)
			MovRel3f(0, 8.44749, 0)
			SB()
				RotRel3f(1.05165, 0, 1, 0)
				RotRel3f(0.903797, 0, 0, 1)
				Cylinder(2.12132, 2.06252, 5.22313)
				MovRel3f(0, 5.22313, 0)
				Cylinder(2.06252, 1.5, 49.9656)
				MovRel3f(0, 49.9656, 0)
			EB()
			SB()
				RotRel3f(2.37841, 0, 1, 0)
				RotRel3f(-0.905827, 0, 0, 1)
				Cylinder(2.12132, 2.04522, 6.76864)
				MovRel3f(0, 6.76864, 0)
				Cylinder(2.04522, 1.5, 48.4969)
				MovRel3f(0, 48.4969, 0)
			EB()
			Cylinder(3, 3, 69.6658)
			MovRel3f(0, 69.6658, 0)
		EB()
		SB()
			RotRel3f(2.37841, 0, 1, 0)
			RotRel3f(-0.899828, 0, 0, 1)
			Cylinder(3, 3, 6.30263)
			MovRel3f(0, 6.30263, 0)
			SB()
				RotRel3f(1.05165, 0, 1, 0)
				RotRel3f(0.903971, 0, 0, 1)
				Cylinder(2.12132, 2.09867, 2.01809)
				MovRel3f(0, 2.01809, 0)
				Cylinder(2.09867, 1.5, 53.3426)
				MovRel3f(0, 53.3426, 0)
			EB()
			SB()
				RotRel3f(2.37841, 0, 1, 0)
				RotRel3f(-0.901391, 0, 0, 1)
				Cylinder(2.12132, 2.05926, 5.50964)
				MovRel3f(0, 5.50964, 0)
				Cylinder(2.05926, 1.5, 49.6489)
				MovRel3f(0, 49.6489, 0)
			EB()
			Cylinder(3, 3, 71.6737)
			MovRel3f(0, 71.6737, 0)
		EB()
		Cylinder(3, 3, 103.57)
		MovRel3f(0, 103.57, 0)
	EB()
	SB()
		RotRel3f(1.17056, 0, 1, 0)
		RotRel3f(-1.42499, 0, 0, 1)
		Cylinder(3, 3, 5.71053)
		MovRel3f(0, 5.71053, 0)
		SB()
			RotRel3f(1.05165, 0, 1, 0)
			RotRel3f(0.89229, 0, 0, 1)
			Cylinder(3, 3, 7.75778)
			MovRel3f(0, 7.75778, 0)
			SB()
				RotRel3f(1.05165, 0, 1, 0)
				RotRel3f(0.895279, 0, 0, 1)
				Cylinder(2.12132, 2.08223, 3.4571)
				MovRel3f(0, 3.4571, 0)
				Cylinder(2.08223, 1.5, 51.4864)
				MovRel3f(0, 51.4864, 0)
			EB()
			SB()
				RotRel3f(2.37841, 0, 1, 0)
				RotRel3f(-0.898837, 0, 0, 1)
				Cylinder(2.12132, 2.08285, 3.4002)
				MovRel3f(0, 3.4002, 0)
				Cylinder(2.08285, 1.5, 51.5148)
				MovRel3f(0, 51.5148, 0)
			EB()
			Cylinder(3, 3, 69.8797)
			MovRel3f(0, 69.8797, 0)
		EB()
		SB()
			RotRel3f(2.37841, 0, 1, 0)
			RotRel3f(-0.899416, 0, 0, 1)
			Cylinder(3, 3, 7.62369)
			MovRel3f(0, 7.62369, 0)
			SB()
				RotRel3f(1.05165, 0, 1, 0)
				RotRel3f(0.904599, 0, 0, 1)
				Cylinder(2.12132, 2.07762, 3.82766)
				MovRel3f(0, 3.82766, 0)
				Cylinder(2.07762, 1.5, 50.5946)
				MovRel3f(0, 50.5946, 0)
			EB()
			SB()
				RotRel3f(2.37841, 0, 1, 0)
				RotRel3f(-0.900979, 0, 0, 1)
				Cylinder(2.12132, 2.0765, 3.94168)
				MovRel3f(0, 3.94168, 0)
				Cylinder(2.0765, 1.5, 50.6947)
				MovRel3f(0, 50.6947, 0)
			EB()
			Cylinder(3, 3, 69.5497)
			MovRel3f(0, 69.5497, 0)
		EB()
		Cylinder(3, 3, 92.5013)
		MovRel3f(0, 92.5013, 0)
	EB()
	SB()
		RotRel3f(1.83379, 0, 1, 0)
		RotRel3f(1.14245, 0, 0, 1)
		Cylinder(3, 3, 13.1247)
		MovRel3f(0, 13.1247, 0)
		SB()
			RotRel3f(1.05165, 0, 1, 0)
			RotRel3f(0.893525, 0, 0, 1)
			Cylinder(3, 3, 2.40201)
			MovRel3f(0, 2.40201, 0)
			SB()
				RotRel3f(1.05165, 0, 1, 0)
				RotRel3f(0.910557, 0, 0, 1)
				Cylinder(2.12132, 2.05931, 5.5358)
				MovRel3f(0, 5.5358, 0)
				Cylinder(2.05931, 1.5, 49.9265)
				MovRel3f(0, 49.9265, 0)
			EB()
			SB()
				RotRel3f(2.37841, 0, 1, 0)
				RotRel3f(-0.898749, 0, 0, 1)
				Cylinder(2.12132, 2.05771, 5.64226)
				MovRel3f(0, 5.64226, 0)
				Cylinder(2.05771, 1.5, 49.468)
				MovRel3f(0, 49.468, 0)
			EB()
			Cylinder(3, 3, 75.708)
			MovRel3f(0, 75.708, 0)
		EB()
		SB()
			RotRel3f(2.37841, 0, 1, 0)
			RotRel3f(-0.898394, 0, 0, 1)
			Cylinder(3, 3, 6.37872)
			MovRel3f(0, 6.37872, 0)
			SB()
				RotRel3f(1.05165, 0, 1, 0)
				RotRel3f(0.89229, 0, 0, 1)
				Cylinder(2.12132, 2.08283, 3.41445)
				MovRel3f(0, 3.41445, 0)
				Cylinder(2.08283, 1.5, 51.7075)
				MovRel3f(0, 51.7075, 0)
			EB()
			SB()
				RotRel3f(2.37841, 0, 1, 0)
				RotRel3f(-0.900424, 0, 0, 1)
				Cylinder(2.12132, 2.06992, 4.55413)
				MovRel3f(0, 4.55413, 0)
				Cylinder(2.06992, 1.5, 50.493)
				MovRel3f(0, 50.493, 0)
			EB()
			Cylinder(3, 3, 71.5897)
			MovRel3f(0, 71.5897, 0)
		EB()
		Cylinder(3, 3, 89.0792)
		MovRel3f(0, 89.0792, 0)
	EB()
	SB()
		RotRel3f(0.785398, 0, 1, 0)
		RotRel3f(1.09926, 0, 0, 1)
		Cylinder(3, 3, 9.07629)
		MovRel3f(0, 9.07629, 0)
		SB()
			RotRel3f(1.05165, 0, 1, 0)
			RotRel3f(0.904461, 0, 0, 1)
			Cylinder(3, 3, 3.94294)
			MovRel3f(0, 3.94294, 0)
			SB()
				RotRel3f(1.05165, 0, 1, 0)
				RotRel3f(0.893191, 0, 0, 1)
				Cylinder(2.12132, 2.05558, 5.83471)
				MovRel3f(0, 5.83471, 0)
				Cylinder(2.05558, 1.5, 49.3113)
				MovRel3f(0, 49.3113, 0)
			EB()
			SB()
				RotRel3f(2.37841, 0, 1, 0)
				RotRel3f(-0.914007, 0, 0, 1)
				Cylinder(2.12132, 2.04153, 7.10795)
				MovRel3f(0, 7.10795, 0)
				Cylinder(2.04153, 1.5, 48.2426)
				MovRel3f(0, 48.2426, 0)
			EB()
			Cylinder(3, 3, 74.308)
			MovRel3f(0, 74.308, 0)
		EB()
		SB()
			RotRel3f(2.37841, 0, 1, 0)
			RotRel3f(-0.90217, 0, 0, 1)
			Cylinder(3, 3, 4.24863)
			MovRel3f(0, 4.24863, 0)
			SB()
				RotRel3f(1.05165, 0, 1, 0)
				RotRel3f(0.907265, 0, 0, 1)
				Cylinder(2.12132, 2.0821, 3.45481)
				MovRel3f(0, 3.45481, 0)
				Cylinder(2.0821, 1.5, 51.2708)
				MovRel3f(0, 51.2708, 0)
			EB()
			SB()
				RotRel3f(2.37841, 0, 1, 0)
				RotRel3f(-0.896318, 0, 0, 1)
				Cylinder(2.12132, 2.05853, 5.53425)
				MovRel3f(0, 5.53425, 0)
				Cylinder(2.05853, 1.5, 49.2277)
				MovRel3f(0, 49.2277, 0)
			EB()
			Cylinder(3, 3, 73.5627)
			MovRel3f(0, 73.5627, 0)
		EB()
		Cylinder(3, 3, 112.772)
		MovRel3f(0, 112.772, 0)
	EB()
EB()
